[ 2016-03-17T15:27:54+08:00 ] ::1 /hzaumba/
INFO: [ app_init ] --START--
INFO: Run Behavior\BuildLiteBehavior [ RunTime:0.000047s ]
INFO: [ app_init ] --END-- [ RunTime:0.000223s ]
INFO: [ app_begin ] --START--
INFO: Run Behavior\ReadHtmlCacheBehavior [ RunTime:0.001859s ]
INFO: [ app_begin ] --END-- [ RunTime:0.002042s ]
INFO: [ view_parse ] --START--
INFO: [ template_filter ] --START--
INFO: Run Behavior\ContentReplaceBehavior [ RunTime:0.000069s ]
INFO: [ template_filter ] --END-- [ RunTime:0.000208s ]
INFO: Run Behavior\ParseTemplateBehavior [ RunTime:0.076394s ]
INFO: [ view_parse ] --END-- [ RunTime:0.076549s ]
INFO: [ view_filter ] --START--
INFO: Run Behavior\WriteHtmlCacheBehavior [ RunTime:0.001120s ]
INFO: [ view_filter ] --END-- [ RunTime:0.001250s ]
INFO: [ app_end ] --START--
INFO: Run Behavior\ShowPageTraceBehavior [ RunTime:0.001261s ]
INFO: [ app_end ] --END-- [ RunTime:0.001402s ]

[ 2016-03-17T15:37:18+08:00 ] ::1 /hzaumba/
INFO: [ app_init ] --START--
INFO: Run Behavior\BuildLiteBehavior [ RunTime:0.000029s ]
INFO: [ app_init ] --END-- [ RunTime:0.000646s ]

[ 2016-03-17T16:47:00+08:00 ] ::1 /hzaumba/
INFO: [ app_init ] --START--
INFO: Run Behavior\BuildLiteBehavior [ RunTime:0.000027s ]
INFO: [ app_init ] --END-- [ RunTime:0.001189s ]

[ 2016-03-17T16:47:13+08:00 ] ::1 /hzaumba/
INFO: [ app_init ] --START--
INFO: Run Behavior\BuildLiteBehavior [ RunTime:0.000035s ]
INFO: [ app_init ] --END-- [ RunTime:0.001125s ]

[ 2016-03-17T16:47:14+08:00 ] ::1 /hzaumba/
INFO: [ app_init ] --START--
INFO: Run Behavior\BuildLiteBehavior [ RunTime:0.000049s ]
INFO: [ app_init ] --END-- [ RunTime:0.001290s ]

[ 2016-03-17T16:48:30+08:00 ] ::1 /hzaumba/
INFO: [ app_init ] --START--
INFO: Run Behavior\BuildLiteBehavior [ RunTime:0.000027s ]
INFO: [ app_init ] --END-- [ RunTime:0.001213s ]

[ 2016-03-17T16:48:39+08:00 ] ::1 /hzaumba/
INFO: [ app_init ] --START--
INFO: Run Behavior\BuildLiteBehavior [ RunTime:0.000030s ]
INFO: [ app_init ] --END-- [ RunTime:0.001118s ]

[ 2016-03-17T16:51:52+08:00 ] ::1 /hzaumba/
INFO: [ app_init ] --START--
INFO: Run Behavior\BuildLiteBehavior [ RunTime:0.000034s ]
INFO: [ app_init ] --END-- [ RunTime:0.001127s ]

[ 2016-03-17T16:51:56+08:00 ] ::1 /hzaumba/
INFO: [ app_init ] --START--
INFO: Run Behavior\BuildLiteBehavior [ RunTime:0.000052s ]
INFO: [ app_init ] --END-- [ RunTime:0.001650s ]

[ 2016-03-17T16:52:04+08:00 ] ::1 /hzaumba/
INFO: [ app_init ] --START--
INFO: Run Behavior\BuildLiteBehavior [ RunTime:0.000030s ]
INFO: [ app_init ] --END-- [ RunTime:0.001210s ]

[ 2016-03-17T16:52:11+08:00 ] ::1 /hzaumba/
INFO: [ app_init ] --START--
INFO: Run Behavior\BuildLiteBehavior [ RunTime:0.000027s ]
INFO: [ app_init ] --END-- [ RunTime:0.001054s ]

[ 2016-03-17T16:52:13+08:00 ] ::1 /hzaumba/
INFO: [ app_init ] --START--
INFO: Run Behavior\BuildLiteBehavior [ RunTime:0.000056s ]
INFO: [ app_init ] --END-- [ RunTime:0.001174s ]

[ 2016-03-17T16:52:39+08:00 ] ::1 /hzaumba/
INFO: [ app_init ] --START--
INFO: Run Behavior\BuildLiteBehavior [ RunTime:0.000034s ]
INFO: [ app_init ] --END-- [ RunTime:0.001191s ]

[ 2016-03-17T16:53:43+08:00 ] ::1 /hzaumba/
INFO: [ app_init ] --START--
INFO: Run Behavior\BuildLiteBehavior [ RunTime:0.000029s ]
INFO: [ app_init ] --END-- [ RunTime:0.000896s ]

[ 2016-03-17T16:54:33+08:00 ] ::1 /hzaumba/
INFO: [ app_init ] --START--
INFO: Run Behavior\BuildLiteBehavior [ RunTime:0.000028s ]
INFO: [ app_init ] --END-- [ RunTime:0.001042s ]

[ 2016-03-17T16:54:42+08:00 ] ::1 /hzaumba/
INFO: [ app_init ] --START--
INFO: Run Behavior\BuildLiteBehavior [ RunTime:0.000030s ]
INFO: [ app_init ] --END-- [ RunTime:0.001158s ]

[ 2016-03-17T16:55:02+08:00 ] ::1 /hzaumba/
INFO: [ app_init ] --START--
INFO: Run Behavior\BuildLiteBehavior [ RunTime:0.000064s ]
INFO: [ app_init ] --END-- [ RunTime:0.001230s ]

[ 2016-03-17T16:55:10+08:00 ] ::1 /hzaumba/
INFO: [ app_init ] --START--
INFO: Run Behavior\BuildLiteBehavior [ RunTime:0.000030s ]
INFO: [ app_init ] --END-- [ RunTime:0.000931s ]

[ 2016-03-17T16:56:45+08:00 ] ::1 /hzaumba/
INFO: [ app_init ] --START--
INFO: Run Behavior\BuildLiteBehavior [ RunTime:0.000028s ]
INFO: [ app_init ] --END-- [ RunTime:0.001220s ]

[ 2016-03-17T16:57:15+08:00 ] ::1 /hzaumba/
INFO: [ app_init ] --START--
INFO: Run Behavior\BuildLiteBehavior [ RunTime:0.000029s ]
INFO: [ app_init ] --END-- [ RunTime:0.001309s ]

[ 2016-03-17T16:57:29+08:00 ] ::1 /hzaumba/
INFO: [ app_init ] --START--
INFO: Run Behavior\BuildLiteBehavior [ RunTime:0.000028s ]
INFO: [ app_init ] --END-- [ RunTime:0.001178s ]

[ 2016-03-17T16:57:51+08:00 ] ::1 /hzaumba/
INFO: [ app_init ] --START--
INFO: Run Behavior\BuildLiteBehavior [ RunTime:0.000029s ]
INFO: [ app_init ] --END-- [ RunTime:0.000980s ]

[ 2016-03-17T16:58:00+08:00 ] ::1 /hzaumba/
INFO: [ app_init ] --START--
INFO: Run Behavior\BuildLiteBehavior [ RunTime:0.000031s ]
INFO: [ app_init ] --END-- [ RunTime:0.001155s ]

[ 2016-03-17T16:58:17+08:00 ] ::1 /hzaumba/
INFO: [ app_init ] --START--
INFO: Run Behavior\BuildLiteBehavior [ RunTime:0.000036s ]
INFO: [ app_init ] --END-- [ RunTime:0.001419s ]

[ 2016-03-17T16:58:44+08:00 ] ::1 /hzaumba/
INFO: [ app_init ] --START--
INFO: Run Behavior\BuildLiteBehavior [ RunTime:0.000038s ]
INFO: [ app_init ] --END-- [ RunTime:0.001324s ]

[ 2016-03-17T16:58:53+08:00 ] ::1 /hzaumba/
INFO: [ app_init ] --START--
INFO: Run Behavior\BuildLiteBehavior [ RunTime:0.000028s ]
INFO: [ app_init ] --END-- [ RunTime:0.000976s ]

[ 2016-03-17T16:58:57+08:00 ] ::1 /hzaumba/
INFO: [ app_init ] --START--
INFO: Run Behavior\BuildLiteBehavior [ RunTime:0.000028s ]
INFO: [ app_init ] --END-- [ RunTime:0.001003s ]

[ 2016-03-17T16:59:35+08:00 ] ::1 /hzaumba/
INFO: [ app_init ] --START--
INFO: Run Behavior\BuildLiteBehavior [ RunTime:0.000043s ]
INFO: [ app_init ] --END-- [ RunTime:0.000928s ]

[ 2016-03-17T16:59:56+08:00 ] ::1 /hzaumba/
INFO: [ app_init ] --START--
INFO: Run Behavior\BuildLiteBehavior [ RunTime:0.000036s ]
INFO: [ app_init ] --END-- [ RunTime:0.001340s ]

[ 2016-03-17T16:59:56+08:00 ] ::1 /hzaumba/
INFO: [ app_init ] --START--
INFO: Run Behavior\BuildLiteBehavior [ RunTime:0.000027s ]
INFO: [ app_init ] --END-- [ RunTime:0.001286s ]

[ 2016-03-17T16:59:56+08:00 ] ::1 /hzaumba/
INFO: [ app_init ] --START--
INFO: Run Behavior\BuildLiteBehavior [ RunTime:0.000028s ]
INFO: [ app_init ] --END-- [ RunTime:0.000992s ]

[ 2016-03-17T16:59:57+08:00 ] ::1 /hzaumba/
INFO: [ app_init ] --START--
INFO: Run Behavior\BuildLiteBehavior [ RunTime:0.000034s ]
INFO: [ app_init ] --END-- [ RunTime:0.001019s ]

[ 2016-03-17T17:00:03+08:00 ] ::1 /hzaumba/
INFO: [ app_init ] --START--
INFO: Run Behavior\BuildLiteBehavior [ RunTime:0.000028s ]
INFO: [ app_init ] --END-- [ RunTime:0.001135s ]

[ 2016-03-17T17:00:20+08:00 ] ::1 /hzaumba/
INFO: [ app_init ] --START--
INFO: Run Behavior\BuildLiteBehavior [ RunTime:0.000028s ]
INFO: [ app_init ] --END-- [ RunTime:0.000863s ]

[ 2016-03-17T17:00:37+08:00 ] ::1 /hzaumba/
INFO: [ app_init ] --START--
INFO: Run Behavior\BuildLiteBehavior [ RunTime:0.000027s ]
INFO: [ app_init ] --END-- [ RunTime:0.001125s ]

[ 2016-03-17T17:01:14+08:00 ] ::1 /hzaumba/
INFO: [ app_init ] --START--
INFO: Run Behavior\BuildLiteBehavior [ RunTime:0.000029s ]
INFO: [ app_init ] --END-- [ RunTime:0.000978s ]

[ 2016-03-17T17:01:24+08:00 ] ::1 /hzaumba/
INFO: [ app_init ] --START--
INFO: Run Behavior\BuildLiteBehavior [ RunTime:0.000030s ]
INFO: [ app_init ] --END-- [ RunTime:0.001080s ]

[ 2016-03-17T17:01:33+08:00 ] ::1 /hzaumba/
INFO: [ app_init ] --START--
INFO: Run Behavior\BuildLiteBehavior [ RunTime:0.000033s ]
INFO: [ app_init ] --END-- [ RunTime:0.000913s ]

[ 2016-03-17T17:01:49+08:00 ] ::1 /hzaumba/
INFO: [ app_init ] --START--
INFO: Run Behavior\BuildLiteBehavior [ RunTime:0.000029s ]
INFO: [ app_init ] --END-- [ RunTime:0.001095s ]

[ 2016-03-17T17:01:55+08:00 ] ::1 /hzaumba/
INFO: [ app_init ] --START--
INFO: Run Behavior\BuildLiteBehavior [ RunTime:0.000030s ]
INFO: [ app_init ] --END-- [ RunTime:0.001278s ]

[ 2016-03-17T17:02:03+08:00 ] ::1 /hzaumba/
INFO: [ app_init ] --START--
INFO: Run Behavior\BuildLiteBehavior [ RunTime:0.000027s ]
INFO: [ app_init ] --END-- [ RunTime:0.001068s ]

[ 2016-03-17T17:02:15+08:00 ] ::1 /hzaumba/
INFO: [ app_init ] --START--
INFO: Run Behavior\BuildLiteBehavior [ RunTime:0.000028s ]
INFO: [ app_init ] --END-- [ RunTime:0.001231s ]

[ 2016-03-17T17:02:15+08:00 ] ::1 /hzaumba/
INFO: [ app_init ] --START--
INFO: Run Behavior\BuildLiteBehavior [ RunTime:0.000030s ]
INFO: [ app_init ] --END-- [ RunTime:0.000913s ]

[ 2016-03-17T17:02:21+08:00 ] ::1 /hzaumba/
INFO: [ app_init ] --START--
INFO: Run Behavior\BuildLiteBehavior [ RunTime:0.000030s ]
INFO: [ app_init ] --END-- [ RunTime:0.000926s ]

[ 2016-03-17T17:02:32+08:00 ] ::1 /hzaumba/
INFO: [ app_init ] --START--
INFO: Run Behavior\BuildLiteBehavior [ RunTime:0.000029s ]
INFO: [ app_init ] --END-- [ RunTime:0.000876s ]

[ 2016-03-17T17:02:34+08:00 ] ::1 /hzaumba/
INFO: [ app_init ] --START--
INFO: Run Behavior\BuildLiteBehavior [ RunTime:0.000028s ]
INFO: [ app_init ] --END-- [ RunTime:0.001149s ]

[ 2016-03-17T17:02:39+08:00 ] ::1 /hzaumba/
INFO: [ app_init ] --START--
INFO: Run Behavior\BuildLiteBehavior [ RunTime:0.000027s ]
INFO: [ app_init ] --END-- [ RunTime:0.001041s ]

[ 2016-03-17T17:03:01+08:00 ] ::1 /hzaumba/
INFO: [ app_init ] --START--
INFO: Run Behavior\BuildLiteBehavior [ RunTime:0.000029s ]
INFO: [ app_init ] --END-- [ RunTime:0.001136s ]

[ 2016-03-17T17:03:09+08:00 ] ::1 /hzaumba/
INFO: [ app_init ] --START--
INFO: Run Behavior\BuildLiteBehavior [ RunTime:0.000031s ]
INFO: [ app_init ] --END-- [ RunTime:0.001063s ]

[ 2016-03-17T17:03:09+08:00 ] ::1 /hzaumba/
INFO: [ app_init ] --START--
INFO: Run Behavior\BuildLiteBehavior [ RunTime:0.000030s ]
INFO: [ app_init ] --END-- [ RunTime:0.001095s ]

[ 2016-03-17T17:03:16+08:00 ] ::1 /hzaumba/
INFO: [ app_init ] --START--
INFO: Run Behavior\BuildLiteBehavior [ RunTime:0.000027s ]
INFO: [ app_init ] --END-- [ RunTime:0.001006s ]

[ 2016-03-17T17:03:45+08:00 ] ::1 /hzaumba/
INFO: [ app_init ] --START--
INFO: Run Behavior\BuildLiteBehavior [ RunTime:0.000050s ]
INFO: [ app_init ] --END-- [ RunTime:0.000920s ]

[ 2016-03-17T17:03:51+08:00 ] ::1 /hzaumba/
INFO: [ app_init ] --START--
INFO: Run Behavior\BuildLiteBehavior [ RunTime:0.000029s ]
INFO: [ app_init ] --END-- [ RunTime:0.001086s ]

[ 2016-03-17T17:03:52+08:00 ] ::1 /hzaumba/
INFO: [ app_init ] --START--
INFO: Run Behavior\BuildLiteBehavior [ RunTime:0.000027s ]
INFO: [ app_init ] --END-- [ RunTime:0.001208s ]

[ 2016-03-17T17:06:38+08:00 ] ::1 /hzaumba/
INFO: [ app_init ] --START--
INFO: Run Behavior\BuildLiteBehavior [ RunTime:0.000038s ]
INFO: [ app_init ] --END-- [ RunTime:0.001576s ]

[ 2016-03-17T17:06:48+08:00 ] ::1 /hzaumba/
INFO: [ app_init ] --START--
INFO: Run Behavior\BuildLiteBehavior [ RunTime:0.000028s ]
INFO: [ app_init ] --END-- [ RunTime:0.000969s ]

[ 2016-03-17T17:06:51+08:00 ] ::1 /hzaumba/
INFO: [ app_init ] --START--
INFO: Run Behavior\BuildLiteBehavior [ RunTime:0.000028s ]
INFO: [ app_init ] --END-- [ RunTime:0.001227s ]

[ 2016-03-17T17:07:03+08:00 ] ::1 /hzaumba/
INFO: [ app_init ] --START--
INFO: Run Behavior\BuildLiteBehavior [ RunTime:0.000027s ]
INFO: [ app_init ] --END-- [ RunTime:0.001145s ]

[ 2016-03-17T17:07:33+08:00 ] ::1 /hzaumba/
INFO: [ app_init ] --START--
INFO: Run Behavior\BuildLiteBehavior [ RunTime:0.000040s ]
INFO: [ app_init ] --END-- [ RunTime:0.001579s ]

[ 2016-03-17T17:07:47+08:00 ] ::1 /hzaumba/
INFO: [ app_init ] --START--
INFO: Run Behavior\BuildLiteBehavior [ RunTime:0.000028s ]
INFO: [ app_init ] --END-- [ RunTime:0.000957s ]

[ 2016-03-17T17:08:04+08:00 ] ::1 /hzaumba/
INFO: [ app_init ] --START--
INFO: Run Behavior\BuildLiteBehavior [ RunTime:0.000039s ]
INFO: [ app_init ] --END-- [ RunTime:0.001011s ]

[ 2016-03-17T17:08:19+08:00 ] ::1 /hzaumba/
INFO: [ app_init ] --START--
INFO: Run Behavior\BuildLiteBehavior [ RunTime:0.000028s ]
INFO: [ app_init ] --END-- [ RunTime:0.001241s ]

[ 2016-03-17T17:08:44+08:00 ] ::1 /hzaumba/
INFO: [ app_init ] --START--
INFO: Run Behavior\BuildLiteBehavior [ RunTime:0.000027s ]
INFO: [ app_init ] --END-- [ RunTime:0.000997s ]

[ 2016-03-17T17:08:54+08:00 ] ::1 /hzaumba/
INFO: [ app_init ] --START--
INFO: Run Behavior\BuildLiteBehavior [ RunTime:0.000035s ]
INFO: [ app_init ] --END-- [ RunTime:0.001112s ]

[ 2016-03-17T17:09:26+08:00 ] ::1 /hzaumba/
INFO: [ app_init ] --START--
INFO: Run Behavior\BuildLiteBehavior [ RunTime:0.000054s ]
INFO: [ app_init ] --END-- [ RunTime:0.001089s ]

[ 2016-03-17T17:09:44+08:00 ] ::1 /hzaumba/
INFO: [ app_init ] --START--
INFO: Run Behavior\BuildLiteBehavior [ RunTime:0.000067s ]
INFO: [ app_init ] --END-- [ RunTime:0.001237s ]

[ 2016-03-17T17:09:44+08:00 ] ::1 /hzaumba/
INFO: [ app_init ] --START--
INFO: Run Behavior\BuildLiteBehavior [ RunTime:0.000029s ]
INFO: [ app_init ] --END-- [ RunTime:0.001150s ]

[ 2016-03-17T17:10:12+08:00 ] ::1 /hzaumba/
INFO: [ app_init ] --START--
INFO: Run Behavior\BuildLiteBehavior [ RunTime:0.000036s ]
INFO: [ app_init ] --END-- [ RunTime:0.001394s ]

[ 2016-03-17T17:10:34+08:00 ] ::1 /hzaumba/
INFO: [ app_init ] --START--
INFO: Run Behavior\BuildLiteBehavior [ RunTime:0.000027s ]
INFO: [ app_init ] --END-- [ RunTime:0.000983s ]

[ 2016-03-17T17:10:34+08:00 ] ::1 /hzaumba/
INFO: [ app_init ] --START--
INFO: Run Behavior\BuildLiteBehavior [ RunTime:0.000031s ]
INFO: [ app_init ] --END-- [ RunTime:0.001104s ]

[ 2016-03-17T17:10:34+08:00 ] ::1 /hzaumba/
INFO: [ app_init ] --START--
INFO: Run Behavior\BuildLiteBehavior [ RunTime:0.000029s ]
INFO: [ app_init ] --END-- [ RunTime:0.000926s ]

[ 2016-03-17T17:10:35+08:00 ] ::1 /hzaumba/
INFO: [ app_init ] --START--
INFO: Run Behavior\BuildLiteBehavior [ RunTime:0.000030s ]
INFO: [ app_init ] --END-- [ RunTime:0.000919s ]

[ 2016-03-17T17:10:38+08:00 ] ::1 /hzaumba/
INFO: [ app_init ] --START--
INFO: Run Behavior\BuildLiteBehavior [ RunTime:0.000027s ]
INFO: [ app_init ] --END-- [ RunTime:0.001177s ]

[ 2016-03-17T17:10:38+08:00 ] ::1 /hzaumba/
INFO: [ app_init ] --START--
INFO: Run Behavior\BuildLiteBehavior [ RunTime:0.000029s ]
INFO: [ app_init ] --END-- [ RunTime:0.000983s ]

[ 2016-03-17T17:10:38+08:00 ] ::1 /hzaumba/
INFO: [ app_init ] --START--
INFO: Run Behavior\BuildLiteBehavior [ RunTime:0.000028s ]
INFO: [ app_init ] --END-- [ RunTime:0.000980s ]

[ 2016-03-17T17:10:39+08:00 ] ::1 /hzaumba/
INFO: [ app_init ] --START--
INFO: Run Behavior\BuildLiteBehavior [ RunTime:0.000029s ]
INFO: [ app_init ] --END-- [ RunTime:0.000999s ]

[ 2016-03-17T17:22:40+08:00 ] ::1 /hzaumba/
INFO: [ app_init ] --START--
INFO: Run Behavior\BuildLiteBehavior [ RunTime:0.000027s ]
INFO: [ app_init ] --END-- [ RunTime:0.001028s ]

[ 2016-03-17T17:26:55+08:00 ] ::1 /hzaumba/
INFO: [ app_init ] --START--
INFO: Run Behavior\BuildLiteBehavior [ RunTime:0.000028s ]
INFO: [ app_init ] --END-- [ RunTime:0.001280s ]

[ 2016-03-17T17:28:22+08:00 ] ::1 /hzaumba/
INFO: [ app_init ] --START--
INFO: Run Behavior\BuildLiteBehavior [ RunTime:0.000044s ]
INFO: [ app_init ] --END-- [ RunTime:0.001692s ]

[ 2016-03-17T17:28:37+08:00 ] ::1 /hzaumba/
INFO: [ app_init ] --START--
INFO: Run Behavior\BuildLiteBehavior [ RunTime:0.000026s ]
INFO: [ app_init ] --END-- [ RunTime:0.000920s ]

[ 2016-03-17T17:28:50+08:00 ] ::1 /hzaumba/
INFO: [ app_init ] --START--
INFO: Run Behavior\BuildLiteBehavior [ RunTime:0.000028s ]
INFO: [ app_init ] --END-- [ RunTime:0.000889s ]

[ 2016-03-17T17:29:00+08:00 ] ::1 /hzaumba/
INFO: [ app_init ] --START--
INFO: Run Behavior\BuildLiteBehavior [ RunTime:0.000030s ]
INFO: [ app_init ] --END-- [ RunTime:0.000997s ]

[ 2016-03-17T17:31:22+08:00 ] ::1 /hzaumba/
INFO: [ app_init ] --START--
INFO: Run Behavior\BuildLiteBehavior [ RunTime:0.000051s ]
INFO: [ app_init ] --END-- [ RunTime:0.001028s ]

[ 2016-03-17T17:31:34+08:00 ] ::1 /hzaumba/
INFO: [ app_init ] --START--
INFO: Run Behavior\BuildLiteBehavior [ RunTime:0.000027s ]
INFO: [ app_init ] --END-- [ RunTime:0.000940s ]

[ 2016-03-17T17:31:41+08:00 ] ::1 /hzaumba/
INFO: [ app_init ] --START--
INFO: Run Behavior\BuildLiteBehavior [ RunTime:0.000060s ]
INFO: [ app_init ] --END-- [ RunTime:0.001122s ]

[ 2016-03-17T17:32:31+08:00 ] ::1 /hzaumba/
INFO: [ app_init ] --START--
INFO: Run Behavior\BuildLiteBehavior [ RunTime:0.000029s ]
INFO: [ app_init ] --END-- [ RunTime:0.000994s ]

[ 2016-03-17T17:33:47+08:00 ] ::1 /hzaumba/
INFO: [ app_init ] --START--
INFO: Run Behavior\BuildLiteBehavior [ RunTime:0.000049s ]
INFO: [ app_init ] --END-- [ RunTime:0.001008s ]

[ 2016-03-17T17:33:56+08:00 ] ::1 /hzaumba/
INFO: [ app_init ] --START--
INFO: Run Behavior\BuildLiteBehavior [ RunTime:0.000032s ]
INFO: [ app_init ] --END-- [ RunTime:0.001051s ]

[ 2016-03-17T17:34:09+08:00 ] ::1 /hzaumba/
INFO: [ app_init ] --START--
INFO: Run Behavior\BuildLiteBehavior [ RunTime:0.000027s ]
INFO: [ app_init ] --END-- [ RunTime:0.001021s ]

[ 2016-03-17T17:34:46+08:00 ] ::1 /hzaumba/
INFO: [ app_init ] --START--
INFO: Run Behavior\BuildLiteBehavior [ RunTime:0.000031s ]
INFO: [ app_init ] --END-- [ RunTime:0.000988s ]

[ 2016-03-17T17:34:53+08:00 ] ::1 /hzaumba/
INFO: [ app_init ] --START--
INFO: Run Behavior\BuildLiteBehavior [ RunTime:0.000041s ]
INFO: [ app_init ] --END-- [ RunTime:0.001270s ]

[ 2016-03-17T17:35:22+08:00 ] ::1 /hzaumba/
INFO: [ app_init ] --START--
INFO: Run Behavior\BuildLiteBehavior [ RunTime:0.000028s ]
INFO: [ app_init ] --END-- [ RunTime:0.001201s ]

[ 2016-03-17T17:35:33+08:00 ] ::1 /hzaumba/
INFO: [ app_init ] --START--
INFO: Run Behavior\BuildLiteBehavior [ RunTime:0.000027s ]
INFO: [ app_init ] --END-- [ RunTime:0.000947s ]

[ 2016-03-17T17:36:40+08:00 ] ::1 /hzaumba/
INFO: [ app_init ] --START--
INFO: Run Behavior\BuildLiteBehavior [ RunTime:0.000028s ]
INFO: [ app_init ] --END-- [ RunTime:0.001073s ]

[ 2016-03-17T17:36:53+08:00 ] ::1 /hzaumba/
INFO: [ app_init ] --START--
INFO: Run Behavior\BuildLiteBehavior [ RunTime:0.000027s ]
INFO: [ app_init ] --END-- [ RunTime:0.000930s ]

[ 2016-03-17T17:36:54+08:00 ] ::1 /hzaumba/
INFO: [ app_init ] --START--
INFO: Run Behavior\BuildLiteBehavior [ RunTime:0.000027s ]
INFO: [ app_init ] --END-- [ RunTime:0.000948s ]

[ 2016-03-17T17:36:54+08:00 ] ::1 /hzaumba/
INFO: [ app_init ] --START--
INFO: Run Behavior\BuildLiteBehavior [ RunTime:0.000029s ]
INFO: [ app_init ] --END-- [ RunTime:0.001173s ]

[ 2016-03-17T17:37:31+08:00 ] ::1 /hzaumba/
INFO: [ app_init ] --START--
INFO: Run Behavior\BuildLiteBehavior [ RunTime:0.000035s ]
INFO: [ app_init ] --END-- [ RunTime:0.001072s ]

[ 2016-03-17T17:39:03+08:00 ] ::1 /hzaumba/
INFO: [ app_init ] --START--
INFO: Run Behavior\BuildLiteBehavior [ RunTime:0.000057s ]
INFO: [ app_init ] --END-- [ RunTime:0.001164s ]

[ 2016-03-17T17:39:06+08:00 ] ::1 /hzaumba/
INFO: [ app_init ] --START--
INFO: Run Behavior\BuildLiteBehavior [ RunTime:0.000029s ]
INFO: [ app_init ] --END-- [ RunTime:0.001051s ]

[ 2016-03-17T17:39:06+08:00 ] ::1 /hzaumba/
INFO: [ app_init ] --START--
INFO: Run Behavior\BuildLiteBehavior [ RunTime:0.000027s ]
INFO: [ app_init ] --END-- [ RunTime:0.001156s ]

[ 2016-03-17T17:39:30+08:00 ] ::1 /hzaumba/
INFO: [ app_init ] --START--
INFO: Run Behavior\BuildLiteBehavior [ RunTime:0.000031s ]
INFO: [ app_init ] --END-- [ RunTime:0.001227s ]

[ 2016-03-17T17:39:30+08:00 ] ::1 /hzaumba/
INFO: [ app_init ] --START--
INFO: Run Behavior\BuildLiteBehavior [ RunTime:0.000035s ]
INFO: [ app_init ] --END-- [ RunTime:0.001143s ]

[ 2016-03-17T17:39:30+08:00 ] ::1 /hzaumba/
INFO: [ app_init ] --START--
INFO: Run Behavior\BuildLiteBehavior [ RunTime:0.000030s ]
INFO: [ app_init ] --END-- [ RunTime:0.000919s ]

[ 2016-03-17T17:39:31+08:00 ] ::1 /hzaumba/
INFO: [ app_init ] --START--
INFO: Run Behavior\BuildLiteBehavior [ RunTime:0.000042s ]
INFO: [ app_init ] --END-- [ RunTime:0.001533s ]

[ 2016-03-17T17:39:31+08:00 ] ::1 /hzaumba/
INFO: [ app_init ] --START--
INFO: Run Behavior\BuildLiteBehavior [ RunTime:0.000029s ]
INFO: [ app_init ] --END-- [ RunTime:0.000914s ]

[ 2016-03-17T17:39:31+08:00 ] ::1 /hzaumba/
INFO: [ app_init ] --START--
INFO: Run Behavior\BuildLiteBehavior [ RunTime:0.000048s ]
INFO: [ app_init ] --END-- [ RunTime:0.001087s ]

[ 2016-03-17T17:39:31+08:00 ] ::1 /hzaumba/
INFO: [ app_init ] --START--
INFO: Run Behavior\BuildLiteBehavior [ RunTime:0.000027s ]
INFO: [ app_init ] --END-- [ RunTime:0.001192s ]

[ 2016-03-17T17:39:49+08:00 ] ::1 /hzaumba/
INFO: [ app_init ] --START--
INFO: Run Behavior\BuildLiteBehavior [ RunTime:0.000043s ]
INFO: [ app_init ] --END-- [ RunTime:0.001335s ]

[ 2016-03-17T17:39:54+08:00 ] ::1 /hzaumba/
INFO: [ app_init ] --START--
INFO: Run Behavior\BuildLiteBehavior [ RunTime:0.000026s ]
INFO: [ app_init ] --END-- [ RunTime:0.000975s ]

[ 2016-03-17T17:39:55+08:00 ] ::1 /hzaumba/
INFO: [ app_init ] --START--
INFO: Run Behavior\BuildLiteBehavior [ RunTime:0.000027s ]
INFO: [ app_init ] --END-- [ RunTime:0.001279s ]

[ 2016-03-17T17:39:55+08:00 ] ::1 /hzaumba/
INFO: [ app_init ] --START--
INFO: Run Behavior\BuildLiteBehavior [ RunTime:0.000027s ]
INFO: [ app_init ] --END-- [ RunTime:0.001340s ]

[ 2016-03-17T17:40:03+08:00 ] ::1 /hzaumba/
INFO: [ app_init ] --START--
INFO: Run Behavior\BuildLiteBehavior [ RunTime:0.000034s ]
INFO: [ app_init ] --END-- [ RunTime:0.001113s ]

[ 2016-03-17T17:40:03+08:00 ] ::1 /hzaumba/
INFO: [ app_init ] --START--
INFO: Run Behavior\BuildLiteBehavior [ RunTime:0.000029s ]
INFO: [ app_init ] --END-- [ RunTime:0.001057s ]

[ 2016-03-17T17:40:08+08:00 ] ::1 /hzaumba/
INFO: [ app_init ] --START--
INFO: Run Behavior\BuildLiteBehavior [ RunTime:0.000027s ]
INFO: [ app_init ] --END-- [ RunTime:0.000925s ]

[ 2016-03-17T17:40:08+08:00 ] ::1 /hzaumba/
INFO: [ app_init ] --START--
INFO: Run Behavior\BuildLiteBehavior [ RunTime:0.000036s ]
INFO: [ app_init ] --END-- [ RunTime:0.001378s ]

[ 2016-03-17T17:40:09+08:00 ] ::1 /hzaumba/
INFO: [ app_init ] --START--
INFO: Run Behavior\BuildLiteBehavior [ RunTime:0.000029s ]
INFO: [ app_init ] --END-- [ RunTime:0.000950s ]

[ 2016-03-17T17:40:09+08:00 ] ::1 /hzaumba/
INFO: [ app_init ] --START--
INFO: Run Behavior\BuildLiteBehavior [ RunTime:0.000031s ]
INFO: [ app_init ] --END-- [ RunTime:0.000954s ]

[ 2016-03-17T17:40:10+08:00 ] ::1 /hzaumba/
INFO: [ app_init ] --START--
INFO: Run Behavior\BuildLiteBehavior [ RunTime:0.000030s ]
INFO: [ app_init ] --END-- [ RunTime:0.000924s ]

[ 2016-03-17T17:40:10+08:00 ] ::1 /hzaumba/
INFO: [ app_init ] --START--
INFO: Run Behavior\BuildLiteBehavior [ RunTime:0.000028s ]
INFO: [ app_init ] --END-- [ RunTime:0.000984s ]

[ 2016-03-17T17:40:10+08:00 ] ::1 /hzaumba/
INFO: [ app_init ] --START--
INFO: Run Behavior\BuildLiteBehavior [ RunTime:0.000033s ]
INFO: [ app_init ] --END-- [ RunTime:0.001675s ]

[ 2016-03-17T17:40:10+08:00 ] ::1 /hzaumba/
INFO: [ app_init ] --START--
INFO: Run Behavior\BuildLiteBehavior [ RunTime:0.000030s ]
INFO: [ app_init ] --END-- [ RunTime:0.000972s ]

[ 2016-03-17T17:40:10+08:00 ] ::1 /hzaumba/
INFO: [ app_init ] --START--
INFO: Run Behavior\BuildLiteBehavior [ RunTime:0.000057s ]
INFO: [ app_init ] --END-- [ RunTime:0.001322s ]

[ 2016-03-17T17:40:10+08:00 ] ::1 /hzaumba/
INFO: [ app_init ] --START--
INFO: Run Behavior\BuildLiteBehavior [ RunTime:0.000028s ]
INFO: [ app_init ] --END-- [ RunTime:0.001140s ]

[ 2016-03-17T17:40:11+08:00 ] ::1 /hzaumba/
INFO: [ app_init ] --START--
INFO: Run Behavior\BuildLiteBehavior [ RunTime:0.000052s ]
INFO: [ app_init ] --END-- [ RunTime:0.001283s ]

[ 2016-03-17T17:40:11+08:00 ] ::1 /hzaumba/
INFO: [ app_init ] --START--
INFO: Run Behavior\BuildLiteBehavior [ RunTime:0.000026s ]
INFO: [ app_init ] --END-- [ RunTime:0.001067s ]

[ 2016-03-17T17:40:11+08:00 ] ::1 /hzaumba/
INFO: [ app_init ] --START--
INFO: Run Behavior\BuildLiteBehavior [ RunTime:0.000052s ]
INFO: [ app_init ] --END-- [ RunTime:0.001213s ]

[ 2016-03-17T17:40:11+08:00 ] ::1 /hzaumba/
INFO: [ app_init ] --START--
INFO: Run Behavior\BuildLiteBehavior [ RunTime:0.000029s ]
INFO: [ app_init ] --END-- [ RunTime:0.000953s ]

[ 2016-03-17T17:40:11+08:00 ] ::1 /hzaumba/
INFO: [ app_init ] --START--
INFO: Run Behavior\BuildLiteBehavior [ RunTime:0.000031s ]
INFO: [ app_init ] --END-- [ RunTime:0.001010s ]

[ 2016-03-17T17:40:58+08:00 ] ::1 /hzaumba/
INFO: [ app_init ] --START--
INFO: Run Behavior\BuildLiteBehavior [ RunTime:0.000040s ]
INFO: [ app_init ] --END-- [ RunTime:0.000957s ]

[ 2016-03-17T17:42:22+08:00 ] ::1 /hzaumba/
INFO: [ app_init ] --START--
INFO: Run Behavior\BuildLiteBehavior [ RunTime:0.000032s ]
INFO: [ app_init ] --END-- [ RunTime:0.001225s ]

[ 2016-03-17T17:42:32+08:00 ] ::1 /hzaumba/
INFO: [ app_init ] --START--
INFO: Run Behavior\BuildLiteBehavior [ RunTime:0.000026s ]
INFO: [ app_init ] --END-- [ RunTime:0.000921s ]

[ 2016-03-17T17:42:32+08:00 ] ::1 /hzaumba/
INFO: [ app_init ] --START--
INFO: Run Behavior\BuildLiteBehavior [ RunTime:0.000028s ]
INFO: [ app_init ] --END-- [ RunTime:0.000967s ]

[ 2016-03-17T17:42:37+08:00 ] ::1 /hzaumba/
INFO: [ app_init ] --START--
INFO: Run Behavior\BuildLiteBehavior [ RunTime:0.000029s ]
INFO: [ app_init ] --END-- [ RunTime:0.000822s ]

[ 2016-03-17T17:42:38+08:00 ] ::1 /hzaumba/
INFO: [ app_init ] --START--
INFO: Run Behavior\BuildLiteBehavior [ RunTime:0.000034s ]
INFO: [ app_init ] --END-- [ RunTime:0.000956s ]

[ 2016-03-17T17:42:40+08:00 ] ::1 /hzaumba/
INFO: [ app_init ] --START--
INFO: Run Behavior\BuildLiteBehavior [ RunTime:0.000031s ]
INFO: [ app_init ] --END-- [ RunTime:0.000944s ]

[ 2016-03-17T17:42:40+08:00 ] ::1 /hzaumba/
INFO: [ app_init ] --START--
INFO: Run Behavior\BuildLiteBehavior [ RunTime:0.000029s ]
INFO: [ app_init ] --END-- [ RunTime:0.001173s ]

[ 2016-03-17T17:42:51+08:00 ] ::1 /hzaumba/
INFO: [ app_init ] --START--
INFO: Run Behavior\BuildLiteBehavior [ RunTime:0.000034s ]
INFO: [ app_init ] --END-- [ RunTime:0.001203s ]

[ 2016-03-17T17:43:02+08:00 ] ::1 /hzaumba/
INFO: [ app_init ] --START--
INFO: Run Behavior\BuildLiteBehavior [ RunTime:0.000027s ]
INFO: [ app_init ] --END-- [ RunTime:0.000922s ]

[ 2016-03-17T17:43:31+08:00 ] ::1 /hzaumba/
INFO: [ app_init ] --START--
INFO: Run Behavior\BuildLiteBehavior [ RunTime:0.000027s ]
INFO: [ app_init ] --END-- [ RunTime:0.000920s ]

[ 2016-03-17T17:44:14+08:00 ] ::1 /hzaumba/
INFO: [ app_init ] --START--
INFO: Run Behavior\BuildLiteBehavior [ RunTime:0.000058s ]
INFO: [ app_init ] --END-- [ RunTime:0.001288s ]

[ 2016-03-17T17:44:24+08:00 ] ::1 /hzaumba/
INFO: [ app_init ] --START--
INFO: Run Behavior\BuildLiteBehavior [ RunTime:0.000047s ]
INFO: [ app_init ] --END-- [ RunTime:0.001491s ]

[ 2016-03-17T17:44:28+08:00 ] ::1 /hzaumba/
INFO: [ app_init ] --START--
INFO: Run Behavior\BuildLiteBehavior [ RunTime:0.000030s ]
INFO: [ app_init ] --END-- [ RunTime:0.001214s ]

[ 2016-03-17T17:44:38+08:00 ] ::1 /hzaumba/
INFO: [ app_init ] --START--
INFO: Run Behavior\BuildLiteBehavior [ RunTime:0.000026s ]
INFO: [ app_init ] --END-- [ RunTime:0.000810s ]

[ 2016-03-17T17:45:26+08:00 ] ::1 /hzaumba/
INFO: [ app_init ] --START--
INFO: Run Behavior\BuildLiteBehavior [ RunTime:0.000027s ]
INFO: [ app_init ] --END-- [ RunTime:0.000981s ]

[ 2016-03-17T17:45:43+08:00 ] ::1 /hzaumba/
INFO: [ app_init ] --START--
INFO: Run Behavior\BuildLiteBehavior [ RunTime:0.000030s ]
INFO: [ app_init ] --END-- [ RunTime:0.000835s ]

[ 2016-03-17T17:46:05+08:00 ] ::1 /hzaumba/
INFO: [ app_init ] --START--
INFO: Run Behavior\BuildLiteBehavior [ RunTime:0.000028s ]
INFO: [ app_init ] --END-- [ RunTime:0.000865s ]

[ 2016-03-17T17:46:19+08:00 ] ::1 /hzaumba/
INFO: [ app_init ] --START--
INFO: Run Behavior\BuildLiteBehavior [ RunTime:0.000027s ]
INFO: [ app_init ] --END-- [ RunTime:0.001134s ]

[ 2016-03-17T17:47:31+08:00 ] ::1 /hzaumba/
INFO: [ app_init ] --START--
INFO: Run Behavior\BuildLiteBehavior [ RunTime:0.000029s ]
INFO: [ app_init ] --END-- [ RunTime:0.000990s ]

[ 2016-03-17T17:47:38+08:00 ] ::1 /hzaumba/
INFO: [ app_init ] --START--
INFO: Run Behavior\BuildLiteBehavior [ RunTime:0.000028s ]
INFO: [ app_init ] --END-- [ RunTime:0.000963s ]

[ 2016-03-17T17:47:43+08:00 ] ::1 /hzaumba/
INFO: [ app_init ] --START--
INFO: Run Behavior\BuildLiteBehavior [ RunTime:0.000027s ]
INFO: [ app_init ] --END-- [ RunTime:0.000857s ]

[ 2016-03-17T17:47:53+08:00 ] ::1 /hzaumba/
INFO: [ app_init ] --START--
INFO: Run Behavior\BuildLiteBehavior [ RunTime:0.000028s ]
INFO: [ app_init ] --END-- [ RunTime:0.000931s ]

[ 2016-03-17T17:49:06+08:00 ] ::1 /hzaumba/
INFO: [ app_init ] --START--
INFO: Run Behavior\BuildLiteBehavior [ RunTime:0.000031s ]
INFO: [ app_init ] --END-- [ RunTime:0.001236s ]

[ 2016-03-17T17:49:26+08:00 ] ::1 /hzaumba/
INFO: [ app_init ] --START--
INFO: Run Behavior\BuildLiteBehavior [ RunTime:0.000046s ]
INFO: [ app_init ] --END-- [ RunTime:0.001696s ]

[ 2016-03-17T17:49:30+08:00 ] ::1 /hzaumba/
INFO: [ app_init ] --START--
INFO: Run Behavior\BuildLiteBehavior [ RunTime:0.000041s ]
INFO: [ app_init ] --END-- [ RunTime:0.001526s ]

[ 2016-03-17T17:50:47+08:00 ] ::1 /hzaumba/
INFO: [ app_init ] --START--
INFO: Run Behavior\BuildLiteBehavior [ RunTime:0.000040s ]
INFO: [ app_init ] --END-- [ RunTime:0.001098s ]

[ 2016-03-17T17:50:54+08:00 ] ::1 /hzaumba/
INFO: [ app_init ] --START--
INFO: Run Behavior\BuildLiteBehavior [ RunTime:0.000050s ]
INFO: [ app_init ] --END-- [ RunTime:0.001719s ]

[ 2016-03-17T17:51:11+08:00 ] ::1 /hzaumba/
INFO: [ app_init ] --START--
INFO: Run Behavior\BuildLiteBehavior [ RunTime:0.000029s ]
INFO: [ app_init ] --END-- [ RunTime:0.001113s ]

[ 2016-03-17T17:51:37+08:00 ] ::1 /hzaumba/
INFO: [ app_init ] --START--
INFO: Run Behavior\BuildLiteBehavior [ RunTime:0.000030s ]
INFO: [ app_init ] --END-- [ RunTime:0.000969s ]

[ 2016-03-17T17:51:41+08:00 ] ::1 /hzaumba/
INFO: [ app_init ] --START--
INFO: Run Behavior\BuildLiteBehavior [ RunTime:0.000048s ]
INFO: [ app_init ] --END-- [ RunTime:0.001094s ]

[ 2016-03-17T17:51:42+08:00 ] ::1 /hzaumba/
INFO: [ app_init ] --START--
INFO: Run Behavior\BuildLiteBehavior [ RunTime:0.000026s ]
INFO: [ app_init ] --END-- [ RunTime:0.000904s ]

[ 2016-03-17T17:51:42+08:00 ] ::1 /hzaumba/
INFO: [ app_init ] --START--
INFO: Run Behavior\BuildLiteBehavior [ RunTime:0.000029s ]
INFO: [ app_init ] --END-- [ RunTime:0.000963s ]

[ 2016-03-17T17:51:46+08:00 ] ::1 /hzaumba/
INFO: [ app_init ] --START--
INFO: Run Behavior\BuildLiteBehavior [ RunTime:0.000026s ]
INFO: [ app_init ] --END-- [ RunTime:0.001105s ]

[ 2016-03-17T17:51:51+08:00 ] ::1 /hzaumba/
INFO: [ app_init ] --START--
INFO: Run Behavior\BuildLiteBehavior [ RunTime:0.000031s ]
INFO: [ app_init ] --END-- [ RunTime:0.001281s ]

[ 2016-03-17T17:51:52+08:00 ] ::1 /hzaumba/
INFO: [ app_init ] --START--
INFO: Run Behavior\BuildLiteBehavior [ RunTime:0.000028s ]
INFO: [ app_init ] --END-- [ RunTime:0.001063s ]

[ 2016-03-17T17:51:52+08:00 ] ::1 /hzaumba/
INFO: [ app_init ] --START--
INFO: Run Behavior\BuildLiteBehavior [ RunTime:0.000059s ]
INFO: [ app_init ] --END-- [ RunTime:0.001511s ]

[ 2016-03-17T17:51:52+08:00 ] ::1 /hzaumba/
INFO: [ app_init ] --START--
INFO: Run Behavior\BuildLiteBehavior [ RunTime:0.000028s ]
INFO: [ app_init ] --END-- [ RunTime:0.000957s ]

[ 2016-03-17T17:52:35+08:00 ] ::1 /hzaumba/
INFO: [ app_init ] --START--
INFO: Run Behavior\BuildLiteBehavior [ RunTime:0.000073s ]
INFO: [ app_init ] --END-- [ RunTime:0.001556s ]

[ 2016-03-17T17:52:47+08:00 ] ::1 /hzaumba/
INFO: [ app_init ] --START--
INFO: Run Behavior\BuildLiteBehavior [ RunTime:0.000084s ]
INFO: [ app_init ] --END-- [ RunTime:0.001879s ]

[ 2016-03-17T17:55:03+08:00 ] ::1 /hzaumba/
INFO: [ app_init ] --START--
INFO: Run Behavior\BuildLiteBehavior [ RunTime:0.000030s ]
INFO: [ app_init ] --END-- [ RunTime:0.001219s ]

[ 2016-03-17T17:55:47+08:00 ] ::1 /hzaumba/
INFO: [ app_init ] --START--
INFO: Run Behavior\BuildLiteBehavior [ RunTime:0.000026s ]
INFO: [ app_init ] --END-- [ RunTime:0.000932s ]

[ 2016-03-17T17:56:15+08:00 ] ::1 /hzaumba/
INFO: [ app_init ] --START--
INFO: Run Behavior\BuildLiteBehavior [ RunTime:0.000026s ]
INFO: [ app_init ] --END-- [ RunTime:0.000854s ]

[ 2016-03-17T17:56:25+08:00 ] ::1 /hzaumba/
INFO: [ app_init ] --START--
INFO: Run Behavior\BuildLiteBehavior [ RunTime:0.000027s ]
INFO: [ app_init ] --END-- [ RunTime:0.000870s ]

[ 2016-03-17T17:56:36+08:00 ] ::1 /hzaumba/
INFO: [ app_init ] --START--
INFO: Run Behavior\BuildLiteBehavior [ RunTime:0.000036s ]
INFO: [ app_init ] --END-- [ RunTime:0.001151s ]

[ 2016-03-17T17:56:43+08:00 ] ::1 /hzaumba/
INFO: [ app_init ] --START--
INFO: Run Behavior\BuildLiteBehavior [ RunTime:0.000029s ]
INFO: [ app_init ] --END-- [ RunTime:0.001136s ]

[ 2016-03-17T17:57:01+08:00 ] ::1 /hzaumba/
INFO: [ app_init ] --START--
INFO: Run Behavior\BuildLiteBehavior [ RunTime:0.000034s ]
INFO: [ app_init ] --END-- [ RunTime:0.001132s ]

[ 2016-03-17T22:39:13+08:00 ] ::1 /hzaumba/
INFO: [ app_init ] --START--
INFO: Run Behavior\BuildLiteBehavior [ RunTime:0.000063s ]
INFO: [ app_init ] --END-- [ RunTime:0.000881s ]

[ 2016-03-17T22:50:01+08:00 ] ::1 /hzaumba/
INFO: [ app_init ] --START--
INFO: Run Behavior\BuildLiteBehavior [ RunTime:0.000031s ]
INFO: [ app_init ] --END-- [ RunTime:0.000751s ]

[ 2016-03-17T22:50:15+08:00 ] ::1 /hzaumba/
INFO: [ app_init ] --START--
INFO: Run Behavior\BuildLiteBehavior [ RunTime:0.000049s ]
INFO: [ app_init ] --END-- [ RunTime:0.000931s ]

[ 2016-03-17T22:50:15+08:00 ] ::1 /hzaumba/
INFO: [ app_init ] --START--
INFO: Run Behavior\BuildLiteBehavior [ RunTime:0.000056s ]
INFO: [ app_init ] --END-- [ RunTime:0.001128s ]

[ 2016-03-17T22:50:27+08:00 ] ::1 /hzaumba/
INFO: [ app_init ] --START--
INFO: Run Behavior\BuildLiteBehavior [ RunTime:0.000040s ]
INFO: [ app_init ] --END-- [ RunTime:0.001029s ]

[ 2016-03-17T22:56:49+08:00 ] ::1 /hzaumba/
INFO: [ app_init ] --START--
INFO: Run Behavior\BuildLiteBehavior [ RunTime:0.000092s ]
INFO: [ app_init ] --END-- [ RunTime:0.002968s ]

[ 2016-03-17T22:57:37+08:00 ] ::1 /hzaumba/
INFO: [ app_init ] --START--
INFO: Run Behavior\BuildLiteBehavior [ RunTime:0.000038s ]
INFO: [ app_init ] --END-- [ RunTime:0.000957s ]

[ 2016-03-17T22:57:46+08:00 ] ::1 /hzaumba/
INFO: [ app_init ] --START--
INFO: Run Behavior\BuildLiteBehavior [ RunTime:0.000065s ]
INFO: [ app_init ] --END-- [ RunTime:0.001349s ]

[ 2016-03-17T22:57:47+08:00 ] ::1 /hzaumba/
INFO: [ app_init ] --START--
INFO: Run Behavior\BuildLiteBehavior [ RunTime:0.000091s ]
INFO: [ app_init ] --END-- [ RunTime:0.001866s ]

[ 2016-03-17T22:58:29+08:00 ] ::1 /hzaumba/
INFO: [ app_init ] --START--
INFO: Run Behavior\BuildLiteBehavior [ RunTime:0.000071s ]
INFO: [ app_init ] --END-- [ RunTime:0.001733s ]

[ 2016-03-17T23:00:05+08:00 ] ::1 /hzaumba/
INFO: [ app_init ] --START--
INFO: Run Behavior\BuildLiteBehavior [ RunTime:0.000059s ]
INFO: [ app_init ] --END-- [ RunTime:0.001344s ]

[ 2016-03-17T23:00:33+08:00 ] ::1 /hzaumba/
INFO: [ app_init ] --START--
INFO: Run Behavior\BuildLiteBehavior [ RunTime:0.000039s ]
INFO: [ app_init ] --END-- [ RunTime:0.000913s ]

[ 2016-03-17T23:00:40+08:00 ] ::1 /hzaumba/
INFO: [ app_init ] --START--
INFO: Run Behavior\BuildLiteBehavior [ RunTime:0.000043s ]
INFO: [ app_init ] --END-- [ RunTime:0.001192s ]

[ 2016-03-17T23:02:33+08:00 ] ::1 /hzaumba/
INFO: [ app_init ] --START--
INFO: Run Behavior\BuildLiteBehavior [ RunTime:0.000052s ]
INFO: [ app_init ] --END-- [ RunTime:0.001277s ]

[ 2016-03-17T23:05:23+08:00 ] ::1 /hzaumba/
INFO: [ app_init ] --START--
INFO: Run Behavior\BuildLiteBehavior [ RunTime:0.000051s ]
INFO: [ app_init ] --END-- [ RunTime:0.001154s ]

[ 2016-03-17T23:05:39+08:00 ] ::1 /hzaumba/
INFO: [ app_init ] --START--
INFO: Run Behavior\BuildLiteBehavior [ RunTime:0.000050s ]
INFO: [ app_init ] --END-- [ RunTime:0.000984s ]

[ 2016-03-17T23:07:37+08:00 ] ::1 /hzaumba/
INFO: [ app_init ] --START--
INFO: Run Behavior\BuildLiteBehavior [ RunTime:0.000025s ]
INFO: [ app_init ] --END-- [ RunTime:0.000706s ]

[ 2016-03-17T23:09:54+08:00 ] ::1 /hzaumba/
INFO: [ app_init ] --START--
INFO: Run Behavior\BuildLiteBehavior [ RunTime:0.000056s ]
INFO: [ app_init ] --END-- [ RunTime:0.001118s ]

[ 2016-03-17T23:10:04+08:00 ] ::1 /hzaumba/
INFO: [ app_init ] --START--
INFO: Run Behavior\BuildLiteBehavior [ RunTime:0.000055s ]
INFO: [ app_init ] --END-- [ RunTime:0.000826s ]

[ 2016-03-17T23:10:21+08:00 ] ::1 /hzaumba/
INFO: [ app_init ] --START--
INFO: Run Behavior\BuildLiteBehavior [ RunTime:0.000062s ]
INFO: [ app_init ] --END-- [ RunTime:0.000976s ]

[ 2016-03-17T23:10:27+08:00 ] ::1 /hzaumba/
INFO: [ app_init ] --START--
INFO: Run Behavior\BuildLiteBehavior [ RunTime:0.000033s ]
INFO: [ app_init ] --END-- [ RunTime:0.000752s ]

[ 2016-03-17T23:10:39+08:00 ] ::1 /hzaumba/
INFO: [ app_init ] --START--
INFO: Run Behavior\BuildLiteBehavior [ RunTime:0.000027s ]
INFO: [ app_init ] --END-- [ RunTime:0.000681s ]

[ 2016-03-17T23:11:08+08:00 ] ::1 /hzaumba/
INFO: [ app_init ] --START--
INFO: Run Behavior\BuildLiteBehavior [ RunTime:0.000102s ]
INFO: [ app_init ] --END-- [ RunTime:0.001153s ]

[ 2016-03-17T23:11:17+08:00 ] ::1 /hzaumba/
INFO: [ app_init ] --START--
INFO: Run Behavior\BuildLiteBehavior [ RunTime:0.000053s ]
INFO: [ app_init ] --END-- [ RunTime:0.001144s ]

[ 2016-03-17T23:13:36+08:00 ] ::1 /hzaumba/
INFO: [ app_init ] --START--
INFO: Run Behavior\BuildLiteBehavior [ RunTime:0.000057s ]
INFO: [ app_init ] --END-- [ RunTime:0.003099s ]

[ 2016-03-17T23:15:35+08:00 ] ::1 /hzaumba/
INFO: [ app_init ] --START--
INFO: Run Behavior\BuildLiteBehavior [ RunTime:0.000138s ]
INFO: [ app_init ] --END-- [ RunTime:0.003267s ]

[ 2016-03-17T23:16:18+08:00 ] ::1 /hzaumba/
INFO: [ app_init ] --START--
INFO: Run Behavior\BuildLiteBehavior [ RunTime:0.000033s ]
INFO: [ app_init ] --END-- [ RunTime:0.001089s ]

[ 2016-03-17T23:17:11+08:00 ] ::1 /hzaumba/
INFO: [ app_init ] --START--
INFO: Run Behavior\BuildLiteBehavior [ RunTime:0.000066s ]
INFO: [ app_init ] --END-- [ RunTime:0.001364s ]

[ 2016-03-17T23:17:16+08:00 ] ::1 /hzaumba/
INFO: [ app_init ] --START--
INFO: Run Behavior\BuildLiteBehavior [ RunTime:0.000056s ]
INFO: [ app_init ] --END-- [ RunTime:0.001100s ]

[ 2016-03-17T23:18:11+08:00 ] ::1 /hzaumba/
INFO: [ app_init ] --START--
INFO: Run Behavior\BuildLiteBehavior [ RunTime:0.000053s ]
INFO: [ app_init ] --END-- [ RunTime:0.000959s ]

[ 2016-03-17T23:18:18+08:00 ] ::1 /hzaumba/
INFO: [ app_init ] --START--
INFO: Run Behavior\BuildLiteBehavior [ RunTime:0.000069s ]
INFO: [ app_init ] --END-- [ RunTime:0.000730s ]

[ 2016-03-17T23:18:24+08:00 ] ::1 /hzaumba/
INFO: [ app_init ] --START--
INFO: Run Behavior\BuildLiteBehavior [ RunTime:0.000054s ]
INFO: [ app_init ] --END-- [ RunTime:0.001262s ]

[ 2016-03-17T23:21:16+08:00 ] ::1 /hzaumba/
INFO: [ app_init ] --START--
INFO: Run Behavior\BuildLiteBehavior [ RunTime:0.000058s ]
INFO: [ app_init ] --END-- [ RunTime:0.001152s ]

[ 2016-03-17T23:21:40+08:00 ] ::1 /hzaumba/
INFO: [ app_init ] --START--
INFO: Run Behavior\BuildLiteBehavior [ RunTime:0.000085s ]
INFO: [ app_init ] --END-- [ RunTime:0.002043s ]

[ 2016-03-17T23:21:59+08:00 ] ::1 /hzaumba/
INFO: [ app_init ] --START--
INFO: Run Behavior\BuildLiteBehavior [ RunTime:0.000050s ]
INFO: [ app_init ] --END-- [ RunTime:0.001403s ]

[ 2016-03-17T23:47:39+08:00 ] ::1 /hzaumba/
INFO: [ app_init ] --START--
INFO: Run Behavior\BuildLiteBehavior [ RunTime:0.000061s ]
INFO: [ app_init ] --END-- [ RunTime:0.001107s ]

[ 2016-03-17T23:48:05+08:00 ] ::1 /hzaumba/
INFO: [ app_init ] --START--
INFO: Run Behavior\BuildLiteBehavior [ RunTime:0.000065s ]
INFO: [ app_init ] --END-- [ RunTime:0.001134s ]

[ 2016-03-17T23:48:06+08:00 ] ::1 /hzaumba/
INFO: [ app_init ] --START--
INFO: Run Behavior\BuildLiteBehavior [ RunTime:0.000053s ]
INFO: [ app_init ] --END-- [ RunTime:0.000905s ]

