[ 2016-04-07T14:35:47+08:00 ] ::1 /hzaumba2.0/
INFO: [ app_init ] --START--
INFO: Run Behavior\BuildLiteBehavior [ RunTime:0.000045s ]
INFO: [ app_init ] --END-- [ RunTime:0.014421s ]

[ 2016-04-07T14:36:03+08:00 ] ::1 /hzaumba2.0/index.php/Home/Teacher/inschool
INFO: [ app_init ] --START--
INFO: Run Behavior\BuildLiteBehavior [ RunTime:0.000061s ]
INFO: [ app_init ] --END-- [ RunTime:0.001490s ]

[ 2016-04-07T14:36:05+08:00 ] ::1 /hzaumba2.0/index.php/Home/Teacher/inschool
INFO: [ app_init ] --START--
INFO: Run Behavior\BuildLiteBehavior [ RunTime:0.000045s ]
INFO: [ app_init ] --END-- [ RunTime:0.001142s ]

[ 2016-04-07T14:36:10+08:00 ] ::1 /hzaumba2.0/index.php/Home/Teacher/outschool
INFO: [ app_init ] --START--
INFO: Run Behavior\BuildLiteBehavior [ RunTime:0.000046s ]
INFO: [ app_init ] --END-- [ RunTime:0.000870s ]

[ 2016-04-07T14:36:15+08:00 ] ::1 /hzaumba2.0/index.php/Home/Teacher/inschool
INFO: [ app_init ] --START--
INFO: Run Behavior\BuildLiteBehavior [ RunTime:0.000053s ]
INFO: [ app_init ] --END-- [ RunTime:0.001093s ]

[ 2016-04-07T14:36:19+08:00 ] ::1 /hzaumba2.0/index.php/Home/Teacher/inschool
INFO: [ app_init ] --START--
INFO: Run Behavior\BuildLiteBehavior [ RunTime:0.000054s ]
INFO: [ app_init ] --END-- [ RunTime:0.001286s ]

[ 2016-04-07T17:55:40+08:00 ] ::1 /hzaumba2.0/index.php/Home/Index/index
INFO: [ app_init ] --START--
INFO: Run Behavior\BuildLiteBehavior [ RunTime:0.000056s ]
INFO: [ app_init ] --END-- [ RunTime:0.001194s ]

[ 2016-04-07T17:56:12+08:00 ] ::1 /hzaumba2.0/index.php/Home/Introduce/mbaprj
INFO: [ app_init ] --START--
INFO: Run Behavior\BuildLiteBehavior [ RunTime:0.000072s ]
INFO: [ app_init ] --END-- [ RunTime:0.011385s ]

[ 2016-04-07T17:59:36+08:00 ] ::1 /hzaumba2.0/index.php/Home/Index/index
INFO: [ app_init ] --START--
INFO: Run Behavior\BuildLiteBehavior [ RunTime:0.000052s ]
INFO: [ app_init ] --END-- [ RunTime:0.001208s ]

[ 2016-04-07T18:48:34+08:00 ] ::1 /hzaumba2.0/index.php/Home/Career/career
INFO: [ app_init ] --START--
INFO: Run Behavior\BuildLiteBehavior [ RunTime:0.000080s ]
INFO: [ app_init ] --END-- [ RunTime:0.001475s ]

[ 2016-04-07T18:52:29+08:00 ] ::1 /hzaumba2.0/index.php/Home/Teacher/inschool
INFO: [ app_init ] --START--
INFO: Run Behavior\BuildLiteBehavior [ RunTime:0.000053s ]
INFO: [ app_init ] --END-- [ RunTime:0.001033s ]

[ 2016-04-07T18:55:16+08:00 ] ::1 /hzaumba2.0/index.php/Home/Teacher/inschool
INFO: [ app_init ] --START--
INFO: Run Behavior\BuildLiteBehavior [ RunTime:0.000055s ]
INFO: [ app_init ] --END-- [ RunTime:0.001044s ]

[ 2016-04-07T18:55:35+08:00 ] ::1 /hzaumba2.0/index.php/Home/Teacher/inschool
INFO: [ app_init ] --START--
INFO: Run Behavior\BuildLiteBehavior [ RunTime:0.000070s ]
INFO: [ app_init ] --END-- [ RunTime:0.001206s ]

[ 2016-04-07T18:56:39+08:00 ] ::1 /hzaumba2.0/index.php/Home/Teacher/inschool
INFO: [ app_init ] --START--
INFO: Run Behavior\BuildLiteBehavior [ RunTime:0.000057s ]
INFO: [ app_init ] --END-- [ RunTime:0.001612s ]

[ 2016-04-07T18:58:30+08:00 ] ::1 /hzaumba2.0/index.php/Home/Teacher/inschool
INFO: [ app_init ] --START--
INFO: Run Behavior\BuildLiteBehavior [ RunTime:0.000071s ]
INFO: [ app_init ] --END-- [ RunTime:0.002064s ]

[ 2016-04-07T18:58:54+08:00 ] ::1 /hzaumba2.0/index.php/Home/Teacher/inschool
INFO: [ app_init ] --START--
INFO: Run Behavior\BuildLiteBehavior [ RunTime:0.000076s ]
INFO: [ app_init ] --END-- [ RunTime:0.001751s ]

[ 2016-04-07T18:59:13+08:00 ] ::1 /hzaumba2.0/index.php/Home/Teacher/inschool
INFO: [ app_init ] --START--
INFO: Run Behavior\BuildLiteBehavior [ RunTime:0.000079s ]
INFO: [ app_init ] --END-- [ RunTime:0.001824s ]

