[ 2016-03-31T13:10:11+08:00 ] ::1 /hzaumba/
INFO: [ app_init ] --START--
INFO: Run Behavior\BuildLiteBehavior [ RunTime:0.000053s ]
INFO: [ app_init ] --END-- [ RunTime:0.001141s ]

[ 2016-03-31T13:10:13+08:00 ] ::1 /hzaumba/index.php/Home/Index/link
INFO: [ app_init ] --START--
INFO: Run Behavior\BuildLiteBehavior [ RunTime:0.000054s ]
INFO: [ app_init ] --END-- [ RunTime:0.001153s ]

[ 2016-03-31T13:10:19+08:00 ] ::1 /hzaumba/index.php/Home/Index/download
INFO: [ app_init ] --START--
INFO: Run Behavior\BuildLiteBehavior [ RunTime:0.000064s ]
INFO: [ app_init ] --END-- [ RunTime:0.001846s ]

[ 2016-03-31T13:13:30+08:00 ] ::1 /hzaumba/index.php/Home/Index/link
INFO: [ app_init ] --START--
INFO: Run Behavior\BuildLiteBehavior [ RunTime:0.000046s ]
INFO: [ app_init ] --END-- [ RunTime:0.001918s ]

[ 2016-03-31T15:14:07+08:00 ] ::1 /hzaumba/index.php/Home/Index/index
INFO: [ app_init ] --START--
INFO: Run Behavior\BuildLiteBehavior [ RunTime:0.000063s ]
INFO: [ app_init ] --END-- [ RunTime:0.002537s ]

[ 2016-03-31T15:25:45+08:00 ] ::1 /hzaumba/index.php/Home/Center/center
INFO: [ app_init ] --START--
INFO: Run Behavior\BuildLiteBehavior [ RunTime:0.000057s ]
INFO: [ app_init ] --END-- [ RunTime:0.001286s ]

[ 2016-03-31T15:25:48+08:00 ] ::1 /hzaumba/index.php/Home/Center/organization
INFO: [ app_init ] --START--
INFO: Run Behavior\BuildLiteBehavior [ RunTime:0.000058s ]
INFO: [ app_init ] --END-- [ RunTime:0.000881s ]

[ 2016-03-31T15:28:12+08:00 ] ::1 /hzaumba/index.php/Home/Index/index
INFO: [ app_init ] --START--
INFO: Run Behavior\BuildLiteBehavior [ RunTime:0.000051s ]
INFO: [ app_init ] --END-- [ RunTime:0.001112s ]

[ 2016-03-31T15:28:15+08:00 ] ::1 /hzaumba/index.php/Home/Index/news
INFO: [ app_init ] --START--
INFO: Run Behavior\BuildLiteBehavior [ RunTime:0.000058s ]
INFO: [ app_init ] --END-- [ RunTime:0.001160s ]

[ 2016-03-31T15:28:22+08:00 ] ::1 /hzaumba/index.php/Home/Index/index
INFO: [ app_init ] --START--
INFO: Run Behavior\BuildLiteBehavior [ RunTime:0.000055s ]
INFO: [ app_init ] --END-- [ RunTime:0.001412s ]

[ 2016-03-31T15:41:37+08:00 ] ::1 /hzaumba/index.php/Home/Index/link
INFO: [ app_init ] --START--
INFO: Run Behavior\BuildLiteBehavior [ RunTime:0.000042s ]
INFO: [ app_init ] --END-- [ RunTime:0.000971s ]

[ 2016-03-31T15:45:07+08:00 ] ::1 /hzaumba/index.php/Home/Index/link
INFO: [ app_init ] --START--
INFO: Run Behavior\BuildLiteBehavior [ RunTime:0.000057s ]
INFO: [ app_init ] --END-- [ RunTime:0.001876s ]

[ 2016-03-31T15:45:52+08:00 ] ::1 /hzaumba/index.php/Home/Index/link
INFO: [ app_init ] --START--
INFO: Run Behavior\BuildLiteBehavior [ RunTime:0.000055s ]
INFO: [ app_init ] --END-- [ RunTime:0.001459s ]

[ 2016-03-31T15:45:57+08:00 ] ::1 /hzaumba/index.php/Home/Index/index
INFO: [ app_init ] --START--
INFO: Run Behavior\BuildLiteBehavior [ RunTime:0.000053s ]
INFO: [ app_init ] --END-- [ RunTime:0.001099s ]

[ 2016-03-31T15:50:25+08:00 ] ::1 /hzaumba/index.php/Home/Index/index
INFO: [ app_init ] --START--
INFO: Run Behavior\BuildLiteBehavior [ RunTime:0.000044s ]
INFO: [ app_init ] --END-- [ RunTime:0.000986s ]

[ 2016-03-31T15:50:37+08:00 ] ::1 /hzaumba/index.php/Home/Index/infomation.html?hid=8
INFO: [ app_init ] --START--
INFO: Run Behavior\BuildLiteBehavior [ RunTime:0.000043s ]
INFO: [ app_init ] --END-- [ RunTime:0.000907s ]
ERR: 非法操作:infomation

[ 2016-03-31T15:51:40+08:00 ] ::1 /hzaumba/index.php/Home/Index/infomation.html?hid=8
INFO: [ app_init ] --START--
INFO: Run Behavior\BuildLiteBehavior [ RunTime:0.000060s ]
INFO: [ app_init ] --END-- [ RunTime:0.000925s ]
ERR: 模板不存在:./Application/Home/View/Index/infomation.html

[ 2016-03-31T15:52:48+08:00 ] ::1 /hzaumba/index.php/Home/Index/infomation.html?hid=8
INFO: [ app_init ] --START--
INFO: Run Behavior\BuildLiteBehavior [ RunTime:0.000049s ]
INFO: [ app_init ] --END-- [ RunTime:0.001143s ]
ERR: 非法操作:infomation

[ 2016-03-31T15:53:11+08:00 ] ::1 /hzaumba/index.php/Home/Index/infomation.html?hid=7
INFO: [ app_init ] --START--
INFO: Run Behavior\BuildLiteBehavior [ RunTime:0.000055s ]
INFO: [ app_init ] --END-- [ RunTime:0.001895s ]
ERR: 非法操作:infomation

[ 2016-03-31T15:53:31+08:00 ] ::1 /hzaumba/index.php/Home/Index/index
INFO: [ app_init ] --START--
INFO: Run Behavior\BuildLiteBehavior [ RunTime:0.000052s ]
INFO: [ app_init ] --END-- [ RunTime:0.001332s ]

[ 2016-03-31T15:53:33+08:00 ] ::1 /hzaumba/index.php/Home/Index/information.html?hid=8
INFO: [ app_init ] --START--
INFO: Run Behavior\BuildLiteBehavior [ RunTime:0.000621s ]
INFO: [ app_init ] --END-- [ RunTime:0.001800s ]

[ 2016-03-31T15:57:28+08:00 ] ::1 /hzaumba/index.php/Home/Index/information.html?hid=8
INFO: [ app_init ] --START--
INFO: Run Behavior\BuildLiteBehavior [ RunTime:0.000044s ]
INFO: [ app_init ] --END-- [ RunTime:0.000952s ]

[ 2016-03-31T15:57:49+08:00 ] ::1 /hzaumba/index.php/Home/Index/index
INFO: [ app_init ] --START--
INFO: Run Behavior\BuildLiteBehavior [ RunTime:0.000043s ]
INFO: [ app_init ] --END-- [ RunTime:0.001052s ]

[ 2016-03-31T15:57:52+08:00 ] ::1 /hzaumba/index.php/Home/Index/information.html?hid=8
INFO: [ app_init ] --START--
INFO: Run Behavior\BuildLiteBehavior [ RunTime:0.000041s ]
INFO: [ app_init ] --END-- [ RunTime:0.000810s ]

[ 2016-03-31T15:58:15+08:00 ] ::1 /hzaumba/index.php/Home/Index/index
INFO: [ app_init ] --START--
INFO: Run Behavior\BuildLiteBehavior [ RunTime:0.000054s ]
INFO: [ app_init ] --END-- [ RunTime:0.000767s ]

[ 2016-03-31T15:58:18+08:00 ] ::1 /hzaumba/index.php/Home/Index/information.html?hid=8
INFO: [ app_init ] --START--
INFO: Run Behavior\BuildLiteBehavior [ RunTime:0.000043s ]
INFO: [ app_init ] --END-- [ RunTime:0.000877s ]

[ 2016-03-31T15:58:28+08:00 ] ::1 /hzaumba/index.php/Home/Index/information.html?hid=7
INFO: [ app_init ] --START--
INFO: Run Behavior\BuildLiteBehavior [ RunTime:0.000043s ]
INFO: [ app_init ] --END-- [ RunTime:0.000738s ]

[ 2016-03-31T16:04:30+08:00 ] ::1 /hzaumba/index.php/Home/Index/index
INFO: [ app_init ] --START--
INFO: Run Behavior\BuildLiteBehavior [ RunTime:0.000063s ]
INFO: [ app_init ] --END-- [ RunTime:0.001245s ]

[ 2016-03-31T16:05:43+08:00 ] ::1 /hzaumba/index.php/Home/Index/index
INFO: [ app_init ] --START--
INFO: Run Behavior\BuildLiteBehavior [ RunTime:0.000043s ]
INFO: [ app_init ] --END-- [ RunTime:0.000815s ]

[ 2016-03-31T16:05:49+08:00 ] ::1 /hzaumba/index.php/Home/Index/information.html?hid=11
INFO: [ app_init ] --START--
INFO: Run Behavior\BuildLiteBehavior [ RunTime:0.000060s ]
INFO: [ app_init ] --END-- [ RunTime:0.001132s ]

[ 2016-03-31T16:06:34+08:00 ] ::1 /hzaumba/index.php/Home/Index/index
INFO: [ app_init ] --START--
INFO: Run Behavior\BuildLiteBehavior [ RunTime:0.000043s ]
INFO: [ app_init ] --END-- [ RunTime:0.000957s ]

[ 2016-03-31T16:07:21+08:00 ] ::1 /hzaumba/index.php/Home/Index/index
INFO: [ app_init ] --START--
INFO: Run Behavior\BuildLiteBehavior [ RunTime:0.000042s ]
INFO: [ app_init ] --END-- [ RunTime:0.001071s ]

[ 2016-03-31T16:07:54+08:00 ] ::1 /hzaumba/index.php/Home/Index/link
INFO: [ app_init ] --START--
INFO: Run Behavior\BuildLiteBehavior [ RunTime:0.001082s ]
INFO: [ app_init ] --END-- [ RunTime:0.004830s ]

[ 2016-03-31T16:08:38+08:00 ] ::1 /hzaumba/index.php/Home/Index/index
INFO: [ app_init ] --START--
INFO: Run Behavior\BuildLiteBehavior [ RunTime:0.000058s ]
INFO: [ app_init ] --END-- [ RunTime:0.000996s ]

[ 2016-03-31T16:08:44+08:00 ] ::1 /hzaumba/index.php/Home/Index/manage
INFO: [ app_init ] --START--
INFO: Run Behavior\BuildLiteBehavior [ RunTime:0.000043s ]
INFO: [ app_init ] --END-- [ RunTime:0.000905s ]

[ 2016-03-31T16:08:49+08:00 ] ::1 /hzaumba/index.php/Home/Index/news
INFO: [ app_init ] --START--
INFO: Run Behavior\BuildLiteBehavior [ RunTime:0.000059s ]
INFO: [ app_init ] --END-- [ RunTime:0.002534s ]

[ 2016-03-31T16:08:56+08:00 ] ::1 /hzaumba/index.php/Home/Index/tongzhi
INFO: [ app_init ] --START--
INFO: Run Behavior\BuildLiteBehavior [ RunTime:0.000077s ]
INFO: [ app_init ] --END-- [ RunTime:0.001951s ]

[ 2016-03-31T16:13:00+08:00 ] ::1 /hzaumba/index.php/Home/Index/index
INFO: [ app_init ] --START--
INFO: Run Behavior\BuildLiteBehavior [ RunTime:0.000056s ]
INFO: [ app_init ] --END-- [ RunTime:0.002159s ]

[ 2016-03-31T16:13:02+08:00 ] ::1 /hzaumba/index.php/Home/Index/link
INFO: [ app_init ] --START--
INFO: Run Behavior\BuildLiteBehavior [ RunTime:0.000053s ]
INFO: [ app_init ] --END-- [ RunTime:0.000977s ]

[ 2016-03-31T16:13:28+08:00 ] ::1 /hzaumba/index.php/Home/Index/index
INFO: [ app_init ] --START--
INFO: Run Behavior\BuildLiteBehavior [ RunTime:0.000049s ]
INFO: [ app_init ] --END-- [ RunTime:0.001765s ]

[ 2016-03-31T16:13:30+08:00 ] ::1 /hzaumba/index.php/Home/Index/commen?class=%E6%96%B0%E9%97%BB%E4%B8%AD%E5%BF%83
INFO: [ app_init ] --START--
INFO: Run Behavior\BuildLiteBehavior [ RunTime:0.000050s ]
INFO: [ app_init ] --END-- [ RunTime:0.001435s ]

[ 2016-03-31T16:13:38+08:00 ] ::1 /hzaumba/index.php/Home/Index/commen?class=%E6%95%99%E5%8A%A1%E4%BF%A1%E6%81%AF
INFO: [ app_init ] --START--
INFO: Run Behavior\BuildLiteBehavior [ RunTime:0.000042s ]
INFO: [ app_init ] --END-- [ RunTime:0.000914s ]

[ 2016-03-31T16:16:33+08:00 ] ::1 /hzaumba/index.php/Home/Index/commen?class=%E6%95%99%E5%8A%A1%E4%BF%A1%E6%81%AF
INFO: [ app_init ] --START--
INFO: Run Behavior\BuildLiteBehavior [ RunTime:0.000173s ]
INFO: [ app_init ] --END-- [ RunTime:0.001349s ]

[ 2016-03-31T16:17:00+08:00 ] ::1 /hzaumba/index.php/Home/Index/commen?class=%E6%95%99%E5%8A%A1%E4%BF%A1%E6%81%AF
INFO: [ app_init ] --START--
INFO: Run Behavior\BuildLiteBehavior [ RunTime:0.000054s ]
INFO: [ app_init ] --END-- [ RunTime:0.001434s ]

[ 2016-03-31T16:17:43+08:00 ] ::1 /hzaumba/index.php/Home/Index/commen?class=%E6%95%99%E5%8A%A1%E4%BF%A1%E6%81%AF
INFO: [ app_init ] --START--
INFO: Run Behavior\BuildLiteBehavior [ RunTime:0.000044s ]
INFO: [ app_init ] --END-- [ RunTime:0.000873s ]

[ 2016-03-31T16:17:46+08:00 ] ::1 /hzaumba/index.php/Home/Index/index
INFO: [ app_init ] --START--
INFO: Run Behavior\BuildLiteBehavior [ RunTime:0.000044s ]
INFO: [ app_init ] --END-- [ RunTime:0.000902s ]

[ 2016-03-31T16:17:49+08:00 ] ::1 /hzaumba/index.php/Home/Index/information.html?hid=7
INFO: [ app_init ] --START--
INFO: Run Behavior\BuildLiteBehavior [ RunTime:0.000044s ]
INFO: [ app_init ] --END-- [ RunTime:0.001111s ]

[ 2016-03-31T16:17:53+08:00 ] ::1 /hzaumba/index.php/Home/Index/commen?class=%E6%96%B0%E9%97%BB%E4%B8%AD%E5%BF%83
INFO: [ app_init ] --START--
INFO: Run Behavior\BuildLiteBehavior [ RunTime:0.000043s ]
INFO: [ app_init ] --END-- [ RunTime:0.001082s ]

[ 2016-03-31T16:19:02+08:00 ] ::1 /hzaumba/index.php/Home/Index/commen?class=%E6%96%B0%E9%97%BB%E4%B8%AD%E5%BF%83
INFO: [ app_init ] --START--
INFO: Run Behavior\BuildLiteBehavior [ RunTime:0.000042s ]
INFO: [ app_init ] --END-- [ RunTime:0.000959s ]

[ 2016-03-31T16:19:04+08:00 ] ::1 /hzaumba/index.php/Home/Index/information.html?hid=
INFO: [ app_init ] --START--
INFO: Run Behavior\BuildLiteBehavior [ RunTime:0.000077s ]
INFO: [ app_init ] --END-- [ RunTime:0.003921s ]

[ 2016-03-31T16:19:52+08:00 ] ::1 /hzaumba/index.php/Home/Index/commen?class=%E6%96%B0%E9%97%BB%E4%B8%AD%E5%BF%83
INFO: [ app_init ] --START--
INFO: Run Behavior\BuildLiteBehavior [ RunTime:0.000057s ]
INFO: [ app_init ] --END-- [ RunTime:0.001941s ]

[ 2016-03-31T16:19:55+08:00 ] ::1 /hzaumba/index.php/Home/Index/information.html?hid=8
INFO: [ app_init ] --START--
INFO: Run Behavior\BuildLiteBehavior [ RunTime:0.000050s ]
INFO: [ app_init ] --END-- [ RunTime:0.001300s ]

[ 2016-03-31T16:19:59+08:00 ] ::1 /hzaumba/index.php/Home/Index/information.html?hid=7
INFO: [ app_init ] --START--
INFO: Run Behavior\BuildLiteBehavior [ RunTime:0.000042s ]
INFO: [ app_init ] --END-- [ RunTime:0.001054s ]

[ 2016-03-31T16:20:01+08:00 ] ::1 /hzaumba/index.php/Home/Index/index
INFO: [ app_init ] --START--
INFO: Run Behavior\BuildLiteBehavior [ RunTime:0.000042s ]
INFO: [ app_init ] --END-- [ RunTime:0.000893s ]

[ 2016-03-31T16:20:04+08:00 ] ::1 /hzaumba/index.php/Home/Index/commen?class=%E6%95%99%E5%8A%A1%E4%BF%A1%E6%81%AF
INFO: [ app_init ] --START--
INFO: Run Behavior\BuildLiteBehavior [ RunTime:0.000043s ]
INFO: [ app_init ] --END-- [ RunTime:0.000935s ]

[ 2016-03-31T16:20:11+08:00 ] ::1 /hzaumba/index.php/Home/Index/information.html?hid=11
INFO: [ app_init ] --START--
INFO: Run Behavior\BuildLiteBehavior [ RunTime:0.000054s ]
INFO: [ app_init ] --END-- [ RunTime:0.001651s ]

[ 2016-03-31T16:20:13+08:00 ] ::1 /hzaumba/index.php/Home/Index/commen?class=%E6%95%99%E5%8A%A1%E4%BF%A1%E6%81%AF
INFO: [ app_init ] --START--
INFO: Run Behavior\BuildLiteBehavior [ RunTime:0.000053s ]
INFO: [ app_init ] --END-- [ RunTime:0.001259s ]

[ 2016-03-31T16:20:15+08:00 ] ::1 /hzaumba/index.php/Home/Index/information.html?hid=11
INFO: [ app_init ] --START--
INFO: Run Behavior\BuildLiteBehavior [ RunTime:0.000043s ]
INFO: [ app_init ] --END-- [ RunTime:0.001246s ]

[ 2016-03-31T16:20:20+08:00 ] ::1 /hzaumba/index.php/Home/Index/link
INFO: [ app_init ] --START--
INFO: Run Behavior\BuildLiteBehavior [ RunTime:0.000056s ]
INFO: [ app_init ] --END-- [ RunTime:0.001485s ]

[ 2016-03-31T17:31:46+08:00 ] ::1 /hzaumba/index.php/Home/Index/download
INFO: [ app_init ] --START--
INFO: Run Behavior\BuildLiteBehavior [ RunTime:0.000145s ]
INFO: [ app_init ] --END-- [ RunTime:0.005674s ]

[ 2016-03-31T18:50:05+08:00 ] ::1 /hzaumba/index.php/Home/Index/download
INFO: [ app_init ] --START--
INFO: Run Behavior\BuildLiteBehavior [ RunTime:0.000121s ]
INFO: [ app_init ] --END-- [ RunTime:0.005960s ]

[ 2016-03-31T18:50:34+08:00 ] ::1 /hzaumba/index.php/Home/Index/download
INFO: [ app_init ] --START--
INFO: Run Behavior\BuildLiteBehavior [ RunTime:0.000139s ]
INFO: [ app_init ] --END-- [ RunTime:0.002332s ]

[ 2016-03-31T18:51:25+08:00 ] ::1 /hzaumba/index.php/Home/Index/download
INFO: [ app_init ] --START--
INFO: Run Behavior\BuildLiteBehavior [ RunTime:0.000100s ]
INFO: [ app_init ] --END-- [ RunTime:0.002372s ]

[ 2016-03-31T18:51:29+08:00 ] ::1 /hzaumba/index.php/Home/Index/download
INFO: [ app_init ] --START--
INFO: Run Behavior\BuildLiteBehavior [ RunTime:0.000201s ]
INFO: [ app_init ] --END-- [ RunTime:0.002922s ]

