[ 2016-05-08T00:00:20+08:00 ] ::1 /hzaumba/index.php/Home/Index/index
INFO: [ app_init ] --START--
INFO: Run Behavior\BuildLiteBehavior [ RunTime:0.000025s ]
INFO: [ app_init ] --END-- [ RunTime:0.000650s ]

[ 2016-05-08T00:00:21+08:00 ] ::1 /hzaumba/index.php/Home/Index/commen?class=%E6%96%B0%E9%97%BB%E4%B8%AD%E5%BF%83
INFO: [ app_init ] --START--
INFO: Run Behavior\BuildLiteBehavior [ RunTime:0.000025s ]
INFO: [ app_init ] --END-- [ RunTime:0.000514s ]

[ 2016-05-08T00:00:27+08:00 ] ::1 /hzaumba/index.php/home/index/commen/class/%E6%96%B0%E9%97%BB%E4%B8%AD%E5%BF%83/p/6.html
INFO: [ app_init ] --START--
INFO: Run Behavior\BuildLiteBehavior [ RunTime:0.000027s ]
INFO: [ app_init ] --END-- [ RunTime:0.000602s ]

[ 2016-05-08T00:00:28+08:00 ] ::1 /hzaumba/index.php/home/index/commen/class/%E6%96%B0%E9%97%BB%E4%B8%AD%E5%BF%83/p/5.html
INFO: [ app_init ] --START--
INFO: Run Behavior\BuildLiteBehavior [ RunTime:0.000026s ]
INFO: [ app_init ] --END-- [ RunTime:0.000662s ]

[ 2016-05-08T00:00:42+08:00 ] ::1 /hzaumba/index.php/home/index/commen/class/%E6%96%B0%E9%97%BB%E4%B8%AD%E5%BF%83/p/5.html
INFO: [ app_init ] --START--
INFO: Run Behavior\BuildLiteBehavior [ RunTime:0.000030s ]
INFO: [ app_init ] --END-- [ RunTime:0.000721s ]

[ 2016-05-08T00:00:44+08:00 ] ::1 /hzaumba/index.php/Home/Index/index
INFO: [ app_init ] --START--
INFO: Run Behavior\BuildLiteBehavior [ RunTime:0.000025s ]
INFO: [ app_init ] --END-- [ RunTime:0.000900s ]

[ 2016-05-08T00:00:50+08:00 ] ::1 /hzaumba/index.php/Home/Index/index
INFO: [ app_init ] --START--
INFO: Run Behavior\BuildLiteBehavior [ RunTime:0.000027s ]
INFO: [ app_init ] --END-- [ RunTime:0.000783s ]

[ 2016-05-08T00:00:52+08:00 ] ::1 /hzaumba/index.php/Home/Index/commen?class=%E6%96%B0%E9%97%BB%E4%B8%AD%E5%BF%83
INFO: [ app_init ] --START--
INFO: Run Behavior\BuildLiteBehavior [ RunTime:0.000027s ]
INFO: [ app_init ] --END-- [ RunTime:0.000797s ]

[ 2016-05-08T00:00:54+08:00 ] ::1 /hzaumba/index.php/home/index/commen/class/%E6%96%B0%E9%97%BB%E4%B8%AD%E5%BF%83/p/2.html
INFO: [ app_init ] --START--
INFO: Run Behavior\BuildLiteBehavior [ RunTime:0.000031s ]
INFO: [ app_init ] --END-- [ RunTime:0.001000s ]

[ 2016-05-08T00:00:55+08:00 ] ::1 /hzaumba/index.php/home/index/commen/class/%E6%96%B0%E9%97%BB%E4%B8%AD%E5%BF%83/p/1.html
INFO: [ app_init ] --START--
INFO: Run Behavior\BuildLiteBehavior [ RunTime:0.000027s ]
INFO: [ app_init ] --END-- [ RunTime:0.000857s ]

[ 2016-05-08T00:01:41+08:00 ] ::1 /hzaumba/index.php/home/index/commen/class/%E6%96%B0%E9%97%BB%E4%B8%AD%E5%BF%83/p/1.html
INFO: [ app_init ] --START--
INFO: Run Behavior\BuildLiteBehavior [ RunTime:0.000025s ]
INFO: [ app_init ] --END-- [ RunTime:0.000589s ]

[ 2016-05-08T00:01:41+08:00 ] ::1 /hzaumba/index.php/home/index/commen/class/%E6%96%B0%E9%97%BB%E4%B8%AD%E5%BF%83/p/1.html
INFO: [ app_init ] --START--
INFO: Run Behavior\BuildLiteBehavior [ RunTime:0.000028s ]
INFO: [ app_init ] --END-- [ RunTime:0.000669s ]

[ 2016-05-08T00:01:41+08:00 ] ::1 /hzaumba/index.php/home/index/commen/class/%E6%96%B0%E9%97%BB%E4%B8%AD%E5%BF%83/p/1.html
INFO: [ app_init ] --START--
INFO: Run Behavior\BuildLiteBehavior [ RunTime:0.000027s ]
INFO: [ app_init ] --END-- [ RunTime:0.000656s ]

[ 2016-05-08T00:01:41+08:00 ] ::1 /hzaumba/index.php/home/index/commen/class/%E6%96%B0%E9%97%BB%E4%B8%AD%E5%BF%83/p/1.html
INFO: [ app_init ] --START--
INFO: Run Behavior\BuildLiteBehavior [ RunTime:0.000033s ]
INFO: [ app_init ] --END-- [ RunTime:0.000671s ]

[ 2016-05-08T00:02:26+08:00 ] ::1 /hzaumba/index.php/home/index/commen/class/%E6%96%B0%E9%97%BB%E4%B8%AD%E5%BF%83/p/1.html
INFO: [ app_init ] --START--
INFO: Run Behavior\BuildLiteBehavior [ RunTime:0.000026s ]
INFO: [ app_init ] --END-- [ RunTime:0.000569s ]

[ 2016-05-08T00:03:22+08:00 ] ::1 /hzaumba/index.php/home/index/commen/class/%E6%96%B0%E9%97%BB%E4%B8%AD%E5%BF%83/p/1.html
INFO: [ app_init ] --START--
INFO: Run Behavior\BuildLiteBehavior [ RunTime:0.000026s ]
INFO: [ app_init ] --END-- [ RunTime:0.000577s ]

[ 2016-05-08T00:03:22+08:00 ] ::1 /hzaumba/index.php/home/index/commen/class/%E6%96%B0%E9%97%BB%E4%B8%AD%E5%BF%83/p/1.html
INFO: [ app_init ] --START--
INFO: Run Behavior\BuildLiteBehavior [ RunTime:0.000092s ]
INFO: [ app_init ] --END-- [ RunTime:0.001425s ]

[ 2016-05-08T00:03:22+08:00 ] ::1 /hzaumba/index.php/home/index/commen/class/%E6%96%B0%E9%97%BB%E4%B8%AD%E5%BF%83/p/1.html
INFO: [ app_init ] --START--
INFO: Run Behavior\BuildLiteBehavior [ RunTime:0.000056s ]
INFO: [ app_init ] --END-- [ RunTime:0.000857s ]

[ 2016-05-08T00:03:22+08:00 ] ::1 /hzaumba/index.php/home/index/commen/class/%E6%96%B0%E9%97%BB%E4%B8%AD%E5%BF%83/p/1.html
INFO: [ app_init ] --START--
INFO: Run Behavior\BuildLiteBehavior [ RunTime:0.000038s ]
INFO: [ app_init ] --END-- [ RunTime:0.000742s ]

[ 2016-05-08T00:03:22+08:00 ] ::1 /hzaumba/index.php/home/index/commen/class/%E6%96%B0%E9%97%BB%E4%B8%AD%E5%BF%83/p/1.html
INFO: [ app_init ] --START--
INFO: Run Behavior\BuildLiteBehavior [ RunTime:0.000029s ]
INFO: [ app_init ] --END-- [ RunTime:0.000644s ]

[ 2016-05-08T00:03:23+08:00 ] ::1 /hzaumba/index.php/home/index/commen/class/%E6%96%B0%E9%97%BB%E4%B8%AD%E5%BF%83/p/1.html
INFO: [ app_init ] --START--
INFO: Run Behavior\BuildLiteBehavior [ RunTime:0.000073s ]
INFO: [ app_init ] --END-- [ RunTime:0.001065s ]

[ 2016-05-08T00:03:23+08:00 ] ::1 /hzaumba/index.php/home/index/commen/class/%E6%96%B0%E9%97%BB%E4%B8%AD%E5%BF%83/p/1.html
INFO: [ app_init ] --START--
INFO: Run Behavior\BuildLiteBehavior [ RunTime:0.000036s ]
INFO: [ app_init ] --END-- [ RunTime:0.000632s ]

[ 2016-05-08T00:05:19+08:00 ] ::1 /hzaumba/index.php/home/index/commen/class/%E6%96%B0%E9%97%BB%E4%B8%AD%E5%BF%83/p/1.html
INFO: [ app_init ] --START--
INFO: Run Behavior\BuildLiteBehavior [ RunTime:0.000027s ]
INFO: [ app_init ] --END-- [ RunTime:0.000593s ]

[ 2016-05-08T00:05:20+08:00 ] ::1 /hzaumba/index.php/home/index/commen/class/%E6%96%B0%E9%97%BB%E4%B8%AD%E5%BF%83/p/1.html
INFO: [ app_init ] --START--
INFO: Run Behavior\BuildLiteBehavior [ RunTime:0.000028s ]
INFO: [ app_init ] --END-- [ RunTime:0.000739s ]

[ 2016-05-08T00:05:20+08:00 ] ::1 /hzaumba/index.php/home/index/commen/class/%E6%96%B0%E9%97%BB%E4%B8%AD%E5%BF%83/p/1.html
INFO: [ app_init ] --START--
INFO: Run Behavior\BuildLiteBehavior [ RunTime:0.000034s ]
INFO: [ app_init ] --END-- [ RunTime:0.000886s ]

[ 2016-05-08T00:05:21+08:00 ] ::1 /hzaumba/index.php/home/index/commen/class/%E6%96%B0%E9%97%BB%E4%B8%AD%E5%BF%83/p/2.html
INFO: [ app_init ] --START--
INFO: Run Behavior\BuildLiteBehavior [ RunTime:0.000030s ]
INFO: [ app_init ] --END-- [ RunTime:0.000716s ]

[ 2016-05-08T00:05:31+08:00 ] ::1 /hzaumba/index.php/home/index/commen/class/%E6%96%B0%E9%97%BB%E4%B8%AD%E5%BF%83/p/2.html
INFO: [ app_init ] --START--
INFO: Run Behavior\BuildLiteBehavior [ RunTime:0.000028s ]
INFO: [ app_init ] --END-- [ RunTime:0.000547s ]

[ 2016-05-08T00:06:39+08:00 ] ::1 /hzaumba/index.php/Home/Index/index
INFO: [ app_init ] --START--
INFO: Run Behavior\BuildLiteBehavior [ RunTime:0.000049s ]
INFO: [ app_init ] --END-- [ RunTime:0.000694s ]

[ 2016-05-08T00:07:00+08:00 ] ::1 /hzaumba/index.php/Home/Index/index
INFO: [ app_init ] --START--
INFO: Run Behavior\BuildLiteBehavior [ RunTime:0.000050s ]
INFO: [ app_init ] --END-- [ RunTime:0.000826s ]

[ 2016-05-08T00:07:01+08:00 ] ::1 /hzaumba/index.php/Home/Index/information.html?hid=47
INFO: [ app_init ] --START--
INFO: Run Behavior\BuildLiteBehavior [ RunTime:0.000026s ]
INFO: [ app_init ] --END-- [ RunTime:0.000864s ]

[ 2016-05-08T00:07:05+08:00 ] ::1 /hzaumba/index.php/Home/Index/commen?class=%E6%96%B0%E9%97%BB%E4%B8%AD%E5%BF%83
INFO: [ app_init ] --START--
INFO: Run Behavior\BuildLiteBehavior [ RunTime:0.000031s ]
INFO: [ app_init ] --END-- [ RunTime:0.000760s ]

[ 2016-05-08T00:07:34+08:00 ] ::1 /hzaumba/index.php/home/index/commen/class/%E6%96%B0%E9%97%BB%E4%B8%AD%E5%BF%83/p/2.html
INFO: [ app_init ] --START--
INFO: Run Behavior\BuildLiteBehavior [ RunTime:0.000028s ]
INFO: [ app_init ] --END-- [ RunTime:0.000915s ]

[ 2016-05-08T00:07:35+08:00 ] ::1 /hzaumba/index.php/home/index/commen/class/%E6%96%B0%E9%97%BB%E4%B8%AD%E5%BF%83/p/1.html
INFO: [ app_init ] --START--
INFO: Run Behavior\BuildLiteBehavior [ RunTime:0.000026s ]
INFO: [ app_init ] --END-- [ RunTime:0.000603s ]

[ 2016-05-08T00:07:55+08:00 ] ::1 /hzaumba/index.php/home/index/commen/class/%E6%96%B0%E9%97%BB%E4%B8%AD%E5%BF%83/p/1.html
INFO: [ app_init ] --START--
INFO: Run Behavior\BuildLiteBehavior [ RunTime:0.000034s ]
INFO: [ app_init ] --END-- [ RunTime:0.000849s ]

[ 2016-05-08T00:07:57+08:00 ] ::1 /hzaumba/index.php/home/index/commen/class/%E6%96%B0%E9%97%BB%E4%B8%AD%E5%BF%83/p/6.html
INFO: [ app_init ] --START--
INFO: Run Behavior\BuildLiteBehavior [ RunTime:0.000051s ]
INFO: [ app_init ] --END-- [ RunTime:0.000650s ]

[ 2016-05-08T00:08:01+08:00 ] ::1 /hzaumba/index.php/home/index/commen/class/%E6%96%B0%E9%97%BB%E4%B8%AD%E5%BF%83/p/7.html
INFO: [ app_init ] --START--
INFO: Run Behavior\BuildLiteBehavior [ RunTime:0.000027s ]
INFO: [ app_init ] --END-- [ RunTime:0.000885s ]

[ 2016-05-08T00:08:03+08:00 ] ::1 /hzaumba/index.php/home/index/commen/class/%E6%96%B0%E9%97%BB%E4%B8%AD%E5%BF%83/p/6.html
INFO: [ app_init ] --START--
INFO: Run Behavior\BuildLiteBehavior [ RunTime:0.000048s ]
INFO: [ app_init ] --END-- [ RunTime:0.000870s ]

[ 2016-05-08T00:08:04+08:00 ] ::1 /hzaumba/index.php/home/index/commen/class/%E6%96%B0%E9%97%BB%E4%B8%AD%E5%BF%83/p/2.html
INFO: [ app_init ] --START--
INFO: Run Behavior\BuildLiteBehavior [ RunTime:0.000026s ]
INFO: [ app_init ] --END-- [ RunTime:0.000707s ]

[ 2016-05-08T00:08:07+08:00 ] ::1 /hzaumba/index.php/home/index/commen/class/%E6%96%B0%E9%97%BB%E4%B8%AD%E5%BF%83/p/7.html
INFO: [ app_init ] --START--
INFO: Run Behavior\BuildLiteBehavior [ RunTime:0.000027s ]
INFO: [ app_init ] --END-- [ RunTime:0.000649s ]

[ 2016-05-08T00:08:49+08:00 ] ::1 /hzaumba/index.php/home/index/commen/class/%E6%96%B0%E9%97%BB%E4%B8%AD%E5%BF%83/p/7.html
INFO: [ app_init ] --START--
INFO: Run Behavior\BuildLiteBehavior [ RunTime:0.000027s ]
INFO: [ app_init ] --END-- [ RunTime:0.000634s ]

[ 2016-05-08T00:08:52+08:00 ] ::1 /hzaumba/index.php/home/index/commen/class/%E6%96%B0%E9%97%BB%E4%B8%AD%E5%BF%83/p/3.html
INFO: [ app_init ] --START--
INFO: Run Behavior\BuildLiteBehavior [ RunTime:0.000212s ]
INFO: [ app_init ] --END-- [ RunTime:0.001786s ]

[ 2016-05-08T00:08:54+08:00 ] ::1 /hzaumba/index.php/home/index/commen/class/%E6%96%B0%E9%97%BB%E4%B8%AD%E5%BF%83/p/1.html
INFO: [ app_init ] --START--
INFO: Run Behavior\BuildLiteBehavior [ RunTime:0.000027s ]
INFO: [ app_init ] --END-- [ RunTime:0.000565s ]

[ 2016-05-08T00:08:56+08:00 ] ::1 /hzaumba/index.php/home/index/commen/class/%E6%96%B0%E9%97%BB%E4%B8%AD%E5%BF%83/p/5.html
INFO: [ app_init ] --START--
INFO: Run Behavior\BuildLiteBehavior [ RunTime:0.000028s ]
INFO: [ app_init ] --END-- [ RunTime:0.000599s ]

[ 2016-05-08T00:10:25+08:00 ] ::1 /hzaumba/index.php/home/index/commen/class/%E6%96%B0%E9%97%BB%E4%B8%AD%E5%BF%83/p/5.html
INFO: [ app_init ] --START--
INFO: Run Behavior\BuildLiteBehavior [ RunTime:0.000028s ]
INFO: [ app_init ] --END-- [ RunTime:0.000624s ]

[ 2016-05-08T00:10:28+08:00 ] ::1 /hzaumba/index.php/home/index/commen/class/%E6%96%B0%E9%97%BB%E4%B8%AD%E5%BF%83/p/4.html
INFO: [ app_init ] --START--
INFO: Run Behavior\BuildLiteBehavior [ RunTime:0.000028s ]
INFO: [ app_init ] --END-- [ RunTime:0.000571s ]

[ 2016-05-08T00:10:30+08:00 ] ::1 /hzaumba/index.php/home/index/commen/class/%E6%96%B0%E9%97%BB%E4%B8%AD%E5%BF%83/p/7.html
INFO: [ app_init ] --START--
INFO: Run Behavior\BuildLiteBehavior [ RunTime:0.000029s ]
INFO: [ app_init ] --END-- [ RunTime:0.000814s ]

[ 2016-05-08T00:10:32+08:00 ] ::1 /hzaumba/index.php/home/index/commen/class/%E6%96%B0%E9%97%BB%E4%B8%AD%E5%BF%83/p/3.html
INFO: [ app_init ] --START--
INFO: Run Behavior\BuildLiteBehavior [ RunTime:0.000028s ]
INFO: [ app_init ] --END-- [ RunTime:0.000883s ]

[ 2016-05-08T00:11:01+08:00 ] ::1 /hzaumba/index.php/home/index/commen/class/%E6%96%B0%E9%97%BB%E4%B8%AD%E5%BF%83/p/3.html
INFO: [ app_init ] --START--
INFO: Run Behavior\BuildLiteBehavior [ RunTime:0.000029s ]
INFO: [ app_init ] --END-- [ RunTime:0.000798s ]

[ 2016-05-08T00:11:02+08:00 ] ::1 /hzaumba/index.php/home/index/commen/class/%E6%96%B0%E9%97%BB%E4%B8%AD%E5%BF%83/p/3.html
INFO: [ app_init ] --START--
INFO: Run Behavior\BuildLiteBehavior [ RunTime:0.000029s ]
INFO: [ app_init ] --END-- [ RunTime:0.000650s ]

[ 2016-05-08T00:11:03+08:00 ] ::1 /hzaumba/index.php/home/index/commen/class/%E6%96%B0%E9%97%BB%E4%B8%AD%E5%BF%83/p/3.html
INFO: [ app_init ] --START--
INFO: Run Behavior\BuildLiteBehavior [ RunTime:0.000035s ]
INFO: [ app_init ] --END-- [ RunTime:0.000659s ]

[ 2016-05-08T00:11:03+08:00 ] ::1 /hzaumba/index.php/home/index/commen/class/%E6%96%B0%E9%97%BB%E4%B8%AD%E5%BF%83/p/3.html
INFO: [ app_init ] --START--
INFO: Run Behavior\BuildLiteBehavior [ RunTime:0.000032s ]
INFO: [ app_init ] --END-- [ RunTime:0.000765s ]

[ 2016-05-08T00:11:03+08:00 ] ::1 /hzaumba/index.php/home/index/commen/class/%E6%96%B0%E9%97%BB%E4%B8%AD%E5%BF%83/p/3.html
INFO: [ app_init ] --START--
INFO: Run Behavior\BuildLiteBehavior [ RunTime:0.000028s ]
INFO: [ app_init ] --END-- [ RunTime:0.000558s ]

[ 2016-05-08T00:11:44+08:00 ] ::1 /hzaumba/index.php/home/index/commen/class/%E6%96%B0%E9%97%BB%E4%B8%AD%E5%BF%83/p/3.html
INFO: [ app_init ] --START--
INFO: Run Behavior\BuildLiteBehavior [ RunTime:0.000050s ]
INFO: [ app_init ] --END-- [ RunTime:0.000744s ]

[ 2016-05-08T00:12:15+08:00 ] ::1 /hzaumba/index.php/Home/Index/index
INFO: [ app_init ] --START--
INFO: Run Behavior\BuildLiteBehavior [ RunTime:0.000028s ]
INFO: [ app_init ] --END-- [ RunTime:0.000811s ]

[ 2016-05-08T00:12:17+08:00 ] ::1 /hzaumba/index.php/Home/Index/commen?class=%E6%96%B0%E9%97%BB%E4%B8%AD%E5%BF%83
INFO: [ app_init ] --START--
INFO: Run Behavior\BuildLiteBehavior [ RunTime:0.000029s ]
INFO: [ app_init ] --END-- [ RunTime:0.000931s ]

[ 2016-05-08T00:12:18+08:00 ] ::1 /hzaumba/index.php/home/index/commen/class/%E6%96%B0%E9%97%BB%E4%B8%AD%E5%BF%83/p/7.html
INFO: [ app_init ] --START--
INFO: Run Behavior\BuildLiteBehavior [ RunTime:0.000028s ]
INFO: [ app_init ] --END-- [ RunTime:0.000623s ]

[ 2016-05-08T00:12:21+08:00 ] ::1 /hzaumba/index.php/home/index/commen/class/%E6%96%B0%E9%97%BB%E4%B8%AD%E5%BF%83/p/4.html
INFO: [ app_init ] --START--
INFO: Run Behavior\BuildLiteBehavior [ RunTime:0.000049s ]
INFO: [ app_init ] --END-- [ RunTime:0.000841s ]

[ 2016-05-08T00:12:48+08:00 ] ::1 /hzaumba/index.php/home/index/commen/class/%E6%96%B0%E9%97%BB%E4%B8%AD%E5%BF%83/p/4.html
INFO: [ app_init ] --START--
INFO: Run Behavior\BuildLiteBehavior [ RunTime:0.000046s ]
INFO: [ app_init ] --END-- [ RunTime:0.000626s ]

[ 2016-05-08T00:12:50+08:00 ] ::1 /hzaumba/index.php/home/index/commen/class/%E6%96%B0%E9%97%BB%E4%B8%AD%E5%BF%83/p/4.html
INFO: [ app_init ] --START--
INFO: Run Behavior\BuildLiteBehavior [ RunTime:0.000033s ]
INFO: [ app_init ] --END-- [ RunTime:0.000709s ]

[ 2016-05-08T00:12:50+08:00 ] ::1 /hzaumba/index.php/home/index/commen/class/%E6%96%B0%E9%97%BB%E4%B8%AD%E5%BF%83/p/4.html
INFO: [ app_init ] --START--
INFO: Run Behavior\BuildLiteBehavior [ RunTime:0.000098s ]
INFO: [ app_init ] --END-- [ RunTime:0.001267s ]

[ 2016-05-08T00:12:51+08:00 ] ::1 /hzaumba/index.php/home/index/commen/class/%E6%96%B0%E9%97%BB%E4%B8%AD%E5%BF%83/p/4.html
INFO: [ app_init ] --START--
INFO: Run Behavior\BuildLiteBehavior [ RunTime:0.000034s ]
INFO: [ app_init ] --END-- [ RunTime:0.001058s ]

[ 2016-05-08T00:12:51+08:00 ] ::1 /hzaumba/index.php/home/index/commen/class/%E6%96%B0%E9%97%BB%E4%B8%AD%E5%BF%83/p/4.html
INFO: [ app_init ] --START--
INFO: Run Behavior\BuildLiteBehavior [ RunTime:0.000028s ]
INFO: [ app_init ] --END-- [ RunTime:0.000879s ]

[ 2016-05-08T00:13:02+08:00 ] ::1 /hzaumba/index.php/home/index/commen/class/%E6%96%B0%E9%97%BB%E4%B8%AD%E5%BF%83/p/4.html
INFO: [ app_init ] --START--
INFO: Run Behavior\BuildLiteBehavior [ RunTime:0.000025s ]
INFO: [ app_init ] --END-- [ RunTime:0.000901s ]

[ 2016-05-08T00:13:04+08:00 ] ::1 /hzaumba/index.php/home/index/commen/class/%E6%96%B0%E9%97%BB%E4%B8%AD%E5%BF%83/p/4.html
INFO: [ app_init ] --START--
INFO: Run Behavior\BuildLiteBehavior [ RunTime:0.000036s ]
INFO: [ app_init ] --END-- [ RunTime:0.000827s ]

[ 2016-05-08T00:13:04+08:00 ] ::1 /hzaumba/index.php/home/index/commen/class/%E6%96%B0%E9%97%BB%E4%B8%AD%E5%BF%83/p/4.html
INFO: [ app_init ] --START--
INFO: Run Behavior\BuildLiteBehavior [ RunTime:0.000027s ]
INFO: [ app_init ] --END-- [ RunTime:0.001037s ]

[ 2016-05-08T00:13:05+08:00 ] ::1 /hzaumba/index.php/home/index/commen/class/%E6%96%B0%E9%97%BB%E4%B8%AD%E5%BF%83/p/4.html
INFO: [ app_init ] --START--
INFO: Run Behavior\BuildLiteBehavior [ RunTime:0.000028s ]
INFO: [ app_init ] --END-- [ RunTime:0.000656s ]

[ 2016-05-08T00:13:05+08:00 ] ::1 /hzaumba/index.php/home/index/commen/class/%E6%96%B0%E9%97%BB%E4%B8%AD%E5%BF%83/p/4.html
INFO: [ app_init ] --START--
INFO: Run Behavior\BuildLiteBehavior [ RunTime:0.000034s ]
INFO: [ app_init ] --END-- [ RunTime:0.000859s ]

[ 2016-05-08T00:13:05+08:00 ] ::1 /hzaumba/index.php/home/index/commen/class/%E6%96%B0%E9%97%BB%E4%B8%AD%E5%BF%83/p/4.html
INFO: [ app_init ] --START--
INFO: Run Behavior\BuildLiteBehavior [ RunTime:0.000054s ]
INFO: [ app_init ] --END-- [ RunTime:0.000740s ]

[ 2016-05-08T00:13:05+08:00 ] ::1 /hzaumba/index.php/home/index/commen/class/%E6%96%B0%E9%97%BB%E4%B8%AD%E5%BF%83/p/4.html
INFO: [ app_init ] --START--
INFO: Run Behavior\BuildLiteBehavior [ RunTime:0.000030s ]
INFO: [ app_init ] --END-- [ RunTime:0.000904s ]

[ 2016-05-08T00:13:05+08:00 ] ::1 /hzaumba/index.php/home/index/commen/class/%E6%96%B0%E9%97%BB%E4%B8%AD%E5%BF%83/p/4.html
INFO: [ app_init ] --START--
INFO: Run Behavior\BuildLiteBehavior [ RunTime:0.000046s ]
INFO: [ app_init ] --END-- [ RunTime:0.000875s ]

[ 2016-05-08T00:13:08+08:00 ] ::1 /hzaumba/index.php/home/index/commen/class/%E6%96%B0%E9%97%BB%E4%B8%AD%E5%BF%83/p/4.html
INFO: [ app_init ] --START--
INFO: Run Behavior\BuildLiteBehavior [ RunTime:0.000027s ]
INFO: [ app_init ] --END-- [ RunTime:0.000634s ]

[ 2016-05-08T00:13:11+08:00 ] ::1 /hzaumba/index.php/home/index/commen/class/%E6%96%B0%E9%97%BB%E4%B8%AD%E5%BF%83/p/4.html
INFO: [ app_init ] --START--
INFO: Run Behavior\BuildLiteBehavior [ RunTime:0.000027s ]
INFO: [ app_init ] --END-- [ RunTime:0.000626s ]

[ 2016-05-08T00:13:36+08:00 ] ::1 /hzaumba/index.php/home/index/commen/class/%E6%96%B0%E9%97%BB%E4%B8%AD%E5%BF%83/p/4.html
INFO: [ app_init ] --START--
INFO: Run Behavior\BuildLiteBehavior [ RunTime:0.000027s ]
INFO: [ app_init ] --END-- [ RunTime:0.000593s ]

[ 2016-05-08T00:13:47+08:00 ] ::1 /hzaumba/index.php/home/index/commen/class/%E6%96%B0%E9%97%BB%E4%B8%AD%E5%BF%83/p/4.html
INFO: [ app_init ] --START--
INFO: Run Behavior\BuildLiteBehavior [ RunTime:0.000029s ]
INFO: [ app_init ] --END-- [ RunTime:0.000846s ]

[ 2016-05-08T00:13:48+08:00 ] ::1 /hzaumba/index.php/home/index/commen/class/%E6%96%B0%E9%97%BB%E4%B8%AD%E5%BF%83/p/4.html
INFO: [ app_init ] --START--
INFO: Run Behavior\BuildLiteBehavior [ RunTime:0.000027s ]
INFO: [ app_init ] --END-- [ RunTime:0.000600s ]

[ 2016-05-08T00:13:49+08:00 ] ::1 /hzaumba/index.php/home/index/commen/class/%E6%96%B0%E9%97%BB%E4%B8%AD%E5%BF%83/p/4.html
INFO: [ app_init ] --START--
INFO: Run Behavior\BuildLiteBehavior [ RunTime:0.000149s ]
INFO: [ app_init ] --END-- [ RunTime:0.002038s ]

[ 2016-05-08T00:13:49+08:00 ] ::1 /hzaumba/index.php/home/index/commen/class/%E6%96%B0%E9%97%BB%E4%B8%AD%E5%BF%83/p/4.html
INFO: [ app_init ] --START--
INFO: Run Behavior\BuildLiteBehavior [ RunTime:0.000035s ]
INFO: [ app_init ] --END-- [ RunTime:0.000606s ]

[ 2016-05-08T00:13:49+08:00 ] ::1 /hzaumba/index.php/home/index/commen/class/%E6%96%B0%E9%97%BB%E4%B8%AD%E5%BF%83/p/4.html
INFO: [ app_init ] --START--
INFO: Run Behavior\BuildLiteBehavior [ RunTime:0.000028s ]
INFO: [ app_init ] --END-- [ RunTime:0.000783s ]

[ 2016-05-08T00:13:49+08:00 ] ::1 /hzaumba/index.php/home/index/commen/class/%E6%96%B0%E9%97%BB%E4%B8%AD%E5%BF%83/p/4.html
INFO: [ app_init ] --START--
INFO: Run Behavior\BuildLiteBehavior [ RunTime:0.000050s ]
INFO: [ app_init ] --END-- [ RunTime:0.000807s ]

[ 2016-05-08T00:14:47+08:00 ] ::1 /hzaumba/index.php/home/index/commen/class/%E6%96%B0%E9%97%BB%E4%B8%AD%E5%BF%83/p/2.html
INFO: [ app_init ] --START--
INFO: Run Behavior\BuildLiteBehavior [ RunTime:0.000030s ]
INFO: [ app_init ] --END-- [ RunTime:0.000812s ]

[ 2016-05-08T00:14:48+08:00 ] ::1 /hzaumba/index.php/home/index/commen/class/%E6%96%B0%E9%97%BB%E4%B8%AD%E5%BF%83/p/1.html
INFO: [ app_init ] --START--
INFO: Run Behavior\BuildLiteBehavior [ RunTime:0.000028s ]
INFO: [ app_init ] --END-- [ RunTime:0.000757s ]

[ 2016-05-08T00:14:51+08:00 ] ::1 /hzaumba/index.php/home/index/commen/class/%E6%96%B0%E9%97%BB%E4%B8%AD%E5%BF%83/p/2.html
INFO: [ app_init ] --START--
INFO: Run Behavior\BuildLiteBehavior [ RunTime:0.000039s ]
INFO: [ app_init ] --END-- [ RunTime:0.000836s ]

[ 2016-05-08T00:14:55+08:00 ] ::1 /hzaumba/index.php/home/index/commen/class/%E6%96%B0%E9%97%BB%E4%B8%AD%E5%BF%83/p/3.html
INFO: [ app_init ] --START--
INFO: Run Behavior\BuildLiteBehavior [ RunTime:0.000026s ]
INFO: [ app_init ] --END-- [ RunTime:0.000687s ]

[ 2016-05-08T00:14:56+08:00 ] ::1 /hzaumba/index.php/home/index/commen/class/%E6%96%B0%E9%97%BB%E4%B8%AD%E5%BF%83/p/4.html
INFO: [ app_init ] --START--
INFO: Run Behavior\BuildLiteBehavior [ RunTime:0.000030s ]
INFO: [ app_init ] --END-- [ RunTime:0.000635s ]

[ 2016-05-08T00:14:59+08:00 ] ::1 /hzaumba/index.php/home/index/commen/class/%E6%96%B0%E9%97%BB%E4%B8%AD%E5%BF%83/p/1.html
INFO: [ app_init ] --START--
INFO: Run Behavior\BuildLiteBehavior [ RunTime:0.000031s ]
INFO: [ app_init ] --END-- [ RunTime:0.000683s ]

[ 2016-05-08T00:15:41+08:00 ] ::1 /hzaumba/index.php/home/index/commen/class/%E6%96%B0%E9%97%BB%E4%B8%AD%E5%BF%83/p/1.html
INFO: [ app_init ] --START--
INFO: Run Behavior\BuildLiteBehavior [ RunTime:0.000034s ]
INFO: [ app_init ] --END-- [ RunTime:0.000890s ]

[ 2016-05-08T00:15:43+08:00 ] ::1 /hzaumba/index.php/home/index/commen/class/%E6%96%B0%E9%97%BB%E4%B8%AD%E5%BF%83/p/4.html
INFO: [ app_init ] --START--
INFO: Run Behavior\BuildLiteBehavior [ RunTime:0.000030s ]
INFO: [ app_init ] --END-- [ RunTime:0.001008s ]

[ 2016-05-08T00:15:44+08:00 ] ::1 /hzaumba/index.php/home/index/commen/class/%E6%96%B0%E9%97%BB%E4%B8%AD%E5%BF%83/p/6.html
INFO: [ app_init ] --START--
INFO: Run Behavior\BuildLiteBehavior [ RunTime:0.000027s ]
INFO: [ app_init ] --END-- [ RunTime:0.000715s ]

[ 2016-05-08T00:15:46+08:00 ] ::1 /hzaumba/index.php/home/index/commen/class/%E6%96%B0%E9%97%BB%E4%B8%AD%E5%BF%83/p/7.html
INFO: [ app_init ] --START--
INFO: Run Behavior\BuildLiteBehavior [ RunTime:0.000046s ]
INFO: [ app_init ] --END-- [ RunTime:0.000901s ]

[ 2016-05-08T00:16:29+08:00 ] ::1 /hzaumba/index.php/home/index/commen/class/%E6%96%B0%E9%97%BB%E4%B8%AD%E5%BF%83/p/7.html
INFO: [ app_init ] --START--
INFO: Run Behavior\BuildLiteBehavior [ RunTime:0.000028s ]
INFO: [ app_init ] --END-- [ RunTime:0.000927s ]

[ 2016-05-08T00:16:31+08:00 ] ::1 /hzaumba/index.php/home/index/commen/class/%E6%96%B0%E9%97%BB%E4%B8%AD%E5%BF%83/p/9.html
INFO: [ app_init ] --START--
INFO: Run Behavior\BuildLiteBehavior [ RunTime:0.000028s ]
INFO: [ app_init ] --END-- [ RunTime:0.000638s ]

[ 2016-05-08T00:16:33+08:00 ] ::1 /hzaumba/index.php/home/index/commen/class/%E6%96%B0%E9%97%BB%E4%B8%AD%E5%BF%83/p/8.html
INFO: [ app_init ] --START--
INFO: Run Behavior\BuildLiteBehavior [ RunTime:0.000027s ]
INFO: [ app_init ] --END-- [ RunTime:0.000822s ]

[ 2016-05-08T00:16:55+08:00 ] ::1 /hzaumba/index.php/home/index/commen/class/%E6%96%B0%E9%97%BB%E4%B8%AD%E5%BF%83/p/8.html
INFO: [ app_init ] --START--
INFO: Run Behavior\BuildLiteBehavior [ RunTime:0.000026s ]
INFO: [ app_init ] --END-- [ RunTime:0.001018s ]

[ 2016-05-08T00:17:02+08:00 ] ::1 /hzaumba/index.php/home/index/commen/class/%E6%96%B0%E9%97%BB%E4%B8%AD%E5%BF%83/p/8.html
INFO: [ app_init ] --START--
INFO: Run Behavior\BuildLiteBehavior [ RunTime:0.000046s ]
INFO: [ app_init ] --END-- [ RunTime:0.001170s ]

[ 2016-05-08T00:17:37+08:00 ] ::1 /hzaumba/index.php/home/index/commen/class/%E6%96%B0%E9%97%BB%E4%B8%AD%E5%BF%83/p/8.html
INFO: [ app_init ] --START--
INFO: Run Behavior\BuildLiteBehavior [ RunTime:0.000030s ]
INFO: [ app_init ] --END-- [ RunTime:0.000876s ]

[ 2016-05-08T00:18:41+08:00 ] ::1 /hzaumba/index.php/home/index/commen/class/%E6%96%B0%E9%97%BB%E4%B8%AD%E5%BF%83/p/8.html
INFO: [ app_init ] --START--
INFO: Run Behavior\BuildLiteBehavior [ RunTime:0.000026s ]
INFO: [ app_init ] --END-- [ RunTime:0.000630s ]

[ 2016-05-08T00:18:42+08:00 ] ::1 /hzaumba/index.php/home/index/commen/class/%E6%96%B0%E9%97%BB%E4%B8%AD%E5%BF%83/p/8.html
INFO: [ app_init ] --START--
INFO: Run Behavior\BuildLiteBehavior [ RunTime:0.000039s ]
INFO: [ app_init ] --END-- [ RunTime:0.000842s ]

[ 2016-05-08T00:19:06+08:00 ] ::1 /hzaumba/index.php/home/index/commen/class/%E6%96%B0%E9%97%BB%E4%B8%AD%E5%BF%83/p/8.html
INFO: [ app_init ] --START--
INFO: Run Behavior\BuildLiteBehavior [ RunTime:0.000027s ]
INFO: [ app_init ] --END-- [ RunTime:0.000562s ]

[ 2016-05-08T00:20:36+08:00 ] ::1 /hzaumba/index.php/home/index/commen/class/%E6%96%B0%E9%97%BB%E4%B8%AD%E5%BF%83/p/8.html
INFO: [ app_init ] --START--
INFO: Run Behavior\BuildLiteBehavior [ RunTime:0.000027s ]
INFO: [ app_init ] --END-- [ RunTime:0.000567s ]

[ 2016-05-08T00:21:14+08:00 ] ::1 /hzaumba/index.php/home/index/commen/class/%E6%96%B0%E9%97%BB%E4%B8%AD%E5%BF%83/p/8.html
INFO: [ app_init ] --START--
INFO: Run Behavior\BuildLiteBehavior [ RunTime:0.000043s ]
INFO: [ app_init ] --END-- [ RunTime:0.001190s ]

[ 2016-05-08T00:21:53+08:00 ] ::1 /hzaumba/index.php/home/index/commen/class/%E6%96%B0%E9%97%BB%E4%B8%AD%E5%BF%83/p/6.html
INFO: [ app_init ] --START--
INFO: Run Behavior\BuildLiteBehavior [ RunTime:0.000040s ]
INFO: [ app_init ] --END-- [ RunTime:0.000789s ]

[ 2016-05-08T00:21:54+08:00 ] ::1 /hzaumba/index.php/home/index/commen/class/%E6%96%B0%E9%97%BB%E4%B8%AD%E5%BF%83/p/5.html
INFO: [ app_init ] --START--
INFO: Run Behavior\BuildLiteBehavior [ RunTime:0.000031s ]
INFO: [ app_init ] --END-- [ RunTime:0.000732s ]

[ 2016-05-08T00:21:55+08:00 ] ::1 /hzaumba/index.php/home/index/commen/class/%E6%96%B0%E9%97%BB%E4%B8%AD%E5%BF%83/p/3.html
INFO: [ app_init ] --START--
INFO: Run Behavior\BuildLiteBehavior [ RunTime:0.000030s ]
INFO: [ app_init ] --END-- [ RunTime:0.000591s ]

[ 2016-05-08T00:21:56+08:00 ] ::1 /hzaumba/index.php/home/index/commen/class/%E6%96%B0%E9%97%BB%E4%B8%AD%E5%BF%83/p/1.html
INFO: [ app_init ] --START--
INFO: Run Behavior\BuildLiteBehavior [ RunTime:0.000028s ]
INFO: [ app_init ] --END-- [ RunTime:0.000922s ]

[ 2016-05-08T00:22:00+08:00 ] ::1 /hzaumba/index.php/home/index/commen/class/%E6%96%B0%E9%97%BB%E4%B8%AD%E5%BF%83/p/5.html
INFO: [ app_init ] --START--
INFO: Run Behavior\BuildLiteBehavior [ RunTime:0.000028s ]
INFO: [ app_init ] --END-- [ RunTime:0.000754s ]

[ 2016-05-08T00:22:01+08:00 ] ::1 /hzaumba/index.php/home/index/commen/class/%E6%96%B0%E9%97%BB%E4%B8%AD%E5%BF%83/p/7.html
INFO: [ app_init ] --START--
INFO: Run Behavior\BuildLiteBehavior [ RunTime:0.000027s ]
INFO: [ app_init ] --END-- [ RunTime:0.001533s ]

[ 2016-05-08T00:22:02+08:00 ] ::1 /hzaumba/index.php/home/index/commen/class/%E6%96%B0%E9%97%BB%E4%B8%AD%E5%BF%83/p/9.html
INFO: [ app_init ] --START--
INFO: Run Behavior\BuildLiteBehavior [ RunTime:0.000026s ]
INFO: [ app_init ] --END-- [ RunTime:0.000649s ]

[ 2016-05-08T00:22:03+08:00 ] ::1 /hzaumba/index.php/home/index/commen/class/%E6%96%B0%E9%97%BB%E4%B8%AD%E5%BF%83/p/11.html
INFO: [ app_init ] --START--
INFO: Run Behavior\BuildLiteBehavior [ RunTime:0.000037s ]
INFO: [ app_init ] --END-- [ RunTime:0.000530s ]

[ 2016-05-08T00:22:06+08:00 ] ::1 /hzaumba/index.php/home/index/commen/class/%E6%96%B0%E9%97%BB%E4%B8%AD%E5%BF%83/p/10.html
INFO: [ app_init ] --START--
INFO: Run Behavior\BuildLiteBehavior [ RunTime:0.000031s ]
INFO: [ app_init ] --END-- [ RunTime:0.000699s ]

[ 2016-05-08T00:22:43+08:00 ] ::1 /hzaumba/index.php/home/index/commen/class/%E6%96%B0%E9%97%BB%E4%B8%AD%E5%BF%83/p/10.html
INFO: [ app_init ] --START--
INFO: Run Behavior\BuildLiteBehavior [ RunTime:0.000029s ]
INFO: [ app_init ] --END-- [ RunTime:0.000709s ]

[ 2016-05-08T00:22:54+08:00 ] ::1 /hzaumba/index.php/home/index/commen/class/%E6%96%B0%E9%97%BB%E4%B8%AD%E5%BF%83/p/8.html
INFO: [ app_init ] --START--
INFO: Run Behavior\BuildLiteBehavior [ RunTime:0.000028s ]
INFO: [ app_init ] --END-- [ RunTime:0.000713s ]

[ 2016-05-08T00:23:18+08:00 ] ::1 /hzaumba/index.php/home/index/commen/class/%E6%96%B0%E9%97%BB%E4%B8%AD%E5%BF%83/p/8.html
INFO: [ app_init ] --START--
INFO: Run Behavior\BuildLiteBehavior [ RunTime:0.000027s ]
INFO: [ app_init ] --END-- [ RunTime:0.000565s ]

[ 2016-05-08T00:23:25+08:00 ] ::1 /hzaumba/index.php/home/index/commen/class/%E6%96%B0%E9%97%BB%E4%B8%AD%E5%BF%83/p/8.html
INFO: [ app_init ] --START--
INFO: Run Behavior\BuildLiteBehavior [ RunTime:0.000034s ]
INFO: [ app_init ] --END-- [ RunTime:0.000713s ]

[ 2016-05-08T00:23:27+08:00 ] ::1 /hzaumba/index.php/home/index/commen/class/%E6%96%B0%E9%97%BB%E4%B8%AD%E5%BF%83/p/8.html
INFO: [ app_init ] --START--
INFO: Run Behavior\BuildLiteBehavior [ RunTime:0.000032s ]
INFO: [ app_init ] --END-- [ RunTime:0.000672s ]

[ 2016-05-08T00:23:30+08:00 ] ::1 /hzaumba/index.php/home/index/commen/class/%E6%96%B0%E9%97%BB%E4%B8%AD%E5%BF%83/p/8.html
INFO: [ app_init ] --START--
INFO: Run Behavior\BuildLiteBehavior [ RunTime:0.000043s ]
INFO: [ app_init ] --END-- [ RunTime:0.000978s ]

[ 2016-05-08T00:23:30+08:00 ] ::1 /hzaumba/index.php/home/index/commen/class/%E6%96%B0%E9%97%BB%E4%B8%AD%E5%BF%83/p/8.html
INFO: [ app_init ] --START--
INFO: Run Behavior\BuildLiteBehavior [ RunTime:0.000029s ]
INFO: [ app_init ] --END-- [ RunTime:0.000620s ]

[ 2016-05-08T00:23:30+08:00 ] ::1 /hzaumba/index.php/home/index/commen/class/%E6%96%B0%E9%97%BB%E4%B8%AD%E5%BF%83/p/8.html
INFO: [ app_init ] --START--
INFO: Run Behavior\BuildLiteBehavior [ RunTime:0.000031s ]
INFO: [ app_init ] --END-- [ RunTime:0.000880s ]

[ 2016-05-08T00:23:57+08:00 ] ::1 /hzaumba/index.php/home/index/commen/class/%E6%96%B0%E9%97%BB%E4%B8%AD%E5%BF%83/p/8.html
INFO: [ app_init ] --START--
INFO: Run Behavior\BuildLiteBehavior [ RunTime:0.000031s ]
INFO: [ app_init ] --END-- [ RunTime:0.000741s ]

[ 2016-05-08T00:24:18+08:00 ] ::1 /hzaumba/index.php/home/index/commen/class/%E6%96%B0%E9%97%BB%E4%B8%AD%E5%BF%83/p/8.html
INFO: [ app_init ] --START--
INFO: Run Behavior\BuildLiteBehavior [ RunTime:0.000028s ]
INFO: [ app_init ] --END-- [ RunTime:0.000603s ]

[ 2016-05-08T00:24:22+08:00 ] ::1 /hzaumba/index.php/home/index/commen/class/%E6%96%B0%E9%97%BB%E4%B8%AD%E5%BF%83/p/8.html
INFO: [ app_init ] --START--
INFO: Run Behavior\BuildLiteBehavior [ RunTime:0.000040s ]
INFO: [ app_init ] --END-- [ RunTime:0.000894s ]

[ 2016-05-08T00:24:39+08:00 ] ::1 /hzaumba/index.php/home/index/commen/class/%E6%96%B0%E9%97%BB%E4%B8%AD%E5%BF%83/p/8.html
INFO: [ app_init ] --START--
INFO: Run Behavior\BuildLiteBehavior [ RunTime:0.000045s ]
INFO: [ app_init ] --END-- [ RunTime:0.001177s ]

[ 2016-05-08T00:24:41+08:00 ] ::1 /hzaumba/index.php/home/index/commen/class/%E6%96%B0%E9%97%BB%E4%B8%AD%E5%BF%83/p/8.html
INFO: [ app_init ] --START--
INFO: Run Behavior\BuildLiteBehavior [ RunTime:0.000028s ]
INFO: [ app_init ] --END-- [ RunTime:0.000538s ]

[ 2016-05-08T00:24:42+08:00 ] ::1 /hzaumba/index.php/home/index/commen/class/%E6%96%B0%E9%97%BB%E4%B8%AD%E5%BF%83/p/8.html
INFO: [ app_init ] --START--
INFO: Run Behavior\BuildLiteBehavior [ RunTime:0.000039s ]
INFO: [ app_init ] --END-- [ RunTime:0.001175s ]

[ 2016-05-08T00:24:42+08:00 ] ::1 /hzaumba/index.php/home/index/commen/class/%E6%96%B0%E9%97%BB%E4%B8%AD%E5%BF%83/p/8.html
INFO: [ app_init ] --START--
INFO: Run Behavior\BuildLiteBehavior [ RunTime:0.000030s ]
INFO: [ app_init ] --END-- [ RunTime:0.000724s ]

[ 2016-05-08T00:24:42+08:00 ] ::1 /hzaumba/index.php/home/index/commen/class/%E6%96%B0%E9%97%BB%E4%B8%AD%E5%BF%83/p/8.html
INFO: [ app_init ] --START--
INFO: Run Behavior\BuildLiteBehavior [ RunTime:0.000028s ]
INFO: [ app_init ] --END-- [ RunTime:0.000681s ]

[ 2016-05-08T00:24:49+08:00 ] ::1 /hzaumba/index.php/home/index/commen/class/%E6%96%B0%E9%97%BB%E4%B8%AD%E5%BF%83/p/8.html
INFO: [ app_init ] --START--
INFO: Run Behavior\BuildLiteBehavior [ RunTime:0.000027s ]
INFO: [ app_init ] --END-- [ RunTime:0.000632s ]

[ 2016-05-08T00:24:55+08:00 ] ::1 /hzaumba/index.php/home/index/commen/class/%E6%96%B0%E9%97%BB%E4%B8%AD%E5%BF%83/p/8.html
INFO: [ app_init ] --START--
INFO: Run Behavior\BuildLiteBehavior [ RunTime:0.000029s ]
INFO: [ app_init ] --END-- [ RunTime:0.000711s ]

[ 2016-05-08T00:25:04+08:00 ] ::1 /hzaumba/index.php/home/index/commen/class/%E6%96%B0%E9%97%BB%E4%B8%AD%E5%BF%83/p/8.html
INFO: [ app_init ] --START--
INFO: Run Behavior\BuildLiteBehavior [ RunTime:0.000031s ]
INFO: [ app_init ] --END-- [ RunTime:0.000683s ]

[ 2016-05-08T00:25:14+08:00 ] ::1 /hzaumba/index.php/home/index/commen/class/%E6%96%B0%E9%97%BB%E4%B8%AD%E5%BF%83/p/8.html
INFO: [ app_init ] --START--
INFO: Run Behavior\BuildLiteBehavior [ RunTime:0.000038s ]
INFO: [ app_init ] --END-- [ RunTime:0.000677s ]

[ 2016-05-08T00:25:25+08:00 ] ::1 /hzaumba/index.php/home/index/commen/class/%E6%96%B0%E9%97%BB%E4%B8%AD%E5%BF%83/p/8.html
INFO: [ app_init ] --START--
INFO: Run Behavior\BuildLiteBehavior [ RunTime:0.000029s ]
INFO: [ app_init ] --END-- [ RunTime:0.000659s ]

[ 2016-05-08T00:25:28+08:00 ] ::1 /hzaumba/index.php/home/index/commen/class/%E6%96%B0%E9%97%BB%E4%B8%AD%E5%BF%83/p/8.html
INFO: [ app_init ] --START--
INFO: Run Behavior\BuildLiteBehavior [ RunTime:0.000047s ]
INFO: [ app_init ] --END-- [ RunTime:0.001011s ]

[ 2016-05-08T00:25:32+08:00 ] ::1 /hzaumba/index.php/home/index/commen/class/%E6%96%B0%E9%97%BB%E4%B8%AD%E5%BF%83/p/6.html
INFO: [ app_init ] --START--
INFO: Run Behavior\BuildLiteBehavior [ RunTime:0.000026s ]
INFO: [ app_init ] --END-- [ RunTime:0.000628s ]

[ 2016-05-08T00:25:33+08:00 ] ::1 /hzaumba/index.php/home/index/commen/class/%E6%96%B0%E9%97%BB%E4%B8%AD%E5%BF%83/p/4.html
INFO: [ app_init ] --START--
INFO: Run Behavior\BuildLiteBehavior [ RunTime:0.000027s ]
INFO: [ app_init ] --END-- [ RunTime:0.000722s ]

[ 2016-05-08T00:25:35+08:00 ] ::1 /hzaumba/index.php/home/index/commen/class/%E6%96%B0%E9%97%BB%E4%B8%AD%E5%BF%83/p/2.html
INFO: [ app_init ] --START--
INFO: Run Behavior\BuildLiteBehavior [ RunTime:0.000026s ]
INFO: [ app_init ] --END-- [ RunTime:0.000709s ]

[ 2016-05-08T00:25:36+08:00 ] ::1 /hzaumba/index.php/home/index/commen/class/%E6%96%B0%E9%97%BB%E4%B8%AD%E5%BF%83/p/1.html
INFO: [ app_init ] --START--
INFO: Run Behavior\BuildLiteBehavior [ RunTime:0.000027s ]
INFO: [ app_init ] --END-- [ RunTime:0.001007s ]

[ 2016-05-08T00:28:03+08:00 ] ::1 /hzaumba/index.php/home/index/commen/class/%E6%96%B0%E9%97%BB%E4%B8%AD%E5%BF%83/p/1.html
INFO: [ app_init ] --START--
INFO: Run Behavior\BuildLiteBehavior [ RunTime:0.000026s ]
INFO: [ app_init ] --END-- [ RunTime:0.000817s ]

[ 2016-05-08T00:28:32+08:00 ] ::1 /hzaumba/index.php/home/index/commen/class/%E6%96%B0%E9%97%BB%E4%B8%AD%E5%BF%83/p/1.html
INFO: [ app_init ] --START--
INFO: Run Behavior\BuildLiteBehavior [ RunTime:0.000026s ]
INFO: [ app_init ] --END-- [ RunTime:0.000617s ]

[ 2016-05-08T00:28:45+08:00 ] ::1 /hzaumba/index.php/home/index/commen/class/%E6%96%B0%E9%97%BB%E4%B8%AD%E5%BF%83/p/1.html
INFO: [ app_init ] --START--
INFO: Run Behavior\BuildLiteBehavior [ RunTime:0.000043s ]
INFO: [ app_init ] --END-- [ RunTime:0.000765s ]

[ 2016-05-08T00:29:50+08:00 ] ::1 /hzaumba/index.php/home/index/commen/class/%E6%96%B0%E9%97%BB%E4%B8%AD%E5%BF%83/p/1.html
INFO: [ app_init ] --START--
INFO: Run Behavior\BuildLiteBehavior [ RunTime:0.000028s ]
INFO: [ app_init ] --END-- [ RunTime:0.000754s ]

[ 2016-05-08T00:29:54+08:00 ] ::1 /hzaumba/index.php/home/index/commen/class/%E6%96%B0%E9%97%BB%E4%B8%AD%E5%BF%83/p/1.html
INFO: [ app_init ] --START--
INFO: Run Behavior\BuildLiteBehavior [ RunTime:0.000034s ]
INFO: [ app_init ] --END-- [ RunTime:0.000733s ]

[ 2016-05-08T00:31:47+08:00 ] ::1 /hzaumba/index.php/home/index/commen/class/%E6%96%B0%E9%97%BB%E4%B8%AD%E5%BF%83/p/1.html
INFO: [ app_init ] --START--
INFO: Run Behavior\BuildLiteBehavior [ RunTime:0.000034s ]
INFO: [ app_init ] --END-- [ RunTime:0.000874s ]

[ 2016-05-08T00:31:52+08:00 ] ::1 /hzaumba/index.php/home/index/commen/class/%E6%96%B0%E9%97%BB%E4%B8%AD%E5%BF%83/p/1.html
INFO: [ app_init ] --START--
INFO: Run Behavior\BuildLiteBehavior [ RunTime:0.000026s ]
INFO: [ app_init ] --END-- [ RunTime:0.000579s ]

[ 2016-05-08T00:32:40+08:00 ] ::1 /hzaumba/index.php/home/index/commen/class/%E6%96%B0%E9%97%BB%E4%B8%AD%E5%BF%83/p/1.html
INFO: [ app_init ] --START--
INFO: Run Behavior\BuildLiteBehavior [ RunTime:0.000350s ]
INFO: [ app_init ] --END-- [ RunTime:0.002229s ]

[ 2016-05-08T00:33:04+08:00 ] ::1 /hzaumba/index.php/home/index/commen/class/%E6%96%B0%E9%97%BB%E4%B8%AD%E5%BF%83/p/1.html
INFO: [ app_init ] --START--
INFO: Run Behavior\BuildLiteBehavior [ RunTime:0.000044s ]
INFO: [ app_init ] --END-- [ RunTime:0.001088s ]

[ 2016-05-08T00:33:11+08:00 ] ::1 /hzaumba/index.php/home/index/commen/class/%E6%96%B0%E9%97%BB%E4%B8%AD%E5%BF%83/p/1.html
INFO: [ app_init ] --START--
INFO: Run Behavior\BuildLiteBehavior [ RunTime:0.000046s ]
INFO: [ app_init ] --END-- [ RunTime:0.001230s ]

[ 2016-05-08T00:33:18+08:00 ] ::1 /hzaumba/index.php/home/index/commen/class/%E6%96%B0%E9%97%BB%E4%B8%AD%E5%BF%83/p/2.html
INFO: [ app_init ] --START--
INFO: Run Behavior\BuildLiteBehavior [ RunTime:0.000033s ]
INFO: [ app_init ] --END-- [ RunTime:0.000869s ]

[ 2016-05-08T00:33:20+08:00 ] ::1 /hzaumba/index.php/home/index/commen/class/%E6%96%B0%E9%97%BB%E4%B8%AD%E5%BF%83/p/3.html
INFO: [ app_init ] --START--
INFO: Run Behavior\BuildLiteBehavior [ RunTime:0.000026s ]
INFO: [ app_init ] --END-- [ RunTime:0.000587s ]

[ 2016-05-08T00:33:21+08:00 ] ::1 /hzaumba/index.php/home/index/commen/class/%E6%96%B0%E9%97%BB%E4%B8%AD%E5%BF%83/p/5.html
INFO: [ app_init ] --START--
INFO: Run Behavior\BuildLiteBehavior [ RunTime:0.000031s ]
INFO: [ app_init ] --END-- [ RunTime:0.000629s ]

[ 2016-05-08T00:33:27+08:00 ] ::1 /hzaumba/index.php/home/index/commen/class/%E6%96%B0%E9%97%BB%E4%B8%AD%E5%BF%83/p/7.html
INFO: [ app_init ] --START--
INFO: Run Behavior\BuildLiteBehavior [ RunTime:0.000027s ]
INFO: [ app_init ] --END-- [ RunTime:0.000860s ]

[ 2016-05-08T00:33:28+08:00 ] ::1 /hzaumba/index.php/home/index/commen/class/%E6%96%B0%E9%97%BB%E4%B8%AD%E5%BF%83/p/9.html
INFO: [ app_init ] --START--
INFO: Run Behavior\BuildLiteBehavior [ RunTime:0.000028s ]
INFO: [ app_init ] --END-- [ RunTime:0.000630s ]

[ 2016-05-08T00:33:30+08:00 ] ::1 /hzaumba/index.php/home/index/commen/class/%E6%96%B0%E9%97%BB%E4%B8%AD%E5%BF%83/p/13.html
INFO: [ app_init ] --START--
INFO: Run Behavior\BuildLiteBehavior [ RunTime:0.000030s ]
INFO: [ app_init ] --END-- [ RunTime:0.001282s ]

[ 2016-05-08T00:34:32+08:00 ] ::1 /hzaumba/index.php/home/index/commen/class/%E6%96%B0%E9%97%BB%E4%B8%AD%E5%BF%83/p/13.html
INFO: [ app_init ] --START--
INFO: Run Behavior\BuildLiteBehavior [ RunTime:0.000027s ]
INFO: [ app_init ] --END-- [ RunTime:0.000657s ]

[ 2016-05-08T00:34:34+08:00 ] ::1 /hzaumba/index.php/home/index/commen/class/%E6%96%B0%E9%97%BB%E4%B8%AD%E5%BF%83/p/1.html
INFO: [ app_init ] --START--
INFO: Run Behavior\BuildLiteBehavior [ RunTime:0.000028s ]
INFO: [ app_init ] --END-- [ RunTime:0.000533s ]

[ 2016-05-08T00:34:37+08:00 ] ::1 /hzaumba/index.php/Home/Index/index
INFO: [ app_init ] --START--
INFO: Run Behavior\BuildLiteBehavior [ RunTime:0.000029s ]
INFO: [ app_init ] --END-- [ RunTime:0.000622s ]

[ 2016-05-08T00:34:39+08:00 ] ::1 /hzaumba/index.php/Home/Index/commen?class=%E6%96%B0%E9%97%BB%E4%B8%AD%E5%BF%83
INFO: [ app_init ] --START--
INFO: Run Behavior\BuildLiteBehavior [ RunTime:0.000027s ]
INFO: [ app_init ] --END-- [ RunTime:0.000604s ]

[ 2016-05-08T00:34:43+08:00 ] ::1 /hzaumba/index.php/home/index/commen/class/%E6%96%B0%E9%97%BB%E4%B8%AD%E5%BF%83/p/2.html
INFO: [ app_init ] --START--
INFO: Run Behavior\BuildLiteBehavior [ RunTime:0.000030s ]
INFO: [ app_init ] --END-- [ RunTime:0.000682s ]

[ 2016-05-08T00:35:24+08:00 ] ::1 /hzaumba/index.php/home/index/commen/class/%E6%96%B0%E9%97%BB%E4%B8%AD%E5%BF%83/p/2.html
INFO: [ app_init ] --START--
INFO: Run Behavior\BuildLiteBehavior [ RunTime:0.000026s ]
INFO: [ app_init ] --END-- [ RunTime:0.000644s ]

[ 2016-05-08T00:35:39+08:00 ] ::1 /hzaumba/index.php/home/index/commen/class/%E6%96%B0%E9%97%BB%E4%B8%AD%E5%BF%83/p/2.html
INFO: [ app_init ] --START--
INFO: Run Behavior\BuildLiteBehavior [ RunTime:0.000027s ]
INFO: [ app_init ] --END-- [ RunTime:0.000874s ]

[ 2016-05-08T00:35:54+08:00 ] ::1 /hzaumba/index.php/home/index/commen/class/%E6%96%B0%E9%97%BB%E4%B8%AD%E5%BF%83/p/2.html
INFO: [ app_init ] --START--
INFO: Run Behavior\BuildLiteBehavior [ RunTime:0.000027s ]
INFO: [ app_init ] --END-- [ RunTime:0.000608s ]

[ 2016-05-08T00:36:01+08:00 ] ::1 /hzaumba/index.php/home/index/commen/class/%E6%96%B0%E9%97%BB%E4%B8%AD%E5%BF%83/p/2.html
INFO: [ app_init ] --START--
INFO: Run Behavior\BuildLiteBehavior [ RunTime:0.000035s ]
INFO: [ app_init ] --END-- [ RunTime:0.000928s ]

[ 2016-05-08T00:36:02+08:00 ] ::1 /hzaumba/index.php/home/index/commen/class/%E6%96%B0%E9%97%BB%E4%B8%AD%E5%BF%83/p/2.html
INFO: [ app_init ] --START--
INFO: Run Behavior\BuildLiteBehavior [ RunTime:0.000039s ]
INFO: [ app_init ] --END-- [ RunTime:0.000690s ]

[ 2016-05-08T00:36:03+08:00 ] ::1 /hzaumba/index.php/home/index/commen/class/%E6%96%B0%E9%97%BB%E4%B8%AD%E5%BF%83/p/2.html
INFO: [ app_init ] --START--
INFO: Run Behavior\BuildLiteBehavior [ RunTime:0.000050s ]
INFO: [ app_init ] --END-- [ RunTime:0.001055s ]

[ 2016-05-08T00:36:12+08:00 ] ::1 /hzaumba/index.php/home/index/commen/class/%E6%96%B0%E9%97%BB%E4%B8%AD%E5%BF%83/p/2.html
INFO: [ app_init ] --START--
INFO: Run Behavior\BuildLiteBehavior [ RunTime:0.000026s ]
INFO: [ app_init ] --END-- [ RunTime:0.000528s ]

[ 2016-05-08T00:36:24+08:00 ] ::1 /hzaumba/index.php/home/index/commen/class/%E6%96%B0%E9%97%BB%E4%B8%AD%E5%BF%83/p/2.html
INFO: [ app_init ] --START--
INFO: Run Behavior\BuildLiteBehavior [ RunTime:0.000090s ]
INFO: [ app_init ] --END-- [ RunTime:0.001145s ]

[ 2016-05-08T00:36:38+08:00 ] ::1 /hzaumba/index.php/home/index/commen/class/%E6%96%B0%E9%97%BB%E4%B8%AD%E5%BF%83/p/2.html
INFO: [ app_init ] --START--
INFO: Run Behavior\BuildLiteBehavior [ RunTime:0.000029s ]
INFO: [ app_init ] --END-- [ RunTime:0.000560s ]

[ 2016-05-08T00:36:41+08:00 ] ::1 /hzaumba/index.php/home/index/commen/class/%E6%96%B0%E9%97%BB%E4%B8%AD%E5%BF%83/p/2.html
INFO: [ app_init ] --START--
INFO: Run Behavior\BuildLiteBehavior [ RunTime:0.000027s ]
INFO: [ app_init ] --END-- [ RunTime:0.000858s ]

[ 2016-05-08T00:36:59+08:00 ] ::1 /hzaumba/index.php/home/index/commen/class/%E6%96%B0%E9%97%BB%E4%B8%AD%E5%BF%83/p/2.html
INFO: [ app_init ] --START--
INFO: Run Behavior\BuildLiteBehavior [ RunTime:0.000036s ]
INFO: [ app_init ] --END-- [ RunTime:0.001010s ]

[ 2016-05-08T00:40:09+08:00 ] ::1 /hzaumba/index.php/home/index/commen/class/%E6%96%B0%E9%97%BB%E4%B8%AD%E5%BF%83/p/2.html
INFO: [ app_init ] --START--
INFO: Run Behavior\BuildLiteBehavior [ RunTime:0.000035s ]
INFO: [ app_init ] --END-- [ RunTime:0.000937s ]

[ 2016-05-08T00:40:25+08:00 ] ::1 /hzaumba/index.php/home/index/commen/class/%E6%96%B0%E9%97%BB%E4%B8%AD%E5%BF%83/p/2.html
INFO: [ app_init ] --START--
INFO: Run Behavior\BuildLiteBehavior [ RunTime:0.000044s ]
INFO: [ app_init ] --END-- [ RunTime:0.001066s ]

[ 2016-05-08T00:41:03+08:00 ] ::1 /hzaumba/index.php/home/index/commen/class/%E6%96%B0%E9%97%BB%E4%B8%AD%E5%BF%83/p/2.html
INFO: [ app_init ] --START--
INFO: Run Behavior\BuildLiteBehavior [ RunTime:0.000027s ]
INFO: [ app_init ] --END-- [ RunTime:0.000679s ]

[ 2016-05-08T00:41:10+08:00 ] ::1 /hzaumba/index.php/home/index/commen/class/%E6%96%B0%E9%97%BB%E4%B8%AD%E5%BF%83/p/2.html
INFO: [ app_init ] --START--
INFO: Run Behavior\BuildLiteBehavior [ RunTime:0.000026s ]
INFO: [ app_init ] --END-- [ RunTime:0.000550s ]

[ 2016-05-08T00:41:21+08:00 ] ::1 /hzaumba/index.php/home/index/commen/class/%E6%96%B0%E9%97%BB%E4%B8%AD%E5%BF%83/p/2.html
INFO: [ app_init ] --START--
INFO: Run Behavior\BuildLiteBehavior [ RunTime:0.000027s ]
INFO: [ app_init ] --END-- [ RunTime:0.000604s ]

[ 2016-05-08T00:41:33+08:00 ] ::1 /hzaumba/index.php/home/index/commen/class/%E6%96%B0%E9%97%BB%E4%B8%AD%E5%BF%83/p/2.html
INFO: [ app_init ] --START--
INFO: Run Behavior\BuildLiteBehavior [ RunTime:0.000044s ]
INFO: [ app_init ] --END-- [ RunTime:0.000867s ]

[ 2016-05-08T00:42:22+08:00 ] ::1 /hzaumba/index.php/home/index/commen/class/%E6%96%B0%E9%97%BB%E4%B8%AD%E5%BF%83/p/1.html
INFO: [ app_init ] --START--
INFO: Run Behavior\BuildLiteBehavior [ RunTime:0.000027s ]
INFO: [ app_init ] --END-- [ RunTime:0.000993s ]

[ 2016-05-08T00:42:58+08:00 ] ::1 /hzaumba/index.php/home/index/commen/class/%E6%96%B0%E9%97%BB%E4%B8%AD%E5%BF%83/p/1.html
INFO: [ app_init ] --START--
INFO: Run Behavior\BuildLiteBehavior [ RunTime:0.000029s ]
INFO: [ app_init ] --END-- [ RunTime:0.000771s ]

[ 2016-05-08T00:43:11+08:00 ] ::1 /hzaumba/index.php/home/index/commen/class/%E6%96%B0%E9%97%BB%E4%B8%AD%E5%BF%83/p/1.html
INFO: [ app_init ] --START--
INFO: Run Behavior\BuildLiteBehavior [ RunTime:0.000043s ]
INFO: [ app_init ] --END-- [ RunTime:0.000979s ]

[ 2016-05-08T00:43:42+08:00 ] ::1 /hzaumba/index.php/home/index/commen/class/%E6%96%B0%E9%97%BB%E4%B8%AD%E5%BF%83/p/1.html
INFO: [ app_init ] --START--
INFO: Run Behavior\BuildLiteBehavior [ RunTime:0.000028s ]
INFO: [ app_init ] --END-- [ RunTime:0.000659s ]

[ 2016-05-08T00:44:07+08:00 ] ::1 /hzaumba/index.php/home/index/commen/class/%E6%96%B0%E9%97%BB%E4%B8%AD%E5%BF%83/p/1.html
INFO: [ app_init ] --START--
INFO: Run Behavior\BuildLiteBehavior [ RunTime:0.000043s ]
INFO: [ app_init ] --END-- [ RunTime:0.001564s ]

[ 2016-05-08T00:44:08+08:00 ] ::1 /hzaumba/index.php/home/index/commen/class/%E6%96%B0%E9%97%BB%E4%B8%AD%E5%BF%83/p/1.html
INFO: [ app_init ] --START--
INFO: Run Behavior\BuildLiteBehavior [ RunTime:0.000052s ]
INFO: [ app_init ] --END-- [ RunTime:0.000956s ]

[ 2016-05-08T00:44:08+08:00 ] ::1 /hzaumba/index.php/home/index/commen/class/%E6%96%B0%E9%97%BB%E4%B8%AD%E5%BF%83/p/1.html
INFO: [ app_init ] --START--
INFO: Run Behavior\BuildLiteBehavior [ RunTime:0.000030s ]
INFO: [ app_init ] --END-- [ RunTime:0.000747s ]

[ 2016-05-08T00:44:08+08:00 ] ::1 /hzaumba/index.php/home/index/commen/class/%E6%96%B0%E9%97%BB%E4%B8%AD%E5%BF%83/p/1.html
INFO: [ app_init ] --START--
INFO: Run Behavior\BuildLiteBehavior [ RunTime:0.000030s ]
INFO: [ app_init ] --END-- [ RunTime:0.000819s ]

[ 2016-05-08T00:44:16+08:00 ] ::1 /hzaumba/index.php/Home/Index/index
INFO: [ app_init ] --START--
INFO: Run Behavior\BuildLiteBehavior [ RunTime:0.000030s ]
INFO: [ app_init ] --END-- [ RunTime:0.000651s ]

[ 2016-05-08T00:44:17+08:00 ] ::1 /hzaumba/index.php/Home/Index/commen?class=%E6%96%B0%E9%97%BB%E4%B8%AD%E5%BF%83
INFO: [ app_init ] --START--
INFO: Run Behavior\BuildLiteBehavior [ RunTime:0.000026s ]
INFO: [ app_init ] --END-- [ RunTime:0.000642s ]

[ 2016-05-08T00:44:48+08:00 ] ::1 /hzaumba/index.php/Home/Index/commen?class=%E6%96%B0%E9%97%BB%E4%B8%AD%E5%BF%83
INFO: [ app_init ] --START--
INFO: Run Behavior\BuildLiteBehavior [ RunTime:0.000033s ]
INFO: [ app_init ] --END-- [ RunTime:0.000665s ]

[ 2016-05-08T00:45:27+08:00 ] ::1 /hzaumba/index.php/Home/Index/commen?class=%E6%96%B0%E9%97%BB%E4%B8%AD%E5%BF%83
INFO: [ app_init ] --START--
INFO: Run Behavior\BuildLiteBehavior [ RunTime:0.000063s ]
INFO: [ app_init ] --END-- [ RunTime:0.000999s ]

[ 2016-05-08T00:45:30+08:00 ] ::1 /hzaumba/index.php/Home/Index/commen?class=%E6%96%B0%E9%97%BB%E4%B8%AD%E5%BF%83
INFO: [ app_init ] --START--
INFO: Run Behavior\BuildLiteBehavior [ RunTime:0.000044s ]
INFO: [ app_init ] --END-- [ RunTime:0.000956s ]

[ 2016-05-08T00:46:21+08:00 ] ::1 /hzaumba/index.php/Home/Index/commen?class=%E6%96%B0%E9%97%BB%E4%B8%AD%E5%BF%83
INFO: [ app_init ] --START--
INFO: Run Behavior\BuildLiteBehavior [ RunTime:0.000028s ]
INFO: [ app_init ] --END-- [ RunTime:0.000761s ]

[ 2016-05-08T00:46:23+08:00 ] ::1 /hzaumba/index.php/Home/Index/index
INFO: [ app_init ] --START--
INFO: Run Behavior\BuildLiteBehavior [ RunTime:0.000048s ]
INFO: [ app_init ] --END-- [ RunTime:0.000744s ]

[ 2016-05-08T00:46:24+08:00 ] ::1 /hzaumba/index.php/Home/Index/commen?class=%E6%96%B0%E9%97%BB%E4%B8%AD%E5%BF%83
INFO: [ app_init ] --START--
INFO: Run Behavior\BuildLiteBehavior [ RunTime:0.000044s ]
INFO: [ app_init ] --END-- [ RunTime:0.000941s ]

[ 2016-05-08T00:46:29+08:00 ] ::1 /hzaumba/index.php/Home/Index/commen?class=%E6%96%B0%E9%97%BB%E4%B8%AD%E5%BF%83
INFO: [ app_init ] --START--
INFO: Run Behavior\BuildLiteBehavior [ RunTime:0.000043s ]
INFO: [ app_init ] --END-- [ RunTime:0.001090s ]

[ 2016-05-08T00:46:29+08:00 ] ::1 /hzaumba/index.php/Home/Index/commen?class=%E6%96%B0%E9%97%BB%E4%B8%AD%E5%BF%83
INFO: [ app_init ] --START--
INFO: Run Behavior\BuildLiteBehavior [ RunTime:0.000047s ]
INFO: [ app_init ] --END-- [ RunTime:0.000720s ]

[ 2016-05-08T00:46:29+08:00 ] ::1 /hzaumba/index.php/Home/Index/commen?class=%E6%96%B0%E9%97%BB%E4%B8%AD%E5%BF%83
INFO: [ app_init ] --START--
INFO: Run Behavior\BuildLiteBehavior [ RunTime:0.000027s ]
INFO: [ app_init ] --END-- [ RunTime:0.000629s ]

[ 2016-05-08T00:46:29+08:00 ] ::1 /hzaumba/index.php/Home/Index/commen?class=%E6%96%B0%E9%97%BB%E4%B8%AD%E5%BF%83
INFO: [ app_init ] --START--
INFO: Run Behavior\BuildLiteBehavior [ RunTime:0.000063s ]
INFO: [ app_init ] --END-- [ RunTime:0.001094s ]

[ 2016-05-08T00:47:23+08:00 ] ::1 /hzaumba/index.php/Home/Index/commen?class=%E6%96%B0%E9%97%BB%E4%B8%AD%E5%BF%83
INFO: [ app_init ] --START--
INFO: Run Behavior\BuildLiteBehavior [ RunTime:0.000029s ]
INFO: [ app_init ] --END-- [ RunTime:0.000721s ]

[ 2016-05-08T00:47:40+08:00 ] ::1 /hzaumba/index.php/home/index/commen/class/%E6%96%B0%E9%97%BB%E4%B8%AD%E5%BF%83/p/2.html
INFO: [ app_init ] --START--
INFO: Run Behavior\BuildLiteBehavior [ RunTime:0.000029s ]
INFO: [ app_init ] --END-- [ RunTime:0.000663s ]

[ 2016-05-08T00:47:41+08:00 ] ::1 /hzaumba/index.php/home/index/commen/class/%E6%96%B0%E9%97%BB%E4%B8%AD%E5%BF%83/p/1.html
INFO: [ app_init ] --START--
INFO: Run Behavior\BuildLiteBehavior [ RunTime:0.000050s ]
INFO: [ app_init ] --END-- [ RunTime:0.000854s ]

[ 2016-05-08T00:49:49+08:00 ] ::1 /hzaumba/index.php/home/index/commen/class/%E6%96%B0%E9%97%BB%E4%B8%AD%E5%BF%83/p/1.html
INFO: [ app_init ] --START--
INFO: Run Behavior\BuildLiteBehavior [ RunTime:0.000033s ]
INFO: [ app_init ] --END-- [ RunTime:0.000802s ]

[ 2016-05-08T00:49:49+08:00 ] ::1 /hzaumba/index.php/home/index/commen/class/%E6%96%B0%E9%97%BB%E4%B8%AD%E5%BF%83/p/1.html
INFO: [ app_init ] --START--
INFO: Run Behavior\BuildLiteBehavior [ RunTime:0.000045s ]
INFO: [ app_init ] --END-- [ RunTime:0.000920s ]

[ 2016-05-08T00:49:50+08:00 ] ::1 /hzaumba/index.php/home/index/commen/class/%E6%96%B0%E9%97%BB%E4%B8%AD%E5%BF%83/p/1.html
INFO: [ app_init ] --START--
INFO: Run Behavior\BuildLiteBehavior [ RunTime:0.000028s ]
INFO: [ app_init ] --END-- [ RunTime:0.000551s ]

[ 2016-05-08T00:49:50+08:00 ] ::1 /hzaumba/index.php/home/index/commen/class/%E6%96%B0%E9%97%BB%E4%B8%AD%E5%BF%83/p/1.html
INFO: [ app_init ] --START--
INFO: Run Behavior\BuildLiteBehavior [ RunTime:0.000025s ]
INFO: [ app_init ] --END-- [ RunTime:0.000569s ]

[ 2016-05-08T00:49:50+08:00 ] ::1 /hzaumba/index.php/home/index/commen/class/%E6%96%B0%E9%97%BB%E4%B8%AD%E5%BF%83/p/1.html
INFO: [ app_init ] --START--
INFO: Run Behavior\BuildLiteBehavior [ RunTime:0.000031s ]
INFO: [ app_init ] --END-- [ RunTime:0.000686s ]

[ 2016-05-08T00:50:30+08:00 ] ::1 /hzaumba/index.php/home/index/commen/class/%E6%96%B0%E9%97%BB%E4%B8%AD%E5%BF%83/p/1.html
INFO: [ app_init ] --START--
INFO: Run Behavior\BuildLiteBehavior [ RunTime:0.000033s ]
INFO: [ app_init ] --END-- [ RunTime:0.000740s ]

[ 2016-05-08T00:50:43+08:00 ] ::1 /hzaumba/index.php/Home/Index/index
INFO: [ app_init ] --START--
INFO: Run Behavior\BuildLiteBehavior [ RunTime:0.000027s ]
INFO: [ app_init ] --END-- [ RunTime:0.000679s ]

[ 2016-05-08T00:50:45+08:00 ] ::1 /hzaumba/index.php/Home/Index/commen?class=%E6%96%B0%E9%97%BB%E4%B8%AD%E5%BF%83
INFO: [ app_init ] --START--
INFO: Run Behavior\BuildLiteBehavior [ RunTime:0.000059s ]
INFO: [ app_init ] --END-- [ RunTime:0.001000s ]

[ 2016-05-08T00:51:34+08:00 ] ::1 /hzaumba/index.php/Home/Index/index
INFO: [ app_init ] --START--
INFO: Run Behavior\BuildLiteBehavior [ RunTime:0.000026s ]
INFO: [ app_init ] --END-- [ RunTime:0.000803s ]

[ 2016-05-08T00:51:36+08:00 ] ::1 /hzaumba/index.php/Home/Index/commen?class=%E6%8B%9B%E7%94%9F%E4%BF%A1%E6%81%AF
INFO: [ app_init ] --START--
INFO: Run Behavior\BuildLiteBehavior [ RunTime:0.000029s ]
INFO: [ app_init ] --END-- [ RunTime:0.000802s ]

[ 2016-05-08T00:51:40+08:00 ] ::1 /hzaumba/index.php/Home/Index/index
INFO: [ app_init ] --START--
INFO: Run Behavior\BuildLiteBehavior [ RunTime:0.000025s ]
INFO: [ app_init ] --END-- [ RunTime:0.000945s ]

[ 2016-05-08T00:51:46+08:00 ] ::1 /hzaumba/index.php/Home/Index/index
INFO: [ app_init ] --START--
INFO: Run Behavior\BuildLiteBehavior [ RunTime:0.000034s ]
INFO: [ app_init ] --END-- [ RunTime:0.000817s ]

[ 2016-05-08T00:51:48+08:00 ] ::1 /hzaumba/index.php/Home/Index/commen?class=%E6%8B%9B%E7%94%9F%E4%BF%A1%E6%81%AF
INFO: [ app_init ] --START--
INFO: Run Behavior\BuildLiteBehavior [ RunTime:0.000052s ]
INFO: [ app_init ] --END-- [ RunTime:0.001089s ]

[ 2016-05-08T00:52:06+08:00 ] ::1 /hzaumba/index.php/Home/Index/index
INFO: [ app_init ] --START--
INFO: Run Behavior\BuildLiteBehavior [ RunTime:0.000029s ]
INFO: [ app_init ] --END-- [ RunTime:0.000638s ]

[ 2016-05-08T00:52:08+08:00 ] ::1 /hzaumba/index.php/Home/Index/commen?class=%E9%80%9A%E7%9F%A5%E5%85%AC%E5%91%8A
INFO: [ app_init ] --START--
INFO: Run Behavior\BuildLiteBehavior [ RunTime:0.000029s ]
INFO: [ app_init ] --END-- [ RunTime:0.000660s ]

[ 2016-05-08T00:52:18+08:00 ] ::1 /hzaumba/index.php/Home/Index/commen?class=%E9%80%9A%E7%9F%A5%E5%85%AC%E5%91%8A
INFO: [ app_init ] --START--
INFO: Run Behavior\BuildLiteBehavior [ RunTime:0.000027s ]
INFO: [ app_init ] --END-- [ RunTime:0.001064s ]

[ 2016-05-08T00:52:23+08:00 ] ::1 /hzaumba/index.php/Home/Index/commen?class=%E6%96%B0%E9%97%BB%E4%B8%AD%E5%BF%83
INFO: [ app_init ] --START--
INFO: Run Behavior\BuildLiteBehavior [ RunTime:0.000029s ]
INFO: [ app_init ] --END-- [ RunTime:0.000659s ]

[ 2016-05-08T00:53:49+08:00 ] ::1 /hzaumba/index.php/Home/Index/commen?class=%E6%96%B0%E9%97%BB%E4%B8%AD%E5%BF%83
INFO: [ app_init ] --START--
INFO: Run Behavior\BuildLiteBehavior [ RunTime:0.000027s ]
INFO: [ app_init ] --END-- [ RunTime:0.000690s ]

[ 2016-05-08T00:53:52+08:00 ] ::1 /hzaumba/index.php/Home/Index/index
INFO: [ app_init ] --START--
INFO: Run Behavior\BuildLiteBehavior [ RunTime:0.000026s ]
INFO: [ app_init ] --END-- [ RunTime:0.000708s ]

[ 2016-05-08T00:53:53+08:00 ] ::1 /hzaumba/index.php/Home/Index/commen?class=%E6%8B%9B%E7%94%9F%E4%BF%A1%E6%81%AF
INFO: [ app_init ] --START--
INFO: Run Behavior\BuildLiteBehavior [ RunTime:0.000027s ]
INFO: [ app_init ] --END-- [ RunTime:0.000859s ]

[ 2016-05-08T00:53:55+08:00 ] ::1 /hzaumba/index.php/Home/Index/index
INFO: [ app_init ] --START--
INFO: Run Behavior\BuildLiteBehavior [ RunTime:0.000025s ]
INFO: [ app_init ] --END-- [ RunTime:0.000848s ]

[ 2016-05-08T00:53:58+08:00 ] ::1 /hzaumba/index.php/Home/Index/commen?class=%E6%96%B0%E9%97%BB%E4%B8%AD%E5%BF%83
INFO: [ app_init ] --START--
INFO: Run Behavior\BuildLiteBehavior [ RunTime:0.000029s ]
INFO: [ app_init ] --END-- [ RunTime:0.000576s ]

[ 2016-05-08T00:54:17+08:00 ] ::1 /hzaumba/index.php/Home/Index/commen?class=%E6%96%B0%E9%97%BB%E4%B8%AD%E5%BF%83
INFO: [ app_init ] --START--
INFO: Run Behavior\BuildLiteBehavior [ RunTime:0.000026s ]
INFO: [ app_init ] --END-- [ RunTime:0.000612s ]

[ 2016-05-08T00:54:23+08:00 ] ::1 /hzaumba/index.php/Home/Index/index
INFO: [ app_init ] --START--
INFO: Run Behavior\BuildLiteBehavior [ RunTime:0.000026s ]
INFO: [ app_init ] --END-- [ RunTime:0.000605s ]

[ 2016-05-08T00:54:25+08:00 ] ::1 /hzaumba/index.php/Home/Index/commen?class=%E6%8B%9B%E7%94%9F%E4%BF%A1%E6%81%AF
INFO: [ app_init ] --START--
INFO: Run Behavior\BuildLiteBehavior [ RunTime:0.000026s ]
INFO: [ app_init ] --END-- [ RunTime:0.000734s ]

[ 2016-05-08T00:55:12+08:00 ] ::1 /hzaumba/index.php/Home/Index/commen?class=%E6%8B%9B%E7%94%9F%E4%BF%A1%E6%81%AF
INFO: [ app_init ] --START--
INFO: Run Behavior\BuildLiteBehavior [ RunTime:0.000085s ]
INFO: [ app_init ] --END-- [ RunTime:0.001375s ]

[ 2016-05-08T00:56:05+08:00 ] ::1 /hzaumba/index.php/Home/Index/commen?class=%E6%8B%9B%E7%94%9F%E4%BF%A1%E6%81%AF
INFO: [ app_init ] --START--
INFO: Run Behavior\BuildLiteBehavior [ RunTime:0.000028s ]
INFO: [ app_init ] --END-- [ RunTime:0.000714s ]

[ 2016-05-08T00:56:43+08:00 ] ::1 /hzaumba/index.php/Home/Index/commen?class=%E6%8B%9B%E7%94%9F%E4%BF%A1%E6%81%AF
INFO: [ app_init ] --START--
INFO: Run Behavior\BuildLiteBehavior [ RunTime:0.000028s ]
INFO: [ app_init ] --END-- [ RunTime:0.000711s ]

[ 2016-05-08T00:57:16+08:00 ] ::1 /hzaumba/index.php/Home/Index/commen?class=%E6%8B%9B%E7%94%9F%E4%BF%A1%E6%81%AF
INFO: [ app_init ] --START--
INFO: Run Behavior\BuildLiteBehavior [ RunTime:0.000029s ]
INFO: [ app_init ] --END-- [ RunTime:0.000599s ]

[ 2016-05-08T00:57:21+08:00 ] ::1 /hzaumba/index.php/Home/Index/commen?class=%E6%8B%9B%E7%94%9F%E4%BF%A1%E6%81%AF
INFO: [ app_init ] --START--
INFO: Run Behavior\BuildLiteBehavior [ RunTime:0.000056s ]
INFO: [ app_init ] --END-- [ RunTime:0.001041s ]

[ 2016-05-08T00:57:25+08:00 ] ::1 /hzaumba/index.php/Home/Index/index
INFO: [ app_init ] --START--
INFO: Run Behavior\BuildLiteBehavior [ RunTime:0.000055s ]
INFO: [ app_init ] --END-- [ RunTime:0.001913s ]

[ 2016-05-08T00:57:28+08:00 ] ::1 /hzaumba/index.php/Home/Index/commen?class=%E6%96%B0%E9%97%BB%E4%B8%AD%E5%BF%83
INFO: [ app_init ] --START--
INFO: Run Behavior\BuildLiteBehavior [ RunTime:0.000062s ]
INFO: [ app_init ] --END-- [ RunTime:0.001641s ]

[ 2016-05-08T00:57:43+08:00 ] ::1 /hzaumba/index.php/Home/Index/commen?class=%E6%96%B0%E9%97%BB%E4%B8%AD%E5%BF%83
INFO: [ app_init ] --START--
INFO: Run Behavior\BuildLiteBehavior [ RunTime:0.000241s ]
INFO: [ app_init ] --END-- [ RunTime:0.001520s ]

[ 2016-05-08T00:57:47+08:00 ] ::1 /hzaumba/index.php/Home/Index/commen?class=%E6%96%B0%E9%97%BB%E4%B8%AD%E5%BF%83
INFO: [ app_init ] --START--
INFO: Run Behavior\BuildLiteBehavior [ RunTime:0.000033s ]
INFO: [ app_init ] --END-- [ RunTime:0.000765s ]

[ 2016-05-08T00:58:00+08:00 ] ::1 /hzaumba/index.php/Home/Index/index
INFO: [ app_init ] --START--
INFO: Run Behavior\BuildLiteBehavior [ RunTime:0.000026s ]
INFO: [ app_init ] --END-- [ RunTime:0.000896s ]

[ 2016-05-08T00:58:02+08:00 ] ::1 /hzaumba/index.php/Home/Index/link
INFO: [ app_init ] --START--
INFO: Run Behavior\BuildLiteBehavior [ RunTime:0.000031s ]
INFO: [ app_init ] --END-- [ RunTime:0.000667s ]

[ 2016-05-08T00:58:05+08:00 ] ::1 /hzaumba/index.php/Home/Index/index
INFO: [ app_init ] --START--
INFO: Run Behavior\BuildLiteBehavior [ RunTime:0.000029s ]
INFO: [ app_init ] --END-- [ RunTime:0.000620s ]

[ 2016-05-08T00:58:06+08:00 ] ::1 /hzaumba/index.php/Home/Index/download
INFO: [ app_init ] --START--
INFO: Run Behavior\BuildLiteBehavior [ RunTime:0.000030s ]
INFO: [ app_init ] --END-- [ RunTime:0.000792s ]

[ 2016-05-08T00:58:13+08:00 ] ::1 /hzaumba/index.php/Home/Index/index
INFO: [ app_init ] --START--
INFO: Run Behavior\BuildLiteBehavior [ RunTime:0.000033s ]
INFO: [ app_init ] --END-- [ RunTime:0.000739s ]

[ 2016-05-08T00:58:16+08:00 ] ::1 /hzaumba/index.php/Home/Index/link
INFO: [ app_init ] --START--
INFO: Run Behavior\BuildLiteBehavior [ RunTime:0.000031s ]
INFO: [ app_init ] --END-- [ RunTime:0.000738s ]

[ 2016-05-08T00:58:19+08:00 ] ::1 /hzaumba/index.php/Home/Index/index
INFO: [ app_init ] --START--
INFO: Run Behavior\BuildLiteBehavior [ RunTime:0.000026s ]
INFO: [ app_init ] --END-- [ RunTime:0.000642s ]

[ 2016-05-08T00:58:21+08:00 ] ::1 /hzaumba/index.php/Home/Index/commen?class=%E6%96%B0%E9%97%BB%E4%B8%AD%E5%BF%83
INFO: [ app_init ] --START--
INFO: Run Behavior\BuildLiteBehavior [ RunTime:0.000027s ]
INFO: [ app_init ] --END-- [ RunTime:0.000757s ]

[ 2016-05-08T00:58:32+08:00 ] ::1 /hzaumba/index.php/Home/Index/index
INFO: [ app_init ] --START--
INFO: Run Behavior\BuildLiteBehavior [ RunTime:0.000047s ]
INFO: [ app_init ] --END-- [ RunTime:0.000928s ]

[ 2016-05-08T00:58:34+08:00 ] ::1 /hzaumba/index.php/Home/Index/information.html?hid=10
INFO: [ app_init ] --START--
INFO: Run Behavior\BuildLiteBehavior [ RunTime:0.000025s ]
INFO: [ app_init ] --END-- [ RunTime:0.000617s ]

[ 2016-05-08T00:58:36+08:00 ] ::1 /hzaumba/index.php/Home/Index/index
INFO: [ app_init ] --START--
INFO: Run Behavior\BuildLiteBehavior [ RunTime:0.000027s ]
INFO: [ app_init ] --END-- [ RunTime:0.000626s ]

[ 2016-05-08T00:58:38+08:00 ] ::1 /hzaumba/index.php/Home/Index/commen?class=%E6%95%99%E5%8A%A1%E4%BF%A1%E6%81%AF
INFO: [ app_init ] --START--
INFO: Run Behavior\BuildLiteBehavior [ RunTime:0.000030s ]
INFO: [ app_init ] --END-- [ RunTime:0.000865s ]

[ 2016-05-08T00:58:51+08:00 ] ::1 /hzaumba/index.php/Home/Index/index
INFO: [ app_init ] --START--
INFO: Run Behavior\BuildLiteBehavior [ RunTime:0.000025s ]
INFO: [ app_init ] --END-- [ RunTime:0.000885s ]

[ 2016-05-08T00:58:53+08:00 ] ::1 /hzaumba/index.php/Home/Index/commen?class=%E6%96%B0%E9%97%BB%E4%B8%AD%E5%BF%83
INFO: [ app_init ] --START--
INFO: Run Behavior\BuildLiteBehavior [ RunTime:0.000043s ]
INFO: [ app_init ] --END-- [ RunTime:0.000782s ]

[ 2016-05-08T00:59:21+08:00 ] ::1 /hzaumba/index.php/Home/Index/commen?class=%E6%96%B0%E9%97%BB%E4%B8%AD%E5%BF%83
INFO: [ app_init ] --START--
INFO: Run Behavior\BuildLiteBehavior [ RunTime:0.000028s ]
INFO: [ app_init ] --END-- [ RunTime:0.000625s ]

[ 2016-05-08T00:59:38+08:00 ] ::1 /hzaumba/index.php/Home/Index/commen?class=%E6%96%B0%E9%97%BB%E4%B8%AD%E5%BF%83
INFO: [ app_init ] --START--
INFO: Run Behavior\BuildLiteBehavior [ RunTime:0.000037s ]
INFO: [ app_init ] --END-- [ RunTime:0.000882s ]

[ 2016-05-08T00:59:50+08:00 ] ::1 /hzaumba/index.php/Home/Index/commen?class=%E6%96%B0%E9%97%BB%E4%B8%AD%E5%BF%83
INFO: [ app_init ] --START--
INFO: Run Behavior\BuildLiteBehavior [ RunTime:0.000039s ]
INFO: [ app_init ] --END-- [ RunTime:0.000927s ]

[ 2016-05-08T00:59:59+08:00 ] ::1 /hzaumba/index.php/Home/Index/commen?class=%E6%96%B0%E9%97%BB%E4%B8%AD%E5%BF%83
INFO: [ app_init ] --START--
INFO: Run Behavior\BuildLiteBehavior [ RunTime:0.000082s ]
INFO: [ app_init ] --END-- [ RunTime:0.001670s ]

[ 2016-05-08T01:00:03+08:00 ] ::1 /hzaumba/index.php/Home/Index/commen?class=%E6%96%B0%E9%97%BB%E4%B8%AD%E5%BF%83
INFO: [ app_init ] --START--
INFO: Run Behavior\BuildLiteBehavior [ RunTime:0.000026s ]
INFO: [ app_init ] --END-- [ RunTime:0.000667s ]

[ 2016-05-08T01:00:06+08:00 ] ::1 /hzaumba/index.php/Home/Index/index
INFO: [ app_init ] --START--
INFO: Run Behavior\BuildLiteBehavior [ RunTime:0.000027s ]
INFO: [ app_init ] --END-- [ RunTime:0.000695s ]

[ 2016-05-08T01:00:07+08:00 ] ::1 /hzaumba/index.php/Home/Index/commen?class=%E6%8B%9B%E7%94%9F%E4%BF%A1%E6%81%AF
INFO: [ app_init ] --START--
INFO: Run Behavior\BuildLiteBehavior [ RunTime:0.000035s ]
INFO: [ app_init ] --END-- [ RunTime:0.002266s ]

[ 2016-05-08T01:00:35+08:00 ] ::1 /hzaumba/index.php/Home/Index/commen?class=%E6%8B%9B%E7%94%9F%E4%BF%A1%E6%81%AF
INFO: [ app_init ] --START--
INFO: Run Behavior\BuildLiteBehavior [ RunTime:0.000028s ]
INFO: [ app_init ] --END-- [ RunTime:0.000618s ]

[ 2016-05-08T01:00:39+08:00 ] ::1 /hzaumba/index.php/Home/Index/commen?class=%E6%8B%9B%E7%94%9F%E4%BF%A1%E6%81%AF
INFO: [ app_init ] --START--
INFO: Run Behavior\BuildLiteBehavior [ RunTime:0.000029s ]
INFO: [ app_init ] --END-- [ RunTime:0.000891s ]

[ 2016-05-08T01:00:53+08:00 ] ::1 /hzaumba/index.php/Home/Index/commen?class=%E6%8B%9B%E7%94%9F%E4%BF%A1%E6%81%AF
INFO: [ app_init ] --START--
INFO: Run Behavior\BuildLiteBehavior [ RunTime:0.000026s ]
INFO: [ app_init ] --END-- [ RunTime:0.000653s ]

[ 2016-05-08T01:00:58+08:00 ] ::1 /hzaumba/index.php/Home/Index/commen?class=%E6%8B%9B%E7%94%9F%E4%BF%A1%E6%81%AF
INFO: [ app_init ] --START--
INFO: Run Behavior\BuildLiteBehavior [ RunTime:0.000026s ]
INFO: [ app_init ] --END-- [ RunTime:0.000807s ]

[ 2016-05-08T01:01:01+08:00 ] ::1 /hzaumba/index.php/Home/Index/commen?class=%E6%8B%9B%E7%94%9F%E4%BF%A1%E6%81%AF
INFO: [ app_init ] --START--
INFO: Run Behavior\BuildLiteBehavior [ RunTime:0.000040s ]
INFO: [ app_init ] --END-- [ RunTime:0.000986s ]

[ 2016-05-08T01:01:04+08:00 ] ::1 /hzaumba/index.php/Home/Index/commen?class=%E6%8B%9B%E7%94%9F%E4%BF%A1%E6%81%AF
INFO: [ app_init ] --START--
INFO: Run Behavior\BuildLiteBehavior [ RunTime:0.000034s ]
INFO: [ app_init ] --END-- [ RunTime:0.000764s ]

[ 2016-05-08T01:01:07+08:00 ] ::1 /hzaumba/index.php/Home/Index/index
INFO: [ app_init ] --START--
INFO: Run Behavior\BuildLiteBehavior [ RunTime:0.000031s ]
INFO: [ app_init ] --END-- [ RunTime:0.000920s ]

[ 2016-05-08T01:01:09+08:00 ] ::1 /hzaumba/index.php/Home/Index/commen?class=%E6%96%B0%E9%97%BB%E4%B8%AD%E5%BF%83
INFO: [ app_init ] --START--
INFO: Run Behavior\BuildLiteBehavior [ RunTime:0.000028s ]
INFO: [ app_init ] --END-- [ RunTime:0.000651s ]

[ 2016-05-08T01:01:19+08:00 ] ::1 /hzaumba/index.php/Home/Index/commen?class=%E6%96%B0%E9%97%BB%E4%B8%AD%E5%BF%83
INFO: [ app_init ] --START--
INFO: Run Behavior\BuildLiteBehavior [ RunTime:0.000033s ]
INFO: [ app_init ] --END-- [ RunTime:0.000734s ]

[ 2016-05-08T01:01:22+08:00 ] ::1 /hzaumba/index.php/Home/Index/index
INFO: [ app_init ] --START--
INFO: Run Behavior\BuildLiteBehavior [ RunTime:0.000051s ]
INFO: [ app_init ] --END-- [ RunTime:0.001414s ]

[ 2016-05-08T01:01:23+08:00 ] ::1 /hzaumba/index.php/Home/Index/commen?class=%E6%8B%9B%E7%94%9F%E4%BF%A1%E6%81%AF
INFO: [ app_init ] --START--
INFO: Run Behavior\BuildLiteBehavior [ RunTime:0.000033s ]
INFO: [ app_init ] --END-- [ RunTime:0.000858s ]

[ 2016-05-08T01:01:33+08:00 ] ::1 /hzaumba/index.php/Home/Index/commen?class=%E6%8B%9B%E7%94%9F%E4%BF%A1%E6%81%AF
INFO: [ app_init ] --START--
INFO: Run Behavior\BuildLiteBehavior [ RunTime:0.000026s ]
INFO: [ app_init ] --END-- [ RunTime:0.000655s ]

[ 2016-05-08T01:01:39+08:00 ] ::1 /hzaumba/index.php/Home/Index/commen?class=%E6%8B%9B%E7%94%9F%E4%BF%A1%E6%81%AF
INFO: [ app_init ] --START--
INFO: Run Behavior\BuildLiteBehavior [ RunTime:0.000026s ]
INFO: [ app_init ] --END-- [ RunTime:0.000860s ]

[ 2016-05-08T01:01:52+08:00 ] ::1 /hzaumba/index.php/Home/Index/commen?class=%E6%8B%9B%E7%94%9F%E4%BF%A1%E6%81%AF
INFO: [ app_init ] --START--
INFO: Run Behavior\BuildLiteBehavior [ RunTime:0.000026s ]
INFO: [ app_init ] --END-- [ RunTime:0.000790s ]

[ 2016-05-08T01:01:56+08:00 ] ::1 /hzaumba/index.php/Home/Index/index
INFO: [ app_init ] --START--
INFO: Run Behavior\BuildLiteBehavior [ RunTime:0.000034s ]
INFO: [ app_init ] --END-- [ RunTime:0.000643s ]

[ 2016-05-08T01:01:58+08:00 ] ::1 /hzaumba/index.php/Home/Index/commen?class=%E6%96%B0%E9%97%BB%E4%B8%AD%E5%BF%83
INFO: [ app_init ] --START--
INFO: Run Behavior\BuildLiteBehavior [ RunTime:0.000051s ]
INFO: [ app_init ] --END-- [ RunTime:0.001040s ]

[ 2016-05-08T01:02:06+08:00 ] ::1 /hzaumba/index.php/Home/Index/commen?class=%E6%96%B0%E9%97%BB%E4%B8%AD%E5%BF%83
INFO: [ app_init ] --START--
INFO: Run Behavior\BuildLiteBehavior [ RunTime:0.000028s ]
INFO: [ app_init ] --END-- [ RunTime:0.000653s ]

[ 2016-05-08T01:02:26+08:00 ] ::1 /hzaumba/index.php/Home/Index/commen?class=%E6%96%B0%E9%97%BB%E4%B8%AD%E5%BF%83
INFO: [ app_init ] --START--
INFO: Run Behavior\BuildLiteBehavior [ RunTime:0.000028s ]
INFO: [ app_init ] --END-- [ RunTime:0.000817s ]

[ 2016-05-08T01:02:42+08:00 ] ::1 /hzaumba/index.php/Home/Index/commen?class=%E6%96%B0%E9%97%BB%E4%B8%AD%E5%BF%83
INFO: [ app_init ] --START--
INFO: Run Behavior\BuildLiteBehavior [ RunTime:0.000028s ]
INFO: [ app_init ] --END-- [ RunTime:0.000706s ]

[ 2016-05-08T01:02:56+08:00 ] ::1 /hzaumba/index.php/Home/Index/index
INFO: [ app_init ] --START--
INFO: Run Behavior\BuildLiteBehavior [ RunTime:0.000027s ]
INFO: [ app_init ] --END-- [ RunTime:0.000710s ]

[ 2016-05-08T01:02:58+08:00 ] ::1 /hzaumba/index.php/Home/Index/commen?class=%E6%8B%9B%E7%94%9F%E4%BF%A1%E6%81%AF
INFO: [ app_init ] --START--
INFO: Run Behavior\BuildLiteBehavior [ RunTime:0.000028s ]
INFO: [ app_init ] --END-- [ RunTime:0.000881s ]

[ 2016-05-08T01:03:03+08:00 ] ::1 /hzaumba/index.php/Home/Index/commen?class=%E6%8B%9B%E7%94%9F%E4%BF%A1%E6%81%AF
INFO: [ app_init ] --START--
INFO: Run Behavior\BuildLiteBehavior [ RunTime:0.000026s ]
INFO: [ app_init ] --END-- [ RunTime:0.000726s ]

[ 2016-05-08T01:03:05+08:00 ] ::1 /hzaumba/index.php/Home/Index/index
INFO: [ app_init ] --START--
INFO: Run Behavior\BuildLiteBehavior [ RunTime:0.000026s ]
INFO: [ app_init ] --END-- [ RunTime:0.000760s ]

[ 2016-05-08T01:03:08+08:00 ] ::1 /hzaumba/index.php/Home/Index/commen?class=%E6%96%B0%E9%97%BB%E4%B8%AD%E5%BF%83
INFO: [ app_init ] --START--
INFO: Run Behavior\BuildLiteBehavior [ RunTime:0.000044s ]
INFO: [ app_init ] --END-- [ RunTime:0.001388s ]

[ 2016-05-08T01:03:20+08:00 ] ::1 /hzaumba/index.php/Home/Index/commen?class=%E6%96%B0%E9%97%BB%E4%B8%AD%E5%BF%83
INFO: [ app_init ] --START--
INFO: Run Behavior\BuildLiteBehavior [ RunTime:0.000048s ]
INFO: [ app_init ] --END-- [ RunTime:0.000856s ]

[ 2016-05-08T01:03:24+08:00 ] ::1 /hzaumba/index.php/Home/Index/index
INFO: [ app_init ] --START--
INFO: Run Behavior\BuildLiteBehavior [ RunTime:0.000029s ]
INFO: [ app_init ] --END-- [ RunTime:0.000596s ]

[ 2016-05-08T01:03:26+08:00 ] ::1 /hzaumba/index.php/Home/Index/link
INFO: [ app_init ] --START--
INFO: Run Behavior\BuildLiteBehavior [ RunTime:0.000028s ]
INFO: [ app_init ] --END-- [ RunTime:0.000875s ]

[ 2016-05-08T01:03:30+08:00 ] ::1 /hzaumba/index.php/Home/Index/index
INFO: [ app_init ] --START--
INFO: Run Behavior\BuildLiteBehavior [ RunTime:0.000046s ]
INFO: [ app_init ] --END-- [ RunTime:0.000893s ]

[ 2016-05-08T01:03:31+08:00 ] ::1 /hzaumba/index.php/Home/Index/download
INFO: [ app_init ] --START--
INFO: Run Behavior\BuildLiteBehavior [ RunTime:0.000028s ]
INFO: [ app_init ] --END-- [ RunTime:0.000702s ]

[ 2016-05-08T01:03:36+08:00 ] ::1 /hzaumba/index.php/Home/Index/index
INFO: [ app_init ] --START--
INFO: Run Behavior\BuildLiteBehavior [ RunTime:0.000028s ]
INFO: [ app_init ] --END-- [ RunTime:0.000642s ]

[ 2016-05-08T01:03:38+08:00 ] ::1 /hzaumba/index.php/Home/Index/commen?class=%E6%96%B0%E9%97%BB%E4%B8%AD%E5%BF%83
INFO: [ app_init ] --START--
INFO: Run Behavior\BuildLiteBehavior [ RunTime:0.000028s ]
INFO: [ app_init ] --END-- [ RunTime:0.000813s ]

[ 2016-05-08T01:03:59+08:00 ] ::1 /hzaumba/index.php/Home/Index/commen?class=%E6%96%B0%E9%97%BB%E4%B8%AD%E5%BF%83
INFO: [ app_init ] --START--
INFO: Run Behavior\BuildLiteBehavior [ RunTime:0.000027s ]
INFO: [ app_init ] --END-- [ RunTime:0.000755s ]

[ 2016-05-08T01:04:04+08:00 ] ::1 /hzaumba/index.php/Home/Index/commen?class=%E6%96%B0%E9%97%BB%E4%B8%AD%E5%BF%83
INFO: [ app_init ] --START--
INFO: Run Behavior\BuildLiteBehavior [ RunTime:0.000029s ]
INFO: [ app_init ] --END-- [ RunTime:0.000669s ]

[ 2016-05-08T01:04:20+08:00 ] ::1 /hzaumba/index.php/Home/Index/commen?class=%E6%96%B0%E9%97%BB%E4%B8%AD%E5%BF%83
INFO: [ app_init ] --START--
INFO: Run Behavior\BuildLiteBehavior [ RunTime:0.000029s ]
INFO: [ app_init ] --END-- [ RunTime:0.000788s ]

[ 2016-05-08T01:04:27+08:00 ] ::1 /hzaumba/index.php/Home/Index/commen?class=%E6%96%B0%E9%97%BB%E4%B8%AD%E5%BF%83
INFO: [ app_init ] --START--
INFO: Run Behavior\BuildLiteBehavior [ RunTime:0.000036s ]
INFO: [ app_init ] --END-- [ RunTime:0.000871s ]

[ 2016-05-08T01:04:36+08:00 ] ::1 /hzaumba/index.php/Home/Index/commen?class=%E6%96%B0%E9%97%BB%E4%B8%AD%E5%BF%83
INFO: [ app_init ] --START--
INFO: Run Behavior\BuildLiteBehavior [ RunTime:0.000025s ]
INFO: [ app_init ] --END-- [ RunTime:0.000815s ]

[ 2016-05-08T01:04:44+08:00 ] ::1 /hzaumba/index.php/Home/Index/index
INFO: [ app_init ] --START--
INFO: Run Behavior\BuildLiteBehavior [ RunTime:0.000031s ]
INFO: [ app_init ] --END-- [ RunTime:0.000754s ]

[ 2016-05-08T01:04:46+08:00 ] ::1 /hzaumba/index.php/Home/Index/commen?class=%E6%8B%9B%E7%94%9F%E4%BF%A1%E6%81%AF
INFO: [ app_init ] --START--
INFO: Run Behavior\BuildLiteBehavior [ RunTime:0.000037s ]
INFO: [ app_init ] --END-- [ RunTime:0.000988s ]

[ 2016-05-08T01:04:56+08:00 ] ::1 /hzaumba/index.php/Home/Index/index
INFO: [ app_init ] --START--
INFO: Run Behavior\BuildLiteBehavior [ RunTime:0.000049s ]
INFO: [ app_init ] --END-- [ RunTime:0.001909s ]

[ 2016-05-08T01:04:58+08:00 ] ::1 /hzaumba/index.php/Home/Index/commen?class=%E6%96%B0%E9%97%BB%E4%B8%AD%E5%BF%83
INFO: [ app_init ] --START--
INFO: Run Behavior\BuildLiteBehavior [ RunTime:0.000032s ]
INFO: [ app_init ] --END-- [ RunTime:0.000690s ]

[ 2016-05-08T01:05:11+08:00 ] ::1 /hzaumba/index.php/home/index/commen/class/%E6%96%B0%E9%97%BB%E4%B8%AD%E5%BF%83/p/2.html
INFO: [ app_init ] --START--
INFO: Run Behavior\BuildLiteBehavior [ RunTime:0.000029s ]
INFO: [ app_init ] --END-- [ RunTime:0.000664s ]

[ 2016-05-08T01:05:52+08:00 ] ::1 /hzaumba/index.php/Home/Index/index
INFO: [ app_init ] --START--
INFO: Run Behavior\BuildLiteBehavior [ RunTime:0.000036s ]
INFO: [ app_init ] --END-- [ RunTime:0.001023s ]

[ 2016-05-08T01:05:55+08:00 ] ::1 /hzaumba/index.php/Home/Index/commen?class=%E6%96%B0%E9%97%BB%E4%B8%AD%E5%BF%83
INFO: [ app_init ] --START--
INFO: Run Behavior\BuildLiteBehavior [ RunTime:0.000090s ]
INFO: [ app_init ] --END-- [ RunTime:0.002338s ]

[ 2016-05-08T01:05:58+08:00 ] ::1 /hzaumba/index.php/home/index/commen/class/%E6%96%B0%E9%97%BB%E4%B8%AD%E5%BF%83/p/2.html
INFO: [ app_init ] --START--
INFO: Run Behavior\BuildLiteBehavior [ RunTime:0.000029s ]
INFO: [ app_init ] --END-- [ RunTime:0.000593s ]

[ 2016-05-08T01:06:11+08:00 ] ::1 /hzaumba/index.php/Home/Center/center
INFO: [ app_init ] --START--
INFO: Run Behavior\BuildLiteBehavior [ RunTime:0.000027s ]
INFO: [ app_init ] --END-- [ RunTime:0.000665s ]

[ 2016-05-08T01:06:12+08:00 ] ::1 /hzaumba/index.php/Home/Center/organization
INFO: [ app_init ] --START--
INFO: Run Behavior\BuildLiteBehavior [ RunTime:0.000029s ]
INFO: [ app_init ] --END-- [ RunTime:0.001087s ]

[ 2016-05-08T01:06:15+08:00 ] ::1 /hzaumba/index.php/Home/Center/center
INFO: [ app_init ] --START--
INFO: Run Behavior\BuildLiteBehavior [ RunTime:0.000035s ]
INFO: [ app_init ] --END-- [ RunTime:0.000785s ]

[ 2016-05-08T01:06:17+08:00 ] ::1 /hzaumba/index.php/Home/Center/edu
INFO: [ app_init ] --START--
INFO: Run Behavior\BuildLiteBehavior [ RunTime:0.000028s ]
INFO: [ app_init ] --END-- [ RunTime:0.001038s ]

