[ 2016-04-15T13:48:21+08:00 ] ::1 /hzaumba/
INFO: [ app_init ] --START--
INFO: Run Behavior\BuildLiteBehavior [ RunTime:0.000081s ]
INFO: [ app_init ] --END-- [ RunTime:0.002572s ]

[ 2016-04-15T13:49:46+08:00 ] ::1 /hzaumba/index.php/
INFO: [ app_init ] --START--
INFO: Run Behavior\BuildLiteBehavior [ RunTime:0.000031s ]
INFO: [ app_init ] --END-- [ RunTime:0.000870s ]

[ 2016-04-15T13:49:50+08:00 ] ::1 /hzaumba/index.php/Home/Index/information.html?hid=17
INFO: [ app_init ] --START--
INFO: Run Behavior\BuildLiteBehavior [ RunTime:0.000027s ]
INFO: [ app_init ] --END-- [ RunTime:0.000589s ]

[ 2016-04-15T13:56:48+08:00 ] ::1 /hzaumba/index.php/Home/Contact/contact
INFO: [ app_init ] --START--
INFO: Run Behavior\BuildLiteBehavior [ RunTime:0.000031s ]
INFO: [ app_init ] --END-- [ RunTime:0.000633s ]

[ 2016-04-15T13:57:03+08:00 ] ::1 /hzaumba/index.php/Home/Contact/contact
INFO: [ app_init ] --START--
INFO: Run Behavior\BuildLiteBehavior [ RunTime:0.000027s ]
INFO: [ app_init ] --END-- [ RunTime:0.000652s ]

[ 2016-04-15T13:57:32+08:00 ] ::1 /hzaumba/index.php/Home/Index/index
INFO: [ app_init ] --START--
INFO: Run Behavior\BuildLiteBehavior [ RunTime:0.000027s ]
INFO: [ app_init ] --END-- [ RunTime:0.000607s ]

[ 2016-04-15T13:57:34+08:00 ] ::1 /hzaumba/index.php/Home/Index/index
INFO: [ app_init ] --START--
INFO: Run Behavior\BuildLiteBehavior [ RunTime:0.000029s ]
INFO: [ app_init ] --END-- [ RunTime:0.000732s ]

[ 2016-04-15T13:57:41+08:00 ] ::1 /hzaumba/index.php/Home/Index/information.html?hid=17
INFO: [ app_init ] --START--
INFO: Run Behavior\BuildLiteBehavior [ RunTime:0.000029s ]
INFO: [ app_init ] --END-- [ RunTime:0.000853s ]

[ 2016-04-15T13:57:46+08:00 ] ::1 /hzaumba/index.php/Home/Index/index
INFO: [ app_init ] --START--
INFO: Run Behavior\BuildLiteBehavior [ RunTime:0.000031s ]
INFO: [ app_init ] --END-- [ RunTime:0.000908s ]

[ 2016-04-15T14:21:06+08:00 ] ::1 /hzaumba/index.php/Home/Index/information.html?hid=17
INFO: [ app_init ] --START--
INFO: Run Behavior\BuildLiteBehavior [ RunTime:0.000028s ]
INFO: [ app_init ] --END-- [ RunTime:0.000997s ]

