[ 2016-05-02T21:40:43+08:00 ] ::1 /hzaumba/
INFO: [ app_init ] --START--
INFO: Run Behavior\BuildLiteBehavior [ RunTime:0.000035s ]
INFO: [ app_init ] --END-- [ RunTime:0.001145s ]

[ 2016-05-02T21:40:46+08:00 ] ::1 /hzaumba/index.php/Home/Center/organization
INFO: [ app_init ] --START--
INFO: Run Behavior\BuildLiteBehavior [ RunTime:0.000031s ]
INFO: [ app_init ] --END-- [ RunTime:0.000683s ]

[ 2016-05-02T21:41:07+08:00 ] ::1 /hzaumba/index.php/Home/Center/organization
INFO: [ app_init ] --START--
INFO: Run Behavior\BuildLiteBehavior [ RunTime:0.000079s ]
INFO: [ app_init ] --END-- [ RunTime:0.001153s ]

[ 2016-05-02T21:43:00+08:00 ] ::1 /hzaumba/index.php/Home/Center/organization
INFO: [ app_init ] --START--
INFO: Run Behavior\BuildLiteBehavior [ RunTime:0.000032s ]
INFO: [ app_init ] --END-- [ RunTime:0.000640s ]

[ 2016-05-02T21:43:13+08:00 ] ::1 /hzaumba/index.php/Home/Center/organization
INFO: [ app_init ] --START--
INFO: Run Behavior\BuildLiteBehavior [ RunTime:0.000029s ]
INFO: [ app_init ] --END-- [ RunTime:0.000560s ]

[ 2016-05-02T21:43:30+08:00 ] ::1 /hzaumba/index.php/Home/Center/organization
INFO: [ app_init ] --START--
INFO: Run Behavior\BuildLiteBehavior [ RunTime:0.000027s ]
INFO: [ app_init ] --END-- [ RunTime:0.000746s ]

[ 2016-05-02T21:44:04+08:00 ] ::1 /hzaumba/index.php/Home/Center/organization
INFO: [ app_init ] --START--
INFO: Run Behavior\BuildLiteBehavior [ RunTime:0.000038s ]
INFO: [ app_init ] --END-- [ RunTime:0.000863s ]

[ 2016-05-02T21:44:14+08:00 ] ::1 /hzaumba/index.php/Home/Center/organization
INFO: [ app_init ] --START--
INFO: Run Behavior\BuildLiteBehavior [ RunTime:0.000029s ]
INFO: [ app_init ] --END-- [ RunTime:0.000578s ]

[ 2016-05-02T21:44:16+08:00 ] ::1 /hzaumba/index.php/Home/Center/organization
INFO: [ app_init ] --START--
INFO: Run Behavior\BuildLiteBehavior [ RunTime:0.000038s ]
INFO: [ app_init ] --END-- [ RunTime:0.000832s ]

[ 2016-05-02T21:44:16+08:00 ] ::1 /hzaumba/index.php/Home/Center/organization
INFO: [ app_init ] --START--
INFO: Run Behavior\BuildLiteBehavior [ RunTime:0.000028s ]
INFO: [ app_init ] --END-- [ RunTime:0.000933s ]

[ 2016-05-02T21:45:38+08:00 ] ::1 /hzaumba/index.php/Home/Index/index
INFO: [ app_init ] --START--
INFO: Run Behavior\BuildLiteBehavior [ RunTime:0.000028s ]
INFO: [ app_init ] --END-- [ RunTime:0.000714s ]

[ 2016-05-02T21:45:40+08:00 ] ::1 /hzaumba/index.php/Home/Index/information.html?hid=9
INFO: [ app_init ] --START--
INFO: Run Behavior\BuildLiteBehavior [ RunTime:0.000053s ]
INFO: [ app_init ] --END-- [ RunTime:0.001380s ]

[ 2016-05-02T21:45:50+08:00 ] ::1 /hzaumba/index.php/Home/Index/information.html?hid=9
INFO: [ app_init ] --START--
INFO: Run Behavior\BuildLiteBehavior [ RunTime:0.000070s ]
INFO: [ app_init ] --END-- [ RunTime:0.000824s ]

[ 2016-05-02T21:46:04+08:00 ] ::1 /hzaumba/index.php/Home/Index/information.html?hid=9
INFO: [ app_init ] --START--
INFO: Run Behavior\BuildLiteBehavior [ RunTime:0.000027s ]
INFO: [ app_init ] --END-- [ RunTime:0.000621s ]

[ 2016-05-02T21:46:36+08:00 ] ::1 /hzaumba/index.php/Home/Index/index
INFO: [ app_init ] --START--
INFO: Run Behavior\BuildLiteBehavior [ RunTime:0.000026s ]
INFO: [ app_init ] --END-- [ RunTime:0.000710s ]

[ 2016-05-02T21:46:45+08:00 ] ::1 /hzaumba/index.php/Home/Index/commen?class=%E9%80%9A%E7%9F%A5%E5%85%AC%E5%91%8A
INFO: [ app_init ] --START--
INFO: Run Behavior\BuildLiteBehavior [ RunTime:0.000031s ]
INFO: [ app_init ] --END-- [ RunTime:0.000708s ]

[ 2016-05-02T21:49:07+08:00 ] ::1 /hzaumba/index.php/Home/Index/index
INFO: [ app_init ] --START--
INFO: Run Behavior\BuildLiteBehavior [ RunTime:0.000049s ]
INFO: [ app_init ] --END-- [ RunTime:0.000896s ]

[ 2016-05-02T21:49:11+08:00 ] ::1 /hzaumba/index.php/Home/Index/information.html?hid=9
INFO: [ app_init ] --START--
INFO: Run Behavior\BuildLiteBehavior [ RunTime:0.000048s ]
INFO: [ app_init ] --END-- [ RunTime:0.000890s ]

[ 2016-05-02T21:50:13+08:00 ] ::1 /hzaumba/index.php/Home/Index/information.html?hid=9
INFO: [ app_init ] --START--
INFO: Run Behavior\BuildLiteBehavior [ RunTime:0.000028s ]
INFO: [ app_init ] --END-- [ RunTime:0.000605s ]

[ 2016-05-02T21:50:30+08:00 ] ::1 /hzaumba/index.php/Home/Index/index
INFO: [ app_init ] --START--
INFO: Run Behavior\BuildLiteBehavior [ RunTime:0.000027s ]
INFO: [ app_init ] --END-- [ RunTime:0.000642s ]

[ 2016-05-02T21:50:33+08:00 ] ::1 /hzaumba/index.php/Home/Center/center
INFO: [ app_init ] --START--
INFO: Run Behavior\BuildLiteBehavior [ RunTime:0.000029s ]
INFO: [ app_init ] --END-- [ RunTime:0.000578s ]

