[ 2016-04-06T00:36:00+08:00 ] ::1 /hzaumba/
INFO: [ app_init ] --START--
INFO: Run Behavior\BuildLiteBehavior [ RunTime:0.000027s ]
INFO: [ app_init ] --END-- [ RunTime:0.000671s ]

[ 2016-04-06T12:55:19+08:00 ] ::1 /hzaumba/
INFO: [ app_init ] --START--
INFO: Run Behavior\BuildLiteBehavior [ RunTime:0.000046s ]
INFO: [ app_init ] --END-- [ RunTime:0.001404s ]

[ 2016-04-06T13:00:06+08:00 ] ::1 /hzaumba/index.php/Home/Index/index
INFO: [ app_init ] --START--
INFO: Run Behavior\BuildLiteBehavior [ RunTime:0.000033s ]
INFO: [ app_init ] --END-- [ RunTime:0.000939s ]

[ 2016-04-06T13:09:18+08:00 ] ::1 /hzaumba/index.php/Home/Index/index
INFO: [ app_init ] --START--
INFO: Run Behavior\BuildLiteBehavior [ RunTime:0.000032s ]
INFO: [ app_init ] --END-- [ RunTime:0.000699s ]

[ 2016-04-06T13:09:39+08:00 ] ::1 /hzaumba/index.php/Home/Teacher/inschool
INFO: [ app_init ] --START--
INFO: Run Behavior\BuildLiteBehavior [ RunTime:0.000036s ]
INFO: [ app_init ] --END-- [ RunTime:0.000729s ]

[ 2016-04-06T13:10:38+08:00 ] ::1 /hzaumba/index.php/Home/Teacher/inschool
INFO: [ app_init ] --START--
INFO: Run Behavior\BuildLiteBehavior [ RunTime:0.000028s ]
INFO: [ app_init ] --END-- [ RunTime:0.000627s ]

[ 2016-04-06T13:12:15+08:00 ] ::1 /hzaumba/index.php/Home/Teacher/inschool
INFO: [ app_init ] --START--
INFO: Run Behavior\BuildLiteBehavior [ RunTime:0.000159s ]
INFO: [ app_init ] --END-- [ RunTime:0.001474s ]

[ 2016-04-06T13:12:23+08:00 ] ::1 /hzaumba/index.php/Home/Teacher/inschool
INFO: [ app_init ] --START--
INFO: Run Behavior\BuildLiteBehavior [ RunTime:0.000049s ]
INFO: [ app_init ] --END-- [ RunTime:0.001345s ]

[ 2016-04-06T13:13:09+08:00 ] ::1 /hzaumba/index.php/Home/Teacher/inschool
INFO: [ app_init ] --START--
INFO: Run Behavior\BuildLiteBehavior [ RunTime:0.000031s ]
INFO: [ app_init ] --END-- [ RunTime:0.000951s ]

[ 2016-04-06T13:13:36+08:00 ] ::1 /hzaumba/index.php/Home/Teacher/inschool
INFO: [ app_init ] --START--
INFO: Run Behavior\BuildLiteBehavior [ RunTime:0.000029s ]
INFO: [ app_init ] --END-- [ RunTime:0.000663s ]

[ 2016-04-06T13:14:04+08:00 ] ::1 /hzaumba/index.php/Home/Teacher/inschool
INFO: [ app_init ] --START--
INFO: Run Behavior\BuildLiteBehavior [ RunTime:0.000035s ]
INFO: [ app_init ] --END-- [ RunTime:0.000927s ]

[ 2016-04-06T13:14:17+08:00 ] ::1 /hzaumba/index.php/Home/Teacher/inschool
INFO: [ app_init ] --START--
INFO: Run Behavior\BuildLiteBehavior [ RunTime:0.000038s ]
INFO: [ app_init ] --END-- [ RunTime:0.000953s ]

[ 2016-04-06T13:14:28+08:00 ] ::1 /hzaumba/index.php/Home/Teacher/inschool
INFO: [ app_init ] --START--
INFO: Run Behavior\BuildLiteBehavior [ RunTime:0.000045s ]
INFO: [ app_init ] --END-- [ RunTime:0.001056s ]

[ 2016-04-06T13:14:35+08:00 ] ::1 /hzaumba/index.php/Home/Teacher/inschool
INFO: [ app_init ] --START--
INFO: Run Behavior\BuildLiteBehavior [ RunTime:0.000055s ]
INFO: [ app_init ] --END-- [ RunTime:0.001093s ]

[ 2016-04-06T13:14:41+08:00 ] ::1 /hzaumba/index.php/Home/Teacher/inschool
INFO: [ app_init ] --START--
INFO: Run Behavior\BuildLiteBehavior [ RunTime:0.000027s ]
INFO: [ app_init ] --END-- [ RunTime:0.001010s ]

[ 2016-04-06T13:15:06+08:00 ] ::1 /hzaumba/index.php/Home/Teacher/inschool
INFO: [ app_init ] --START--
INFO: Run Behavior\BuildLiteBehavior [ RunTime:0.000036s ]
INFO: [ app_init ] --END-- [ RunTime:0.000849s ]

[ 2016-04-06T13:15:14+08:00 ] ::1 /hzaumba/index.php/Home/Teacher/inschool
INFO: [ app_init ] --START--
INFO: Run Behavior\BuildLiteBehavior [ RunTime:0.000042s ]
INFO: [ app_init ] --END-- [ RunTime:0.000989s ]

[ 2016-04-06T13:15:23+08:00 ] ::1 /hzaumba/index.php/Home/Teacher/inschool
INFO: [ app_init ] --START--
INFO: Run Behavior\BuildLiteBehavior [ RunTime:0.000042s ]
INFO: [ app_init ] --END-- [ RunTime:0.001009s ]

[ 2016-04-06T13:15:29+08:00 ] ::1 /hzaumba/index.php/Home/Teacher/inschool
INFO: [ app_init ] --START--
INFO: Run Behavior\BuildLiteBehavior [ RunTime:0.000039s ]
INFO: [ app_init ] --END-- [ RunTime:0.000883s ]

[ 2016-04-06T13:15:37+08:00 ] ::1 /hzaumba/index.php/Home/Teacher/inschool
INFO: [ app_init ] --START--
INFO: Run Behavior\BuildLiteBehavior [ RunTime:0.000031s ]
INFO: [ app_init ] --END-- [ RunTime:0.000893s ]

[ 2016-04-06T13:15:41+08:00 ] ::1 /hzaumba/index.php/Home/Teacher/inschool
INFO: [ app_init ] --START--
INFO: Run Behavior\BuildLiteBehavior [ RunTime:0.000069s ]
INFO: [ app_init ] --END-- [ RunTime:0.001200s ]

[ 2016-04-06T13:15:51+08:00 ] ::1 /hzaumba/index.php/Home/Teacher/inschool
INFO: [ app_init ] --START--
INFO: Run Behavior\BuildLiteBehavior [ RunTime:0.000048s ]
INFO: [ app_init ] --END-- [ RunTime:0.001348s ]

[ 2016-04-06T13:16:00+08:00 ] ::1 /hzaumba/index.php/Home/Teacher/inschool
INFO: [ app_init ] --START--
INFO: Run Behavior\BuildLiteBehavior [ RunTime:0.000026s ]
INFO: [ app_init ] --END-- [ RunTime:0.000608s ]

[ 2016-04-06T13:16:24+08:00 ] ::1 /hzaumba/index.php/Home/Teacher/inschool
INFO: [ app_init ] --START--
INFO: Run Behavior\BuildLiteBehavior [ RunTime:0.000029s ]
INFO: [ app_init ] --END-- [ RunTime:0.000876s ]

[ 2016-04-06T13:16:28+08:00 ] ::1 /hzaumba/index.php/Home/Teacher/inschool
INFO: [ app_init ] --START--
INFO: Run Behavior\BuildLiteBehavior [ RunTime:0.000046s ]
INFO: [ app_init ] --END-- [ RunTime:0.001161s ]

[ 2016-04-06T13:16:31+08:00 ] ::1 /hzaumba/index.php/Home/Teacher/inschool
INFO: [ app_init ] --START--
INFO: Run Behavior\BuildLiteBehavior [ RunTime:0.000042s ]
INFO: [ app_init ] --END-- [ RunTime:0.001219s ]

[ 2016-04-06T13:18:07+08:00 ] ::1 /hzaumba/index.php/Home/Teacher/inschool
INFO: [ app_init ] --START--
INFO: Run Behavior\BuildLiteBehavior [ RunTime:0.000043s ]
INFO: [ app_init ] --END-- [ RunTime:0.001127s ]

[ 2016-04-06T13:18:16+08:00 ] ::1 /hzaumba/index.php/Home/Teacher/inschool
INFO: [ app_init ] --START--
INFO: Run Behavior\BuildLiteBehavior [ RunTime:0.000029s ]
INFO: [ app_init ] --END-- [ RunTime:0.000700s ]

[ 2016-04-06T13:18:28+08:00 ] ::1 /hzaumba/index.php/Home/Teacher/inschool
INFO: [ app_init ] --START--
INFO: Run Behavior\BuildLiteBehavior [ RunTime:0.000044s ]
INFO: [ app_init ] --END-- [ RunTime:0.001233s ]

[ 2016-04-06T13:18:35+08:00 ] ::1 /hzaumba/index.php/Home/Teacher/inschool
INFO: [ app_init ] --START--
INFO: Run Behavior\BuildLiteBehavior [ RunTime:0.000045s ]
INFO: [ app_init ] --END-- [ RunTime:0.001196s ]

[ 2016-04-06T13:18:40+08:00 ] ::1 /hzaumba/index.php/Home/Teacher/inschool
INFO: [ app_init ] --START--
INFO: Run Behavior\BuildLiteBehavior [ RunTime:0.000039s ]
INFO: [ app_init ] --END-- [ RunTime:0.000921s ]

[ 2016-04-06T13:18:50+08:00 ] ::1 /hzaumba/index.php/Home/Teacher/inschool
INFO: [ app_init ] --START--
INFO: Run Behavior\BuildLiteBehavior [ RunTime:0.000034s ]
INFO: [ app_init ] --END-- [ RunTime:0.000748s ]

[ 2016-04-06T13:19:13+08:00 ] ::1 /hzaumba/index.php/Home/Teacher/inschool
INFO: [ app_init ] --START--
INFO: Run Behavior\BuildLiteBehavior [ RunTime:0.000026s ]
INFO: [ app_init ] --END-- [ RunTime:0.000733s ]

[ 2016-04-06T13:19:45+08:00 ] ::1 /hzaumba/index.php/Home/Teacher/inschool
INFO: [ app_init ] --START--
INFO: Run Behavior\BuildLiteBehavior [ RunTime:0.000028s ]
INFO: [ app_init ] --END-- [ RunTime:0.000668s ]

[ 2016-04-06T13:19:53+08:00 ] ::1 /hzaumba/index.php/Home/Teacher/inschool
INFO: [ app_init ] --START--
INFO: Run Behavior\BuildLiteBehavior [ RunTime:0.000034s ]
INFO: [ app_init ] --END-- [ RunTime:0.000856s ]

[ 2016-04-06T13:19:59+08:00 ] ::1 /hzaumba/index.php/Home/Teacher/inschool
INFO: [ app_init ] --START--
INFO: Run Behavior\BuildLiteBehavior [ RunTime:0.000045s ]
INFO: [ app_init ] --END-- [ RunTime:0.001335s ]

[ 2016-04-06T13:20:29+08:00 ] ::1 /hzaumba/index.php/Home/Teacher/inschool
INFO: [ app_init ] --START--
INFO: Run Behavior\BuildLiteBehavior [ RunTime:0.000117s ]
INFO: [ app_init ] --END-- [ RunTime:0.001158s ]

[ 2016-04-06T13:20:43+08:00 ] ::1 /hzaumba/index.php/Home/Teacher/inschool
INFO: [ app_init ] --START--
INFO: Run Behavior\BuildLiteBehavior [ RunTime:0.000038s ]
INFO: [ app_init ] --END-- [ RunTime:0.000974s ]

[ 2016-04-06T13:20:51+08:00 ] ::1 /hzaumba/index.php/Home/Teacher/inschool
INFO: [ app_init ] --START--
INFO: Run Behavior\BuildLiteBehavior [ RunTime:0.000041s ]
INFO: [ app_init ] --END-- [ RunTime:0.001030s ]

[ 2016-04-06T13:21:03+08:00 ] ::1 /hzaumba/index.php/Home/Teacher/inschool
INFO: [ app_init ] --START--
INFO: Run Behavior\BuildLiteBehavior [ RunTime:0.000047s ]
INFO: [ app_init ] --END-- [ RunTime:0.001061s ]

[ 2016-04-06T13:21:45+08:00 ] ::1 /hzaumba/index.php/Home/Teacher/inschool
INFO: [ app_init ] --START--
INFO: Run Behavior\BuildLiteBehavior [ RunTime:0.000028s ]
INFO: [ app_init ] --END-- [ RunTime:0.000589s ]

[ 2016-04-06T13:22:03+08:00 ] ::1 /hzaumba/index.php/Home/Teacher/inschool
INFO: [ app_init ] --START--
INFO: Run Behavior\BuildLiteBehavior [ RunTime:0.000046s ]
INFO: [ app_init ] --END-- [ RunTime:0.001192s ]

[ 2016-04-06T13:25:49+08:00 ] ::1 /hzaumba/index.php/Home/Teacher/inschool
INFO: [ app_init ] --START--
INFO: Run Behavior\BuildLiteBehavior [ RunTime:0.000027s ]
INFO: [ app_init ] --END-- [ RunTime:0.000901s ]

