[ 2016-05-07T19:03:32+08:00 ] ::1 /hzaumba/
INFO: [ app_init ] --START--
INFO: Run Behavior\BuildLiteBehavior [ RunTime:0.000053s ]
INFO: [ app_init ] --END-- [ RunTime:0.002985s ]

[ 2016-05-07T19:04:04+08:00 ] ::1 /hzaumba/index.php/Home/Center/organization
INFO: [ app_init ] --START--
INFO: Run Behavior\BuildLiteBehavior [ RunTime:0.000030s ]
INFO: [ app_init ] --END-- [ RunTime:0.000760s ]

[ 2016-05-07T19:04:53+08:00 ] ::1 /hzaumba/index.php/Home/Center/organization
INFO: [ app_init ] --START--
INFO: Run Behavior\BuildLiteBehavior [ RunTime:0.000033s ]
INFO: [ app_init ] --END-- [ RunTime:0.000716s ]

[ 2016-05-07T19:05:13+08:00 ] ::1 /hzaumba/index.php/Home/Center/organization
INFO: [ app_init ] --START--
INFO: Run Behavior\BuildLiteBehavior [ RunTime:0.000037s ]
INFO: [ app_init ] --END-- [ RunTime:0.000852s ]

[ 2016-05-07T19:06:07+08:00 ] ::1 /hzaumba/index.php/Home/Center/organization
INFO: [ app_init ] --START--
INFO: Run Behavior\BuildLiteBehavior [ RunTime:0.000061s ]
INFO: [ app_init ] --END-- [ RunTime:0.001934s ]

[ 2016-05-07T19:06:08+08:00 ] ::1 /hzaumba/index.php/Home/Center/organization
INFO: [ app_init ] --START--
INFO: Run Behavior\BuildLiteBehavior [ RunTime:0.000031s ]
INFO: [ app_init ] --END-- [ RunTime:0.000904s ]

[ 2016-05-07T19:06:10+08:00 ] ::1 /hzaumba/index.php/Home/Center/organization
INFO: [ app_init ] --START--
INFO: Run Behavior\BuildLiteBehavior [ RunTime:0.000031s ]
INFO: [ app_init ] --END-- [ RunTime:0.000803s ]

[ 2016-05-07T19:06:25+08:00 ] ::1 /hzaumba/index.php/Home/Career/career
INFO: [ app_init ] --START--
INFO: Run Behavior\BuildLiteBehavior [ RunTime:0.000029s ]
INFO: [ app_init ] --END-- [ RunTime:0.000839s ]

[ 2016-05-07T19:11:29+08:00 ] ::1 /hzaumba/index.php/Home/Index/index
INFO: [ app_init ] --START--
INFO: Run Behavior\BuildLiteBehavior [ RunTime:0.000027s ]
INFO: [ app_init ] --END-- [ RunTime:0.000741s ]

[ 2016-05-07T19:11:30+08:00 ] ::1 /hzaumba/index.php/Home/Index/information.html?hid=17
INFO: [ app_init ] --START--
INFO: Run Behavior\BuildLiteBehavior [ RunTime:0.000026s ]
INFO: [ app_init ] --END-- [ RunTime:0.000954s ]

[ 2016-05-07T19:11:36+08:00 ] ::1 /hzaumba/index.php/Home/Index/information.html?hid=9
INFO: [ app_init ] --START--
INFO: Run Behavior\BuildLiteBehavior [ RunTime:0.000063s ]
INFO: [ app_init ] --END-- [ RunTime:0.001803s ]

[ 2016-05-07T19:11:40+08:00 ] ::1 /hzaumba/index.php/Home/Index/information.html?hid=10
INFO: [ app_init ] --START--
INFO: Run Behavior\BuildLiteBehavior [ RunTime:0.000029s ]
INFO: [ app_init ] --END-- [ RunTime:0.000599s ]

[ 2016-05-07T19:11:46+08:00 ] ::1 /hzaumba/index.php/Home/Index/commen?class=%E6%95%99%E5%8A%A1%E4%BF%A1%E6%81%AF
INFO: [ app_init ] --START--
INFO: Run Behavior\BuildLiteBehavior [ RunTime:0.000029s ]
INFO: [ app_init ] --END-- [ RunTime:0.000556s ]

[ 2016-05-07T19:11:56+08:00 ] ::1 /hzaumba/index.php/Home/Index/commen?class=%E9%80%9A%E7%9F%A5%E5%85%AC%E5%91%8A
INFO: [ app_init ] --START--
INFO: Run Behavior\BuildLiteBehavior [ RunTime:0.000025s ]
INFO: [ app_init ] --END-- [ RunTime:0.000757s ]

[ 2016-05-07T19:12:13+08:00 ] ::1 /hzaumba/index.php/Home/Index/download
INFO: [ app_init ] --START--
INFO: Run Behavior\BuildLiteBehavior [ RunTime:0.000026s ]
INFO: [ app_init ] --END-- [ RunTime:0.000747s ]

[ 2016-05-07T19:12:26+08:00 ] ::1 /hzaumba/index.php/Home/Index/download
INFO: [ app_init ] --START--
INFO: Run Behavior\BuildLiteBehavior [ RunTime:0.000033s ]
INFO: [ app_init ] --END-- [ RunTime:0.000707s ]

[ 2016-05-07T19:12:33+08:00 ] ::1 /hzaumba/index.php/Home/Index/download
INFO: [ app_init ] --START--
INFO: Run Behavior\BuildLiteBehavior [ RunTime:0.000031s ]
INFO: [ app_init ] --END-- [ RunTime:0.001023s ]

[ 2016-05-07T19:12:37+08:00 ] ::1 /hzaumba/index.php/Home/Index/download
INFO: [ app_init ] --START--
INFO: Run Behavior\BuildLiteBehavior [ RunTime:0.000032s ]
INFO: [ app_init ] --END-- [ RunTime:0.000706s ]

[ 2016-05-07T19:12:41+08:00 ] ::1 /hzaumba/index.php/Home/Index/download
INFO: [ app_init ] --START--
INFO: Run Behavior\BuildLiteBehavior [ RunTime:0.000037s ]
INFO: [ app_init ] --END-- [ RunTime:0.000851s ]

[ 2016-05-07T19:12:52+08:00 ] ::1 /hzaumba/index.php/home/index/download/p/2.html
INFO: [ app_init ] --START--
INFO: Run Behavior\BuildLiteBehavior [ RunTime:0.000026s ]
INFO: [ app_init ] --END-- [ RunTime:0.000562s ]

[ 2016-05-07T19:12:54+08:00 ] ::1 /hzaumba/index.php/home/index/download/p/1.html
INFO: [ app_init ] --START--
INFO: Run Behavior\BuildLiteBehavior [ RunTime:0.000026s ]
INFO: [ app_init ] --END-- [ RunTime:0.000591s ]

[ 2016-05-07T19:13:14+08:00 ] ::1 /hzaumba/index.php/Home/Index/index
INFO: [ app_init ] --START--
INFO: Run Behavior\BuildLiteBehavior [ RunTime:0.000026s ]
INFO: [ app_init ] --END-- [ RunTime:0.000643s ]

[ 2016-05-07T19:13:16+08:00 ] ::1 /hzaumba/index.php/Home/Index/link
INFO: [ app_init ] --START--
INFO: Run Behavior\BuildLiteBehavior [ RunTime:0.000030s ]
INFO: [ app_init ] --END-- [ RunTime:0.000686s ]

[ 2016-05-07T19:13:23+08:00 ] ::1 /hzaumba/index.php/Home/Index/link
INFO: [ app_init ] --START--
INFO: Run Behavior\BuildLiteBehavior [ RunTime:0.000025s ]
INFO: [ app_init ] --END-- [ RunTime:0.000688s ]

[ 2016-05-07T19:13:35+08:00 ] ::1 /hzaumba/index.php/Home/Index/commen?class=%E6%95%99%E5%8A%A1%E4%BF%A1%E6%81%AF
INFO: [ app_init ] --START--
INFO: Run Behavior\BuildLiteBehavior [ RunTime:0.000046s ]
INFO: [ app_init ] --END-- [ RunTime:0.000816s ]

[ 2016-05-07T19:14:03+08:00 ] ::1 /hzaumba/index.php/Home/Index/information.html?hid=11
INFO: [ app_init ] --START--
INFO: Run Behavior\BuildLiteBehavior [ RunTime:0.000037s ]
INFO: [ app_init ] --END-- [ RunTime:0.000700s ]

[ 2016-05-07T19:14:23+08:00 ] ::1 /hzaumba/index.php/Home/Index/index
INFO: [ app_init ] --START--
INFO: Run Behavior\BuildLiteBehavior [ RunTime:0.000026s ]
INFO: [ app_init ] --END-- [ RunTime:0.000702s ]

[ 2016-05-07T19:14:31+08:00 ] ::1 /hzaumba/index.php/Home/Index/commen?class=%E6%8B%9B%E7%94%9F%E4%BF%A1%E6%81%AF
INFO: [ app_init ] --START--
INFO: Run Behavior\BuildLiteBehavior [ RunTime:0.000027s ]
INFO: [ app_init ] --END-- [ RunTime:0.000870s ]

[ 2016-05-07T19:16:36+08:00 ] ::1 /hzaumba/index.php/Home/Career/career
INFO: [ app_init ] --START--
INFO: Run Behavior\BuildLiteBehavior [ RunTime:0.000027s ]
INFO: [ app_init ] --END-- [ RunTime:0.000795s ]

[ 2016-05-07T21:19:30+08:00 ] ::1 /hzaumba/index.php/Home/Contact/contact
INFO: [ app_init ] --START--
INFO: Run Behavior\BuildLiteBehavior [ RunTime:0.000031s ]
INFO: [ app_init ] --END-- [ RunTime:0.000719s ]

[ 2016-05-07T21:20:02+08:00 ] ::1 /hzaumba/index.php/Home/Contact/contact
INFO: [ app_init ] --START--
INFO: Run Behavior\BuildLiteBehavior [ RunTime:0.000040s ]
INFO: [ app_init ] --END-- [ RunTime:0.000865s ]

[ 2016-05-07T21:21:53+08:00 ] ::1 /hzaumba/index.php/Home/Contact/contact
INFO: [ app_init ] --START--
INFO: Run Behavior\BuildLiteBehavior [ RunTime:0.000071s ]
INFO: [ app_init ] --END-- [ RunTime:0.001139s ]

[ 2016-05-07T21:22:10+08:00 ] ::1 /hzaumba/index.php/Home/Contact/contact
INFO: [ app_init ] --START--
INFO: Run Behavior\BuildLiteBehavior [ RunTime:0.000040s ]
INFO: [ app_init ] --END-- [ RunTime:0.000944s ]

[ 2016-05-07T21:22:43+08:00 ] ::1 /hzaumba/index.php/Home/Contact/contact
INFO: [ app_init ] --START--
INFO: Run Behavior\BuildLiteBehavior [ RunTime:0.000042s ]
INFO: [ app_init ] --END-- [ RunTime:0.000945s ]

[ 2016-05-07T21:23:22+08:00 ] ::1 /hzaumba/index.php/Home/Contact/contact
INFO: [ app_init ] --START--
INFO: Run Behavior\BuildLiteBehavior [ RunTime:0.000064s ]
INFO: [ app_init ] --END-- [ RunTime:0.000822s ]

[ 2016-05-07T21:23:53+08:00 ] ::1 /hzaumba/index.php/Home/Contact/contact
INFO: [ app_init ] --START--
INFO: Run Behavior\BuildLiteBehavior [ RunTime:0.000035s ]
INFO: [ app_init ] --END-- [ RunTime:0.001437s ]

[ 2016-05-07T21:26:06+08:00 ] ::1 /hzaumba/index.php/Home/Contact/contact
INFO: [ app_init ] --START--
INFO: Run Behavior\BuildLiteBehavior [ RunTime:0.000026s ]
INFO: [ app_init ] --END-- [ RunTime:0.000588s ]

[ 2016-05-07T21:27:38+08:00 ] ::1 /hzaumba/index.php/Home/Contact/contact
INFO: [ app_init ] --START--
INFO: Run Behavior\BuildLiteBehavior [ RunTime:0.000035s ]
INFO: [ app_init ] --END-- [ RunTime:0.000944s ]

[ 2016-05-07T21:28:02+08:00 ] ::1 /hzaumba/index.php/Home/Contact/contact
INFO: [ app_init ] --START--
INFO: Run Behavior\BuildLiteBehavior [ RunTime:0.000035s ]
INFO: [ app_init ] --END-- [ RunTime:0.000748s ]

[ 2016-05-07T21:28:17+08:00 ] ::1 /hzaumba/index.php/Home/Contact/contact
INFO: [ app_init ] --START--
INFO: Run Behavior\BuildLiteBehavior [ RunTime:0.000025s ]
INFO: [ app_init ] --END-- [ RunTime:0.000569s ]

[ 2016-05-07T21:28:29+08:00 ] ::1 /hzaumba/index.php/Home/Contact/contact
INFO: [ app_init ] --START--
INFO: Run Behavior\BuildLiteBehavior [ RunTime:0.000044s ]
INFO: [ app_init ] --END-- [ RunTime:0.001007s ]

[ 2016-05-07T21:28:57+08:00 ] ::1 /hzaumba/index.php/Home/Contact/contact
INFO: [ app_init ] --START--
INFO: Run Behavior\BuildLiteBehavior [ RunTime:0.000081s ]
INFO: [ app_init ] --END-- [ RunTime:0.001408s ]

[ 2016-05-07T21:29:09+08:00 ] ::1 /hzaumba/index.php/Home/Contact/contact
INFO: [ app_init ] --START--
INFO: Run Behavior\BuildLiteBehavior [ RunTime:0.000030s ]
INFO: [ app_init ] --END-- [ RunTime:0.000766s ]

[ 2016-05-07T21:29:16+08:00 ] ::1 /hzaumba/index.php/Home/Contact/contact
INFO: [ app_init ] --START--
INFO: Run Behavior\BuildLiteBehavior [ RunTime:0.000026s ]
INFO: [ app_init ] --END-- [ RunTime:0.000599s ]

[ 2016-05-07T21:29:34+08:00 ] ::1 /hzaumba/index.php/Home/Contact/contact
INFO: [ app_init ] --START--
INFO: Run Behavior\BuildLiteBehavior [ RunTime:0.000026s ]
INFO: [ app_init ] --END-- [ RunTime:0.000636s ]

[ 2016-05-07T21:29:40+08:00 ] ::1 /hzaumba/index.php/Home/Center/organization
INFO: [ app_init ] --START--
INFO: Run Behavior\BuildLiteBehavior [ RunTime:0.000027s ]
INFO: [ app_init ] --END-- [ RunTime:0.000504s ]

[ 2016-05-07T21:29:47+08:00 ] ::1 /hzaumba/index.php/Home/Center/edu
INFO: [ app_init ] --START--
INFO: Run Behavior\BuildLiteBehavior [ RunTime:0.000031s ]
INFO: [ app_init ] --END-- [ RunTime:0.000758s ]

[ 2016-05-07T21:29:50+08:00 ] ::1 /hzaumba/index.php/Home/Center/center
INFO: [ app_init ] --START--
INFO: Run Behavior\BuildLiteBehavior [ RunTime:0.000031s ]
INFO: [ app_init ] --END-- [ RunTime:0.000747s ]

[ 2016-05-07T21:29:51+08:00 ] ::1 /hzaumba/index.php/Home/Teacher/inschool
INFO: [ app_init ] --START--
INFO: Run Behavior\BuildLiteBehavior [ RunTime:0.000033s ]
INFO: [ app_init ] --END-- [ RunTime:0.000608s ]

[ 2016-05-07T21:30:42+08:00 ] ::1 /hzaumba/index.php/Home/Teacher/inschool
INFO: [ app_init ] --START--
INFO: Run Behavior\BuildLiteBehavior [ RunTime:0.000033s ]
INFO: [ app_init ] --END-- [ RunTime:0.000756s ]

[ 2016-05-07T21:30:54+08:00 ] ::1 /hzaumba/index.php/Home/Teacher/inschool
INFO: [ app_init ] --START--
INFO: Run Behavior\BuildLiteBehavior [ RunTime:0.000053s ]
INFO: [ app_init ] --END-- [ RunTime:0.001133s ]

[ 2016-05-07T21:31:10+08:00 ] ::1 /hzaumba/index.php/Home/Teacher/inschool
INFO: [ app_init ] --START--
INFO: Run Behavior\BuildLiteBehavior [ RunTime:0.000036s ]
INFO: [ app_init ] --END-- [ RunTime:0.000752s ]

[ 2016-05-07T21:31:30+08:00 ] ::1 /hzaumba/index.php/Home/Teacher/inschool
INFO: [ app_init ] --START--
INFO: Run Behavior\BuildLiteBehavior [ RunTime:0.000034s ]
INFO: [ app_init ] --END-- [ RunTime:0.000761s ]

[ 2016-05-07T21:31:35+08:00 ] ::1 /hzaumba/index.php/Home/Center/organization
INFO: [ app_init ] --START--
INFO: Run Behavior\BuildLiteBehavior [ RunTime:0.000027s ]
INFO: [ app_init ] --END-- [ RunTime:0.000548s ]

[ 2016-05-07T21:31:37+08:00 ] ::1 /hzaumba/index.php/Home/Center/edu
INFO: [ app_init ] --START--
INFO: Run Behavior\BuildLiteBehavior [ RunTime:0.000029s ]
INFO: [ app_init ] --END-- [ RunTime:0.000671s ]

[ 2016-05-07T21:31:39+08:00 ] ::1 /hzaumba/index.php/Home/Contact/contact
INFO: [ app_init ] --START--
INFO: Run Behavior\BuildLiteBehavior [ RunTime:0.000046s ]
INFO: [ app_init ] --END-- [ RunTime:0.000743s ]

[ 2016-05-07T21:31:41+08:00 ] ::1 /hzaumba/index.php/Home/Contact/contact
INFO: [ app_init ] --START--
INFO: Run Behavior\BuildLiteBehavior [ RunTime:0.000036s ]
INFO: [ app_init ] --END-- [ RunTime:0.001074s ]

[ 2016-05-07T21:31:47+08:00 ] ::1 /hzaumba/index.php/Home/MbaUnion/zhangcheng
INFO: [ app_init ] --START--
INFO: Run Behavior\BuildLiteBehavior [ RunTime:0.000026s ]
INFO: [ app_init ] --END-- [ RunTime:0.000620s ]

[ 2016-05-07T21:32:00+08:00 ] ::1 /hzaumba/index.php/Home/Center/center
INFO: [ app_init ] --START--
INFO: Run Behavior\BuildLiteBehavior [ RunTime:0.000033s ]
INFO: [ app_init ] --END-- [ RunTime:0.000696s ]

[ 2016-05-07T21:32:02+08:00 ] ::1 /hzaumba/index.php/Home/MbaUnion/zhangcheng
INFO: [ app_init ] --START--
INFO: Run Behavior\BuildLiteBehavior [ RunTime:0.000028s ]
INFO: [ app_init ] --END-- [ RunTime:0.000589s ]

[ 2016-05-07T21:32:03+08:00 ] ::1 /hzaumba/index.php/Home/Introduce/mbaprj
INFO: [ app_init ] --START--
INFO: Run Behavior\BuildLiteBehavior [ RunTime:0.000026s ]
INFO: [ app_init ] --END-- [ RunTime:0.000567s ]

[ 2016-05-07T21:32:05+08:00 ] ::1 /hzaumba/index.php/Home/Teacher/inschool
INFO: [ app_init ] --START--
INFO: Run Behavior\BuildLiteBehavior [ RunTime:0.000036s ]
INFO: [ app_init ] --END-- [ RunTime:0.000743s ]

[ 2016-05-07T21:32:44+08:00 ] ::1 /hzaumba/index.php/Home/Center/center
INFO: [ app_init ] --START--
INFO: Run Behavior\BuildLiteBehavior [ RunTime:0.000027s ]
INFO: [ app_init ] --END-- [ RunTime:0.000618s ]

[ 2016-05-07T21:33:04+08:00 ] ::1 /hzaumba/index.php/Home/Center/edu
INFO: [ app_init ] --START--
INFO: Run Behavior\BuildLiteBehavior [ RunTime:0.000028s ]
INFO: [ app_init ] --END-- [ RunTime:0.000736s ]

[ 2016-05-07T21:34:21+08:00 ] ::1 /hzaumba/index.php/Home/Center/edu
INFO: [ app_init ] --START--
INFO: Run Behavior\BuildLiteBehavior [ RunTime:0.000032s ]
INFO: [ app_init ] --END-- [ RunTime:0.000640s ]

[ 2016-05-07T21:34:37+08:00 ] ::1 /hzaumba/index.php/Home/Center/edu
INFO: [ app_init ] --START--
INFO: Run Behavior\BuildLiteBehavior [ RunTime:0.000042s ]
INFO: [ app_init ] --END-- [ RunTime:0.000948s ]

[ 2016-05-07T21:35:31+08:00 ] ::1 /hzaumba/index.php/Home/Center/edu
INFO: [ app_init ] --START--
INFO: Run Behavior\BuildLiteBehavior [ RunTime:0.000025s ]
INFO: [ app_init ] --END-- [ RunTime:0.000600s ]

[ 2016-05-07T21:35:46+08:00 ] ::1 /hzaumba/index.php/Home/Center/center
INFO: [ app_init ] --START--
INFO: Run Behavior\BuildLiteBehavior [ RunTime:0.000031s ]
INFO: [ app_init ] --END-- [ RunTime:0.000809s ]

[ 2016-05-07T21:35:48+08:00 ] ::1 /hzaumba/index.php/Home/Introduce/mbaprj
INFO: [ app_init ] --START--
INFO: Run Behavior\BuildLiteBehavior [ RunTime:0.000030s ]
INFO: [ app_init ] --END-- [ RunTime:0.000852s ]

[ 2016-05-07T21:36:17+08:00 ] ::1 /hzaumba/index.php/Home/Introduce/mbaprj
INFO: [ app_init ] --START--
INFO: Run Behavior\BuildLiteBehavior [ RunTime:0.000026s ]
INFO: [ app_init ] --END-- [ RunTime:0.000875s ]

[ 2016-05-07T21:36:29+08:00 ] ::1 /hzaumba/index.php/Home/Center/center
INFO: [ app_init ] --START--
INFO: Run Behavior\BuildLiteBehavior [ RunTime:0.000027s ]
INFO: [ app_init ] --END-- [ RunTime:0.000819s ]

[ 2016-05-07T21:36:31+08:00 ] ::1 /hzaumba/index.php/Home/Center/organization
INFO: [ app_init ] --START--
INFO: Run Behavior\BuildLiteBehavior [ RunTime:0.000033s ]
INFO: [ app_init ] --END-- [ RunTime:0.000773s ]

[ 2016-05-07T21:37:08+08:00 ] ::1 /hzaumba/index.php/Home/Center/organization
INFO: [ app_init ] --START--
INFO: Run Behavior\BuildLiteBehavior [ RunTime:0.000024s ]
INFO: [ app_init ] --END-- [ RunTime:0.000600s ]

[ 2016-05-07T21:38:56+08:00 ] ::1 /hzaumba/index.php/Home/Center/organization
INFO: [ app_init ] --START--
INFO: Run Behavior\BuildLiteBehavior [ RunTime:0.000032s ]
INFO: [ app_init ] --END-- [ RunTime:0.000728s ]

[ 2016-05-07T21:39:09+08:00 ] ::1 /hzaumba/index.php/Home/Center/organization
INFO: [ app_init ] --START--
INFO: Run Behavior\BuildLiteBehavior [ RunTime:0.000038s ]
INFO: [ app_init ] --END-- [ RunTime:0.000887s ]

[ 2016-05-07T21:39:56+08:00 ] ::1 /hzaumba/index.php/Home/Center/organization
INFO: [ app_init ] --START--
INFO: Run Behavior\BuildLiteBehavior [ RunTime:0.000034s ]
INFO: [ app_init ] --END-- [ RunTime:0.000654s ]

[ 2016-05-07T21:39:57+08:00 ] ::1 /hzaumba/index.php/Home/Center/organization
INFO: [ app_init ] --START--
INFO: Run Behavior\BuildLiteBehavior [ RunTime:0.000027s ]
INFO: [ app_init ] --END-- [ RunTime:0.000550s ]

[ 2016-05-07T21:40:07+08:00 ] ::1 /hzaumba/index.php/Home/Center/organization
INFO: [ app_init ] --START--
INFO: Run Behavior\BuildLiteBehavior [ RunTime:0.000048s ]
INFO: [ app_init ] --END-- [ RunTime:0.001055s ]

[ 2016-05-07T21:40:42+08:00 ] ::1 /hzaumba/index.php/Home/Center/organization
INFO: [ app_init ] --START--
INFO: Run Behavior\BuildLiteBehavior [ RunTime:0.000038s ]
INFO: [ app_init ] --END-- [ RunTime:0.000785s ]

[ 2016-05-07T21:41:21+08:00 ] ::1 /hzaumba/index.php/Home/Center/organization
INFO: [ app_init ] --START--
INFO: Run Behavior\BuildLiteBehavior [ RunTime:0.000028s ]
INFO: [ app_init ] --END-- [ RunTime:0.000602s ]

[ 2016-05-07T21:41:37+08:00 ] ::1 /hzaumba/index.php/Home/Center/organization
INFO: [ app_init ] --START--
INFO: Run Behavior\BuildLiteBehavior [ RunTime:0.000047s ]
INFO: [ app_init ] --END-- [ RunTime:0.000708s ]

[ 2016-05-07T21:41:43+08:00 ] ::1 /hzaumba/index.php/Home/Center/organization
INFO: [ app_init ] --START--
INFO: Run Behavior\BuildLiteBehavior [ RunTime:0.000036s ]
INFO: [ app_init ] --END-- [ RunTime:0.000790s ]

[ 2016-05-07T21:42:02+08:00 ] ::1 /hzaumba/index.php/Home/Center/edu
INFO: [ app_init ] --START--
INFO: Run Behavior\BuildLiteBehavior [ RunTime:0.000088s ]
INFO: [ app_init ] --END-- [ RunTime:0.001243s ]

[ 2016-05-07T21:42:05+08:00 ] ::1 /hzaumba/index.php/Home/Introduce/edpprj
INFO: [ app_init ] --START--
INFO: Run Behavior\BuildLiteBehavior [ RunTime:0.000044s ]
INFO: [ app_init ] --END-- [ RunTime:0.000837s ]

[ 2016-05-07T21:42:07+08:00 ] ::1 /hzaumba/index.php/Home/Teacher/outschool
INFO: [ app_init ] --START--
INFO: Run Behavior\BuildLiteBehavior [ RunTime:0.000029s ]
INFO: [ app_init ] --END-- [ RunTime:0.000743s ]

[ 2016-05-07T21:42:08+08:00 ] ::1 /hzaumba/index.php/Home/Introduce/mbaprj
INFO: [ app_init ] --START--
INFO: Run Behavior\BuildLiteBehavior [ RunTime:0.000033s ]
INFO: [ app_init ] --END-- [ RunTime:0.000668s ]

[ 2016-05-07T21:42:12+08:00 ] ::1 /hzaumba/index.php/Home/Contact/contact
INFO: [ app_init ] --START--
INFO: Run Behavior\BuildLiteBehavior [ RunTime:0.000029s ]
INFO: [ app_init ] --END-- [ RunTime:0.000658s ]

[ 2016-05-07T21:42:17+08:00 ] ::1 /hzaumba/index.php/Home/Index/index
INFO: [ app_init ] --START--
INFO: Run Behavior\BuildLiteBehavior [ RunTime:0.000064s ]
INFO: [ app_init ] --END-- [ RunTime:0.001316s ]

[ 2016-05-07T21:42:24+08:00 ] ::1 /hzaumba/index.php/Home/Index/commen?class=%E6%95%99%E5%8A%A1%E4%BF%A1%E6%81%AF
INFO: [ app_init ] --START--
INFO: Run Behavior\BuildLiteBehavior [ RunTime:0.000030s ]
INFO: [ app_init ] --END-- [ RunTime:0.000832s ]

[ 2016-05-07T21:42:27+08:00 ] ::1 /hzaumba/index.php/Home/Index/index
INFO: [ app_init ] --START--
INFO: Run Behavior\BuildLiteBehavior [ RunTime:0.000028s ]
INFO: [ app_init ] --END-- [ RunTime:0.000597s ]

[ 2016-05-07T21:42:29+08:00 ] ::1 /hzaumba/index.php/Home/Index/commen?class=%E6%96%B0%E9%97%BB%E4%B8%AD%E5%BF%83
INFO: [ app_init ] --START--
INFO: Run Behavior\BuildLiteBehavior [ RunTime:0.000028s ]
INFO: [ app_init ] --END-- [ RunTime:0.000843s ]

[ 2016-05-07T21:42:31+08:00 ] ::1 /hzaumba/index.php/Home/Index/index
INFO: [ app_init ] --START--
INFO: Run Behavior\BuildLiteBehavior [ RunTime:0.000028s ]
INFO: [ app_init ] --END-- [ RunTime:0.000604s ]

[ 2016-05-07T21:42:37+08:00 ] ::1 /hzaumba/index.php/Home/Index/commen?class=%E9%80%9A%E7%9F%A5%E5%85%AC%E5%91%8A
INFO: [ app_init ] --START--
INFO: Run Behavior\BuildLiteBehavior [ RunTime:0.000028s ]
INFO: [ app_init ] --END-- [ RunTime:0.000594s ]

[ 2016-05-07T21:42:42+08:00 ] ::1 /hzaumba/index.php/Home/Index/index
INFO: [ app_init ] --START--
INFO: Run Behavior\BuildLiteBehavior [ RunTime:0.000031s ]
INFO: [ app_init ] --END-- [ RunTime:0.000679s ]

[ 2016-05-07T21:42:48+08:00 ] ::1 /hzaumba/index.php/Home/Index/commen?class=%E6%96%B0%E9%97%BB%E4%B8%AD%E5%BF%83
INFO: [ app_init ] --START--
INFO: Run Behavior\BuildLiteBehavior [ RunTime:0.000028s ]
INFO: [ app_init ] --END-- [ RunTime:0.000575s ]

[ 2016-05-07T21:43:50+08:00 ] ::1 /hzaumba/index.php/Home/Index/index
INFO: [ app_init ] --START--
INFO: Run Behavior\BuildLiteBehavior [ RunTime:0.000030s ]
INFO: [ app_init ] --END-- [ RunTime:0.000708s ]

[ 2016-05-07T21:43:52+08:00 ] ::1 /hzaumba/index.php/Home/Index/commen?class=%E6%96%B0%E9%97%BB%E4%B8%AD%E5%BF%83
INFO: [ app_init ] --START--
INFO: Run Behavior\BuildLiteBehavior [ RunTime:0.000035s ]
INFO: [ app_init ] --END-- [ RunTime:0.000734s ]

[ 2016-05-07T21:44:41+08:00 ] ::1 /hzaumba/index.php/home/index/commen/class/%E6%96%B0%E9%97%BB%E4%B8%AD%E5%BF%83/p/2.html
INFO: [ app_init ] --START--
INFO: Run Behavior\BuildLiteBehavior [ RunTime:0.000031s ]
INFO: [ app_init ] --END-- [ RunTime:0.000730s ]

[ 2016-05-07T21:44:42+08:00 ] ::1 /hzaumba/index.php/home/index/commen/class/%E6%96%B0%E9%97%BB%E4%B8%AD%E5%BF%83/p/1.html
INFO: [ app_init ] --START--
INFO: Run Behavior\BuildLiteBehavior [ RunTime:0.000027s ]
INFO: [ app_init ] --END-- [ RunTime:0.000651s ]

[ 2016-05-07T21:45:42+08:00 ] ::1 /hzaumba/index.php/Home/Index/index
INFO: [ app_init ] --START--
INFO: Run Behavior\BuildLiteBehavior [ RunTime:0.000036s ]
INFO: [ app_init ] --END-- [ RunTime:0.000805s ]

[ 2016-05-07T21:45:44+08:00 ] ::1 /hzaumba/index.php/Home/Index/commen?class=%E6%8B%9B%E7%94%9F%E4%BF%A1%E6%81%AF
INFO: [ app_init ] --START--
INFO: Run Behavior\BuildLiteBehavior [ RunTime:0.000027s ]
INFO: [ app_init ] --END-- [ RunTime:0.000864s ]

[ 2016-05-07T21:45:48+08:00 ] ::1 /hzaumba/index.php/Home/Index/commen?class=%E6%96%B0%E9%97%BB%E4%B8%AD%E5%BF%83
INFO: [ app_init ] --START--
INFO: Run Behavior\BuildLiteBehavior [ RunTime:0.000026s ]
INFO: [ app_init ] --END-- [ RunTime:0.000612s ]

[ 2016-05-07T21:47:03+08:00 ] ::1 /hzaumba/index.php/Home/Index/commen?class=%E6%96%B0%E9%97%BB%E4%B8%AD%E5%BF%83
INFO: [ app_init ] --START--
INFO: Run Behavior\BuildLiteBehavior [ RunTime:0.000051s ]
INFO: [ app_init ] --END-- [ RunTime:0.001108s ]

[ 2016-05-07T21:48:04+08:00 ] ::1 /hzaumba/index.php/Home/Index/index
INFO: [ app_init ] --START--
INFO: Run Behavior\BuildLiteBehavior [ RunTime:0.000057s ]
INFO: [ app_init ] --END-- [ RunTime:0.001262s ]

[ 2016-05-07T21:48:06+08:00 ] ::1 /hzaumba/index.php/Home/Index/download
INFO: [ app_init ] --START--
INFO: Run Behavior\BuildLiteBehavior [ RunTime:0.000025s ]
INFO: [ app_init ] --END-- [ RunTime:0.000666s ]

[ 2016-05-07T21:48:11+08:00 ] ::1 /hzaumba/index.php/home/index/download/p/2.html
INFO: [ app_init ] --START--
INFO: Run Behavior\BuildLiteBehavior [ RunTime:0.000027s ]
INFO: [ app_init ] --END-- [ RunTime:0.000596s ]

[ 2016-05-07T21:48:12+08:00 ] ::1 /hzaumba/index.php/home/index/download/p/1.html
INFO: [ app_init ] --START--
INFO: Run Behavior\BuildLiteBehavior [ RunTime:0.000026s ]
INFO: [ app_init ] --END-- [ RunTime:0.000603s ]

[ 2016-05-07T21:48:16+08:00 ] ::1 /hzaumba/index.php/home/index/download/p/1.html
INFO: [ app_init ] --START--
INFO: Run Behavior\BuildLiteBehavior [ RunTime:0.000035s ]
INFO: [ app_init ] --END-- [ RunTime:0.000802s ]

[ 2016-05-07T21:48:26+08:00 ] ::1 /hzaumba/index.php/Home/Index/index
INFO: [ app_init ] --START--
INFO: Run Behavior\BuildLiteBehavior [ RunTime:0.000027s ]
INFO: [ app_init ] --END-- [ RunTime:0.000557s ]

[ 2016-05-07T21:48:28+08:00 ] ::1 /hzaumba/index.php/Home/Index/link
INFO: [ app_init ] --START--
INFO: Run Behavior\BuildLiteBehavior [ RunTime:0.000027s ]
INFO: [ app_init ] --END-- [ RunTime:0.000533s ]

[ 2016-05-07T21:48:59+08:00 ] ::1 /hzaumba/index.php/Home/Index/link
INFO: [ app_init ] --START--
INFO: Run Behavior\BuildLiteBehavior [ RunTime:0.000026s ]
INFO: [ app_init ] --END-- [ RunTime:0.000697s ]

[ 2016-05-07T21:49:00+08:00 ] ::1 /hzaumba/index.php/Home/Index/index
INFO: [ app_init ] --START--
INFO: Run Behavior\BuildLiteBehavior [ RunTime:0.000025s ]
INFO: [ app_init ] --END-- [ RunTime:0.000546s ]

[ 2016-05-07T21:49:03+08:00 ] ::1 /hzaumba/index.php/Home/Index/commen?class=%E6%96%B0%E9%97%BB%E4%B8%AD%E5%BF%83
INFO: [ app_init ] --START--
INFO: Run Behavior\BuildLiteBehavior [ RunTime:0.000027s ]
INFO: [ app_init ] --END-- [ RunTime:0.000651s ]

[ 2016-05-07T21:49:19+08:00 ] ::1 /hzaumba/index.php/Home/Index/index
INFO: [ app_init ] --START--
INFO: Run Behavior\BuildLiteBehavior [ RunTime:0.000027s ]
INFO: [ app_init ] --END-- [ RunTime:0.000905s ]

[ 2016-05-07T21:51:05+08:00 ] ::1 /hzaumba/index.php/Home/Index/index
INFO: [ app_init ] --START--
INFO: Run Behavior\BuildLiteBehavior [ RunTime:0.000052s ]
INFO: [ app_init ] --END-- [ RunTime:0.001525s ]

[ 2016-05-07T21:51:12+08:00 ] ::1 /hzaumba/index.php/Home/Index/commen?class=%E6%96%B0%E9%97%BB%E4%B8%AD%E5%BF%83
INFO: [ app_init ] --START--
INFO: Run Behavior\BuildLiteBehavior [ RunTime:0.000031s ]
INFO: [ app_init ] --END-- [ RunTime:0.000632s ]

[ 2016-05-07T21:51:15+08:00 ] ::1 /hzaumba/index.php/Home/Index/index
INFO: [ app_init ] --START--
INFO: Run Behavior\BuildLiteBehavior [ RunTime:0.000048s ]
INFO: [ app_init ] --END-- [ RunTime:0.001765s ]

[ 2016-05-07T21:51:23+08:00 ] ::1 /hzaumba/index.php/Home/Index/index
INFO: [ app_init ] --START--
INFO: Run Behavior\BuildLiteBehavior [ RunTime:0.000030s ]
INFO: [ app_init ] --END-- [ RunTime:0.000641s ]

[ 2016-05-07T21:51:52+08:00 ] ::1 /hzaumba/index.php/Home/Index/index
INFO: [ app_init ] --START--
INFO: Run Behavior\BuildLiteBehavior [ RunTime:0.000062s ]
INFO: [ app_init ] --END-- [ RunTime:0.000993s ]

[ 2016-05-07T21:54:13+08:00 ] ::1 /hzaumba/index.php/Home/Index/index
INFO: [ app_init ] --START--
INFO: Run Behavior\BuildLiteBehavior [ RunTime:0.000030s ]
INFO: [ app_init ] --END-- [ RunTime:0.000701s ]

[ 2016-05-07T21:54:13+08:00 ] ::1 /hzaumba/index.php/Home/Index/index
INFO: [ app_init ] --START--
INFO: Run Behavior\BuildLiteBehavior [ RunTime:0.000029s ]
INFO: [ app_init ] --END-- [ RunTime:0.000992s ]

[ 2016-05-07T21:54:13+08:00 ] ::1 /hzaumba/index.php/Home/Index/index
INFO: [ app_init ] --START--
INFO: Run Behavior\BuildLiteBehavior [ RunTime:0.000027s ]
INFO: [ app_init ] --END-- [ RunTime:0.000578s ]

[ 2016-05-07T21:54:22+08:00 ] ::1 /hzaumba/index.php/Home/Index/index
INFO: [ app_init ] --START--
INFO: Run Behavior\BuildLiteBehavior [ RunTime:0.000048s ]
INFO: [ app_init ] --END-- [ RunTime:0.000864s ]

[ 2016-05-07T21:54:30+08:00 ] ::1 /hzaumba/index.php/Home/Index/commen?class=%E6%95%99%E5%8A%A1%E4%BF%A1%E6%81%AF
INFO: [ app_init ] --START--
INFO: Run Behavior\BuildLiteBehavior [ RunTime:0.000042s ]
INFO: [ app_init ] --END-- [ RunTime:0.000732s ]

[ 2016-05-07T21:54:35+08:00 ] ::1 /hzaumba/index.php/Home/Index/index
INFO: [ app_init ] --START--
INFO: Run Behavior\BuildLiteBehavior [ RunTime:0.000032s ]
INFO: [ app_init ] --END-- [ RunTime:0.000717s ]

[ 2016-05-07T21:54:38+08:00 ] ::1 /hzaumba/index.php/Home/Index/commen?class=%E6%96%B0%E9%97%BB%E4%B8%AD%E5%BF%83
INFO: [ app_init ] --START--
INFO: Run Behavior\BuildLiteBehavior [ RunTime:0.000029s ]
INFO: [ app_init ] --END-- [ RunTime:0.000754s ]

[ 2016-05-07T21:55:02+08:00 ] ::1 /hzaumba/index.php/Home/Index/index
INFO: [ app_init ] --START--
INFO: Run Behavior\BuildLiteBehavior [ RunTime:0.000031s ]
INFO: [ app_init ] --END-- [ RunTime:0.000744s ]

[ 2016-05-07T21:55:05+08:00 ] ::1 /hzaumba/index.php/Home/Index/commen?class=%E6%96%B0%E9%97%BB%E4%B8%AD%E5%BF%83
INFO: [ app_init ] --START--
INFO: Run Behavior\BuildLiteBehavior [ RunTime:0.000028s ]
INFO: [ app_init ] --END-- [ RunTime:0.000555s ]

[ 2016-05-07T21:55:07+08:00 ] ::1 /hzaumba/index.php/home/index/commen/class/%E6%96%B0%E9%97%BB%E4%B8%AD%E5%BF%83/p/2.html
INFO: [ app_init ] --START--
INFO: Run Behavior\BuildLiteBehavior [ RunTime:0.000045s ]
INFO: [ app_init ] --END-- [ RunTime:0.000920s ]

[ 2016-05-07T21:55:13+08:00 ] ::1 /hzaumba/index.php/Home/Index/index
INFO: [ app_init ] --START--
INFO: Run Behavior\BuildLiteBehavior [ RunTime:0.000034s ]
INFO: [ app_init ] --END-- [ RunTime:0.000668s ]

[ 2016-05-07T21:55:16+08:00 ] ::1 /hzaumba/index.php/Home/Index/information.html?hid=45
INFO: [ app_init ] --START--
INFO: Run Behavior\BuildLiteBehavior [ RunTime:0.000029s ]
INFO: [ app_init ] --END-- [ RunTime:0.000669s ]

[ 2016-05-07T21:57:46+08:00 ] ::1 /hzaumba/index.php/Home/Index/information.html?hid=45
INFO: [ app_init ] --START--
INFO: Run Behavior\BuildLiteBehavior [ RunTime:0.000040s ]
INFO: [ app_init ] --END-- [ RunTime:0.000734s ]

[ 2016-05-07T21:57:46+08:00 ] ::1 /hzaumba/index.php/Home/Index/information.html?hid=45
INFO: [ app_init ] --START--
INFO: Run Behavior\BuildLiteBehavior [ RunTime:0.000028s ]
INFO: [ app_init ] --END-- [ RunTime:0.000608s ]

[ 2016-05-07T21:57:52+08:00 ] ::1 /hzaumba/index.php/Home/Index/index
INFO: [ app_init ] --START--
INFO: Run Behavior\BuildLiteBehavior [ RunTime:0.000028s ]
INFO: [ app_init ] --END-- [ RunTime:0.000640s ]

[ 2016-05-07T21:57:53+08:00 ] ::1 /hzaumba/index.php/Home/Index/commen?class=%E6%96%B0%E9%97%BB%E4%B8%AD%E5%BF%83
INFO: [ app_init ] --START--
INFO: Run Behavior\BuildLiteBehavior [ RunTime:0.000030s ]
INFO: [ app_init ] --END-- [ RunTime:0.000533s ]

[ 2016-05-07T21:57:55+08:00 ] ::1 /hzaumba/index.php/home/index/commen/class/%E6%96%B0%E9%97%BB%E4%B8%AD%E5%BF%83/p/2.html
INFO: [ app_init ] --START--
INFO: Run Behavior\BuildLiteBehavior [ RunTime:0.000035s ]
INFO: [ app_init ] --END-- [ RunTime:0.000556s ]

[ 2016-05-07T21:57:57+08:00 ] ::1 /hzaumba/index.php/Home/Index/information.html?hid=7
INFO: [ app_init ] --START--
INFO: Run Behavior\BuildLiteBehavior [ RunTime:0.000029s ]
INFO: [ app_init ] --END-- [ RunTime:0.000709s ]

[ 2016-05-07T21:57:58+08:00 ] ::1 /hzaumba/index.php/Home/Index/index
INFO: [ app_init ] --START--
INFO: Run Behavior\BuildLiteBehavior [ RunTime:0.000030s ]
INFO: [ app_init ] --END-- [ RunTime:0.000570s ]

[ 2016-05-07T21:58:02+08:00 ] ::1 /hzaumba/index.php/Home/Index/commen?class=%E6%96%B0%E9%97%BB%E4%B8%AD%E5%BF%83
INFO: [ app_init ] --START--
INFO: Run Behavior\BuildLiteBehavior [ RunTime:0.000030s ]
INFO: [ app_init ] --END-- [ RunTime:0.000540s ]

[ 2016-05-07T21:58:04+08:00 ] ::1 /hzaumba/index.php/Home/Index/information.html?hid=17
INFO: [ app_init ] --START--
INFO: Run Behavior\BuildLiteBehavior [ RunTime:0.000032s ]
INFO: [ app_init ] --END-- [ RunTime:0.000630s ]

[ 2016-05-07T21:58:27+08:00 ] ::1 /hzaumba/index.php/Home/Index/information.html?hid=17
INFO: [ app_init ] --START--
INFO: Run Behavior\BuildLiteBehavior [ RunTime:0.000036s ]
INFO: [ app_init ] --END-- [ RunTime:0.000734s ]

[ 2016-05-07T21:58:30+08:00 ] ::1 /hzaumba/index.php/Home/Index/information.html?hid=17
INFO: [ app_init ] --START--
INFO: Run Behavior\BuildLiteBehavior [ RunTime:0.000093s ]
INFO: [ app_init ] --END-- [ RunTime:0.001006s ]

[ 2016-05-07T22:00:40+08:00 ] ::1 /hzaumba/index.php/Home/Index/index
INFO: [ app_init ] --START--
INFO: Run Behavior\BuildLiteBehavior [ RunTime:0.000048s ]
INFO: [ app_init ] --END-- [ RunTime:0.000917s ]

[ 2016-05-07T22:00:42+08:00 ] ::1 /hzaumba/index.php/Home/Index/information.html?hid=46
INFO: [ app_init ] --START--
INFO: Run Behavior\BuildLiteBehavior [ RunTime:0.000044s ]
INFO: [ app_init ] --END-- [ RunTime:0.000857s ]

[ 2016-05-07T22:01:23+08:00 ] ::1 /hzaumba/index.php/Home/Index/information.html?hid=46
INFO: [ app_init ] --START--
INFO: Run Behavior\BuildLiteBehavior [ RunTime:0.000034s ]
INFO: [ app_init ] --END-- [ RunTime:0.000898s ]

[ 2016-05-07T22:01:27+08:00 ] ::1 /hzaumba/index.php/Home/Index/information.html?hid=46
INFO: [ app_init ] --START--
INFO: Run Behavior\BuildLiteBehavior [ RunTime:0.000040s ]
INFO: [ app_init ] --END-- [ RunTime:0.000855s ]

[ 2016-05-07T22:01:41+08:00 ] ::1 /hzaumba/index.php/Home/Index/information.html?hid=46
INFO: [ app_init ] --START--
INFO: Run Behavior\BuildLiteBehavior [ RunTime:0.000026s ]
INFO: [ app_init ] --END-- [ RunTime:0.000581s ]

[ 2016-05-07T22:01:48+08:00 ] ::1 /hzaumba/index.php/Home/Index/information.html?hid=46
INFO: [ app_init ] --START--
INFO: Run Behavior\BuildLiteBehavior [ RunTime:0.000025s ]
INFO: [ app_init ] --END-- [ RunTime:0.000858s ]

[ 2016-05-07T22:01:53+08:00 ] ::1 /hzaumba/index.php/Home/Index/information.html?hid=46
INFO: [ app_init ] --START--
INFO: Run Behavior\BuildLiteBehavior [ RunTime:0.000034s ]
INFO: [ app_init ] --END-- [ RunTime:0.000719s ]

[ 2016-05-07T22:02:02+08:00 ] ::1 /hzaumba/index.php/Home/Index/information.html?hid=46
INFO: [ app_init ] --START--
INFO: Run Behavior\BuildLiteBehavior [ RunTime:0.000026s ]
INFO: [ app_init ] --END-- [ RunTime:0.000562s ]

[ 2016-05-07T22:02:10+08:00 ] ::1 /hzaumba/index.php/Home/Index/information.html?hid=46
INFO: [ app_init ] --START--
INFO: Run Behavior\BuildLiteBehavior [ RunTime:0.000025s ]
INFO: [ app_init ] --END-- [ RunTime:0.000602s ]

[ 2016-05-07T22:02:25+08:00 ] ::1 /hzaumba/index.php/Home/Index/information.html?hid=46
INFO: [ app_init ] --START--
INFO: Run Behavior\BuildLiteBehavior [ RunTime:0.000034s ]
INFO: [ app_init ] --END-- [ RunTime:0.000893s ]

[ 2016-05-07T22:03:16+08:00 ] ::1 /hzaumba/index.php/Home/Index/information.html?hid=46
INFO: [ app_init ] --START--
INFO: Run Behavior\BuildLiteBehavior [ RunTime:0.000029s ]
INFO: [ app_init ] --END-- [ RunTime:0.000822s ]

[ 2016-05-07T22:05:34+08:00 ] ::1 /hzaumba/index.php/Home/Index/index
INFO: [ app_init ] --START--
INFO: Run Behavior\BuildLiteBehavior [ RunTime:0.000029s ]
INFO: [ app_init ] --END-- [ RunTime:0.000524s ]

[ 2016-05-07T22:05:37+08:00 ] ::1 /hzaumba/index.php/Home/Center/center
INFO: [ app_init ] --START--
INFO: Run Behavior\BuildLiteBehavior [ RunTime:0.000050s ]
INFO: [ app_init ] --END-- [ RunTime:0.000812s ]

[ 2016-05-07T22:05:38+08:00 ] ::1 /hzaumba/index.php/Home/Center/organization
INFO: [ app_init ] --START--
INFO: Run Behavior\BuildLiteBehavior [ RunTime:0.000030s ]
INFO: [ app_init ] --END-- [ RunTime:0.000613s ]

[ 2016-05-07T22:05:40+08:00 ] ::1 /hzaumba/index.php/Home/Introduce/mbaprj
INFO: [ app_init ] --START--
INFO: Run Behavior\BuildLiteBehavior [ RunTime:0.000052s ]
INFO: [ app_init ] --END-- [ RunTime:0.000841s ]

[ 2016-05-07T22:07:02+08:00 ] ::1 /hzaumba/index.php/Home/Introduce/mbaprj
INFO: [ app_init ] --START--
INFO: Run Behavior\BuildLiteBehavior [ RunTime:0.000030s ]
INFO: [ app_init ] --END-- [ RunTime:0.000730s ]

[ 2016-05-07T22:07:26+08:00 ] ::1 /hzaumba/index.php/Home/Introduce/mbaprj
INFO: [ app_init ] --START--
INFO: Run Behavior\BuildLiteBehavior [ RunTime:0.000051s ]
INFO: [ app_init ] --END-- [ RunTime:0.001281s ]

[ 2016-05-07T22:07:37+08:00 ] ::1 /hzaumba/index.php/Home/Introduce/mbaprj
INFO: [ app_init ] --START--
INFO: Run Behavior\BuildLiteBehavior [ RunTime:0.000032s ]
INFO: [ app_init ] --END-- [ RunTime:0.001000s ]

[ 2016-05-07T22:07:45+08:00 ] ::1 /hzaumba/index.php/Home/Center/center
INFO: [ app_init ] --START--
INFO: Run Behavior\BuildLiteBehavior [ RunTime:0.000026s ]
INFO: [ app_init ] --END-- [ RunTime:0.000600s ]

[ 2016-05-07T22:07:47+08:00 ] ::1 /hzaumba/index.php/Home/Center/organization
INFO: [ app_init ] --START--
INFO: Run Behavior\BuildLiteBehavior [ RunTime:0.000030s ]
INFO: [ app_init ] --END-- [ RunTime:0.000712s ]

[ 2016-05-07T22:08:06+08:00 ] ::1 /hzaumba/index.php/Home/Center/organization
INFO: [ app_init ] --START--
INFO: Run Behavior\BuildLiteBehavior [ RunTime:0.000026s ]
INFO: [ app_init ] --END-- [ RunTime:0.000600s ]

[ 2016-05-07T22:08:07+08:00 ] ::1 /hzaumba/index.php/Home/Introduce/mbaprj
INFO: [ app_init ] --START--
INFO: Run Behavior\BuildLiteBehavior [ RunTime:0.000026s ]
INFO: [ app_init ] --END-- [ RunTime:0.000622s ]

[ 2016-05-07T22:09:03+08:00 ] ::1 /hzaumba/index.php/Home/Introduce/mbaprj
INFO: [ app_init ] --START--
INFO: Run Behavior\BuildLiteBehavior [ RunTime:0.000027s ]
INFO: [ app_init ] --END-- [ RunTime:0.000582s ]

[ 2016-05-07T22:09:05+08:00 ] ::1 /hzaumba/index.php/Home/Index/index
INFO: [ app_init ] --START--
INFO: Run Behavior\BuildLiteBehavior [ RunTime:0.000034s ]
INFO: [ app_init ] --END-- [ RunTime:0.000796s ]

[ 2016-05-07T22:09:08+08:00 ] ::1 /hzaumba/index.php/Home/Index/information.html?hid=46
INFO: [ app_init ] --START--
INFO: Run Behavior\BuildLiteBehavior [ RunTime:0.000033s ]
INFO: [ app_init ] --END-- [ RunTime:0.000761s ]

[ 2016-05-07T22:09:22+08:00 ] ::1 /hzaumba/index.php/Home/Index/index
INFO: [ app_init ] --START--
INFO: Run Behavior\BuildLiteBehavior [ RunTime:0.000027s ]
INFO: [ app_init ] --END-- [ RunTime:0.000604s ]

[ 2016-05-07T22:09:24+08:00 ] ::1 /hzaumba/index.php/Home/Index/information.html?hid=46
INFO: [ app_init ] --START--
INFO: Run Behavior\BuildLiteBehavior [ RunTime:0.000030s ]
INFO: [ app_init ] --END-- [ RunTime:0.000871s ]

[ 2016-05-07T22:13:36+08:00 ] ::1 /hzaumba/index.php/Home/Index/index
INFO: [ app_init ] --START--
INFO: Run Behavior\BuildLiteBehavior [ RunTime:0.000027s ]
INFO: [ app_init ] --END-- [ RunTime:0.000662s ]

[ 2016-05-07T22:13:40+08:00 ] ::1 /hzaumba/index.php/Home/Index/commen?class=%E6%96%B0%E9%97%BB%E4%B8%AD%E5%BF%83
INFO: [ app_init ] --START--
INFO: Run Behavior\BuildLiteBehavior [ RunTime:0.000029s ]
INFO: [ app_init ] --END-- [ RunTime:0.000675s ]

[ 2016-05-07T22:13:42+08:00 ] ::1 /hzaumba/index.php/home/index/commen/class/%E6%96%B0%E9%97%BB%E4%B8%AD%E5%BF%83/p/2.html
INFO: [ app_init ] --START--
INFO: Run Behavior\BuildLiteBehavior [ RunTime:0.000028s ]
INFO: [ app_init ] --END-- [ RunTime:0.000648s ]

[ 2016-05-07T22:13:44+08:00 ] ::1 /hzaumba/index.php/home/index/commen/class/%E6%96%B0%E9%97%BB%E4%B8%AD%E5%BF%83/p/1.html
INFO: [ app_init ] --START--
INFO: Run Behavior\BuildLiteBehavior [ RunTime:0.000039s ]
INFO: [ app_init ] --END-- [ RunTime:0.000946s ]

[ 2016-05-07T22:14:26+08:00 ] ::1 /hzaumba/index.php/Home/Index/index
INFO: [ app_init ] --START--
INFO: Run Behavior\BuildLiteBehavior [ RunTime:0.000028s ]
INFO: [ app_init ] --END-- [ RunTime:0.000646s ]

[ 2016-05-07T22:20:59+08:00 ] ::1 /hzaumba/index.php/Home/Index/commen?class=%E6%96%B0%E9%97%BB%E4%B8%AD%E5%BF%83
INFO: [ app_init ] --START--
INFO: Run Behavior\BuildLiteBehavior [ RunTime:0.000043s ]
INFO: [ app_init ] --END-- [ RunTime:0.000979s ]

[ 2016-05-07T22:26:21+08:00 ] ::1 /hzaumba/index.php/Home/Index/commen?class=%E6%96%B0%E9%97%BB%E4%B8%AD%E5%BF%83
INFO: [ app_init ] --START--
INFO: Run Behavior\BuildLiteBehavior [ RunTime:0.000028s ]
INFO: [ app_init ] --END-- [ RunTime:0.000887s ]

[ 2016-05-07T22:26:25+08:00 ] ::1 /hzaumba/index.php/Home/Index/commen?class=%E6%96%B0%E9%97%BB%E4%B8%AD%E5%BF%83
INFO: [ app_init ] --START--
INFO: Run Behavior\BuildLiteBehavior [ RunTime:0.000033s ]
INFO: [ app_init ] --END-- [ RunTime:0.000918s ]

[ 2016-05-07T22:26:25+08:00 ] ::1 /hzaumba/index.php/Home/Index/commen?class=%E6%96%B0%E9%97%BB%E4%B8%AD%E5%BF%83
INFO: [ app_init ] --START--
INFO: Run Behavior\BuildLiteBehavior [ RunTime:0.000043s ]
INFO: [ app_init ] --END-- [ RunTime:0.001113s ]

[ 2016-05-07T22:26:25+08:00 ] ::1 /hzaumba/index.php/Home/Index/commen?class=%E6%96%B0%E9%97%BB%E4%B8%AD%E5%BF%83
INFO: [ app_init ] --START--
INFO: Run Behavior\BuildLiteBehavior [ RunTime:0.000027s ]
INFO: [ app_init ] --END-- [ RunTime:0.000683s ]

[ 2016-05-07T22:26:30+08:00 ] ::1 /hzaumba/index.php/Home/Index/commen?class=%E6%96%B0%E9%97%BB%E4%B8%AD%E5%BF%83
INFO: [ app_init ] --START--
INFO: Run Behavior\BuildLiteBehavior [ RunTime:0.000028s ]
INFO: [ app_init ] --END-- [ RunTime:0.001045s ]

[ 2016-05-07T22:26:32+08:00 ] ::1 /hzaumba/index.php/Home/Index/commen?class=%E6%96%B0%E9%97%BB%E4%B8%AD%E5%BF%83
INFO: [ app_init ] --START--
INFO: Run Behavior\BuildLiteBehavior [ RunTime:0.000041s ]
INFO: [ app_init ] --END-- [ RunTime:0.000910s ]

[ 2016-05-07T22:26:32+08:00 ] ::1 /hzaumba/index.php/Home/Index/commen?class=%E6%96%B0%E9%97%BB%E4%B8%AD%E5%BF%83
INFO: [ app_init ] --START--
INFO: Run Behavior\BuildLiteBehavior [ RunTime:0.000034s ]
INFO: [ app_init ] --END-- [ RunTime:0.000824s ]

[ 2016-05-07T22:26:32+08:00 ] ::1 /hzaumba/index.php/Home/Index/commen?class=%E6%96%B0%E9%97%BB%E4%B8%AD%E5%BF%83
INFO: [ app_init ] --START--
INFO: Run Behavior\BuildLiteBehavior [ RunTime:0.000029s ]
INFO: [ app_init ] --END-- [ RunTime:0.000580s ]

[ 2016-05-07T22:26:33+08:00 ] ::1 /hzaumba/index.php/Home/Index/commen?class=%E6%96%B0%E9%97%BB%E4%B8%AD%E5%BF%83
INFO: [ app_init ] --START--
INFO: Run Behavior\BuildLiteBehavior [ RunTime:0.000029s ]
INFO: [ app_init ] --END-- [ RunTime:0.000715s ]

[ 2016-05-07T22:26:33+08:00 ] ::1 /hzaumba/index.php/Home/Index/commen?class=%E6%96%B0%E9%97%BB%E4%B8%AD%E5%BF%83
INFO: [ app_init ] --START--
INFO: Run Behavior\BuildLiteBehavior [ RunTime:0.000071s ]
INFO: [ app_init ] --END-- [ RunTime:0.000744s ]

[ 2016-05-07T22:26:33+08:00 ] ::1 /hzaumba/index.php/Home/Index/commen?class=%E6%96%B0%E9%97%BB%E4%B8%AD%E5%BF%83
INFO: [ app_init ] --START--
INFO: Run Behavior\BuildLiteBehavior [ RunTime:0.000027s ]
INFO: [ app_init ] --END-- [ RunTime:0.000639s ]

[ 2016-05-07T22:26:34+08:00 ] ::1 /hzaumba/index.php/Home/Index/commen?class=%E6%96%B0%E9%97%BB%E4%B8%AD%E5%BF%83
INFO: [ app_init ] --START--
INFO: Run Behavior\BuildLiteBehavior [ RunTime:0.000037s ]
INFO: [ app_init ] --END-- [ RunTime:0.000892s ]

[ 2016-05-07T22:26:34+08:00 ] ::1 /hzaumba/index.php/Home/Index/commen?class=%E6%96%B0%E9%97%BB%E4%B8%AD%E5%BF%83
INFO: [ app_init ] --START--
INFO: Run Behavior\BuildLiteBehavior [ RunTime:0.000027s ]
INFO: [ app_init ] --END-- [ RunTime:0.000637s ]

[ 2016-05-07T22:26:34+08:00 ] ::1 /hzaumba/index.php/Home/Index/commen?class=%E6%96%B0%E9%97%BB%E4%B8%AD%E5%BF%83
INFO: [ app_init ] --START--
INFO: Run Behavior\BuildLiteBehavior [ RunTime:0.000029s ]
INFO: [ app_init ] --END-- [ RunTime:0.000868s ]

[ 2016-05-07T22:26:34+08:00 ] ::1 /hzaumba/index.php/Home/Index/commen?class=%E6%96%B0%E9%97%BB%E4%B8%AD%E5%BF%83
INFO: [ app_init ] --START--
INFO: Run Behavior\BuildLiteBehavior [ RunTime:0.000027s ]
INFO: [ app_init ] --END-- [ RunTime:0.000517s ]

[ 2016-05-07T22:27:01+08:00 ] ::1 /hzaumba/index.php/Home/Index/commen?class=%E6%96%B0%E9%97%BB%E4%B8%AD%E5%BF%83
INFO: [ app_init ] --START--
INFO: Run Behavior\BuildLiteBehavior [ RunTime:0.000026s ]
INFO: [ app_init ] --END-- [ RunTime:0.000579s ]

[ 2016-05-07T22:27:02+08:00 ] ::1 /hzaumba/index.php/Home/Index/commen?class=%E6%96%B0%E9%97%BB%E4%B8%AD%E5%BF%83
INFO: [ app_init ] --START--
INFO: Run Behavior\BuildLiteBehavior [ RunTime:0.000063s ]
INFO: [ app_init ] --END-- [ RunTime:0.000966s ]

[ 2016-05-07T22:27:02+08:00 ] ::1 /hzaumba/index.php/Home/Index/commen?class=%E6%96%B0%E9%97%BB%E4%B8%AD%E5%BF%83
INFO: [ app_init ] --START--
INFO: Run Behavior\BuildLiteBehavior [ RunTime:0.000053s ]
INFO: [ app_init ] --END-- [ RunTime:0.001007s ]

[ 2016-05-07T22:27:02+08:00 ] ::1 /hzaumba/index.php/Home/Index/commen?class=%E6%96%B0%E9%97%BB%E4%B8%AD%E5%BF%83
INFO: [ app_init ] --START--
INFO: Run Behavior\BuildLiteBehavior [ RunTime:0.000048s ]
INFO: [ app_init ] --END-- [ RunTime:0.000865s ]

[ 2016-05-07T22:27:02+08:00 ] ::1 /hzaumba/index.php/Home/Index/commen?class=%E6%96%B0%E9%97%BB%E4%B8%AD%E5%BF%83
INFO: [ app_init ] --START--
INFO: Run Behavior\BuildLiteBehavior [ RunTime:0.000033s ]
INFO: [ app_init ] --END-- [ RunTime:0.000760s ]

[ 2016-05-07T22:27:02+08:00 ] ::1 /hzaumba/index.php/Home/Index/commen?class=%E6%96%B0%E9%97%BB%E4%B8%AD%E5%BF%83
INFO: [ app_init ] --START--
INFO: Run Behavior\BuildLiteBehavior [ RunTime:0.000029s ]
INFO: [ app_init ] --END-- [ RunTime:0.000559s ]

[ 2016-05-07T22:27:02+08:00 ] ::1 /hzaumba/index.php/Home/Index/commen?class=%E6%96%B0%E9%97%BB%E4%B8%AD%E5%BF%83
INFO: [ app_init ] --START--
INFO: Run Behavior\BuildLiteBehavior [ RunTime:0.000026s ]
INFO: [ app_init ] --END-- [ RunTime:0.000588s ]

[ 2016-05-07T22:27:02+08:00 ] ::1 /hzaumba/index.php/Home/Index/commen?class=%E6%96%B0%E9%97%BB%E4%B8%AD%E5%BF%83
INFO: [ app_init ] --START--
INFO: Run Behavior\BuildLiteBehavior [ RunTime:0.000029s ]
INFO: [ app_init ] --END-- [ RunTime:0.000599s ]

[ 2016-05-07T22:27:02+08:00 ] ::1 /hzaumba/index.php/Home/Index/commen?class=%E6%96%B0%E9%97%BB%E4%B8%AD%E5%BF%83
INFO: [ app_init ] --START--
INFO: Run Behavior\BuildLiteBehavior [ RunTime:0.000030s ]
INFO: [ app_init ] --END-- [ RunTime:0.000627s ]

[ 2016-05-07T22:27:02+08:00 ] ::1 /hzaumba/index.php/Home/Index/commen?class=%E6%96%B0%E9%97%BB%E4%B8%AD%E5%BF%83
INFO: [ app_init ] --START--
INFO: Run Behavior\BuildLiteBehavior [ RunTime:0.000035s ]
INFO: [ app_init ] --END-- [ RunTime:0.000613s ]

[ 2016-05-07T22:27:03+08:00 ] ::1 /hzaumba/index.php/Home/Index/commen?class=%E6%96%B0%E9%97%BB%E4%B8%AD%E5%BF%83
INFO: [ app_init ] --START--
INFO: Run Behavior\BuildLiteBehavior [ RunTime:0.000026s ]
INFO: [ app_init ] --END-- [ RunTime:0.000574s ]

[ 2016-05-07T22:27:03+08:00 ] ::1 /hzaumba/index.php/Home/Index/commen?class=%E6%96%B0%E9%97%BB%E4%B8%AD%E5%BF%83
INFO: [ app_init ] --START--
INFO: Run Behavior\BuildLiteBehavior [ RunTime:0.000030s ]
INFO: [ app_init ] --END-- [ RunTime:0.000564s ]

[ 2016-05-07T22:27:03+08:00 ] ::1 /hzaumba/index.php/Home/Index/commen?class=%E6%96%B0%E9%97%BB%E4%B8%AD%E5%BF%83
INFO: [ app_init ] --START--
INFO: Run Behavior\BuildLiteBehavior [ RunTime:0.000026s ]
INFO: [ app_init ] --END-- [ RunTime:0.000592s ]

[ 2016-05-07T22:27:03+08:00 ] ::1 /hzaumba/index.php/Home/Index/commen?class=%E6%96%B0%E9%97%BB%E4%B8%AD%E5%BF%83
INFO: [ app_init ] --START--
INFO: Run Behavior\BuildLiteBehavior [ RunTime:0.000053s ]
INFO: [ app_init ] --END-- [ RunTime:0.000766s ]

[ 2016-05-07T22:27:03+08:00 ] ::1 /hzaumba/index.php/Home/Index/commen?class=%E6%96%B0%E9%97%BB%E4%B8%AD%E5%BF%83
INFO: [ app_init ] --START--
INFO: Run Behavior\BuildLiteBehavior [ RunTime:0.000046s ]
INFO: [ app_init ] --END-- [ RunTime:0.001011s ]

[ 2016-05-07T22:27:03+08:00 ] ::1 /hzaumba/index.php/Home/Index/commen?class=%E6%96%B0%E9%97%BB%E4%B8%AD%E5%BF%83
INFO: [ app_init ] --START--
INFO: Run Behavior\BuildLiteBehavior [ RunTime:0.000047s ]
INFO: [ app_init ] --END-- [ RunTime:0.000866s ]

[ 2016-05-07T22:27:03+08:00 ] ::1 /hzaumba/index.php/Home/Index/commen?class=%E6%96%B0%E9%97%BB%E4%B8%AD%E5%BF%83
INFO: [ app_init ] --START--
INFO: Run Behavior\BuildLiteBehavior [ RunTime:0.000028s ]
INFO: [ app_init ] --END-- [ RunTime:0.000565s ]

[ 2016-05-07T22:27:03+08:00 ] ::1 /hzaumba/index.php/Home/Index/commen?class=%E6%96%B0%E9%97%BB%E4%B8%AD%E5%BF%83
INFO: [ app_init ] --START--
INFO: Run Behavior\BuildLiteBehavior [ RunTime:0.000034s ]
INFO: [ app_init ] --END-- [ RunTime:0.000519s ]

[ 2016-05-07T22:27:03+08:00 ] ::1 /hzaumba/index.php/Home/Index/commen?class=%E6%96%B0%E9%97%BB%E4%B8%AD%E5%BF%83
INFO: [ app_init ] --START--
INFO: Run Behavior\BuildLiteBehavior [ RunTime:0.000056s ]
INFO: [ app_init ] --END-- [ RunTime:0.001192s ]

[ 2016-05-07T22:27:03+08:00 ] ::1 /hzaumba/index.php/Home/Index/commen?class=%E6%96%B0%E9%97%BB%E4%B8%AD%E5%BF%83
INFO: [ app_init ] --START--
INFO: Run Behavior\BuildLiteBehavior [ RunTime:0.000029s ]
INFO: [ app_init ] --END-- [ RunTime:0.000908s ]

[ 2016-05-07T22:27:03+08:00 ] ::1 /hzaumba/index.php/Home/Index/commen?class=%E6%96%B0%E9%97%BB%E4%B8%AD%E5%BF%83
INFO: [ app_init ] --START--
INFO: Run Behavior\BuildLiteBehavior [ RunTime:0.000027s ]
INFO: [ app_init ] --END-- [ RunTime:0.000564s ]

[ 2016-05-07T22:27:03+08:00 ] ::1 /hzaumba/index.php/Home/Index/commen?class=%E6%96%B0%E9%97%BB%E4%B8%AD%E5%BF%83
INFO: [ app_init ] --START--
INFO: Run Behavior\BuildLiteBehavior [ RunTime:0.000028s ]
INFO: [ app_init ] --END-- [ RunTime:0.000575s ]

[ 2016-05-07T22:27:03+08:00 ] ::1 /hzaumba/index.php/Home/Index/commen?class=%E6%96%B0%E9%97%BB%E4%B8%AD%E5%BF%83
INFO: [ app_init ] --START--
INFO: Run Behavior\BuildLiteBehavior [ RunTime:0.000035s ]
INFO: [ app_init ] --END-- [ RunTime:0.000623s ]

[ 2016-05-07T22:27:03+08:00 ] ::1 /hzaumba/index.php/Home/Index/commen?class=%E6%96%B0%E9%97%BB%E4%B8%AD%E5%BF%83
INFO: [ app_init ] --START--
INFO: Run Behavior\BuildLiteBehavior [ RunTime:0.000036s ]
INFO: [ app_init ] --END-- [ RunTime:0.000579s ]

[ 2016-05-07T22:27:03+08:00 ] ::1 /hzaumba/index.php/Home/Index/commen?class=%E6%96%B0%E9%97%BB%E4%B8%AD%E5%BF%83
INFO: [ app_init ] --START--
INFO: Run Behavior\BuildLiteBehavior [ RunTime:0.000048s ]
INFO: [ app_init ] --END-- [ RunTime:0.000779s ]

[ 2016-05-07T22:27:03+08:00 ] ::1 /hzaumba/index.php/Home/Index/commen?class=%E6%96%B0%E9%97%BB%E4%B8%AD%E5%BF%83
INFO: [ app_init ] --START--
INFO: Run Behavior\BuildLiteBehavior [ RunTime:0.000030s ]
INFO: [ app_init ] --END-- [ RunTime:0.000576s ]

[ 2016-05-07T22:27:03+08:00 ] ::1 /hzaumba/index.php/Home/Index/commen?class=%E6%96%B0%E9%97%BB%E4%B8%AD%E5%BF%83
INFO: [ app_init ] --START--
INFO: Run Behavior\BuildLiteBehavior [ RunTime:0.000033s ]
INFO: [ app_init ] --END-- [ RunTime:0.000571s ]

[ 2016-05-07T22:27:03+08:00 ] ::1 /hzaumba/index.php/Home/Index/commen?class=%E6%96%B0%E9%97%BB%E4%B8%AD%E5%BF%83
INFO: [ app_init ] --START--
INFO: Run Behavior\BuildLiteBehavior [ RunTime:0.000032s ]
INFO: [ app_init ] --END-- [ RunTime:0.000635s ]

[ 2016-05-07T22:27:03+08:00 ] ::1 /hzaumba/index.php/Home/Index/commen?class=%E6%96%B0%E9%97%BB%E4%B8%AD%E5%BF%83
INFO: [ app_init ] --START--
INFO: Run Behavior\BuildLiteBehavior [ RunTime:0.000026s ]
INFO: [ app_init ] --END-- [ RunTime:0.000632s ]

[ 2016-05-07T22:27:03+08:00 ] ::1 /hzaumba/index.php/Home/Index/commen?class=%E6%96%B0%E9%97%BB%E4%B8%AD%E5%BF%83
INFO: [ app_init ] --START--
INFO: Run Behavior\BuildLiteBehavior [ RunTime:0.000050s ]
INFO: [ app_init ] --END-- [ RunTime:0.001037s ]

[ 2016-05-07T22:27:03+08:00 ] ::1 /hzaumba/index.php/Home/Index/commen?class=%E6%96%B0%E9%97%BB%E4%B8%AD%E5%BF%83
INFO: [ app_init ] --START--
INFO: Run Behavior\BuildLiteBehavior [ RunTime:0.000048s ]
INFO: [ app_init ] --END-- [ RunTime:0.001609s ]

[ 2016-05-07T22:27:03+08:00 ] ::1 /hzaumba/index.php/Home/Index/commen?class=%E6%96%B0%E9%97%BB%E4%B8%AD%E5%BF%83
INFO: [ app_init ] --START--
INFO: Run Behavior\BuildLiteBehavior [ RunTime:0.000029s ]
INFO: [ app_init ] --END-- [ RunTime:0.000590s ]

[ 2016-05-07T22:27:03+08:00 ] ::1 /hzaumba/index.php/Home/Index/commen?class=%E6%96%B0%E9%97%BB%E4%B8%AD%E5%BF%83
INFO: [ app_init ] --START--
INFO: Run Behavior\BuildLiteBehavior [ RunTime:0.000057s ]
INFO: [ app_init ] --END-- [ RunTime:0.001063s ]

[ 2016-05-07T22:27:03+08:00 ] ::1 /hzaumba/index.php/Home/Index/commen?class=%E6%96%B0%E9%97%BB%E4%B8%AD%E5%BF%83
INFO: [ app_init ] --START--
INFO: Run Behavior\BuildLiteBehavior [ RunTime:0.000027s ]
INFO: [ app_init ] --END-- [ RunTime:0.000594s ]

[ 2016-05-07T22:27:06+08:00 ] ::1 /hzaumba/index.php/Home/Index/commen?class=%E6%96%B0%E9%97%BB%E4%B8%AD%E5%BF%83
INFO: [ app_init ] --START--
INFO: Run Behavior\BuildLiteBehavior [ RunTime:0.000026s ]
INFO: [ app_init ] --END-- [ RunTime:0.000593s ]

[ 2016-05-07T22:27:11+08:00 ] ::1 /hzaumba/index.php/Home/Index/commen?class=%E6%96%B0%E9%97%BB%E4%B8%AD%E5%BF%83
INFO: [ app_init ] --START--
INFO: Run Behavior\BuildLiteBehavior [ RunTime:0.000029s ]
INFO: [ app_init ] --END-- [ RunTime:0.000540s ]

[ 2016-05-07T22:27:19+08:00 ] ::1 /hzaumba/index.php/Home/Index/index
INFO: [ app_init ] --START--
INFO: Run Behavior\BuildLiteBehavior [ RunTime:0.000036s ]
INFO: [ app_init ] --END-- [ RunTime:0.001192s ]

[ 2016-05-07T22:27:30+08:00 ] ::1 /hzaumba/index.php/Home/Index/index
INFO: [ app_init ] --START--
INFO: Run Behavior\BuildLiteBehavior [ RunTime:0.000031s ]
INFO: [ app_init ] --END-- [ RunTime:0.000785s ]

[ 2016-05-07T22:27:36+08:00 ] ::1 /hzaumba/index.php/Home/Index/commen?class=%E6%96%B0%E9%97%BB%E4%B8%AD%E5%BF%83
INFO: [ app_init ] --START--
INFO: Run Behavior\BuildLiteBehavior [ RunTime:0.000047s ]
INFO: [ app_init ] --END-- [ RunTime:0.001059s ]

[ 2016-05-07T22:28:04+08:00 ] ::1 /hzaumba/index.php/Home/Index/commen?class=%E6%96%B0%E9%97%BB%E4%B8%AD%E5%BF%83
INFO: [ app_init ] --START--
INFO: Run Behavior\BuildLiteBehavior [ RunTime:0.000040s ]
INFO: [ app_init ] --END-- [ RunTime:0.000940s ]

[ 2016-05-07T22:28:14+08:00 ] ::1 /hzaumba/index.php/Home/Index/commen?class=%E6%96%B0%E9%97%BB%E4%B8%AD%E5%BF%83
INFO: [ app_init ] --START--
INFO: Run Behavior\BuildLiteBehavior [ RunTime:0.000041s ]
INFO: [ app_init ] --END-- [ RunTime:0.000933s ]

[ 2016-05-07T22:28:50+08:00 ] ::1 /hzaumba/index.php/Home/Index/commen?class=%E6%96%B0%E9%97%BB%E4%B8%AD%E5%BF%83
INFO: [ app_init ] --START--
INFO: Run Behavior\BuildLiteBehavior [ RunTime:0.000026s ]
INFO: [ app_init ] --END-- [ RunTime:0.000610s ]

[ 2016-05-07T22:28:57+08:00 ] ::1 /hzaumba/index.php/Home/Index/commen?class=%E6%96%B0%E9%97%BB%E4%B8%AD%E5%BF%83
INFO: [ app_init ] --START--
INFO: Run Behavior\BuildLiteBehavior [ RunTime:0.000049s ]
INFO: [ app_init ] --END-- [ RunTime:0.001130s ]

[ 2016-05-07T22:29:26+08:00 ] ::1 /hzaumba/index.php/Home/Index/commen?class=%E6%96%B0%E9%97%BB%E4%B8%AD%E5%BF%83
INFO: [ app_init ] --START--
INFO: Run Behavior\BuildLiteBehavior [ RunTime:0.000026s ]
INFO: [ app_init ] --END-- [ RunTime:0.000665s ]

[ 2016-05-07T22:29:30+08:00 ] ::1 /hzaumba/index.php/Home/Index/commen?class=%E6%96%B0%E9%97%BB%E4%B8%AD%E5%BF%83
INFO: [ app_init ] --START--
INFO: Run Behavior\BuildLiteBehavior [ RunTime:0.000032s ]
INFO: [ app_init ] --END-- [ RunTime:0.000731s ]

[ 2016-05-07T22:29:38+08:00 ] ::1 /hzaumba/index.php/Home/Index/commen?class=%E6%96%B0%E9%97%BB%E4%B8%AD%E5%BF%83
INFO: [ app_init ] --START--
INFO: Run Behavior\BuildLiteBehavior [ RunTime:0.000036s ]
INFO: [ app_init ] --END-- [ RunTime:0.000681s ]

[ 2016-05-07T22:29:51+08:00 ] ::1 /hzaumba/index.php/Home/Index/commen?class=%E6%96%B0%E9%97%BB%E4%B8%AD%E5%BF%83
INFO: [ app_init ] --START--
INFO: Run Behavior\BuildLiteBehavior [ RunTime:0.000028s ]
INFO: [ app_init ] --END-- [ RunTime:0.000578s ]

[ 2016-05-07T22:29:58+08:00 ] ::1 /hzaumba/index.php/Home/Index/commen?class=%E6%96%B0%E9%97%BB%E4%B8%AD%E5%BF%83
INFO: [ app_init ] --START--
INFO: Run Behavior\BuildLiteBehavior [ RunTime:0.000033s ]
INFO: [ app_init ] --END-- [ RunTime:0.000699s ]

[ 2016-05-07T22:30:28+08:00 ] ::1 /hzaumba/index.php/Home/Index/commen?class=%E6%96%B0%E9%97%BB%E4%B8%AD%E5%BF%83
INFO: [ app_init ] --START--
INFO: Run Behavior\BuildLiteBehavior [ RunTime:0.000030s ]
INFO: [ app_init ] --END-- [ RunTime:0.000675s ]

[ 2016-05-07T22:30:31+08:00 ] ::1 /hzaumba/index.php/Home/Index/commen?class=%E6%96%B0%E9%97%BB%E4%B8%AD%E5%BF%83
INFO: [ app_init ] --START--
INFO: Run Behavior\BuildLiteBehavior [ RunTime:0.000044s ]
INFO: [ app_init ] --END-- [ RunTime:0.001169s ]

[ 2016-05-07T22:31:56+08:00 ] ::1 /hzaumba/index.php/Home/Index/commen?class=%E6%96%B0%E9%97%BB%E4%B8%AD%E5%BF%83
INFO: [ app_init ] --START--
INFO: Run Behavior\BuildLiteBehavior [ RunTime:0.000030s ]
INFO: [ app_init ] --END-- [ RunTime:0.000612s ]

[ 2016-05-07T22:32:12+08:00 ] ::1 /hzaumba/index.php/home/index/commen/class/%E6%96%B0%E9%97%BB%E4%B8%AD%E5%BF%83/p/2.html
INFO: [ app_init ] --START--
INFO: Run Behavior\BuildLiteBehavior [ RunTime:0.000027s ]
INFO: [ app_init ] --END-- [ RunTime:0.000871s ]

[ 2016-05-07T22:32:14+08:00 ] ::1 /hzaumba/index.php/home/index/commen/class/%E6%96%B0%E9%97%BB%E4%B8%AD%E5%BF%83/p/1.html
INFO: [ app_init ] --START--
INFO: Run Behavior\BuildLiteBehavior [ RunTime:0.000028s ]
INFO: [ app_init ] --END-- [ RunTime:0.000665s ]

[ 2016-05-07T22:32:56+08:00 ] ::1 /hzaumba/index.php/Home/Index/index
INFO: [ app_init ] --START--
INFO: Run Behavior\BuildLiteBehavior [ RunTime:0.000026s ]
INFO: [ app_init ] --END-- [ RunTime:0.000992s ]

[ 2016-05-07T22:32:58+08:00 ] ::1 /hzaumba/index.php/Home/Index/commen?class=%E6%96%B0%E9%97%BB%E4%B8%AD%E5%BF%83
INFO: [ app_init ] --START--
INFO: Run Behavior\BuildLiteBehavior [ RunTime:0.000367s ]
INFO: [ app_init ] --END-- [ RunTime:0.001469s ]

[ 2016-05-07T22:33:14+08:00 ] ::1 /hzaumba/index.php/Home/Index/commen?class=%E6%96%B0%E9%97%BB%E4%B8%AD%E5%BF%83
INFO: [ app_init ] --START--
INFO: Run Behavior\BuildLiteBehavior [ RunTime:0.000025s ]
INFO: [ app_init ] --END-- [ RunTime:0.000612s ]

[ 2016-05-07T22:33:51+08:00 ] ::1 /hzaumba/index.php/Home/Index/commen?class=%E6%96%B0%E9%97%BB%E4%B8%AD%E5%BF%83
INFO: [ app_init ] --START--
INFO: Run Behavior\BuildLiteBehavior [ RunTime:0.000030s ]
INFO: [ app_init ] --END-- [ RunTime:0.000572s ]

[ 2016-05-07T22:34:02+08:00 ] ::1 /hzaumba/index.php/Home/Index/commen?class=%E6%96%B0%E9%97%BB%E4%B8%AD%E5%BF%83
INFO: [ app_init ] --START--
INFO: Run Behavior\BuildLiteBehavior [ RunTime:0.000029s ]
INFO: [ app_init ] --END-- [ RunTime:0.000633s ]

[ 2016-05-07T22:34:05+08:00 ] ::1 /hzaumba/index.php/Home/Index/commen?class=%E6%96%B0%E9%97%BB%E4%B8%AD%E5%BF%83
INFO: [ app_init ] --START--
INFO: Run Behavior\BuildLiteBehavior [ RunTime:0.000026s ]
INFO: [ app_init ] --END-- [ RunTime:0.000803s ]

[ 2016-05-07T22:36:22+08:00 ] ::1 /hzaumba/index.php/Home/Index/commen?class=%E6%96%B0%E9%97%BB%E4%B8%AD%E5%BF%83
INFO: [ app_init ] --START--
INFO: Run Behavior\BuildLiteBehavior [ RunTime:0.000044s ]
INFO: [ app_init ] --END-- [ RunTime:0.000893s ]

[ 2016-05-07T22:37:49+08:00 ] ::1 /hzaumba/index.php/Home/Index/commen?class=%E6%96%B0%E9%97%BB%E4%B8%AD%E5%BF%83
INFO: [ app_init ] --START--
INFO: Run Behavior\BuildLiteBehavior [ RunTime:0.000026s ]
INFO: [ app_init ] --END-- [ RunTime:0.000584s ]

[ 2016-05-07T22:37:49+08:00 ] ::1 /hzaumba/index.php/Home/Index/commen?class=%E6%96%B0%E9%97%BB%E4%B8%AD%E5%BF%83
INFO: [ app_init ] --START--
INFO: Run Behavior\BuildLiteBehavior [ RunTime:0.000027s ]
INFO: [ app_init ] --END-- [ RunTime:0.000556s ]

[ 2016-05-07T22:37:50+08:00 ] ::1 /hzaumba/index.php/Home/Index/commen?class=%E6%96%B0%E9%97%BB%E4%B8%AD%E5%BF%83
INFO: [ app_init ] --START--
INFO: Run Behavior\BuildLiteBehavior [ RunTime:0.000031s ]
INFO: [ app_init ] --END-- [ RunTime:0.000621s ]

[ 2016-05-07T22:37:53+08:00 ] ::1 /hzaumba/index.php/home/index/commen/class/%E6%96%B0%E9%97%BB%E4%B8%AD%E5%BF%83/p/2.html
INFO: [ app_init ] --START--
INFO: Run Behavior\BuildLiteBehavior [ RunTime:0.000027s ]
INFO: [ app_init ] --END-- [ RunTime:0.000746s ]

[ 2016-05-07T22:37:54+08:00 ] ::1 /hzaumba/index.php/home/index/commen/class/%E6%96%B0%E9%97%BB%E4%B8%AD%E5%BF%83/p/1.html
INFO: [ app_init ] --START--
INFO: Run Behavior\BuildLiteBehavior [ RunTime:0.000026s ]
INFO: [ app_init ] --END-- [ RunTime:0.000634s ]

[ 2016-05-07T22:38:35+08:00 ] ::1 /hzaumba/index.php/home/index/commen/class/%E6%96%B0%E9%97%BB%E4%B8%AD%E5%BF%83/p/1.html
INFO: [ app_init ] --START--
INFO: Run Behavior\BuildLiteBehavior [ RunTime:0.000027s ]
INFO: [ app_init ] --END-- [ RunTime:0.000749s ]

[ 2016-05-07T22:38:45+08:00 ] ::1 /hzaumba/index.php/home/index/commen/class/%E6%96%B0%E9%97%BB%E4%B8%AD%E5%BF%83/p/1.html
INFO: [ app_init ] --START--
INFO: Run Behavior\BuildLiteBehavior [ RunTime:0.000030s ]
INFO: [ app_init ] --END-- [ RunTime:0.000571s ]

[ 2016-05-07T22:38:51+08:00 ] ::1 /hzaumba/index.php/home/index/commen/class/%E6%96%B0%E9%97%BB%E4%B8%AD%E5%BF%83/p/1.html
INFO: [ app_init ] --START--
INFO: Run Behavior\BuildLiteBehavior [ RunTime:0.000033s ]
INFO: [ app_init ] --END-- [ RunTime:0.000758s ]

[ 2016-05-07T22:39:02+08:00 ] ::1 /hzaumba/index.php/home/index/commen/class/%E6%96%B0%E9%97%BB%E4%B8%AD%E5%BF%83/p/1.html
INFO: [ app_init ] --START--
INFO: Run Behavior\BuildLiteBehavior [ RunTime:0.000035s ]
INFO: [ app_init ] --END-- [ RunTime:0.000975s ]

[ 2016-05-07T22:39:24+08:00 ] ::1 /hzaumba/index.php/home/index/commen/class/%E6%96%B0%E9%97%BB%E4%B8%AD%E5%BF%83/p/1.html
INFO: [ app_init ] --START--
INFO: Run Behavior\BuildLiteBehavior [ RunTime:0.000025s ]
INFO: [ app_init ] --END-- [ RunTime:0.000671s ]

[ 2016-05-07T22:39:33+08:00 ] ::1 /hzaumba/index.php/home/index/commen/class/%E6%96%B0%E9%97%BB%E4%B8%AD%E5%BF%83/p/1.html
INFO: [ app_init ] --START--
INFO: Run Behavior\BuildLiteBehavior [ RunTime:0.000029s ]
INFO: [ app_init ] --END-- [ RunTime:0.001031s ]

[ 2016-05-07T22:39:44+08:00 ] ::1 /hzaumba/index.php/home/index/commen/class/%E6%96%B0%E9%97%BB%E4%B8%AD%E5%BF%83/p/1.html
INFO: [ app_init ] --START--
INFO: Run Behavior\BuildLiteBehavior [ RunTime:0.000027s ]
INFO: [ app_init ] --END-- [ RunTime:0.000583s ]

[ 2016-05-07T22:43:40+08:00 ] ::1 /hzaumba/index.php/home/index/commen/class/%E6%96%B0%E9%97%BB%E4%B8%AD%E5%BF%83/p/1.html
INFO: [ app_init ] --START--
INFO: Run Behavior\BuildLiteBehavior [ RunTime:0.000028s ]
INFO: [ app_init ] --END-- [ RunTime:0.000727s ]

[ 2016-05-07T22:43:50+08:00 ] ::1 /hzaumba/index.php/home/index/commen/class/%E6%96%B0%E9%97%BB%E4%B8%AD%E5%BF%83/p/1.html
INFO: [ app_init ] --START--
INFO: Run Behavior\BuildLiteBehavior [ RunTime:0.000027s ]
INFO: [ app_init ] --END-- [ RunTime:0.000592s ]

[ 2016-05-07T22:43:59+08:00 ] ::1 /hzaumba/index.php/home/index/commen/class/%E6%96%B0%E9%97%BB%E4%B8%AD%E5%BF%83/p/1.html
INFO: [ app_init ] --START--
INFO: Run Behavior\BuildLiteBehavior [ RunTime:0.000027s ]
INFO: [ app_init ] --END-- [ RunTime:0.000624s ]

[ 2016-05-07T22:44:22+08:00 ] ::1 /hzaumba/index.php/home/index/commen/class/%E6%96%B0%E9%97%BB%E4%B8%AD%E5%BF%83/p/1.html
INFO: [ app_init ] --START--
INFO: Run Behavior\BuildLiteBehavior [ RunTime:0.000027s ]
INFO: [ app_init ] --END-- [ RunTime:0.000555s ]

[ 2016-05-07T22:44:51+08:00 ] ::1 /hzaumba/index.php/home/index/commen/class/%E6%96%B0%E9%97%BB%E4%B8%AD%E5%BF%83/p/1.html
INFO: [ app_init ] --START--
INFO: Run Behavior\BuildLiteBehavior [ RunTime:0.000041s ]
INFO: [ app_init ] --END-- [ RunTime:0.000865s ]

[ 2016-05-07T22:45:11+08:00 ] ::1 /hzaumba/index.php/home/index/commen/class/%E6%96%B0%E9%97%BB%E4%B8%AD%E5%BF%83/p/1.html
INFO: [ app_init ] --START--
INFO: Run Behavior\BuildLiteBehavior [ RunTime:0.000032s ]
INFO: [ app_init ] --END-- [ RunTime:0.000793s ]

[ 2016-05-07T22:45:24+08:00 ] ::1 /hzaumba/index.php/home/index/commen/class/%E6%96%B0%E9%97%BB%E4%B8%AD%E5%BF%83/p/1.html
INFO: [ app_init ] --START--
INFO: Run Behavior\BuildLiteBehavior [ RunTime:0.000032s ]
INFO: [ app_init ] --END-- [ RunTime:0.000804s ]

[ 2016-05-07T22:45:28+08:00 ] ::1 /hzaumba/index.php/home/index/commen/class/%E6%96%B0%E9%97%BB%E4%B8%AD%E5%BF%83/p/1.html
INFO: [ app_init ] --START--
INFO: Run Behavior\BuildLiteBehavior [ RunTime:0.000028s ]
INFO: [ app_init ] --END-- [ RunTime:0.000642s ]

[ 2016-05-07T22:45:31+08:00 ] ::1 /hzaumba/index.php/home/index/commen/class/%E6%96%B0%E9%97%BB%E4%B8%AD%E5%BF%83/p/1.html
INFO: [ app_init ] --START--
INFO: Run Behavior\BuildLiteBehavior [ RunTime:0.000045s ]
INFO: [ app_init ] --END-- [ RunTime:0.001216s ]

[ 2016-05-07T22:45:43+08:00 ] ::1 /hzaumba/index.php/home/index/commen/class/%E6%96%B0%E9%97%BB%E4%B8%AD%E5%BF%83/p/1.html
INFO: [ app_init ] --START--
INFO: Run Behavior\BuildLiteBehavior [ RunTime:0.000029s ]
INFO: [ app_init ] --END-- [ RunTime:0.000595s ]

[ 2016-05-07T22:45:52+08:00 ] ::1 /hzaumba/index.php/home/index/commen/class/%E6%96%B0%E9%97%BB%E4%B8%AD%E5%BF%83/p/1.html
INFO: [ app_init ] --START--
INFO: Run Behavior\BuildLiteBehavior [ RunTime:0.000053s ]
INFO: [ app_init ] --END-- [ RunTime:0.000780s ]

[ 2016-05-07T22:46:03+08:00 ] ::1 /hzaumba/index.php/home/index/commen/class/%E6%96%B0%E9%97%BB%E4%B8%AD%E5%BF%83/p/1.html
INFO: [ app_init ] --START--
INFO: Run Behavior\BuildLiteBehavior [ RunTime:0.000028s ]
INFO: [ app_init ] --END-- [ RunTime:0.000579s ]

[ 2016-05-07T23:36:20+08:00 ] ::1 /hzaumba/index.php/home/index/commen/class/%E6%96%B0%E9%97%BB%E4%B8%AD%E5%BF%83/p/1.html
INFO: [ app_init ] --START--
INFO: Run Behavior\BuildLiteBehavior [ RunTime:0.000025s ]
INFO: [ app_init ] --END-- [ RunTime:0.000615s ]

[ 2016-05-07T23:46:07+08:00 ] ::1 /hzaumba/index.php/home/index/commen/class/%E6%96%B0%E9%97%BB%E4%B8%AD%E5%BF%83/p/1.html
INFO: [ app_init ] --START--
INFO: Run Behavior\BuildLiteBehavior [ RunTime:0.000034s ]
INFO: [ app_init ] --END-- [ RunTime:0.001167s ]

[ 2016-05-07T23:46:46+08:00 ] ::1 /hzaumba/index.php/home/index/commen/class/%E6%96%B0%E9%97%BB%E4%B8%AD%E5%BF%83/p/1.html
INFO: [ app_init ] --START--
INFO: Run Behavior\BuildLiteBehavior [ RunTime:0.000026s ]
INFO: [ app_init ] --END-- [ RunTime:0.000773s ]

[ 2016-05-07T23:47:00+08:00 ] ::1 /hzaumba/index.php/home/index/commen/class/%E6%96%B0%E9%97%BB%E4%B8%AD%E5%BF%83/p/1.html
INFO: [ app_init ] --START--
INFO: Run Behavior\BuildLiteBehavior [ RunTime:0.000027s ]
INFO: [ app_init ] --END-- [ RunTime:0.000614s ]

[ 2016-05-07T23:47:17+08:00 ] ::1 /hzaumba/index.php/home/index/commen/class/%E6%96%B0%E9%97%BB%E4%B8%AD%E5%BF%83/p/1.html
INFO: [ app_init ] --START--
INFO: Run Behavior\BuildLiteBehavior [ RunTime:0.000027s ]
INFO: [ app_init ] --END-- [ RunTime:0.000954s ]

[ 2016-05-07T23:47:26+08:00 ] ::1 /hzaumba/index.php/home/index/commen/class/%E6%96%B0%E9%97%BB%E4%B8%AD%E5%BF%83/p/1.html
INFO: [ app_init ] --START--
INFO: Run Behavior\BuildLiteBehavior [ RunTime:0.000102s ]
INFO: [ app_init ] --END-- [ RunTime:0.002134s ]

[ 2016-05-07T23:47:37+08:00 ] ::1 /hzaumba/index.php/home/index/commen/class/%E6%96%B0%E9%97%BB%E4%B8%AD%E5%BF%83/p/1.html
INFO: [ app_init ] --START--
INFO: Run Behavior\BuildLiteBehavior [ RunTime:0.000037s ]
INFO: [ app_init ] --END-- [ RunTime:0.000754s ]

[ 2016-05-07T23:47:45+08:00 ] ::1 /hzaumba/index.php/home/index/commen/class/%E6%96%B0%E9%97%BB%E4%B8%AD%E5%BF%83/p/1.html
INFO: [ app_init ] --START--
INFO: Run Behavior\BuildLiteBehavior [ RunTime:0.000033s ]
INFO: [ app_init ] --END-- [ RunTime:0.000770s ]

[ 2016-05-07T23:47:57+08:00 ] ::1 /hzaumba/index.php/home/index/commen/class/%E6%96%B0%E9%97%BB%E4%B8%AD%E5%BF%83/p/1.html
INFO: [ app_init ] --START--
INFO: Run Behavior\BuildLiteBehavior [ RunTime:0.000040s ]
INFO: [ app_init ] --END-- [ RunTime:0.000828s ]

[ 2016-05-07T23:48:06+08:00 ] ::1 /hzaumba/index.php/home/index/commen/class/%E6%96%B0%E9%97%BB%E4%B8%AD%E5%BF%83/p/1.html
INFO: [ app_init ] --START--
INFO: Run Behavior\BuildLiteBehavior [ RunTime:0.000025s ]
INFO: [ app_init ] --END-- [ RunTime:0.000581s ]

[ 2016-05-07T23:48:21+08:00 ] ::1 /hzaumba/index.php/home/index/commen/class/%E6%96%B0%E9%97%BB%E4%B8%AD%E5%BF%83/p/1.html
INFO: [ app_init ] --START--
INFO: Run Behavior\BuildLiteBehavior [ RunTime:0.000028s ]
INFO: [ app_init ] --END-- [ RunTime:0.000688s ]

[ 2016-05-07T23:50:51+08:00 ] ::1 /hzaumba/index.php/home/index/commen/class/%E6%96%B0%E9%97%BB%E4%B8%AD%E5%BF%83/p/1.html
INFO: [ app_init ] --START--
INFO: Run Behavior\BuildLiteBehavior [ RunTime:0.000027s ]
INFO: [ app_init ] --END-- [ RunTime:0.000755s ]

[ 2016-05-07T23:50:53+08:00 ] ::1 /hzaumba/index.php/home/index/commen/class/%E6%96%B0%E9%97%BB%E4%B8%AD%E5%BF%83/p/1.html
INFO: [ app_init ] --START--
INFO: Run Behavior\BuildLiteBehavior [ RunTime:0.000044s ]
INFO: [ app_init ] --END-- [ RunTime:0.000951s ]

[ 2016-05-07T23:50:53+08:00 ] ::1 /hzaumba/index.php/home/index/commen/class/%E6%96%B0%E9%97%BB%E4%B8%AD%E5%BF%83/p/1.html
INFO: [ app_init ] --START--
INFO: Run Behavior\BuildLiteBehavior [ RunTime:0.000025s ]
INFO: [ app_init ] --END-- [ RunTime:0.000585s ]

[ 2016-05-07T23:50:54+08:00 ] ::1 /hzaumba/index.php/home/index/commen/class/%E6%96%B0%E9%97%BB%E4%B8%AD%E5%BF%83/p/1.html
INFO: [ app_init ] --START--
INFO: Run Behavior\BuildLiteBehavior [ RunTime:0.000033s ]
INFO: [ app_init ] --END-- [ RunTime:0.000618s ]

[ 2016-05-07T23:50:54+08:00 ] ::1 /hzaumba/index.php/home/index/commen/class/%E6%96%B0%E9%97%BB%E4%B8%AD%E5%BF%83/p/1.html
INFO: [ app_init ] --START--
INFO: Run Behavior\BuildLiteBehavior [ RunTime:0.000028s ]
INFO: [ app_init ] --END-- [ RunTime:0.001154s ]

[ 2016-05-07T23:50:54+08:00 ] ::1 /hzaumba/index.php/home/index/commen/class/%E6%96%B0%E9%97%BB%E4%B8%AD%E5%BF%83/p/1.html
INFO: [ app_init ] --START--
INFO: Run Behavior\BuildLiteBehavior [ RunTime:0.000046s ]
INFO: [ app_init ] --END-- [ RunTime:0.000864s ]

[ 2016-05-07T23:50:56+08:00 ] ::1 /hzaumba/index.php/home/index/commen/class/%E6%96%B0%E9%97%BB%E4%B8%AD%E5%BF%83/p/1.html
INFO: [ app_init ] --START--
INFO: Run Behavior\BuildLiteBehavior [ RunTime:0.000036s ]
INFO: [ app_init ] --END-- [ RunTime:0.000737s ]

[ 2016-05-07T23:50:56+08:00 ] ::1 /hzaumba/index.php/home/index/commen/class/%E6%96%B0%E9%97%BB%E4%B8%AD%E5%BF%83/p/1.html
INFO: [ app_init ] --START--
INFO: Run Behavior\BuildLiteBehavior [ RunTime:0.000036s ]
INFO: [ app_init ] --END-- [ RunTime:0.000950s ]

[ 2016-05-07T23:50:56+08:00 ] ::1 /hzaumba/index.php/home/index/commen/class/%E6%96%B0%E9%97%BB%E4%B8%AD%E5%BF%83/p/1.html
INFO: [ app_init ] --START--
INFO: Run Behavior\BuildLiteBehavior [ RunTime:0.000067s ]
INFO: [ app_init ] --END-- [ RunTime:0.000842s ]

[ 2016-05-07T23:50:56+08:00 ] ::1 /hzaumba/index.php/home/index/commen/class/%E6%96%B0%E9%97%BB%E4%B8%AD%E5%BF%83/p/1.html
INFO: [ app_init ] --START--
INFO: Run Behavior\BuildLiteBehavior [ RunTime:0.000055s ]
INFO: [ app_init ] --END-- [ RunTime:0.001397s ]

[ 2016-05-07T23:51:00+08:00 ] ::1 /hzaumba/index.php/Home/Index/index
INFO: [ app_init ] --START--
INFO: Run Behavior\BuildLiteBehavior [ RunTime:0.000028s ]
INFO: [ app_init ] --END-- [ RunTime:0.000554s ]

[ 2016-05-07T23:51:03+08:00 ] ::1 /hzaumba/index.php/Home/Index/download
INFO: [ app_init ] --START--
INFO: Run Behavior\BuildLiteBehavior [ RunTime:0.000025s ]
INFO: [ app_init ] --END-- [ RunTime:0.000595s ]

[ 2016-05-07T23:51:08+08:00 ] ::1 /hzaumba/index.php/Home/Index/commen?class=%E6%96%B0%E9%97%BB%E4%B8%AD%E5%BF%83
INFO: [ app_init ] --START--
INFO: Run Behavior\BuildLiteBehavior [ RunTime:0.000030s ]
INFO: [ app_init ] --END-- [ RunTime:0.000555s ]

[ 2016-05-07T23:52:55+08:00 ] ::1 /hzaumba/index.php/Home/Index/commen?class=%E6%96%B0%E9%97%BB%E4%B8%AD%E5%BF%83
INFO: [ app_init ] --START--
INFO: Run Behavior\BuildLiteBehavior [ RunTime:0.000037s ]
INFO: [ app_init ] --END-- [ RunTime:0.001171s ]

[ 2016-05-07T23:53:00+08:00 ] ::1 /hzaumba/index.php/home/index/commen/class/%E6%96%B0%E9%97%BB%E4%B8%AD%E5%BF%83/p/2.html
INFO: [ app_init ] --START--
INFO: Run Behavior\BuildLiteBehavior [ RunTime:0.000031s ]
INFO: [ app_init ] --END-- [ RunTime:0.000919s ]

[ 2016-05-07T23:53:01+08:00 ] ::1 /hzaumba/index.php/home/index/commen/class/%E6%96%B0%E9%97%BB%E4%B8%AD%E5%BF%83/p/1.html
INFO: [ app_init ] --START--
INFO: Run Behavior\BuildLiteBehavior [ RunTime:0.000028s ]
INFO: [ app_init ] --END-- [ RunTime:0.000892s ]

[ 2016-05-07T23:53:08+08:00 ] ::1 /hzaumba/index.php/home/index/commen/class/%E6%96%B0%E9%97%BB%E4%B8%AD%E5%BF%83/p/1.html
INFO: [ app_init ] --START--
INFO: Run Behavior\BuildLiteBehavior [ RunTime:0.000049s ]
INFO: [ app_init ] --END-- [ RunTime:0.000719s ]

[ 2016-05-07T23:53:11+08:00 ] ::1 /hzaumba/index.php/home/index/commen/class/%E6%96%B0%E9%97%BB%E4%B8%AD%E5%BF%83/p/1.html
INFO: [ app_init ] --START--
INFO: Run Behavior\BuildLiteBehavior [ RunTime:0.000033s ]
INFO: [ app_init ] --END-- [ RunTime:0.000863s ]

[ 2016-05-07T23:53:25+08:00 ] ::1 /hzaumba/index.php/home/index/commen/class/%E6%96%B0%E9%97%BB%E4%B8%AD%E5%BF%83/p/1.html
INFO: [ app_init ] --START--
INFO: Run Behavior\BuildLiteBehavior [ RunTime:0.000032s ]
INFO: [ app_init ] --END-- [ RunTime:0.000651s ]

[ 2016-05-07T23:53:31+08:00 ] ::1 /hzaumba/index.php/home/index/commen/class/%E6%96%B0%E9%97%BB%E4%B8%AD%E5%BF%83/p/1.html
INFO: [ app_init ] --START--
INFO: Run Behavior\BuildLiteBehavior [ RunTime:0.000056s ]
INFO: [ app_init ] --END-- [ RunTime:0.000840s ]

[ 2016-05-07T23:53:32+08:00 ] ::1 /hzaumba/index.php/home/index/commen/class/%E6%96%B0%E9%97%BB%E4%B8%AD%E5%BF%83/p/1.html
INFO: [ app_init ] --START--
INFO: Run Behavior\BuildLiteBehavior [ RunTime:0.000032s ]
INFO: [ app_init ] --END-- [ RunTime:0.000831s ]

[ 2016-05-07T23:53:33+08:00 ] ::1 /hzaumba/index.php/home/index/commen/class/%E6%96%B0%E9%97%BB%E4%B8%AD%E5%BF%83/p/1.html
INFO: [ app_init ] --START--
INFO: Run Behavior\BuildLiteBehavior [ RunTime:0.000027s ]
INFO: [ app_init ] --END-- [ RunTime:0.001003s ]

[ 2016-05-07T23:54:27+08:00 ] ::1 /hzaumba/index.php/home/index/commen/class/%E6%96%B0%E9%97%BB%E4%B8%AD%E5%BF%83/p/1.html
INFO: [ app_init ] --START--
INFO: Run Behavior\BuildLiteBehavior [ RunTime:0.000028s ]
INFO: [ app_init ] --END-- [ RunTime:0.000590s ]

[ 2016-05-07T23:54:28+08:00 ] ::1 /hzaumba/index.php/home/index/commen/class/%E6%96%B0%E9%97%BB%E4%B8%AD%E5%BF%83/p/1.html
INFO: [ app_init ] --START--
INFO: Run Behavior\BuildLiteBehavior [ RunTime:0.000048s ]
INFO: [ app_init ] --END-- [ RunTime:0.001239s ]

[ 2016-05-07T23:56:00+08:00 ] ::1 /hzaumba/index.php/home/index/commen/class/%E6%96%B0%E9%97%BB%E4%B8%AD%E5%BF%83/p/2.html
INFO: [ app_init ] --START--
INFO: Run Behavior\BuildLiteBehavior [ RunTime:0.000039s ]
INFO: [ app_init ] --END-- [ RunTime:0.001045s ]

[ 2016-05-07T23:56:02+08:00 ] ::1 /hzaumba/index.php/home/index/commen/class/%E6%96%B0%E9%97%BB%E4%B8%AD%E5%BF%83/p/1.html
INFO: [ app_init ] --START--
INFO: Run Behavior\BuildLiteBehavior [ RunTime:0.000025s ]
INFO: [ app_init ] --END-- [ RunTime:0.000578s ]

[ 2016-05-07T23:59:11+08:00 ] ::1 /hzaumba/index.php/home/index/commen/class/%E6%96%B0%E9%97%BB%E4%B8%AD%E5%BF%83/p/1.html
INFO: [ app_init ] --START--
INFO: Run Behavior\BuildLiteBehavior [ RunTime:0.000025s ]
INFO: [ app_init ] --END-- [ RunTime:0.000891s ]

[ 2016-05-07T23:59:11+08:00 ] ::1 /hzaumba/index.php/home/index/commen/class/%E6%96%B0%E9%97%BB%E4%B8%AD%E5%BF%83/p/1.html
INFO: [ app_init ] --START--
INFO: Run Behavior\BuildLiteBehavior [ RunTime:0.000030s ]
INFO: [ app_init ] --END-- [ RunTime:0.000569s ]

[ 2016-05-07T23:59:11+08:00 ] ::1 /hzaumba/index.php/home/index/commen/class/%E6%96%B0%E9%97%BB%E4%B8%AD%E5%BF%83/p/1.html
INFO: [ app_init ] --START--
INFO: Run Behavior\BuildLiteBehavior [ RunTime:0.000027s ]
INFO: [ app_init ] --END-- [ RunTime:0.000799s ]

[ 2016-05-07T23:59:11+08:00 ] ::1 /hzaumba/index.php/home/index/commen/class/%E6%96%B0%E9%97%BB%E4%B8%AD%E5%BF%83/p/1.html
INFO: [ app_init ] --START--
INFO: Run Behavior\BuildLiteBehavior [ RunTime:0.000028s ]
INFO: [ app_init ] --END-- [ RunTime:0.000625s ]

[ 2016-05-07T23:59:11+08:00 ] ::1 /hzaumba/index.php/home/index/commen/class/%E6%96%B0%E9%97%BB%E4%B8%AD%E5%BF%83/p/1.html
INFO: [ app_init ] --START--
INFO: Run Behavior\BuildLiteBehavior [ RunTime:0.000047s ]
INFO: [ app_init ] --END-- [ RunTime:0.000873s ]

[ 2016-05-07T23:59:12+08:00 ] ::1 /hzaumba/index.php/home/index/commen/class/%E6%96%B0%E9%97%BB%E4%B8%AD%E5%BF%83/p/1.html
INFO: [ app_init ] --START--
INFO: Run Behavior\BuildLiteBehavior [ RunTime:0.000028s ]
INFO: [ app_init ] --END-- [ RunTime:0.000596s ]

[ 2016-05-07T23:59:18+08:00 ] ::1 /hzaumba/index.php/home/index/commen/class/%E6%96%B0%E9%97%BB%E4%B8%AD%E5%BF%83/p/1.html
INFO: [ app_init ] --START--
INFO: Run Behavior\BuildLiteBehavior [ RunTime:0.000049s ]
INFO: [ app_init ] --END-- [ RunTime:0.001050s ]

[ 2016-05-07T23:59:20+08:00 ] ::1 /hzaumba/index.php/home/index/commen/class/%E6%96%B0%E9%97%BB%E4%B8%AD%E5%BF%83/p/2.html
INFO: [ app_init ] --START--
INFO: Run Behavior\BuildLiteBehavior [ RunTime:0.000032s ]
INFO: [ app_init ] --END-- [ RunTime:0.000818s ]

[ 2016-05-07T23:59:23+08:00 ] ::1 /hzaumba/index.php/home/index/commen/class/%E6%96%B0%E9%97%BB%E4%B8%AD%E5%BF%83/p/6.html
INFO: [ app_init ] --START--
INFO: Run Behavior\BuildLiteBehavior [ RunTime:0.000028s ]
INFO: [ app_init ] --END-- [ RunTime:0.000582s ]

[ 2016-05-07T23:59:25+08:00 ] ::1 /hzaumba/index.php/home/index/commen/class/%E6%96%B0%E9%97%BB%E4%B8%AD%E5%BF%83/p/1.html
INFO: [ app_init ] --START--
INFO: Run Behavior\BuildLiteBehavior [ RunTime:0.000032s ]
INFO: [ app_init ] --END-- [ RunTime:0.000831s ]

