[ 2016-03-26T20:15:37+08:00 ] 127.0.0.1 /hzaumba/Public/Back/Css/admin/style.css
INFO: [ app_init ] --START--
INFO: Run Behavior\BuildLiteBehavior [ RunTime:0.000070s ]
INFO: [ app_init ] --END-- [ RunTime:0.006756s ]
ERR: 无法加载模块:Public

[ 2016-03-26T20:15:37+08:00 ] 127.0.0.1 /hzaumba/Public/Back/Css/admin/invalid.css
INFO: [ app_init ] --START--
INFO: Run Behavior\BuildLiteBehavior [ RunTime:0.000068s ]
INFO: [ app_init ] --END-- [ RunTime:0.001369s ]
ERR: 无法加载模块:Public

[ 2016-03-26T20:15:38+08:00 ] 127.0.0.1 /hzaumba/Public/Back/Js/admin/jquery-1.3.2.min.js
INFO: [ app_init ] --START--
INFO: Run Behavior\BuildLiteBehavior [ RunTime:0.000072s ]
INFO: [ app_init ] --END-- [ RunTime:0.001466s ]
ERR: 无法加载模块:Public

[ 2016-03-26T20:15:38+08:00 ] 127.0.0.1 /hzaumba/Public/Back/Css/admin/reset.css
INFO: [ app_init ] --START--
INFO: Run Behavior\BuildLiteBehavior [ RunTime:0.000220s ]
INFO: [ app_init ] --END-- [ RunTime:0.003417s ]
ERR: 无法加载模块:Public

[ 2016-03-26T20:15:38+08:00 ] 127.0.0.1 /hzaumba/Public/Back/Js/admin/simpla.jquery.configuration.js
INFO: [ app_init ] --START--
INFO: Run Behavior\BuildLiteBehavior [ RunTime:0.000081s ]
INFO: [ app_init ] --END-- [ RunTime:0.011615s ]
ERR: 无法加载模块:Public

[ 2016-03-26T20:15:38+08:00 ] 127.0.0.1 /hzaumba/Back/ueditor/editor_config.js
INFO: [ app_init ] --START--
INFO: Run Behavior\BuildLiteBehavior [ RunTime:0.000069s ]
INFO: [ app_init ] --END-- [ RunTime:0.001311s ]
ERR: 无法加载模块:Back

[ 2016-03-26T20:15:38+08:00 ] 127.0.0.1 /hzaumba/Public/Back/Js/admin/facebox.js
INFO: [ app_init ] --START--
INFO: Run Behavior\BuildLiteBehavior [ RunTime:0.000315s ]
INFO: [ app_init ] --END-- [ RunTime:0.014179s ]
ERR: 无法加载模块:Public

[ 2016-03-26T20:15:38+08:00 ] 127.0.0.1 /hzaumba/Public/Back/Js/admin/jquery.wysiwyg.js
INFO: [ app_init ] --START--
INFO: Run Behavior\BuildLiteBehavior [ RunTime:0.000069s ]
INFO: [ app_init ] --END-- [ RunTime:0.001654s ]
ERR: 无法加载模块:Public

[ 2016-03-26T20:15:38+08:00 ] 127.0.0.1 /hzaumba/ueditor/themes/default/ueditor.css
INFO: [ app_init ] --START--
INFO: Run Behavior\BuildLiteBehavior [ RunTime:0.000084s ]
INFO: [ app_init ] --END-- [ RunTime:0.002366s ]
ERR: 无法加载模块:Ueditor

[ 2016-03-26T20:15:38+08:00 ] 127.0.0.1 /hzaumba/Back/ueditor/editor_all.js
INFO: [ app_init ] --START--
INFO: Run Behavior\BuildLiteBehavior [ RunTime:0.000143s ]
INFO: [ app_init ] --END-- [ RunTime:0.006694s ]
ERR: 无法加载模块:Back

[ 2016-03-26T20:15:38+08:00 ] 127.0.0.1 /hzaumba/Back/ueditor/editor_config.js
INFO: [ app_init ] --START--
INFO: Run Behavior\BuildLiteBehavior [ RunTime:0.000057s ]
INFO: [ app_init ] --END-- [ RunTime:0.001025s ]
ERR: 无法加载模块:Back

[ 2016-03-26T20:15:38+08:00 ] 127.0.0.1 /hzaumba/Back/ueditor/editor_all.js
INFO: [ app_init ] --START--
INFO: Run Behavior\BuildLiteBehavior [ RunTime:0.000059s ]
INFO: [ app_init ] --END-- [ RunTime:0.001254s ]
ERR: 无法加载模块:Back

[ 2016-03-26T20:15:41+08:00 ] 127.0.0.1 /hzaumba/Public/Back/Css/admin/reset.css
INFO: [ app_init ] --START--
INFO: Run Behavior\BuildLiteBehavior [ RunTime:0.000071s ]
INFO: [ app_init ] --END-- [ RunTime:0.001313s ]
ERR: 无法加载模块:Public

[ 2016-03-26T20:15:41+08:00 ] 127.0.0.1 /hzaumba/ueditor/themes/default/ueditor.css
INFO: [ app_init ] --START--
INFO: Run Behavior\BuildLiteBehavior [ RunTime:0.000068s ]
INFO: [ app_init ] --END-- [ RunTime:0.002176s ]
ERR: 无法加载模块:Ueditor

[ 2016-03-26T20:15:41+08:00 ] 127.0.0.1 /hzaumba/Public/Back/Css/admin/style.css
INFO: [ app_init ] --START--
INFO: Run Behavior\BuildLiteBehavior [ RunTime:0.000064s ]
INFO: [ app_init ] --END-- [ RunTime:0.001263s ]
ERR: 无法加载模块:Public

[ 2016-03-26T20:15:41+08:00 ] 127.0.0.1 /hzaumba/Public/Back/Css/admin/invalid.css
INFO: [ app_init ] --START--
INFO: Run Behavior\BuildLiteBehavior [ RunTime:0.000073s ]
INFO: [ app_init ] --END-- [ RunTime:0.001412s ]
ERR: 无法加载模块:Public

[ 2016-03-26T20:15:41+08:00 ] 127.0.0.1 /hzaumba/Public/Back/Js/admin/jquery-1.3.2.min.js
INFO: [ app_init ] --START--
INFO: Run Behavior\BuildLiteBehavior [ RunTime:0.000085s ]
INFO: [ app_init ] --END-- [ RunTime:0.008836s ]
ERR: 无法加载模块:Public

[ 2016-03-26T20:15:41+08:00 ] 127.0.0.1 /hzaumba/Public/Back/Js/admin/simpla.jquery.configuration.js
INFO: [ app_init ] --START--
INFO: Run Behavior\BuildLiteBehavior [ RunTime:0.000070s ]
INFO: [ app_init ] --END-- [ RunTime:0.001427s ]
ERR: 无法加载模块:Public

[ 2016-03-26T20:15:41+08:00 ] 127.0.0.1 /hzaumba/Public/Back/Js/admin/facebox.js
INFO: [ app_init ] --START--
INFO: Run Behavior\BuildLiteBehavior [ RunTime:0.000068s ]
INFO: [ app_init ] --END-- [ RunTime:0.002238s ]
ERR: 无法加载模块:Public

[ 2016-03-26T20:15:41+08:00 ] 127.0.0.1 /hzaumba/Back/ueditor/editor_config.js
INFO: [ app_init ] --START--
INFO: Run Behavior\BuildLiteBehavior [ RunTime:0.000075s ]
INFO: [ app_init ] --END-- [ RunTime:0.001428s ]
ERR: 无法加载模块:Back

[ 2016-03-26T20:15:41+08:00 ] 127.0.0.1 /hzaumba/Public/Back/Js/admin/jquery.wysiwyg.js
INFO: [ app_init ] --START--
INFO: Run Behavior\BuildLiteBehavior [ RunTime:0.000090s ]
INFO: [ app_init ] --END-- [ RunTime:0.001584s ]
ERR: 无法加载模块:Public

[ 2016-03-26T20:15:41+08:00 ] 127.0.0.1 /hzaumba/Back/ueditor/editor_all.js
INFO: [ app_init ] --START--
INFO: Run Behavior\BuildLiteBehavior [ RunTime:0.000087s ]
INFO: [ app_init ] --END-- [ RunTime:0.002709s ]
ERR: 无法加载模块:Back

[ 2016-03-26T20:15:41+08:00 ] 127.0.0.1 /hzaumba/Public/Back/Js/admin/simpla.jquery.configuration.js
INFO: [ app_init ] --START--
INFO: Run Behavior\BuildLiteBehavior [ RunTime:0.000100s ]
INFO: [ app_init ] --END-- [ RunTime:0.002082s ]
ERR: 无法加载模块:Public

[ 2016-03-26T20:15:41+08:00 ] 127.0.0.1 /hzaumba/Public/Back/Js/admin/facebox.js
INFO: [ app_init ] --START--
INFO: Run Behavior\BuildLiteBehavior [ RunTime:0.000065s ]
INFO: [ app_init ] --END-- [ RunTime:0.001591s ]
ERR: 无法加载模块:Public

[ 2016-03-26T20:15:41+08:00 ] 127.0.0.1 /hzaumba/Public/Back/Js/admin/jquery.wysiwyg.js
INFO: [ app_init ] --START--
INFO: Run Behavior\BuildLiteBehavior [ RunTime:0.000063s ]
INFO: [ app_init ] --END-- [ RunTime:0.001349s ]
ERR: 无法加载模块:Public

[ 2016-03-26T20:15:41+08:00 ] 127.0.0.1 /hzaumba/Back/ueditor/editor_config.js
INFO: [ app_init ] --START--
INFO: Run Behavior\BuildLiteBehavior [ RunTime:0.000071s ]
INFO: [ app_init ] --END-- [ RunTime:0.001296s ]
ERR: 无法加载模块:Back

[ 2016-03-26T20:15:41+08:00 ] 127.0.0.1 /hzaumba/Back/ueditor/editor_all.js
INFO: [ app_init ] --START--
INFO: Run Behavior\BuildLiteBehavior [ RunTime:0.000085s ]
INFO: [ app_init ] --END-- [ RunTime:0.001612s ]
ERR: 无法加载模块:Back

[ 2016-03-26T20:20:09+08:00 ] 127.0.0.1 /hzaumba/Public/Back/Css/admin/style.css
INFO: [ app_init ] --START--
INFO: Run Behavior\BuildLiteBehavior [ RunTime:0.000065s ]
INFO: [ app_init ] --END-- [ RunTime:0.001270s ]
ERR: 无法加载模块:Public

[ 2016-03-26T20:20:09+08:00 ] 127.0.0.1 /hzaumba/Public/Back/Css/admin/ueditor.css
INFO: [ app_init ] --START--
INFO: Run Behavior\BuildLiteBehavior [ RunTime:0.000076s ]
INFO: [ app_init ] --END-- [ RunTime:0.001480s ]
ERR: 无法加载模块:Public

[ 2016-03-26T20:20:09+08:00 ] 127.0.0.1 /hzaumba/Public/Back/Js/admin/simpla.jquery.configuration.js
INFO: [ app_init ] --START--
INFO: Run Behavior\BuildLiteBehavior [ RunTime:0.000077s ]
INFO: [ app_init ] --END-- [ RunTime:0.001440s ]
ERR: 无法加载模块:Public

[ 2016-03-26T20:20:09+08:00 ] 127.0.0.1 /hzaumba/Public/Back/Js/admin/jquery-1.3.2.min.js
INFO: [ app_init ] --START--
INFO: Run Behavior\BuildLiteBehavior [ RunTime:0.000077s ]
INFO: [ app_init ] --END-- [ RunTime:0.001382s ]
ERR: 无法加载模块:Public

[ 2016-03-26T20:20:09+08:00 ] 127.0.0.1 /hzaumba/Public/Back/Css/admin/invalid.css
INFO: [ app_init ] --START--
INFO: Run Behavior\BuildLiteBehavior [ RunTime:0.000094s ]
INFO: [ app_init ] --END-- [ RunTime:0.001926s ]
ERR: 无法加载模块:Public

[ 2016-03-26T20:20:09+08:00 ] 127.0.0.1 /hzaumba/Public/Back/Css/admin/reset.css
INFO: [ app_init ] --START--
INFO: Run Behavior\BuildLiteBehavior [ RunTime:0.000078s ]
INFO: [ app_init ] --END-- [ RunTime:0.015563s ]
ERR: 无法加载模块:Public

[ 2016-03-26T20:20:09+08:00 ] 127.0.0.1 /hzaumba/Public/Back/Js/admin/jquery.wysiwyg.js
INFO: [ app_init ] --START--
INFO: Run Behavior\BuildLiteBehavior [ RunTime:0.000083s ]
INFO: [ app_init ] --END-- [ RunTime:0.001537s ]
ERR: 无法加载模块:Public

[ 2016-03-26T20:20:09+08:00 ] 127.0.0.1 /hzaumba/Public/Back/Js/admin/facebox.js
INFO: [ app_init ] --START--
INFO: Run Behavior\BuildLiteBehavior [ RunTime:0.000072s ]
INFO: [ app_init ] --END-- [ RunTime:0.001450s ]
ERR: 无法加载模块:Public

[ 2016-03-26T20:20:09+08:00 ] 127.0.0.1 /hzaumba/Public/Back/Js/admin/simpla.jquery.configuration.js
INFO: [ app_init ] --START--
INFO: Run Behavior\BuildLiteBehavior [ RunTime:0.000075s ]
INFO: [ app_init ] --END-- [ RunTime:0.001368s ]
ERR: 无法加载模块:Public

[ 2016-03-26T20:20:09+08:00 ] 127.0.0.1 /hzaumba/Public/Back/Js/admin/facebox.js
INFO: [ app_init ] --START--
INFO: Run Behavior\BuildLiteBehavior [ RunTime:0.000056s ]
INFO: [ app_init ] --END-- [ RunTime:0.001035s ]
ERR: 无法加载模块:Public

[ 2016-03-26T20:20:09+08:00 ] 127.0.0.1 /hzaumba/Public/Back/Js/admin/jquery.wysiwyg.js
INFO: [ app_init ] --START--
INFO: Run Behavior\BuildLiteBehavior [ RunTime:0.000056s ]
INFO: [ app_init ] --END-- [ RunTime:0.001141s ]
ERR: 无法加载模块:Public

[ 2016-03-26T20:21:56+08:00 ] 127.0.0.1 /hzaumba/Public/Back/css/admin/style.css
INFO: [ app_init ] --START--
INFO: Run Behavior\BuildLiteBehavior [ RunTime:0.000074s ]
INFO: [ app_init ] --END-- [ RunTime:0.001437s ]
ERR: 无法加载模块:Public

[ 2016-03-26T20:21:56+08:00 ] 127.0.0.1 /hzaumba/Public/Back/css/admin/reset.css
INFO: [ app_init ] --START--
INFO: Run Behavior\BuildLiteBehavior [ RunTime:0.000064s ]
INFO: [ app_init ] --END-- [ RunTime:0.001412s ]
ERR: 无法加载模块:Public

[ 2016-03-26T20:21:56+08:00 ] 127.0.0.1 /hzaumba/Public/Back/css/admin/invalid.css
INFO: [ app_init ] --START--
INFO: Run Behavior\BuildLiteBehavior [ RunTime:0.000077s ]
INFO: [ app_init ] --END-- [ RunTime:0.001509s ]
ERR: 无法加载模块:Public

[ 2016-03-26T20:21:57+08:00 ] 127.0.0.1 /hzaumba/Public/Back/js/admin/jquery-1.3.2.min.js
INFO: [ app_init ] --START--
INFO: Run Behavior\BuildLiteBehavior [ RunTime:0.000094s ]
INFO: [ app_init ] --END-- [ RunTime:0.001570s ]
ERR: 无法加载模块:Public

[ 2016-03-26T20:21:57+08:00 ] 127.0.0.1 /hzaumba/Public/Back/js/admin/facebox.js
INFO: [ app_init ] --START--
INFO: Run Behavior\BuildLiteBehavior [ RunTime:0.000065s ]
INFO: [ app_init ] --END-- [ RunTime:0.001216s ]
ERR: 无法加载模块:Public

[ 2016-03-26T20:21:57+08:00 ] 127.0.0.1 /hzaumba/Public/Back/js/admin/simpla.jquery.configuration.js
INFO: [ app_init ] --START--
INFO: Run Behavior\BuildLiteBehavior [ RunTime:0.000073s ]
INFO: [ app_init ] --END-- [ RunTime:0.001338s ]
ERR: 无法加载模块:Public

[ 2016-03-26T20:21:57+08:00 ] 127.0.0.1 /hzaumba/Public/Back/css/admin/ueditor.css
INFO: [ app_init ] --START--
INFO: Run Behavior\BuildLiteBehavior [ RunTime:0.000077s ]
INFO: [ app_init ] --END-- [ RunTime:0.001384s ]
ERR: 无法加载模块:Public

[ 2016-03-26T20:21:57+08:00 ] 127.0.0.1 /hzaumba/Public/Back/js/admin/jquery.wysiwyg.js
INFO: [ app_init ] --START--
INFO: Run Behavior\BuildLiteBehavior [ RunTime:0.000155s ]
INFO: [ app_init ] --END-- [ RunTime:0.001676s ]
ERR: 无法加载模块:Public

[ 2016-03-26T20:21:57+08:00 ] 127.0.0.1 /hzaumba/Back/js/editor_all.js
INFO: [ app_init ] --START--
INFO: Run Behavior\BuildLiteBehavior [ RunTime:0.000059s ]
INFO: [ app_init ] --END-- [ RunTime:0.001158s ]
ERR: 无法加载模块:Back

[ 2016-03-26T20:21:57+08:00 ] 127.0.0.1 /hzaumba/Back/js/editor_config.js
INFO: [ app_init ] --START--
INFO: Run Behavior\BuildLiteBehavior [ RunTime:0.000085s ]
INFO: [ app_init ] --END-- [ RunTime:0.022471s ]
ERR: 无法加载模块:Back

[ 2016-03-26T20:21:57+08:00 ] 127.0.0.1 /hzaumba/Public/Back/js/admin/simpla.jquery.configuration.js
INFO: [ app_init ] --START--
INFO: Run Behavior\BuildLiteBehavior [ RunTime:0.000056s ]
INFO: [ app_init ] --END-- [ RunTime:0.001059s ]
ERR: 无法加载模块:Public

[ 2016-03-26T20:21:57+08:00 ] 127.0.0.1 /hzaumba/Public/Back/js/admin/facebox.js
INFO: [ app_init ] --START--
INFO: Run Behavior\BuildLiteBehavior [ RunTime:0.000053s ]
INFO: [ app_init ] --END-- [ RunTime:0.001129s ]
ERR: 无法加载模块:Public

[ 2016-03-26T20:21:57+08:00 ] 127.0.0.1 /hzaumba/Public/Back/js/admin/jquery.wysiwyg.js
INFO: [ app_init ] --START--
INFO: Run Behavior\BuildLiteBehavior [ RunTime:0.000056s ]
INFO: [ app_init ] --END-- [ RunTime:0.001061s ]
ERR: 无法加载模块:Public

[ 2016-03-26T20:21:57+08:00 ] 127.0.0.1 /hzaumba/Back/js/editor_config.js
INFO: [ app_init ] --START--
INFO: Run Behavior\BuildLiteBehavior [ RunTime:0.000058s ]
INFO: [ app_init ] --END-- [ RunTime:0.001119s ]
ERR: 无法加载模块:Back

[ 2016-03-26T20:21:57+08:00 ] 127.0.0.1 /hzaumba/Back/js/editor_all.js
INFO: [ app_init ] --START--
INFO: Run Behavior\BuildLiteBehavior [ RunTime:0.000083s ]
INFO: [ app_init ] --END-- [ RunTime:0.001703s ]
ERR: 无法加载模块:Back

[ 2016-03-26T20:21:59+08:00 ] 127.0.0.1 /hzaumba/Public/Back/css/admin/style.css
INFO: [ app_init ] --START--
INFO: Run Behavior\BuildLiteBehavior [ RunTime:0.000071s ]
INFO: [ app_init ] --END-- [ RunTime:0.001222s ]
ERR: 无法加载模块:Public

[ 2016-03-26T20:21:59+08:00 ] 127.0.0.1 /hzaumba/Public/Back/css/admin/ueditor.css
INFO: [ app_init ] --START--
INFO: Run Behavior\BuildLiteBehavior [ RunTime:0.000065s ]
INFO: [ app_init ] --END-- [ RunTime:0.001195s ]
ERR: 无法加载模块:Public

[ 2016-03-26T20:21:59+08:00 ] 127.0.0.1 /hzaumba/Public/Back/css/admin/reset.css
INFO: [ app_init ] --START--
INFO: Run Behavior\BuildLiteBehavior [ RunTime:0.000075s ]
INFO: [ app_init ] --END-- [ RunTime:0.003401s ]
ERR: 无法加载模块:Public

[ 2016-03-26T20:21:59+08:00 ] 127.0.0.1 /hzaumba/Public/Back/js/admin/simpla.jquery.configuration.js
INFO: [ app_init ] --START--
INFO: Run Behavior\BuildLiteBehavior [ RunTime:0.000074s ]
INFO: [ app_init ] --END-- [ RunTime:0.001359s ]
ERR: 无法加载模块:Public

[ 2016-03-26T20:21:59+08:00 ] 127.0.0.1 /hzaumba/Public/Back/js/admin/jquery-1.3.2.min.js
INFO: [ app_init ] --START--
INFO: Run Behavior\BuildLiteBehavior [ RunTime:0.000074s ]
INFO: [ app_init ] --END-- [ RunTime:0.001394s ]
ERR: 无法加载模块:Public

[ 2016-03-26T20:21:59+08:00 ] 127.0.0.1 /hzaumba/Public/Back/js/admin/facebox.js
INFO: [ app_init ] --START--
INFO: Run Behavior\BuildLiteBehavior [ RunTime:0.000074s ]
INFO: [ app_init ] --END-- [ RunTime:0.001947s ]
ERR: 无法加载模块:Public

[ 2016-03-26T20:21:59+08:00 ] 127.0.0.1 /hzaumba/Public/Back/css/admin/invalid.css
INFO: [ app_init ] --START--
INFO: Run Behavior\BuildLiteBehavior [ RunTime:0.000072s ]
INFO: [ app_init ] --END-- [ RunTime:0.003148s ]
ERR: 无法加载模块:Public

[ 2016-03-26T20:21:59+08:00 ] 127.0.0.1 /hzaumba/Back/js/editor_config.js
INFO: [ app_init ] --START--
INFO: Run Behavior\BuildLiteBehavior [ RunTime:0.000069s ]
INFO: [ app_init ] --END-- [ RunTime:0.001791s ]
ERR: 无法加载模块:Back

[ 2016-03-26T20:21:59+08:00 ] 127.0.0.1 /hzaumba/Public/Back/js/admin/jquery.wysiwyg.js
INFO: [ app_init ] --START--
INFO: Run Behavior\BuildLiteBehavior [ RunTime:0.000085s ]
INFO: [ app_init ] --END-- [ RunTime:0.002410s ]
ERR: 无法加载模块:Public

[ 2016-03-26T20:21:59+08:00 ] 127.0.0.1 /hzaumba/Back/js/editor_all.js
INFO: [ app_init ] --START--
INFO: Run Behavior\BuildLiteBehavior [ RunTime:0.000075s ]
INFO: [ app_init ] --END-- [ RunTime:0.001369s ]
ERR: 无法加载模块:Back

[ 2016-03-26T20:22:00+08:00 ] 127.0.0.1 /hzaumba/Public/Back/js/admin/simpla.jquery.configuration.js
INFO: [ app_init ] --START--
INFO: Run Behavior\BuildLiteBehavior [ RunTime:0.000057s ]
INFO: [ app_init ] --END-- [ RunTime:0.001095s ]
ERR: 无法加载模块:Public

[ 2016-03-26T20:22:00+08:00 ] 127.0.0.1 /hzaumba/Public/Back/js/admin/facebox.js
INFO: [ app_init ] --START--
INFO: Run Behavior\BuildLiteBehavior [ RunTime:0.000073s ]
INFO: [ app_init ] --END-- [ RunTime:0.001438s ]
ERR: 无法加载模块:Public

[ 2016-03-26T20:22:00+08:00 ] 127.0.0.1 /hzaumba/Public/Back/js/admin/jquery.wysiwyg.js
INFO: [ app_init ] --START--
INFO: Run Behavior\BuildLiteBehavior [ RunTime:0.000065s ]
INFO: [ app_init ] --END-- [ RunTime:0.000997s ]
ERR: 无法加载模块:Public

[ 2016-03-26T20:22:00+08:00 ] 127.0.0.1 /hzaumba/Back/js/editor_config.js
INFO: [ app_init ] --START--
INFO: Run Behavior\BuildLiteBehavior [ RunTime:0.000056s ]
INFO: [ app_init ] --END-- [ RunTime:0.001016s ]
ERR: 无法加载模块:Back

[ 2016-03-26T20:22:00+08:00 ] 127.0.0.1 /hzaumba/Back/js/editor_all.js
INFO: [ app_init ] --START--
INFO: Run Behavior\BuildLiteBehavior [ RunTime:0.000057s ]
INFO: [ app_init ] --END-- [ RunTime:0.000994s ]
ERR: 无法加载模块:Back

[ 2016-03-26T20:26:12+08:00 ] 127.0.0.1 /hzaumba/Public/front/images/index3.jpg
INFO: [ app_init ] --START--
INFO: Run Behavior\BuildLiteBehavior [ RunTime:0.000067s ]
INFO: [ app_init ] --END-- [ RunTime:0.001540s ]
ERR: 无法加载模块:Public

[ 2016-03-26T20:27:04+08:00 ] 127.0.0.1 /hzaumba/Public/front/images/index3.jpg
INFO: [ app_init ] --START--
INFO: Run Behavior\BuildLiteBehavior [ RunTime:0.000088s ]
INFO: [ app_init ] --END-- [ RunTime:0.002332s ]
ERR: 无法加载模块:Public

