[ 2016-04-09T14:00:02+08:00 ] ::1 /hzaumba/index.php/Admin/Login/index
INFO: [ app_init ] --START--
INFO: Run Behavior\BuildLiteBehavior [ RunTime:0.000032s ]
INFO: [ app_init ] --END-- [ RunTime:0.001027s ]
INFO: [ app_begin ] --START--
INFO: Run Behavior\ReadHtmlCacheBehavior [ RunTime:0.000788s ]
INFO: [ app_begin ] --END-- [ RunTime:0.000909s ]
INFO: [ view_parse ] --START--
INFO: [ template_filter ] --START--
INFO: Run Behavior\ContentReplaceBehavior [ RunTime:0.000075s ]
INFO: [ template_filter ] --END-- [ RunTime:0.000202s ]
INFO: Run Behavior\ParseTemplateBehavior [ RunTime:0.025683s ]
INFO: [ view_parse ] --END-- [ RunTime:0.025822s ]
INFO: [ view_filter ] --START--
INFO: Run Behavior\WriteHtmlCacheBehavior [ RunTime:0.000625s ]
INFO: [ view_filter ] --END-- [ RunTime:0.000730s ]
INFO: [ app_end ] --START--
INFO: Run Behavior\ShowPageTraceBehavior [ RunTime:0.000892s ]
INFO: [ app_end ] --END-- [ RunTime:0.001003s ]

[ 2016-04-09T14:00:06+08:00 ] ::1 /hzaumba/index.php/Admin/Login/do_login.html
INFO: [ app_init ] --START--
INFO: Run Behavior\BuildLiteBehavior [ RunTime:0.000039s ]
INFO: [ app_init ] --END-- [ RunTime:0.000850s ]
INFO: [ app_begin ] --START--
INFO: Run Behavior\ReadHtmlCacheBehavior [ RunTime:0.000983s ]
INFO: [ app_begin ] --END-- [ RunTime:0.001179s ]
SQL: SHOW COLUMNS FROM `mba_administrator` [ RunTime:0.0043s ]
SQL: SELECT * FROM `mba_administrator` WHERE `user` = 'admin' AND `password` = 'e10adc3949ba59abbe56e057f20f883e' LIMIT 1   [ RunTime:0.0004s ]

[ 2016-04-09T14:00:06+08:00 ] ::1 /hzaumba/index.php/Admin/Index/shouye/name/xwzx.html
INFO: [ app_init ] --START--
INFO: Run Behavior\BuildLiteBehavior [ RunTime:0.000027s ]
INFO: [ app_init ] --END-- [ RunTime:0.000662s ]
INFO: [ app_begin ] --START--
INFO: Run Behavior\ReadHtmlCacheBehavior [ RunTime:0.000809s ]
INFO: [ app_begin ] --END-- [ RunTime:0.000942s ]
SQL: SHOW COLUMNS FROM `mba_contents` [ RunTime:0.0039s ]
SQL: SELECT `xwzx` FROM `mba_contents` WHERE `cid` = 2 LIMIT 1   [ RunTime:0.0003s ]
SQL: SHOW COLUMNS FROM `mba_home` [ RunTime:0.0041s ]
SQL: SELECT COUNT(*) AS tp_count FROM `mba_home` WHERE `class` = '新闻中心' LIMIT 1   [ RunTime:0.0004s ]
SQL: SELECT `hid`,`title`,`content` FROM `mba_home` WHERE `class` = '新闻中心' ORDER BY hid desc LIMIT 0,10   [ RunTime:0.0004s ]
INFO: [ view_parse ] --START--
INFO: [ template_filter ] --START--
INFO: Run Behavior\ContentReplaceBehavior [ RunTime:0.000181s ]
INFO: [ template_filter ] --END-- [ RunTime:0.000306s ]
NOTIC: [8] Undefined variable: ym D:\wamp\www\hzaumba\Application\Runtime\Cache\Admin\128ab25a5bcea3f3f4aba13f4e94dcd4.php 第 284 行.
INFO: Run Behavior\ParseTemplateBehavior [ RunTime:0.028799s ]
INFO: [ view_parse ] --END-- [ RunTime:0.028924s ]
INFO: [ view_filter ] --START--
INFO: Run Behavior\WriteHtmlCacheBehavior [ RunTime:0.000612s ]
INFO: [ view_filter ] --END-- [ RunTime:0.000729s ]
INFO: [ app_end ] --START--
INFO: Run Behavior\ShowPageTraceBehavior [ RunTime:0.000931s ]
INFO: [ app_end ] --END-- [ RunTime:0.001069s ]

[ 2016-04-09T14:00:09+08:00 ] ::1 /hzaumba/index.php/Admin/Index/shouye.html?name=xxzs
INFO: [ app_init ] --START--
INFO: Run Behavior\BuildLiteBehavior [ RunTime:0.000029s ]
INFO: [ app_init ] --END-- [ RunTime:0.000623s ]
INFO: [ app_begin ] --START--
INFO: Run Behavior\ReadHtmlCacheBehavior [ RunTime:0.000953s ]
INFO: [ app_begin ] --END-- [ RunTime:0.001140s ]
SQL: SHOW COLUMNS FROM `mba_contents` [ RunTime:0.0038s ]
SQL: SELECT `xxzs` FROM `mba_contents` WHERE `cid` = 2 LIMIT 1   [ RunTime:0.0006s ]
SQL: SHOW COLUMNS FROM `mba_home` [ RunTime:0.0039s ]
SQL: SELECT COUNT(*) AS tp_count FROM `mba_home` WHERE `class` = '招生信息' LIMIT 1   [ RunTime:0.0003s ]
SQL: SELECT `hid`,`title`,`content` FROM `mba_home` WHERE `class` = '招生信息' ORDER BY hid desc LIMIT 0,10   [ RunTime:0.0004s ]
INFO: [ view_parse ] --START--
INFO: [ template_filter ] --START--
INFO: Run Behavior\ContentReplaceBehavior [ RunTime:0.000227s ]
INFO: [ template_filter ] --END-- [ RunTime:0.000362s ]
NOTIC: [8] Undefined variable: ym D:\wamp\www\hzaumba\Application\Runtime\Cache\Admin\128ab25a5bcea3f3f4aba13f4e94dcd4.php 第 284 行.
INFO: Run Behavior\ParseTemplateBehavior [ RunTime:0.013295s ]
INFO: [ view_parse ] --END-- [ RunTime:0.013417s ]
INFO: [ view_filter ] --START--
INFO: Run Behavior\WriteHtmlCacheBehavior [ RunTime:0.000631s ]
INFO: [ view_filter ] --END-- [ RunTime:0.000736s ]
INFO: [ app_end ] --START--
INFO: Run Behavior\ShowPageTraceBehavior [ RunTime:0.001175s ]
INFO: [ app_end ] --END-- [ RunTime:0.001329s ]

[ 2016-04-09T14:00:13+08:00 ] ::1 /hzaumba/index.php/Admin/Index/buttonsandicons.html?name=lxwm
INFO: [ app_init ] --START--
INFO: Run Behavior\BuildLiteBehavior [ RunTime:0.000030s ]
INFO: [ app_init ] --END-- [ RunTime:0.000691s ]
INFO: [ app_begin ] --START--
INFO: Run Behavior\ReadHtmlCacheBehavior [ RunTime:0.000790s ]
INFO: [ app_begin ] --END-- [ RunTime:0.000931s ]
SQL: SHOW COLUMNS FROM `mba_contents` [ RunTime:0.0041s ]
SQL: SELECT `lxwm` FROM `mba_contents` WHERE `cid` = 2 LIMIT 1   [ RunTime:0.0003s ]
SQL: SELECT `lxwm` FROM `mba_contents` WHERE `cid` = 3 LIMIT 1   [ RunTime:0.0003s ]
SQL: SELECT `lxwm` FROM `mba_contents` WHERE `cid` = 1 LIMIT 1   [ RunTime:0.0002s ]
INFO: [ view_parse ] --START--
INFO: [ template_filter ] --START--
INFO: Run Behavior\ContentReplaceBehavior [ RunTime:0.000276s ]
INFO: [ template_filter ] --END-- [ RunTime:0.000444s ]
NOTIC: [8] Undefined variable: info D:\wamp\www\hzaumba\Application\Runtime\Cache\Admin\73c7609966b7031fe25d56d214e58aac.php 第 208 行.
NOTIC: [8] Undefined variable: page D:\wamp\www\hzaumba\Application\Runtime\Cache\Admin\73c7609966b7031fe25d56d214e58aac.php 第 216 行.
NOTIC: [8] Undefined variable: info D:\wamp\www\hzaumba\Application\Runtime\Cache\Admin\73c7609966b7031fe25d56d214e58aac.php 第 234 行.
NOTIC: [8] Undefined variable: page D:\wamp\www\hzaumba\Application\Runtime\Cache\Admin\73c7609966b7031fe25d56d214e58aac.php 第 242 行.
NOTIC: [8] Undefined variable: info D:\wamp\www\hzaumba\Application\Runtime\Cache\Admin\73c7609966b7031fe25d56d214e58aac.php 第 267 行.
NOTIC: [8] Undefined variable: page D:\wamp\www\hzaumba\Application\Runtime\Cache\Admin\73c7609966b7031fe25d56d214e58aac.php 第 303 行.
INFO: Run Behavior\ParseTemplateBehavior [ RunTime:0.038049s ]
INFO: [ view_parse ] --END-- [ RunTime:0.038174s ]
INFO: [ view_filter ] --START--
INFO: Run Behavior\WriteHtmlCacheBehavior [ RunTime:0.000606s ]
INFO: [ view_filter ] --END-- [ RunTime:0.000722s ]
INFO: [ app_end ] --START--
INFO: Run Behavior\ShowPageTraceBehavior [ RunTime:0.001751s ]
INFO: [ app_end ] --END-- [ RunTime:0.001997s ]

[ 2016-04-09T14:01:21+08:00 ] ::1 /hzaumba/index.php/Admin/Index/shouye.html?name=xwzx
INFO: [ app_init ] --START--
INFO: Run Behavior\BuildLiteBehavior [ RunTime:0.000050s ]
INFO: [ app_init ] --END-- [ RunTime:0.000991s ]
INFO: [ app_begin ] --START--
INFO: Run Behavior\ReadHtmlCacheBehavior [ RunTime:0.001109s ]
INFO: [ app_begin ] --END-- [ RunTime:0.001339s ]
SQL: SHOW COLUMNS FROM `mba_contents` [ RunTime:0.0047s ]
SQL: SELECT `xwzx` FROM `mba_contents` WHERE `cid` = 2 LIMIT 1   [ RunTime:0.0003s ]
SQL: SHOW COLUMNS FROM `mba_home` [ RunTime:0.0038s ]
SQL: SELECT COUNT(*) AS tp_count FROM `mba_home` WHERE `class` = '新闻中心' LIMIT 1   [ RunTime:0.0003s ]
SQL: SELECT `hid`,`title`,`content` FROM `mba_home` WHERE `class` = '新闻中心' ORDER BY hid desc LIMIT 0,10   [ RunTime:0.0004s ]
INFO: [ view_parse ] --START--
INFO: [ template_filter ] --START--
INFO: Run Behavior\ContentReplaceBehavior [ RunTime:0.000204s ]
INFO: [ template_filter ] --END-- [ RunTime:0.000347s ]
NOTIC: [8] Undefined variable: ym D:\wamp\www\hzaumba\Application\Runtime\Cache\Admin\128ab25a5bcea3f3f4aba13f4e94dcd4.php 第 284 行.
INFO: Run Behavior\ParseTemplateBehavior [ RunTime:0.013750s ]
INFO: [ view_parse ] --END-- [ RunTime:0.013884s ]
INFO: [ view_filter ] --START--
INFO: Run Behavior\WriteHtmlCacheBehavior [ RunTime:0.000628s ]
INFO: [ view_filter ] --END-- [ RunTime:0.000749s ]
INFO: [ app_end ] --START--
INFO: Run Behavior\ShowPageTraceBehavior [ RunTime:0.001338s ]
INFO: [ app_end ] --END-- [ RunTime:0.001559s ]

[ 2016-04-09T14:01:22+08:00 ] ::1 /hzaumba/index.php/Admin/Index/shouye.html?name=tzgg
INFO: [ app_init ] --START--
INFO: Run Behavior\BuildLiteBehavior [ RunTime:0.000037s ]
INFO: [ app_init ] --END-- [ RunTime:0.000931s ]
INFO: [ app_begin ] --START--
INFO: Run Behavior\ReadHtmlCacheBehavior [ RunTime:0.000819s ]
INFO: [ app_begin ] --END-- [ RunTime:0.000963s ]
SQL: SHOW COLUMNS FROM `mba_contents` [ RunTime:0.0051s ]
SQL: SELECT `tzgg` FROM `mba_contents` WHERE `cid` = 2 LIMIT 1   [ RunTime:0.0003s ]
SQL: SHOW COLUMNS FROM `mba_home` [ RunTime:0.0043s ]
SQL: SELECT COUNT(*) AS tp_count FROM `mba_home` WHERE `class` = '通知公告' LIMIT 1   [ RunTime:0.0004s ]
SQL: SELECT `hid`,`title`,`content` FROM `mba_home` WHERE `class` = '通知公告' ORDER BY hid desc LIMIT 0,10   [ RunTime:0.0004s ]
INFO: [ view_parse ] --START--
INFO: [ template_filter ] --START--
INFO: Run Behavior\ContentReplaceBehavior [ RunTime:0.000301s ]
INFO: [ template_filter ] --END-- [ RunTime:0.000505s ]
NOTIC: [8] Undefined variable: ym D:\wamp\www\hzaumba\Application\Runtime\Cache\Admin\128ab25a5bcea3f3f4aba13f4e94dcd4.php 第 284 行.
INFO: Run Behavior\ParseTemplateBehavior [ RunTime:0.017310s ]
INFO: [ view_parse ] --END-- [ RunTime:0.017514s ]
INFO: [ view_filter ] --START--
INFO: Run Behavior\WriteHtmlCacheBehavior [ RunTime:0.000970s ]
INFO: [ view_filter ] --END-- [ RunTime:0.001133s ]
INFO: [ app_end ] --START--
INFO: Run Behavior\ShowPageTraceBehavior [ RunTime:0.001378s ]
INFO: [ app_end ] --END-- [ RunTime:0.001701s ]

[ 2016-04-09T14:01:24+08:00 ] ::1 /hzaumba/index.php/Admin/Index/shouye.html?name=xxjw
INFO: [ app_init ] --START--
INFO: Run Behavior\BuildLiteBehavior [ RunTime:0.000027s ]
INFO: [ app_init ] --END-- [ RunTime:0.000812s ]
INFO: [ app_begin ] --START--
INFO: Run Behavior\ReadHtmlCacheBehavior [ RunTime:0.000852s ]
INFO: [ app_begin ] --END-- [ RunTime:0.001006s ]
SQL: SHOW COLUMNS FROM `mba_contents` [ RunTime:0.0037s ]
SQL: SELECT `xxjw` FROM `mba_contents` WHERE `cid` = 2 LIMIT 1   [ RunTime:0.0003s ]
SQL: SHOW COLUMNS FROM `mba_home` [ RunTime:0.0033s ]
SQL: SELECT COUNT(*) AS tp_count FROM `mba_home` WHERE `class` = '教务信息' LIMIT 1   [ RunTime:0.0003s ]
SQL: SELECT `hid`,`title`,`content` FROM `mba_home` WHERE `class` = '教务信息' ORDER BY hid desc LIMIT 0,10   [ RunTime:0.0004s ]
INFO: [ view_parse ] --START--
INFO: [ template_filter ] --START--
INFO: Run Behavior\ContentReplaceBehavior [ RunTime:0.000173s ]
INFO: [ template_filter ] --END-- [ RunTime:0.000297s ]
NOTIC: [8] Undefined variable: ym D:\wamp\www\hzaumba\Application\Runtime\Cache\Admin\128ab25a5bcea3f3f4aba13f4e94dcd4.php 第 284 行.
INFO: Run Behavior\ParseTemplateBehavior [ RunTime:0.012362s ]
INFO: [ view_parse ] --END-- [ RunTime:0.012483s ]
INFO: [ view_filter ] --START--
INFO: Run Behavior\WriteHtmlCacheBehavior [ RunTime:0.000645s ]
INFO: [ view_filter ] --END-- [ RunTime:0.000751s ]
INFO: [ app_end ] --START--
INFO: Run Behavior\ShowPageTraceBehavior [ RunTime:0.000957s ]
INFO: [ app_end ] --END-- [ RunTime:0.001177s ]

[ 2016-04-09T14:01:26+08:00 ] ::1 /hzaumba/index.php/Admin/Index/shouye.html?name=xxzs
INFO: [ app_init ] --START--
INFO: Run Behavior\BuildLiteBehavior [ RunTime:0.000042s ]
INFO: [ app_init ] --END-- [ RunTime:0.000877s ]
INFO: [ app_begin ] --START--
INFO: Run Behavior\ReadHtmlCacheBehavior [ RunTime:0.000846s ]
INFO: [ app_begin ] --END-- [ RunTime:0.000965s ]
SQL: SHOW COLUMNS FROM `mba_contents` [ RunTime:0.0043s ]
SQL: SELECT `xxzs` FROM `mba_contents` WHERE `cid` = 2 LIMIT 1   [ RunTime:0.0003s ]
SQL: SHOW COLUMNS FROM `mba_home` [ RunTime:0.0036s ]
SQL: SELECT COUNT(*) AS tp_count FROM `mba_home` WHERE `class` = '招生信息' LIMIT 1   [ RunTime:0.0004s ]
SQL: SELECT `hid`,`title`,`content` FROM `mba_home` WHERE `class` = '招生信息' ORDER BY hid desc LIMIT 0,10   [ RunTime:0.0004s ]
INFO: [ view_parse ] --START--
INFO: [ template_filter ] --START--
INFO: Run Behavior\ContentReplaceBehavior [ RunTime:0.000178s ]
INFO: [ template_filter ] --END-- [ RunTime:0.000310s ]
NOTIC: [8] Undefined variable: ym D:\wamp\www\hzaumba\Application\Runtime\Cache\Admin\128ab25a5bcea3f3f4aba13f4e94dcd4.php 第 284 行.
INFO: Run Behavior\ParseTemplateBehavior [ RunTime:0.012451s ]
INFO: [ view_parse ] --END-- [ RunTime:0.012572s ]
INFO: [ view_filter ] --START--
INFO: Run Behavior\WriteHtmlCacheBehavior [ RunTime:0.000635s ]
INFO: [ view_filter ] --END-- [ RunTime:0.000742s ]
INFO: [ app_end ] --START--
INFO: Run Behavior\ShowPageTraceBehavior [ RunTime:0.001290s ]
INFO: [ app_end ] --END-- [ RunTime:0.001517s ]

[ 2016-04-09T14:01:28+08:00 ] ::1 /hzaumba/index.php/Admin/Index/download.html
INFO: [ app_init ] --START--
INFO: Run Behavior\BuildLiteBehavior [ RunTime:0.000032s ]
INFO: [ app_init ] --END-- [ RunTime:0.000779s ]
INFO: [ app_begin ] --START--
INFO: Run Behavior\ReadHtmlCacheBehavior [ RunTime:0.000945s ]
INFO: [ app_begin ] --END-- [ RunTime:0.001116s ]
SQL: SHOW COLUMNS FROM `mba_home` [ RunTime:0.0036s ]
SQL: SELECT COUNT(*) AS tp_count FROM `mba_home` WHERE `class` = '下载中心' LIMIT 1   [ RunTime:0.0003s ]
SQL: SELECT `hid`,`title`,`content` FROM `mba_home` WHERE `class` = '下载中心' ORDER BY hid desc LIMIT 0,10   [ RunTime:0.0004s ]
INFO: [ view_parse ] --START--
INFO: [ template_filter ] --START--
INFO: Run Behavior\ContentReplaceBehavior [ RunTime:0.000262s ]
INFO: [ template_filter ] --END-- [ RunTime:0.000381s ]
NOTIC: [8] Undefined variable: name D:\wamp\www\hzaumba\Application\Runtime\Cache\Admin\1706461959b52b53ca9b0a26a0850b61.php 第 217 行.
NOTIC: [8] Undefined variable: ym D:\wamp\www\hzaumba\Application\Runtime\Cache\Admin\1706461959b52b53ca9b0a26a0850b61.php 第 294 行.
INFO: Run Behavior\ParseTemplateBehavior [ RunTime:0.032569s ]
INFO: [ view_parse ] --END-- [ RunTime:0.032687s ]
INFO: [ view_filter ] --START--
INFO: Run Behavior\WriteHtmlCacheBehavior [ RunTime:0.000604s ]
INFO: [ view_filter ] --END-- [ RunTime:0.000708s ]
INFO: [ app_end ] --START--
INFO: Run Behavior\ShowPageTraceBehavior [ RunTime:0.000881s ]
INFO: [ app_end ] --END-- [ RunTime:0.001008s ]

[ 2016-04-09T14:01:30+08:00 ] ::1 /hzaumba/index.php/Admin/Index/links.html
INFO: [ app_init ] --START--
INFO: Run Behavior\BuildLiteBehavior [ RunTime:0.000027s ]
INFO: [ app_init ] --END-- [ RunTime:0.000662s ]
INFO: [ app_begin ] --START--
INFO: Run Behavior\ReadHtmlCacheBehavior [ RunTime:0.000778s ]
INFO: [ app_begin ] --END-- [ RunTime:0.000893s ]
SQL: SHOW COLUMNS FROM `mba_home` [ RunTime:0.0033s ]
SQL: SELECT COUNT(*) AS tp_count FROM `mba_home` WHERE `class` = '友情链接' LIMIT 1   [ RunTime:0.0003s ]
SQL: SELECT `hid`,`title`,`content` FROM `mba_home` WHERE `class` = '友情链接' ORDER BY hid desc LIMIT 0,10   [ RunTime:0.0004s ]
INFO: [ view_parse ] --START--
INFO: [ template_filter ] --START--
INFO: Run Behavior\ContentReplaceBehavior [ RunTime:0.000321s ]
INFO: [ template_filter ] --END-- [ RunTime:0.000523s ]
INFO: Run Behavior\ParseTemplateBehavior [ RunTime:0.043140s ]
INFO: [ view_parse ] --END-- [ RunTime:0.043280s ]
INFO: [ view_filter ] --START--
INFO: Run Behavior\WriteHtmlCacheBehavior [ RunTime:0.000639s ]
INFO: [ view_filter ] --END-- [ RunTime:0.000759s ]
INFO: [ app_end ] --START--
INFO: Run Behavior\ShowPageTraceBehavior [ RunTime:0.000931s ]
INFO: [ app_end ] --END-- [ RunTime:0.001077s ]

[ 2016-04-09T14:01:32+08:00 ] ::1 /hzaumba/index.php/Admin/Index/buttonsandicons.html?name=zxjj
INFO: [ app_init ] --START--
INFO: Run Behavior\BuildLiteBehavior [ RunTime:0.000026s ]
INFO: [ app_init ] --END-- [ RunTime:0.000638s ]
INFO: [ app_begin ] --START--
INFO: Run Behavior\ReadHtmlCacheBehavior [ RunTime:0.000822s ]
INFO: [ app_begin ] --END-- [ RunTime:0.000953s ]
SQL: SHOW COLUMNS FROM `mba_contents` [ RunTime:0.0037s ]
SQL: SELECT `zxjj` FROM `mba_contents` WHERE `cid` = 2 LIMIT 1   [ RunTime:0.0003s ]
SQL: SELECT `zxjj` FROM `mba_contents` WHERE `cid` = 3 LIMIT 1   [ RunTime:0.0003s ]
SQL: SELECT `zxjj` FROM `mba_contents` WHERE `cid` = 1 LIMIT 1   [ RunTime:0.0003s ]
INFO: [ view_parse ] --START--
INFO: [ template_filter ] --START--
INFO: Run Behavior\ContentReplaceBehavior [ RunTime:0.000357s ]
INFO: [ template_filter ] --END-- [ RunTime:0.000482s ]
NOTIC: [8] Undefined variable: info D:\wamp\www\hzaumba\Application\Runtime\Cache\Admin\73c7609966b7031fe25d56d214e58aac.php 第 208 行.
NOTIC: [8] Undefined variable: page D:\wamp\www\hzaumba\Application\Runtime\Cache\Admin\73c7609966b7031fe25d56d214e58aac.php 第 216 行.
NOTIC: [8] Undefined variable: info D:\wamp\www\hzaumba\Application\Runtime\Cache\Admin\73c7609966b7031fe25d56d214e58aac.php 第 234 行.
NOTIC: [8] Undefined variable: page D:\wamp\www\hzaumba\Application\Runtime\Cache\Admin\73c7609966b7031fe25d56d214e58aac.php 第 242 行.
NOTIC: [8] Undefined variable: info D:\wamp\www\hzaumba\Application\Runtime\Cache\Admin\73c7609966b7031fe25d56d214e58aac.php 第 267 行.
NOTIC: [8] Undefined variable: page D:\wamp\www\hzaumba\Application\Runtime\Cache\Admin\73c7609966b7031fe25d56d214e58aac.php 第 303 行.
INFO: Run Behavior\ParseTemplateBehavior [ RunTime:0.019162s ]
INFO: [ view_parse ] --END-- [ RunTime:0.019295s ]
INFO: [ view_filter ] --START--
INFO: Run Behavior\WriteHtmlCacheBehavior [ RunTime:0.000668s ]
INFO: [ view_filter ] --END-- [ RunTime:0.000780s ]
INFO: [ app_end ] --START--
INFO: Run Behavior\ShowPageTraceBehavior [ RunTime:0.000945s ]
INFO: [ app_end ] --END-- [ RunTime:0.001100s ]

[ 2016-04-09T14:01:35+08:00 ] ::1 /hzaumba/index.php/Admin/Index/buttonsandicons.html?name=zzjg
INFO: [ app_init ] --START--
INFO: Run Behavior\BuildLiteBehavior [ RunTime:0.000031s ]
INFO: [ app_init ] --END-- [ RunTime:0.000629s ]
INFO: [ app_begin ] --START--
INFO: Run Behavior\ReadHtmlCacheBehavior [ RunTime:0.000804s ]
INFO: [ app_begin ] --END-- [ RunTime:0.000939s ]
SQL: SHOW COLUMNS FROM `mba_contents` [ RunTime:0.0038s ]
SQL: SELECT `zzjg` FROM `mba_contents` WHERE `cid` = 2 LIMIT 1   [ RunTime:0.0003s ]
SQL: SELECT `zzjg` FROM `mba_contents` WHERE `cid` = 3 LIMIT 1   [ RunTime:0.0003s ]
SQL: SELECT `zzjg` FROM `mba_contents` WHERE `cid` = 1 LIMIT 1   [ RunTime:0.0003s ]
INFO: [ view_parse ] --START--
INFO: [ template_filter ] --START--
INFO: Run Behavior\ContentReplaceBehavior [ RunTime:0.000396s ]
INFO: [ template_filter ] --END-- [ RunTime:0.000529s ]
NOTIC: [8] Undefined variable: info D:\wamp\www\hzaumba\Application\Runtime\Cache\Admin\73c7609966b7031fe25d56d214e58aac.php 第 208 行.
NOTIC: [8] Undefined variable: page D:\wamp\www\hzaumba\Application\Runtime\Cache\Admin\73c7609966b7031fe25d56d214e58aac.php 第 216 行.
NOTIC: [8] Undefined variable: info D:\wamp\www\hzaumba\Application\Runtime\Cache\Admin\73c7609966b7031fe25d56d214e58aac.php 第 234 行.
NOTIC: [8] Undefined variable: page D:\wamp\www\hzaumba\Application\Runtime\Cache\Admin\73c7609966b7031fe25d56d214e58aac.php 第 242 行.
NOTIC: [8] Undefined variable: info D:\wamp\www\hzaumba\Application\Runtime\Cache\Admin\73c7609966b7031fe25d56d214e58aac.php 第 267 行.
NOTIC: [8] Undefined variable: page D:\wamp\www\hzaumba\Application\Runtime\Cache\Admin\73c7609966b7031fe25d56d214e58aac.php 第 303 行.
INFO: Run Behavior\ParseTemplateBehavior [ RunTime:0.019961s ]
INFO: [ view_parse ] --END-- [ RunTime:0.020118s ]
INFO: [ view_filter ] --START--
INFO: Run Behavior\WriteHtmlCacheBehavior [ RunTime:0.000659s ]
INFO: [ view_filter ] --END-- [ RunTime:0.000779s ]
INFO: [ app_end ] --START--
INFO: Run Behavior\ShowPageTraceBehavior [ RunTime:0.004213s ]
INFO: [ app_end ] --END-- [ RunTime:0.004481s ]

[ 2016-04-09T14:01:36+08:00 ] ::1 /hzaumba/index.php/Admin/Index/buttonsandicons.html?name=jyln
INFO: [ app_init ] --START--
INFO: Run Behavior\BuildLiteBehavior [ RunTime:0.000051s ]
INFO: [ app_init ] --END-- [ RunTime:0.001005s ]
INFO: [ app_begin ] --START--
INFO: Run Behavior\ReadHtmlCacheBehavior [ RunTime:0.000776s ]
INFO: [ app_begin ] --END-- [ RunTime:0.000909s ]
SQL: SHOW COLUMNS FROM `mba_contents` [ RunTime:0.0043s ]
SQL: SELECT `jyln` FROM `mba_contents` WHERE `cid` = 2 LIMIT 1   [ RunTime:0.0004s ]
SQL: SELECT `jyln` FROM `mba_contents` WHERE `cid` = 3 LIMIT 1   [ RunTime:0.0003s ]
SQL: SELECT `jyln` FROM `mba_contents` WHERE `cid` = 1 LIMIT 1   [ RunTime:0.0003s ]
INFO: [ view_parse ] --START--
INFO: [ template_filter ] --START--
INFO: Run Behavior\ContentReplaceBehavior [ RunTime:0.000467s ]
INFO: [ template_filter ] --END-- [ RunTime:0.000715s ]
NOTIC: [8] Undefined variable: info D:\wamp\www\hzaumba\Application\Runtime\Cache\Admin\73c7609966b7031fe25d56d214e58aac.php 第 208 行.
NOTIC: [8] Undefined variable: page D:\wamp\www\hzaumba\Application\Runtime\Cache\Admin\73c7609966b7031fe25d56d214e58aac.php 第 216 行.
NOTIC: [8] Undefined variable: info D:\wamp\www\hzaumba\Application\Runtime\Cache\Admin\73c7609966b7031fe25d56d214e58aac.php 第 234 行.
NOTIC: [8] Undefined variable: page D:\wamp\www\hzaumba\Application\Runtime\Cache\Admin\73c7609966b7031fe25d56d214e58aac.php 第 242 行.
NOTIC: [8] Undefined variable: info D:\wamp\www\hzaumba\Application\Runtime\Cache\Admin\73c7609966b7031fe25d56d214e58aac.php 第 267 行.
NOTIC: [8] Undefined variable: page D:\wamp\www\hzaumba\Application\Runtime\Cache\Admin\73c7609966b7031fe25d56d214e58aac.php 第 303 行.
INFO: Run Behavior\ParseTemplateBehavior [ RunTime:0.028081s ]
INFO: [ view_parse ] --END-- [ RunTime:0.028309s ]
INFO: [ view_filter ] --START--
INFO: Run Behavior\WriteHtmlCacheBehavior [ RunTime:0.001208s ]
INFO: [ view_filter ] --END-- [ RunTime:0.001432s ]
INFO: [ app_end ] --START--
INFO: Run Behavior\ShowPageTraceBehavior [ RunTime:0.001226s ]
INFO: [ app_end ] --END-- [ RunTime:0.001463s ]

[ 2016-04-09T14:01:38+08:00 ] ::1 /hzaumba/index.php/Admin/Index/buttonsandicons.html?name=mba_xm
INFO: [ app_init ] --START--
INFO: Run Behavior\BuildLiteBehavior [ RunTime:0.000029s ]
INFO: [ app_init ] --END-- [ RunTime:0.000590s ]
INFO: [ app_begin ] --START--
INFO: Run Behavior\ReadHtmlCacheBehavior [ RunTime:0.000841s ]
INFO: [ app_begin ] --END-- [ RunTime:0.000962s ]
SQL: SHOW COLUMNS FROM `mba_contents` [ RunTime:0.0033s ]
SQL: SELECT `mba_xm` FROM `mba_contents` WHERE `cid` = 2 LIMIT 1   [ RunTime:0.0003s ]
SQL: SELECT `mba_xm` FROM `mba_contents` WHERE `cid` = 3 LIMIT 1   [ RunTime:0.0003s ]
SQL: SELECT `mba_xm` FROM `mba_contents` WHERE `cid` = 1 LIMIT 1   [ RunTime:0.0003s ]
INFO: [ view_parse ] --START--
INFO: [ template_filter ] --START--
INFO: Run Behavior\ContentReplaceBehavior [ RunTime:0.000284s ]
INFO: [ template_filter ] --END-- [ RunTime:0.000409s ]
NOTIC: [8] Undefined variable: info D:\wamp\www\hzaumba\Application\Runtime\Cache\Admin\73c7609966b7031fe25d56d214e58aac.php 第 208 行.
NOTIC: [8] Undefined variable: page D:\wamp\www\hzaumba\Application\Runtime\Cache\Admin\73c7609966b7031fe25d56d214e58aac.php 第 216 行.
NOTIC: [8] Undefined variable: info D:\wamp\www\hzaumba\Application\Runtime\Cache\Admin\73c7609966b7031fe25d56d214e58aac.php 第 234 行.
NOTIC: [8] Undefined variable: page D:\wamp\www\hzaumba\Application\Runtime\Cache\Admin\73c7609966b7031fe25d56d214e58aac.php 第 242 行.
NOTIC: [8] Undefined variable: info D:\wamp\www\hzaumba\Application\Runtime\Cache\Admin\73c7609966b7031fe25d56d214e58aac.php 第 267 行.
NOTIC: [8] Undefined variable: page D:\wamp\www\hzaumba\Application\Runtime\Cache\Admin\73c7609966b7031fe25d56d214e58aac.php 第 303 行.
INFO: Run Behavior\ParseTemplateBehavior [ RunTime:0.019001s ]
INFO: [ view_parse ] --END-- [ RunTime:0.019127s ]
INFO: [ view_filter ] --START--
INFO: Run Behavior\WriteHtmlCacheBehavior [ RunTime:0.000635s ]
INFO: [ view_filter ] --END-- [ RunTime:0.000739s ]
INFO: [ app_end ] --START--
INFO: Run Behavior\ShowPageTraceBehavior [ RunTime:0.000896s ]
INFO: [ app_end ] --END-- [ RunTime:0.001036s ]

[ 2016-04-09T14:01:40+08:00 ] ::1 /hzaumba/index.php/Admin/Index/buttonsandicons.html?name=edp_xm
INFO: [ app_init ] --START--
INFO: Run Behavior\BuildLiteBehavior [ RunTime:0.000027s ]
INFO: [ app_init ] --END-- [ RunTime:0.000681s ]
INFO: [ app_begin ] --START--
INFO: Run Behavior\ReadHtmlCacheBehavior [ RunTime:0.000757s ]
INFO: [ app_begin ] --END-- [ RunTime:0.000900s ]
SQL: SHOW COLUMNS FROM `mba_contents` [ RunTime:0.0041s ]
SQL: SELECT `edp_xm` FROM `mba_contents` WHERE `cid` = 2 LIMIT 1   [ RunTime:0.0003s ]
SQL: SELECT `edp_xm` FROM `mba_contents` WHERE `cid` = 3 LIMIT 1   [ RunTime:0.0002s ]
SQL: SELECT `edp_xm` FROM `mba_contents` WHERE `cid` = 1 LIMIT 1   [ RunTime:0.0002s ]
INFO: [ view_parse ] --START--
INFO: [ template_filter ] --START--
INFO: Run Behavior\ContentReplaceBehavior [ RunTime:0.000311s ]
INFO: [ template_filter ] --END-- [ RunTime:0.000465s ]
NOTIC: [8] Undefined variable: info D:\wamp\www\hzaumba\Application\Runtime\Cache\Admin\73c7609966b7031fe25d56d214e58aac.php 第 208 行.
NOTIC: [8] Undefined variable: page D:\wamp\www\hzaumba\Application\Runtime\Cache\Admin\73c7609966b7031fe25d56d214e58aac.php 第 216 行.
NOTIC: [8] Undefined variable: info D:\wamp\www\hzaumba\Application\Runtime\Cache\Admin\73c7609966b7031fe25d56d214e58aac.php 第 234 行.
NOTIC: [8] Undefined variable: page D:\wamp\www\hzaumba\Application\Runtime\Cache\Admin\73c7609966b7031fe25d56d214e58aac.php 第 242 行.
NOTIC: [8] Undefined variable: info D:\wamp\www\hzaumba\Application\Runtime\Cache\Admin\73c7609966b7031fe25d56d214e58aac.php 第 267 行.
NOTIC: [8] Undefined variable: page D:\wamp\www\hzaumba\Application\Runtime\Cache\Admin\73c7609966b7031fe25d56d214e58aac.php 第 303 行.
INFO: Run Behavior\ParseTemplateBehavior [ RunTime:0.020629s ]
INFO: [ view_parse ] --END-- [ RunTime:0.020755s ]
INFO: [ view_filter ] --START--
INFO: Run Behavior\WriteHtmlCacheBehavior [ RunTime:0.000590s ]
INFO: [ view_filter ] --END-- [ RunTime:0.000704s ]
INFO: [ app_end ] --START--
INFO: Run Behavior\ShowPageTraceBehavior [ RunTime:0.001185s ]
INFO: [ app_end ] --END-- [ RunTime:0.001413s ]

[ 2016-04-09T14:01:42+08:00 ] ::1 /hzaumba/index.php/Admin/Index/buttonsandicons.html?name=xnds
INFO: [ app_init ] --START--
INFO: Run Behavior\BuildLiteBehavior [ RunTime:0.000091s ]
INFO: [ app_init ] --END-- [ RunTime:0.001064s ]
INFO: [ app_begin ] --START--
INFO: Run Behavior\ReadHtmlCacheBehavior [ RunTime:0.000794s ]
INFO: [ app_begin ] --END-- [ RunTime:0.000929s ]
SQL: SHOW COLUMNS FROM `mba_contents` [ RunTime:0.0040s ]
SQL: SELECT `xnds` FROM `mba_contents` WHERE `cid` = 2 LIMIT 1   [ RunTime:0.0003s ]
SQL: SELECT `xnds` FROM `mba_contents` WHERE `cid` = 3 LIMIT 1   [ RunTime:0.0002s ]
SQL: SELECT `xnds` FROM `mba_contents` WHERE `cid` = 1 LIMIT 1   [ RunTime:0.0002s ]
INFO: [ view_parse ] --START--
INFO: [ template_filter ] --START--
INFO: Run Behavior\ContentReplaceBehavior [ RunTime:0.000292s ]
INFO: [ template_filter ] --END-- [ RunTime:0.000437s ]
NOTIC: [8] Undefined variable: info D:\wamp\www\hzaumba\Application\Runtime\Cache\Admin\73c7609966b7031fe25d56d214e58aac.php 第 208 行.
NOTIC: [8] Undefined variable: page D:\wamp\www\hzaumba\Application\Runtime\Cache\Admin\73c7609966b7031fe25d56d214e58aac.php 第 216 行.
NOTIC: [8] Undefined variable: info D:\wamp\www\hzaumba\Application\Runtime\Cache\Admin\73c7609966b7031fe25d56d214e58aac.php 第 234 行.
NOTIC: [8] Undefined variable: page D:\wamp\www\hzaumba\Application\Runtime\Cache\Admin\73c7609966b7031fe25d56d214e58aac.php 第 242 行.
NOTIC: [8] Undefined variable: info D:\wamp\www\hzaumba\Application\Runtime\Cache\Admin\73c7609966b7031fe25d56d214e58aac.php 第 267 行.
NOTIC: [8] Undefined variable: page D:\wamp\www\hzaumba\Application\Runtime\Cache\Admin\73c7609966b7031fe25d56d214e58aac.php 第 303 行.
INFO: Run Behavior\ParseTemplateBehavior [ RunTime:0.022443s ]
INFO: [ view_parse ] --END-- [ RunTime:0.022611s ]
INFO: [ view_filter ] --START--
INFO: Run Behavior\WriteHtmlCacheBehavior [ RunTime:0.001693s ]
INFO: [ view_filter ] --END-- [ RunTime:0.001936s ]
INFO: [ app_end ] --START--
INFO: Run Behavior\ShowPageTraceBehavior [ RunTime:0.001441s ]
INFO: [ app_end ] --END-- [ RunTime:0.001635s ]

[ 2016-04-09T14:01:44+08:00 ] ::1 /hzaumba/index.php/Admin/Index/teacher.html
INFO: [ app_init ] --START--
INFO: Run Behavior\BuildLiteBehavior [ RunTime:0.000026s ]
INFO: [ app_init ] --END-- [ RunTime:0.000628s ]
INFO: [ app_begin ] --START--
INFO: Run Behavior\ReadHtmlCacheBehavior [ RunTime:0.000759s ]
INFO: [ app_begin ] --END-- [ RunTime:0.000874s ]
SQL: SHOW COLUMNS FROM `mba_home` [ RunTime:0.0038s ]
SQL: SELECT COUNT(*) AS tp_count FROM `mba_home` WHERE `class` = '教师名录' LIMIT 1   [ RunTime:0.0003s ]
SQL: SELECT `hid`,`title`,`content` FROM `mba_home` WHERE `class` = '教师名录' ORDER BY hid desc LIMIT 0,10   [ RunTime:0.0004s ]
INFO: [ view_parse ] --START--
INFO: [ template_filter ] --START--
INFO: Run Behavior\ContentReplaceBehavior [ RunTime:0.000228s ]
INFO: [ template_filter ] --END-- [ RunTime:0.000357s ]
INFO: Run Behavior\ParseTemplateBehavior [ RunTime:0.028659s ]
INFO: [ view_parse ] --END-- [ RunTime:0.028787s ]
INFO: [ view_filter ] --START--
INFO: Run Behavior\WriteHtmlCacheBehavior [ RunTime:0.000630s ]
INFO: [ view_filter ] --END-- [ RunTime:0.000738s ]
INFO: [ app_end ] --START--
INFO: Run Behavior\ShowPageTraceBehavior [ RunTime:0.000957s ]
INFO: [ app_end ] --END-- [ RunTime:0.001103s ]

[ 2016-04-09T14:01:45+08:00 ] ::1 /hzaumba/index.php/Admin/Index/buttonsandicons.html?name=hzqy
INFO: [ app_init ] --START--
INFO: Run Behavior\BuildLiteBehavior [ RunTime:0.000026s ]
INFO: [ app_init ] --END-- [ RunTime:0.000798s ]
INFO: [ app_begin ] --START--
INFO: Run Behavior\ReadHtmlCacheBehavior [ RunTime:0.000860s ]
INFO: [ app_begin ] --END-- [ RunTime:0.001019s ]
SQL: SHOW COLUMNS FROM `mba_contents` [ RunTime:0.0040s ]
SQL: SELECT `hzqy` FROM `mba_contents` WHERE `cid` = 2 LIMIT 1   [ RunTime:0.0004s ]
SQL: SELECT `hzqy` FROM `mba_contents` WHERE `cid` = 3 LIMIT 1   [ RunTime:0.0004s ]
SQL: SELECT `hzqy` FROM `mba_contents` WHERE `cid` = 1 LIMIT 1   [ RunTime:0.0003s ]
INFO: [ view_parse ] --START--
INFO: [ template_filter ] --START--
INFO: Run Behavior\ContentReplaceBehavior [ RunTime:0.000345s ]
INFO: [ template_filter ] --END-- [ RunTime:0.000474s ]
NOTIC: [8] Undefined variable: info D:\wamp\www\hzaumba\Application\Runtime\Cache\Admin\73c7609966b7031fe25d56d214e58aac.php 第 208 行.
NOTIC: [8] Undefined variable: page D:\wamp\www\hzaumba\Application\Runtime\Cache\Admin\73c7609966b7031fe25d56d214e58aac.php 第 216 行.
NOTIC: [8] Undefined variable: info D:\wamp\www\hzaumba\Application\Runtime\Cache\Admin\73c7609966b7031fe25d56d214e58aac.php 第 234 行.
NOTIC: [8] Undefined variable: page D:\wamp\www\hzaumba\Application\Runtime\Cache\Admin\73c7609966b7031fe25d56d214e58aac.php 第 242 行.
NOTIC: [8] Undefined variable: info D:\wamp\www\hzaumba\Application\Runtime\Cache\Admin\73c7609966b7031fe25d56d214e58aac.php 第 267 行.
NOTIC: [8] Undefined variable: page D:\wamp\www\hzaumba\Application\Runtime\Cache\Admin\73c7609966b7031fe25d56d214e58aac.php 第 303 行.
INFO: Run Behavior\ParseTemplateBehavior [ RunTime:0.018329s ]
INFO: [ view_parse ] --END-- [ RunTime:0.018447s ]
INFO: [ view_filter ] --START--
INFO: Run Behavior\WriteHtmlCacheBehavior [ RunTime:0.000637s ]
INFO: [ view_filter ] --END-- [ RunTime:0.000744s ]
INFO: [ app_end ] --START--
INFO: Run Behavior\ShowPageTraceBehavior [ RunTime:0.000887s ]
INFO: [ app_end ] --END-- [ RunTime:0.001025s ]

[ 2016-04-09T14:01:48+08:00 ] ::1 /hzaumba/index.php/Admin/Index/buttonsandicons.html?name=zsxx
INFO: [ app_init ] --START--
INFO: Run Behavior\BuildLiteBehavior [ RunTime:0.000031s ]
INFO: [ app_init ] --END-- [ RunTime:0.000855s ]
INFO: [ app_begin ] --START--
INFO: Run Behavior\ReadHtmlCacheBehavior [ RunTime:0.000870s ]
INFO: [ app_begin ] --END-- [ RunTime:0.001033s ]
SQL: SHOW COLUMNS FROM `mba_contents` [ RunTime:0.0042s ]
SQL: SELECT `zsxx` FROM `mba_contents` WHERE `cid` = 2 LIMIT 1   [ RunTime:0.0004s ]
SQL: SELECT `zsxx` FROM `mba_contents` WHERE `cid` = 3 LIMIT 1   [ RunTime:0.0003s ]
SQL: SELECT `zsxx` FROM `mba_contents` WHERE `cid` = 1 LIMIT 1   [ RunTime:0.0348s ]
INFO: [ view_parse ] --START--
INFO: [ template_filter ] --START--
INFO: Run Behavior\ContentReplaceBehavior [ RunTime:0.000238s ]
INFO: [ template_filter ] --END-- [ RunTime:0.000367s ]
NOTIC: [8] Undefined variable: info D:\wamp\www\hzaumba\Application\Runtime\Cache\Admin\73c7609966b7031fe25d56d214e58aac.php 第 208 行.
NOTIC: [8] Undefined variable: page D:\wamp\www\hzaumba\Application\Runtime\Cache\Admin\73c7609966b7031fe25d56d214e58aac.php 第 216 行.
NOTIC: [8] Undefined variable: info D:\wamp\www\hzaumba\Application\Runtime\Cache\Admin\73c7609966b7031fe25d56d214e58aac.php 第 234 行.
NOTIC: [8] Undefined variable: page D:\wamp\www\hzaumba\Application\Runtime\Cache\Admin\73c7609966b7031fe25d56d214e58aac.php 第 242 行.
NOTIC: [8] Undefined variable: info D:\wamp\www\hzaumba\Application\Runtime\Cache\Admin\73c7609966b7031fe25d56d214e58aac.php 第 267 行.
NOTIC: [8] Undefined variable: page D:\wamp\www\hzaumba\Application\Runtime\Cache\Admin\73c7609966b7031fe25d56d214e58aac.php 第 303 行.
INFO: Run Behavior\ParseTemplateBehavior [ RunTime:0.019391s ]
INFO: [ view_parse ] --END-- [ RunTime:0.019520s ]
INFO: [ view_filter ] --START--
INFO: Run Behavior\WriteHtmlCacheBehavior [ RunTime:0.000668s ]
INFO: [ view_filter ] --END-- [ RunTime:0.000784s ]
INFO: [ app_end ] --START--
INFO: Run Behavior\ShowPageTraceBehavior [ RunTime:0.000914s ]
INFO: [ app_end ] --END-- [ RunTime:0.001112s ]

[ 2016-04-09T14:01:52+08:00 ] ::1 /hzaumba/index.php/Admin/Index/buttonsandicons.html?name=pyfa
INFO: [ app_init ] --START--
INFO: Run Behavior\BuildLiteBehavior [ RunTime:0.000027s ]
INFO: [ app_init ] --END-- [ RunTime:0.000612s ]
INFO: [ app_begin ] --START--
INFO: Run Behavior\ReadHtmlCacheBehavior [ RunTime:0.000765s ]
INFO: [ app_begin ] --END-- [ RunTime:0.000889s ]
SQL: SHOW COLUMNS FROM `mba_contents` [ RunTime:0.0042s ]
SQL: SELECT `pyfa` FROM `mba_contents` WHERE `cid` = 2 LIMIT 1   [ RunTime:0.0003s ]
SQL: SELECT `pyfa` FROM `mba_contents` WHERE `cid` = 3 LIMIT 1   [ RunTime:0.0003s ]
SQL: SELECT `pyfa` FROM `mba_contents` WHERE `cid` = 1 LIMIT 1   [ RunTime:0.0002s ]
INFO: [ view_parse ] --START--
INFO: [ template_filter ] --START--
INFO: Run Behavior\ContentReplaceBehavior [ RunTime:0.000349s ]
INFO: [ template_filter ] --END-- [ RunTime:0.000516s ]
NOTIC: [8] Undefined variable: info D:\wamp\www\hzaumba\Application\Runtime\Cache\Admin\73c7609966b7031fe25d56d214e58aac.php 第 208 行.
NOTIC: [8] Undefined variable: page D:\wamp\www\hzaumba\Application\Runtime\Cache\Admin\73c7609966b7031fe25d56d214e58aac.php 第 216 行.
NOTIC: [8] Undefined variable: info D:\wamp\www\hzaumba\Application\Runtime\Cache\Admin\73c7609966b7031fe25d56d214e58aac.php 第 234 行.
NOTIC: [8] Undefined variable: page D:\wamp\www\hzaumba\Application\Runtime\Cache\Admin\73c7609966b7031fe25d56d214e58aac.php 第 242 行.
NOTIC: [8] Undefined variable: info D:\wamp\www\hzaumba\Application\Runtime\Cache\Admin\73c7609966b7031fe25d56d214e58aac.php 第 267 行.
NOTIC: [8] Undefined variable: page D:\wamp\www\hzaumba\Application\Runtime\Cache\Admin\73c7609966b7031fe25d56d214e58aac.php 第 303 行.
INFO: Run Behavior\ParseTemplateBehavior [ RunTime:0.019914s ]
INFO: [ view_parse ] --END-- [ RunTime:0.020030s ]
INFO: [ view_filter ] --START--
INFO: Run Behavior\WriteHtmlCacheBehavior [ RunTime:0.000681s ]
INFO: [ view_filter ] --END-- [ RunTime:0.000787s ]
INFO: [ app_end ] --START--
INFO: Run Behavior\ShowPageTraceBehavior [ RunTime:0.001132s ]
INFO: [ app_end ] --END-- [ RunTime:0.001307s ]

[ 2016-04-09T14:01:53+08:00 ] ::1 /hzaumba/index.php/Admin/Index/buttonsandicons.html?name=glsj
INFO: [ app_init ] --START--
INFO: Run Behavior\BuildLiteBehavior [ RunTime:0.000027s ]
INFO: [ app_init ] --END-- [ RunTime:0.000757s ]
INFO: [ app_begin ] --START--
INFO: Run Behavior\ReadHtmlCacheBehavior [ RunTime:0.000825s ]
INFO: [ app_begin ] --END-- [ RunTime:0.000939s ]
SQL: SHOW COLUMNS FROM `mba_contents` [ RunTime:0.0045s ]
SQL: SELECT `glsj` FROM `mba_contents` WHERE `cid` = 2 LIMIT 1   [ RunTime:0.0003s ]
SQL: SELECT `glsj` FROM `mba_contents` WHERE `cid` = 3 LIMIT 1   [ RunTime:0.0003s ]
SQL: SELECT `glsj` FROM `mba_contents` WHERE `cid` = 1 LIMIT 1   [ RunTime:0.0003s ]
INFO: [ view_parse ] --START--
INFO: [ template_filter ] --START--
INFO: Run Behavior\ContentReplaceBehavior [ RunTime:0.000358s ]
INFO: [ template_filter ] --END-- [ RunTime:0.000499s ]
NOTIC: [8] Undefined variable: info D:\wamp\www\hzaumba\Application\Runtime\Cache\Admin\73c7609966b7031fe25d56d214e58aac.php 第 208 行.
NOTIC: [8] Undefined variable: page D:\wamp\www\hzaumba\Application\Runtime\Cache\Admin\73c7609966b7031fe25d56d214e58aac.php 第 216 行.
NOTIC: [8] Undefined variable: info D:\wamp\www\hzaumba\Application\Runtime\Cache\Admin\73c7609966b7031fe25d56d214e58aac.php 第 234 行.
NOTIC: [8] Undefined variable: page D:\wamp\www\hzaumba\Application\Runtime\Cache\Admin\73c7609966b7031fe25d56d214e58aac.php 第 242 行.
NOTIC: [8] Undefined variable: info D:\wamp\www\hzaumba\Application\Runtime\Cache\Admin\73c7609966b7031fe25d56d214e58aac.php 第 267 行.
NOTIC: [8] Undefined variable: page D:\wamp\www\hzaumba\Application\Runtime\Cache\Admin\73c7609966b7031fe25d56d214e58aac.php 第 303 行.
INFO: Run Behavior\ParseTemplateBehavior [ RunTime:0.020268s ]
INFO: [ view_parse ] --END-- [ RunTime:0.020401s ]
INFO: [ view_filter ] --START--
INFO: Run Behavior\WriteHtmlCacheBehavior [ RunTime:0.000661s ]
INFO: [ view_filter ] --END-- [ RunTime:0.000766s ]
INFO: [ app_end ] --START--
INFO: Run Behavior\ShowPageTraceBehavior [ RunTime:0.000926s ]
INFO: [ app_end ] --END-- [ RunTime:0.001067s ]

[ 2016-04-09T14:01:55+08:00 ] ::1 /hzaumba/index.php/Admin/Index/buttonsandicons.html?name=zyfz
INFO: [ app_init ] --START--
INFO: Run Behavior\BuildLiteBehavior [ RunTime:0.000028s ]
INFO: [ app_init ] --END-- [ RunTime:0.000609s ]
INFO: [ app_begin ] --START--
INFO: Run Behavior\ReadHtmlCacheBehavior [ RunTime:0.000817s ]
INFO: [ app_begin ] --END-- [ RunTime:0.000963s ]
SQL: SHOW COLUMNS FROM `mba_contents` [ RunTime:0.0035s ]
SQL: SELECT `zyfz` FROM `mba_contents` WHERE `cid` = 2 LIMIT 1   [ RunTime:0.0003s ]
SQL: SELECT `zyfz` FROM `mba_contents` WHERE `cid` = 3 LIMIT 1   [ RunTime:0.0002s ]
SQL: SELECT `zyfz` FROM `mba_contents` WHERE `cid` = 1 LIMIT 1   [ RunTime:0.0003s ]
INFO: [ view_parse ] --START--
INFO: [ template_filter ] --START--
INFO: Run Behavior\ContentReplaceBehavior [ RunTime:0.000273s ]
INFO: [ template_filter ] --END-- [ RunTime:0.000407s ]
NOTIC: [8] Undefined variable: info D:\wamp\www\hzaumba\Application\Runtime\Cache\Admin\73c7609966b7031fe25d56d214e58aac.php 第 208 行.
NOTIC: [8] Undefined variable: page D:\wamp\www\hzaumba\Application\Runtime\Cache\Admin\73c7609966b7031fe25d56d214e58aac.php 第 216 行.
NOTIC: [8] Undefined variable: info D:\wamp\www\hzaumba\Application\Runtime\Cache\Admin\73c7609966b7031fe25d56d214e58aac.php 第 234 行.
NOTIC: [8] Undefined variable: page D:\wamp\www\hzaumba\Application\Runtime\Cache\Admin\73c7609966b7031fe25d56d214e58aac.php 第 242 行.
NOTIC: [8] Undefined variable: info D:\wamp\www\hzaumba\Application\Runtime\Cache\Admin\73c7609966b7031fe25d56d214e58aac.php 第 267 行.
NOTIC: [8] Undefined variable: page D:\wamp\www\hzaumba\Application\Runtime\Cache\Admin\73c7609966b7031fe25d56d214e58aac.php 第 303 行.
INFO: Run Behavior\ParseTemplateBehavior [ RunTime:0.019978s ]
INFO: [ view_parse ] --END-- [ RunTime:0.020169s ]
INFO: [ view_filter ] --START--
INFO: Run Behavior\WriteHtmlCacheBehavior [ RunTime:0.000814s ]
INFO: [ view_filter ] --END-- [ RunTime:0.000967s ]
INFO: [ app_end ] --START--
INFO: Run Behavior\ShowPageTraceBehavior [ RunTime:0.000832s ]
INFO: [ app_end ] --END-- [ RunTime:0.000959s ]

[ 2016-04-09T14:01:57+08:00 ] ::1 /hzaumba/index.php/Admin/Index/buttonsandicons.html?name=lhhzc
INFO: [ app_init ] --START--
INFO: Run Behavior\BuildLiteBehavior [ RunTime:0.000029s ]
INFO: [ app_init ] --END-- [ RunTime:0.000647s ]
INFO: [ app_begin ] --START--
INFO: Run Behavior\ReadHtmlCacheBehavior [ RunTime:0.000804s ]
INFO: [ app_begin ] --END-- [ RunTime:0.000939s ]
SQL: SHOW COLUMNS FROM `mba_contents` [ RunTime:0.0043s ]
SQL: SELECT `lhhzc` FROM `mba_contents` WHERE `cid` = 2 LIMIT 1   [ RunTime:0.0003s ]
SQL: SELECT `lhhzc` FROM `mba_contents` WHERE `cid` = 3 LIMIT 1   [ RunTime:0.0004s ]
SQL: SELECT `lhhzc` FROM `mba_contents` WHERE `cid` = 1 LIMIT 1   [ RunTime:0.0003s ]
INFO: [ view_parse ] --START--
INFO: [ template_filter ] --START--
INFO: Run Behavior\ContentReplaceBehavior [ RunTime:0.000474s ]
INFO: [ template_filter ] --END-- [ RunTime:0.000713s ]
NOTIC: [8] Undefined variable: info D:\wamp\www\hzaumba\Application\Runtime\Cache\Admin\73c7609966b7031fe25d56d214e58aac.php 第 208 行.
NOTIC: [8] Undefined variable: page D:\wamp\www\hzaumba\Application\Runtime\Cache\Admin\73c7609966b7031fe25d56d214e58aac.php 第 216 行.
NOTIC: [8] Undefined variable: info D:\wamp\www\hzaumba\Application\Runtime\Cache\Admin\73c7609966b7031fe25d56d214e58aac.php 第 234 行.
NOTIC: [8] Undefined variable: page D:\wamp\www\hzaumba\Application\Runtime\Cache\Admin\73c7609966b7031fe25d56d214e58aac.php 第 242 行.
NOTIC: [8] Undefined variable: info D:\wamp\www\hzaumba\Application\Runtime\Cache\Admin\73c7609966b7031fe25d56d214e58aac.php 第 267 行.
NOTIC: [8] Undefined variable: page D:\wamp\www\hzaumba\Application\Runtime\Cache\Admin\73c7609966b7031fe25d56d214e58aac.php 第 303 行.
INFO: Run Behavior\ParseTemplateBehavior [ RunTime:0.022916s ]
INFO: [ view_parse ] --END-- [ RunTime:0.023055s ]
INFO: [ view_filter ] --START--
INFO: Run Behavior\WriteHtmlCacheBehavior [ RunTime:0.000591s ]
INFO: [ view_filter ] --END-- [ RunTime:0.000706s ]
INFO: [ app_end ] --START--
INFO: Run Behavior\ShowPageTraceBehavior [ RunTime:0.001113s ]
INFO: [ app_end ] --END-- [ RunTime:0.001331s ]

[ 2016-04-09T14:01:59+08:00 ] ::1 /hzaumba/index.php/Admin/Index/update_pw.html
INFO: [ app_init ] --START--
INFO: Run Behavior\BuildLiteBehavior [ RunTime:0.000029s ]
INFO: [ app_init ] --END-- [ RunTime:0.000610s ]
INFO: [ app_begin ] --START--
INFO: Run Behavior\ReadHtmlCacheBehavior [ RunTime:0.000812s ]
INFO: [ app_begin ] --END-- [ RunTime:0.000944s ]
INFO: [ view_parse ] --START--
INFO: [ template_filter ] --START--
INFO: Run Behavior\ContentReplaceBehavior [ RunTime:0.000316s ]
INFO: [ template_filter ] --END-- [ RunTime:0.000528s ]
NOTIC: [8] Undefined variable: zd D:\wamp\www\hzaumba\Application\Runtime\Cache\Admin\e156b1338e09003e858a2341dd6e68f1.php 第 190 行.
INFO: Run Behavior\ParseTemplateBehavior [ RunTime:0.031366s ]
INFO: [ view_parse ] --END-- [ RunTime:0.031542s ]
INFO: [ view_filter ] --START--
INFO: Run Behavior\WriteHtmlCacheBehavior [ RunTime:0.000786s ]
INFO: [ view_filter ] --END-- [ RunTime:0.000935s ]
INFO: [ app_end ] --START--
INFO: Run Behavior\ShowPageTraceBehavior [ RunTime:0.001435s ]
INFO: [ app_end ] --END-- [ RunTime:0.001647s ]

[ 2016-04-09T14:01:59+08:00 ] ::1 /hzaumba/index.php/Admin/Index/css/bootstrap-switch-small.css
INFO: [ app_init ] --START--
INFO: Run Behavior\BuildLiteBehavior [ RunTime:0.000052s ]
INFO: [ app_init ] --END-- [ RunTime:0.001021s ]
INFO: [ app_begin ] --START--
INFO: Run Behavior\ReadHtmlCacheBehavior [ RunTime:0.001450s ]
INFO: [ app_begin ] --END-- [ RunTime:0.001707s ]
ERR: 非法操作:css

[ 2016-04-09T14:01:59+08:00 ] ::1 /hzaumba/index.php/Admin/Index/vendors/bootstrap-switch/build/css/bootstrap3/bootstrap-switch.min.css
INFO: [ app_init ] --START--
INFO: Run Behavior\BuildLiteBehavior [ RunTime:0.000174s ]
INFO: [ app_init ] --END-- [ RunTime:0.001696s ]
INFO: [ app_begin ] --START--
INFO: Run Behavior\ReadHtmlCacheBehavior [ RunTime:0.001252s ]
INFO: [ app_begin ] --END-- [ RunTime:0.001490s ]
ERR: 非法操作:vendors

[ 2016-04-09T14:02:01+08:00 ] ::1 /hzaumba/index.php/Admin/Index/buttonsandicons.html?name=lxwm
INFO: [ app_init ] --START--
INFO: Run Behavior\BuildLiteBehavior [ RunTime:0.000032s ]
INFO: [ app_init ] --END-- [ RunTime:0.000687s ]
INFO: [ app_begin ] --START--
INFO: Run Behavior\ReadHtmlCacheBehavior [ RunTime:0.000788s ]
INFO: [ app_begin ] --END-- [ RunTime:0.000931s ]
SQL: SHOW COLUMNS FROM `mba_contents` [ RunTime:0.0052s ]
SQL: SELECT `lxwm` FROM `mba_contents` WHERE `cid` = 2 LIMIT 1   [ RunTime:0.0003s ]
SQL: SELECT `lxwm` FROM `mba_contents` WHERE `cid` = 3 LIMIT 1   [ RunTime:0.0003s ]
SQL: SELECT `lxwm` FROM `mba_contents` WHERE `cid` = 1 LIMIT 1   [ RunTime:0.0003s ]
INFO: [ view_parse ] --START--
INFO: [ template_filter ] --START--
INFO: Run Behavior\ContentReplaceBehavior [ RunTime:0.000321s ]
INFO: [ template_filter ] --END-- [ RunTime:0.000496s ]
NOTIC: [8] Undefined variable: info D:\wamp\www\hzaumba\Application\Runtime\Cache\Admin\73c7609966b7031fe25d56d214e58aac.php 第 208 行.
NOTIC: [8] Undefined variable: page D:\wamp\www\hzaumba\Application\Runtime\Cache\Admin\73c7609966b7031fe25d56d214e58aac.php 第 216 行.
NOTIC: [8] Undefined variable: info D:\wamp\www\hzaumba\Application\Runtime\Cache\Admin\73c7609966b7031fe25d56d214e58aac.php 第 234 行.
NOTIC: [8] Undefined variable: page D:\wamp\www\hzaumba\Application\Runtime\Cache\Admin\73c7609966b7031fe25d56d214e58aac.php 第 242 行.
NOTIC: [8] Undefined variable: info D:\wamp\www\hzaumba\Application\Runtime\Cache\Admin\73c7609966b7031fe25d56d214e58aac.php 第 267 行.
NOTIC: [8] Undefined variable: page D:\wamp\www\hzaumba\Application\Runtime\Cache\Admin\73c7609966b7031fe25d56d214e58aac.php 第 303 行.
INFO: Run Behavior\ParseTemplateBehavior [ RunTime:0.020330s ]
INFO: [ view_parse ] --END-- [ RunTime:0.020508s ]
INFO: [ view_filter ] --START--
INFO: Run Behavior\WriteHtmlCacheBehavior [ RunTime:0.000633s ]
INFO: [ view_filter ] --END-- [ RunTime:0.000738s ]
INFO: [ app_end ] --START--
INFO: Run Behavior\ShowPageTraceBehavior [ RunTime:0.001179s ]
INFO: [ app_end ] --END-- [ RunTime:0.001336s ]

[ 2016-04-09T14:05:13+08:00 ] ::1 /hzaumba/index.php/Admin/Index/links.html
INFO: [ app_init ] --START--
INFO: Run Behavior\BuildLiteBehavior [ RunTime:0.000043s ]
INFO: [ app_init ] --END-- [ RunTime:0.000854s ]
INFO: [ app_begin ] --START--
INFO: Run Behavior\ReadHtmlCacheBehavior [ RunTime:0.000797s ]
INFO: [ app_begin ] --END-- [ RunTime:0.000929s ]
SQL: SHOW COLUMNS FROM `mba_home` [ RunTime:0.0050s ]
SQL: SELECT COUNT(*) AS tp_count FROM `mba_home` WHERE `class` = '友情链接' LIMIT 1   [ RunTime:0.0004s ]
SQL: SELECT `hid`,`title`,`content` FROM `mba_home` WHERE `class` = '友情链接' ORDER BY hid desc LIMIT 0,10   [ RunTime:0.0004s ]
INFO: [ view_parse ] --START--
INFO: [ template_filter ] --START--
INFO: Run Behavior\ContentReplaceBehavior [ RunTime:0.000244s ]
INFO: [ template_filter ] --END-- [ RunTime:0.000376s ]
INFO: Run Behavior\ParseTemplateBehavior [ RunTime:0.014238s ]
INFO: [ view_parse ] --END-- [ RunTime:0.014523s ]
INFO: [ view_filter ] --START--
INFO: Run Behavior\WriteHtmlCacheBehavior [ RunTime:0.000731s ]
INFO: [ view_filter ] --END-- [ RunTime:0.000900s ]
INFO: [ app_end ] --START--
INFO: Run Behavior\ShowPageTraceBehavior [ RunTime:0.001373s ]
INFO: [ app_end ] --END-- [ RunTime:0.001638s ]

[ 2016-04-09T14:05:16+08:00 ] ::1 /hzaumba/index.php/Admin/Index/update_pw.html
INFO: [ app_init ] --START--
INFO: Run Behavior\BuildLiteBehavior [ RunTime:0.000031s ]
INFO: [ app_init ] --END-- [ RunTime:0.000645s ]
INFO: [ app_begin ] --START--
INFO: Run Behavior\ReadHtmlCacheBehavior [ RunTime:0.000840s ]
INFO: [ app_begin ] --END-- [ RunTime:0.001002s ]
INFO: [ view_parse ] --START--
INFO: [ template_filter ] --START--
INFO: Run Behavior\ContentReplaceBehavior [ RunTime:0.000295s ]
INFO: [ template_filter ] --END-- [ RunTime:0.000514s ]
NOTIC: [8] Undefined variable: zd D:\wamp\www\hzaumba\Application\Runtime\Cache\Admin\e156b1338e09003e858a2341dd6e68f1.php 第 190 行.
INFO: Run Behavior\ParseTemplateBehavior [ RunTime:0.013797s ]
INFO: [ view_parse ] --END-- [ RunTime:0.013975s ]
INFO: [ view_filter ] --START--
INFO: Run Behavior\WriteHtmlCacheBehavior [ RunTime:0.000809s ]
INFO: [ view_filter ] --END-- [ RunTime:0.001000s ]
INFO: [ app_end ] --START--
INFO: Run Behavior\ShowPageTraceBehavior [ RunTime:0.001286s ]
INFO: [ app_end ] --END-- [ RunTime:0.001525s ]

[ 2016-04-09T14:05:16+08:00 ] ::1 /hzaumba/index.php/Admin/Index/vendors/bootstrap-switch/build/css/bootstrap3/bootstrap-switch.min.css
INFO: [ app_init ] --START--
INFO: Run Behavior\BuildLiteBehavior [ RunTime:0.000051s ]
INFO: [ app_init ] --END-- [ RunTime:0.000901s ]
INFO: [ app_begin ] --START--
INFO: Run Behavior\ReadHtmlCacheBehavior [ RunTime:0.001129s ]
INFO: [ app_begin ] --END-- [ RunTime:0.001353s ]
ERR: 非法操作:vendors

[ 2016-04-09T14:05:16+08:00 ] ::1 /hzaumba/index.php/Admin/Index/css/bootstrap-switch-small.css
INFO: [ app_init ] --START--
INFO: Run Behavior\BuildLiteBehavior [ RunTime:0.000046s ]
INFO: [ app_init ] --END-- [ RunTime:0.000967s ]
INFO: [ app_begin ] --START--
INFO: Run Behavior\ReadHtmlCacheBehavior [ RunTime:0.001260s ]
INFO: [ app_begin ] --END-- [ RunTime:0.001492s ]
ERR: 非法操作:css

[ 2016-04-09T14:05:19+08:00 ] ::1 /hzaumba/index.php/Admin/Index/buttonsandicons.html?name=lxwm
INFO: [ app_init ] --START--
INFO: Run Behavior\BuildLiteBehavior [ RunTime:0.000046s ]
INFO: [ app_init ] --END-- [ RunTime:0.001051s ]
INFO: [ app_begin ] --START--
INFO: Run Behavior\ReadHtmlCacheBehavior [ RunTime:0.000901s ]
INFO: [ app_begin ] --END-- [ RunTime:0.001065s ]
SQL: SHOW COLUMNS FROM `mba_contents` [ RunTime:0.0042s ]
SQL: SELECT `lxwm` FROM `mba_contents` WHERE `cid` = 2 LIMIT 1   [ RunTime:0.0004s ]
SQL: SELECT `lxwm` FROM `mba_contents` WHERE `cid` = 3 LIMIT 1   [ RunTime:0.0003s ]
SQL: SELECT `lxwm` FROM `mba_contents` WHERE `cid` = 1 LIMIT 1   [ RunTime:0.0003s ]
INFO: [ view_parse ] --START--
INFO: [ template_filter ] --START--
INFO: Run Behavior\ContentReplaceBehavior [ RunTime:0.000282s ]
INFO: [ template_filter ] --END-- [ RunTime:0.000455s ]
NOTIC: [8] Undefined variable: info D:\wamp\www\hzaumba\Application\Runtime\Cache\Admin\73c7609966b7031fe25d56d214e58aac.php 第 216 行.
NOTIC: [8] Undefined variable: page D:\wamp\www\hzaumba\Application\Runtime\Cache\Admin\73c7609966b7031fe25d56d214e58aac.php 第 224 行.
NOTIC: [8] Undefined variable: info D:\wamp\www\hzaumba\Application\Runtime\Cache\Admin\73c7609966b7031fe25d56d214e58aac.php 第 242 行.
NOTIC: [8] Undefined variable: page D:\wamp\www\hzaumba\Application\Runtime\Cache\Admin\73c7609966b7031fe25d56d214e58aac.php 第 250 行.
NOTIC: [8] Undefined variable: info D:\wamp\www\hzaumba\Application\Runtime\Cache\Admin\73c7609966b7031fe25d56d214e58aac.php 第 275 行.
NOTIC: [8] Undefined variable: page D:\wamp\www\hzaumba\Application\Runtime\Cache\Admin\73c7609966b7031fe25d56d214e58aac.php 第 311 行.
INFO: Run Behavior\ParseTemplateBehavior [ RunTime:0.019064s ]
INFO: [ view_parse ] --END-- [ RunTime:0.019192s ]
INFO: [ view_filter ] --START--
INFO: Run Behavior\WriteHtmlCacheBehavior [ RunTime:0.000592s ]
INFO: [ view_filter ] --END-- [ RunTime:0.000707s ]
INFO: [ app_end ] --START--
INFO: Run Behavior\ShowPageTraceBehavior [ RunTime:0.001184s ]
INFO: [ app_end ] --END-- [ RunTime:0.001408s ]

[ 2016-04-09T14:05:28+08:00 ] ::1 /hzaumba/index.php/Admin/Index/buttonsandicons.html?name=lhhzc
INFO: [ app_init ] --START--
INFO: Run Behavior\BuildLiteBehavior [ RunTime:0.000030s ]
INFO: [ app_init ] --END-- [ RunTime:0.000629s ]
INFO: [ app_begin ] --START--
INFO: Run Behavior\ReadHtmlCacheBehavior [ RunTime:0.000780s ]
INFO: [ app_begin ] --END-- [ RunTime:0.000919s ]
SQL: SHOW COLUMNS FROM `mba_contents` [ RunTime:0.0049s ]
SQL: SELECT `lhhzc` FROM `mba_contents` WHERE `cid` = 2 LIMIT 1   [ RunTime:0.0003s ]
SQL: SELECT `lhhzc` FROM `mba_contents` WHERE `cid` = 3 LIMIT 1   [ RunTime:0.0003s ]
SQL: SELECT `lhhzc` FROM `mba_contents` WHERE `cid` = 1 LIMIT 1   [ RunTime:0.0003s ]
INFO: [ view_parse ] --START--
INFO: [ template_filter ] --START--
INFO: Run Behavior\ContentReplaceBehavior [ RunTime:0.000298s ]
INFO: [ template_filter ] --END-- [ RunTime:0.000444s ]
NOTIC: [8] Undefined variable: info D:\wamp\www\hzaumba\Application\Runtime\Cache\Admin\73c7609966b7031fe25d56d214e58aac.php 第 216 行.
NOTIC: [8] Undefined variable: page D:\wamp\www\hzaumba\Application\Runtime\Cache\Admin\73c7609966b7031fe25d56d214e58aac.php 第 224 行.
NOTIC: [8] Undefined variable: info D:\wamp\www\hzaumba\Application\Runtime\Cache\Admin\73c7609966b7031fe25d56d214e58aac.php 第 242 行.
NOTIC: [8] Undefined variable: page D:\wamp\www\hzaumba\Application\Runtime\Cache\Admin\73c7609966b7031fe25d56d214e58aac.php 第 250 行.
NOTIC: [8] Undefined variable: info D:\wamp\www\hzaumba\Application\Runtime\Cache\Admin\73c7609966b7031fe25d56d214e58aac.php 第 275 行.
NOTIC: [8] Undefined variable: page D:\wamp\www\hzaumba\Application\Runtime\Cache\Admin\73c7609966b7031fe25d56d214e58aac.php 第 311 行.
INFO: Run Behavior\ParseTemplateBehavior [ RunTime:0.021225s ]
INFO: [ view_parse ] --END-- [ RunTime:0.021383s ]
INFO: [ view_filter ] --START--
INFO: Run Behavior\WriteHtmlCacheBehavior [ RunTime:0.000637s ]
INFO: [ view_filter ] --END-- [ RunTime:0.000754s ]
INFO: [ app_end ] --START--
INFO: Run Behavior\ShowPageTraceBehavior [ RunTime:0.001387s ]
INFO: [ app_end ] --END-- [ RunTime:0.001616s ]

[ 2016-04-09T14:05:31+08:00 ] ::1 /hzaumba/index.php/Admin/Index/buttonsandicons.html?name=zsxx
INFO: [ app_init ] --START--
INFO: Run Behavior\BuildLiteBehavior [ RunTime:0.000030s ]
INFO: [ app_init ] --END-- [ RunTime:0.000620s ]
INFO: [ app_begin ] --START--
INFO: Run Behavior\ReadHtmlCacheBehavior [ RunTime:0.001054s ]
INFO: [ app_begin ] --END-- [ RunTime:0.001271s ]
SQL: SHOW COLUMNS FROM `mba_contents` [ RunTime:0.0044s ]
SQL: SELECT `zsxx` FROM `mba_contents` WHERE `cid` = 2 LIMIT 1   [ RunTime:0.0004s ]
SQL: SELECT `zsxx` FROM `mba_contents` WHERE `cid` = 3 LIMIT 1   [ RunTime:0.0003s ]
SQL: SELECT `zsxx` FROM `mba_contents` WHERE `cid` = 1 LIMIT 1   [ RunTime:0.0003s ]
INFO: [ view_parse ] --START--
INFO: [ template_filter ] --START--
INFO: Run Behavior\ContentReplaceBehavior [ RunTime:0.000273s ]
INFO: [ template_filter ] --END-- [ RunTime:0.000420s ]
NOTIC: [8] Undefined variable: info D:\wamp\www\hzaumba\Application\Runtime\Cache\Admin\73c7609966b7031fe25d56d214e58aac.php 第 216 行.
NOTIC: [8] Undefined variable: page D:\wamp\www\hzaumba\Application\Runtime\Cache\Admin\73c7609966b7031fe25d56d214e58aac.php 第 224 行.
NOTIC: [8] Undefined variable: info D:\wamp\www\hzaumba\Application\Runtime\Cache\Admin\73c7609966b7031fe25d56d214e58aac.php 第 242 行.
NOTIC: [8] Undefined variable: page D:\wamp\www\hzaumba\Application\Runtime\Cache\Admin\73c7609966b7031fe25d56d214e58aac.php 第 250 行.
NOTIC: [8] Undefined variable: info D:\wamp\www\hzaumba\Application\Runtime\Cache\Admin\73c7609966b7031fe25d56d214e58aac.php 第 275 行.
NOTIC: [8] Undefined variable: page D:\wamp\www\hzaumba\Application\Runtime\Cache\Admin\73c7609966b7031fe25d56d214e58aac.php 第 311 行.
INFO: Run Behavior\ParseTemplateBehavior [ RunTime:0.019993s ]
INFO: [ view_parse ] --END-- [ RunTime:0.020121s ]
INFO: [ view_filter ] --START--
INFO: Run Behavior\WriteHtmlCacheBehavior [ RunTime:0.000639s ]
INFO: [ view_filter ] --END-- [ RunTime:0.000756s ]
INFO: [ app_end ] --START--
INFO: Run Behavior\ShowPageTraceBehavior [ RunTime:0.001126s ]
INFO: [ app_end ] --END-- [ RunTime:0.001336s ]

[ 2016-04-09T14:05:34+08:00 ] ::1 /hzaumba/index.php/Admin/Index/buttonsandicons.html?name=lxwm
INFO: [ app_init ] --START--
INFO: Run Behavior\BuildLiteBehavior [ RunTime:0.000053s ]
INFO: [ app_init ] --END-- [ RunTime:0.001017s ]
INFO: [ app_begin ] --START--
INFO: Run Behavior\ReadHtmlCacheBehavior [ RunTime:0.001132s ]
INFO: [ app_begin ] --END-- [ RunTime:0.001373s ]
SQL: SHOW COLUMNS FROM `mba_contents` [ RunTime:0.0047s ]
SQL: SELECT `lxwm` FROM `mba_contents` WHERE `cid` = 2 LIMIT 1   [ RunTime:0.0003s ]
SQL: SELECT `lxwm` FROM `mba_contents` WHERE `cid` = 3 LIMIT 1   [ RunTime:0.0003s ]
SQL: SELECT `lxwm` FROM `mba_contents` WHERE `cid` = 1 LIMIT 1   [ RunTime:0.0002s ]
INFO: [ view_parse ] --START--
INFO: [ template_filter ] --START--
INFO: Run Behavior\ContentReplaceBehavior [ RunTime:0.000290s ]
INFO: [ template_filter ] --END-- [ RunTime:0.000430s ]
NOTIC: [8] Undefined variable: info D:\wamp\www\hzaumba\Application\Runtime\Cache\Admin\73c7609966b7031fe25d56d214e58aac.php 第 216 行.
NOTIC: [8] Undefined variable: page D:\wamp\www\hzaumba\Application\Runtime\Cache\Admin\73c7609966b7031fe25d56d214e58aac.php 第 224 行.
NOTIC: [8] Undefined variable: info D:\wamp\www\hzaumba\Application\Runtime\Cache\Admin\73c7609966b7031fe25d56d214e58aac.php 第 242 行.
NOTIC: [8] Undefined variable: page D:\wamp\www\hzaumba\Application\Runtime\Cache\Admin\73c7609966b7031fe25d56d214e58aac.php 第 250 行.
NOTIC: [8] Undefined variable: info D:\wamp\www\hzaumba\Application\Runtime\Cache\Admin\73c7609966b7031fe25d56d214e58aac.php 第 275 行.
NOTIC: [8] Undefined variable: page D:\wamp\www\hzaumba\Application\Runtime\Cache\Admin\73c7609966b7031fe25d56d214e58aac.php 第 311 行.
INFO: Run Behavior\ParseTemplateBehavior [ RunTime:0.024296s ]
INFO: [ view_parse ] --END-- [ RunTime:0.024514s ]
INFO: [ view_filter ] --START--
INFO: Run Behavior\WriteHtmlCacheBehavior [ RunTime:0.000973s ]
INFO: [ view_filter ] --END-- [ RunTime:0.001192s ]
INFO: [ app_end ] --START--
INFO: Run Behavior\ShowPageTraceBehavior [ RunTime:0.001348s ]
INFO: [ app_end ] --END-- [ RunTime:0.001584s ]

[ 2016-04-09T14:14:43+08:00 ] ::1 /hzaumba/index.php/Admin/Index/buttonsandicons.html?name=lxwm
INFO: [ app_init ] --START--
INFO: Run Behavior\BuildLiteBehavior [ RunTime:0.000028s ]
INFO: [ app_init ] --END-- [ RunTime:0.001026s ]
INFO: [ app_begin ] --START--
INFO: Run Behavior\ReadHtmlCacheBehavior [ RunTime:0.000725s ]
INFO: [ app_begin ] --END-- [ RunTime:0.000911s ]
SQL: SHOW COLUMNS FROM `mba_contents` [ RunTime:0.0050s ]
SQL: SELECT `lxwm` FROM `mba_contents` WHERE `cid` = 2 LIMIT 1   [ RunTime:0.0004s ]
SQL: SELECT `lxwm` FROM `mba_contents` WHERE `cid` = 3 LIMIT 1   [ RunTime:0.0003s ]
SQL: SELECT `lxwm` FROM `mba_contents` WHERE `cid` = 1 LIMIT 1   [ RunTime:0.0003s ]
INFO: [ view_parse ] --START--
INFO: [ template_filter ] --START--
INFO: Run Behavior\ContentReplaceBehavior [ RunTime:0.000246s ]
INFO: [ template_filter ] --END-- [ RunTime:0.000372s ]
NOTIC: [8] Undefined variable: info D:\wamp\www\hzaumba\Application\Runtime\Cache\Admin\73c7609966b7031fe25d56d214e58aac.php 第 217 行.
NOTIC: [8] Undefined variable: page D:\wamp\www\hzaumba\Application\Runtime\Cache\Admin\73c7609966b7031fe25d56d214e58aac.php 第 225 行.
NOTIC: [8] Undefined variable: info D:\wamp\www\hzaumba\Application\Runtime\Cache\Admin\73c7609966b7031fe25d56d214e58aac.php 第 243 行.
NOTIC: [8] Undefined variable: page D:\wamp\www\hzaumba\Application\Runtime\Cache\Admin\73c7609966b7031fe25d56d214e58aac.php 第 251 行.
NOTIC: [8] Undefined variable: info D:\wamp\www\hzaumba\Application\Runtime\Cache\Admin\73c7609966b7031fe25d56d214e58aac.php 第 276 行.
NOTIC: [8] Undefined variable: page D:\wamp\www\hzaumba\Application\Runtime\Cache\Admin\73c7609966b7031fe25d56d214e58aac.php 第 312 行.
INFO: Run Behavior\ParseTemplateBehavior [ RunTime:0.018285s ]
INFO: [ view_parse ] --END-- [ RunTime:0.018411s ]
INFO: [ view_filter ] --START--
INFO: Run Behavior\WriteHtmlCacheBehavior [ RunTime:0.000690s ]
INFO: [ view_filter ] --END-- [ RunTime:0.000797s ]
INFO: [ app_end ] --START--
INFO: Run Behavior\ShowPageTraceBehavior [ RunTime:0.000894s ]
INFO: [ app_end ] --END-- [ RunTime:0.001035s ]

[ 2016-04-09T14:14:43+08:00 ] ::1 /hzaumba/index.php/Admin/Index/ueditor.config.js
INFO: [ app_init ] --START--
INFO: Run Behavior\BuildLiteBehavior [ RunTime:0.000050s ]
INFO: [ app_init ] --END-- [ RunTime:0.000857s ]
INFO: [ app_begin ] --START--
INFO: Run Behavior\ReadHtmlCacheBehavior [ RunTime:0.001054s ]
INFO: [ app_begin ] --END-- [ RunTime:0.001323s ]
ERR: 非法操作:ueditor.config.js

[ 2016-04-09T14:14:43+08:00 ] ::1 /hzaumba/index.php/Admin/Index/lang/zh-cn/zh-cn.js
INFO: [ app_init ] --START--
INFO: Run Behavior\BuildLiteBehavior [ RunTime:0.000059s ]
INFO: [ app_init ] --END-- [ RunTime:0.001102s ]
INFO: [ app_begin ] --START--
INFO: Run Behavior\ReadHtmlCacheBehavior [ RunTime:0.001110s ]
INFO: [ app_begin ] --END-- [ RunTime:0.001358s ]
ERR: 非法操作:lang

[ 2016-04-09T14:14:43+08:00 ] ::1 /hzaumba/index.php/Admin/Index/ueditor.all.min.js
INFO: [ app_init ] --START--
INFO: Run Behavior\BuildLiteBehavior [ RunTime:0.000056s ]
INFO: [ app_init ] --END-- [ RunTime:0.001063s ]
INFO: [ app_begin ] --START--
INFO: Run Behavior\ReadHtmlCacheBehavior [ RunTime:0.000981s ]
INFO: [ app_begin ] --END-- [ RunTime:0.001189s ]
ERR: 非法操作:ueditor.all.min.js

[ 2016-04-09T14:14:43+08:00 ] ::1 /hzaumba/index.php/Admin/Index/lang/zh-cn/zh-cn.js
INFO: [ app_init ] --START--
INFO: Run Behavior\BuildLiteBehavior [ RunTime:0.000026s ]
INFO: [ app_init ] --END-- [ RunTime:0.000627s ]
INFO: [ app_begin ] --START--
INFO: Run Behavior\ReadHtmlCacheBehavior [ RunTime:0.001091s ]
INFO: [ app_begin ] --END-- [ RunTime:0.001277s ]
ERR: 非法操作:lang

[ 2016-04-09T14:17:19+08:00 ] ::1 /hzaumba/index.php/Admin/Index/buttonsandicons.html?name=lxwm
INFO: [ app_init ] --START--
INFO: Run Behavior\BuildLiteBehavior [ RunTime:0.000028s ]
INFO: [ app_init ] --END-- [ RunTime:0.000583s ]
INFO: [ app_begin ] --START--
INFO: Run Behavior\ReadHtmlCacheBehavior [ RunTime:0.000783s ]
INFO: [ app_begin ] --END-- [ RunTime:0.000910s ]
SQL: SHOW COLUMNS FROM `mba_contents` [ RunTime:0.0038s ]
SQL: SELECT `lxwm` FROM `mba_contents` WHERE `cid` = 2 LIMIT 1   [ RunTime:0.0004s ]
SQL: SELECT `lxwm` FROM `mba_contents` WHERE `cid` = 3 LIMIT 1   [ RunTime:0.0003s ]
SQL: SELECT `lxwm` FROM `mba_contents` WHERE `cid` = 1 LIMIT 1   [ RunTime:0.0003s ]
INFO: [ view_parse ] --START--
INFO: [ template_filter ] --START--
INFO: Run Behavior\ContentReplaceBehavior [ RunTime:0.000241s ]
INFO: [ template_filter ] --END-- [ RunTime:0.000374s ]
NOTIC: [8] Undefined variable: info D:\wamp\www\hzaumba\Application\Runtime\Cache\Admin\73c7609966b7031fe25d56d214e58aac.php 第 217 行.
NOTIC: [8] Undefined variable: page D:\wamp\www\hzaumba\Application\Runtime\Cache\Admin\73c7609966b7031fe25d56d214e58aac.php 第 225 行.
NOTIC: [8] Undefined variable: info D:\wamp\www\hzaumba\Application\Runtime\Cache\Admin\73c7609966b7031fe25d56d214e58aac.php 第 243 行.
NOTIC: [8] Undefined variable: page D:\wamp\www\hzaumba\Application\Runtime\Cache\Admin\73c7609966b7031fe25d56d214e58aac.php 第 251 行.
NOTIC: [8] Undefined variable: info D:\wamp\www\hzaumba\Application\Runtime\Cache\Admin\73c7609966b7031fe25d56d214e58aac.php 第 276 行.
NOTIC: [8] Undefined variable: page D:\wamp\www\hzaumba\Application\Runtime\Cache\Admin\73c7609966b7031fe25d56d214e58aac.php 第 312 行.
INFO: Run Behavior\ParseTemplateBehavior [ RunTime:0.018867s ]
INFO: [ view_parse ] --END-- [ RunTime:0.018986s ]
INFO: [ view_filter ] --START--
INFO: Run Behavior\WriteHtmlCacheBehavior [ RunTime:0.000669s ]
INFO: [ view_filter ] --END-- [ RunTime:0.000777s ]
INFO: [ app_end ] --START--
INFO: Run Behavior\ShowPageTraceBehavior [ RunTime:0.000938s ]
INFO: [ app_end ] --END-- [ RunTime:0.001081s ]

