[ 2016-04-06T00:07:30+08:00 ] ::1 /hzaumba/index.php/Admin/Index/button.html?name=xwzx&hid=17
INFO: [ app_init ] --START--
INFO: Run Behavior\BuildLiteBehavior [ RunTime:0.000128s ]
INFO: [ app_init ] --END-- [ RunTime:0.002769s ]
INFO: [ app_begin ] --START--
INFO: Run Behavior\ReadHtmlCacheBehavior [ RunTime:0.002809s ]
INFO: [ app_begin ] --END-- [ RunTime:0.003271s ]
SQL: SHOW COLUMNS FROM `mba_contents` [ RunTime:0.0146s ]
SQL: SELECT `xwzx` FROM `mba_contents` WHERE `cid` = 2 LIMIT 1   [ RunTime:0.0011s ]
SQL: SELECT `xwzx` FROM `mba_contents` WHERE `cid` = 3 LIMIT 1   [ RunTime:0.0009s ]
SQL: SHOW COLUMNS FROM `mba_home` [ RunTime:0.0117s ]
SQL: SELECT `hid`,`title`,`content` FROM `mba_home` WHERE `hid` = 17 LIMIT 1   [ RunTime:0.0010s ]
INFO: [ view_parse ] --START--
INFO: [ template_filter ] --START--
INFO: Run Behavior\ContentReplaceBehavior [ RunTime:0.000725s ]
INFO: [ template_filter ] --END-- [ RunTime:0.001183s ]
NOTIC: [8] Undefined variable: article_item D:\wamp\www\hzaumba\Application\Runtime\Cache\Admin\fb5e7fad23a09d933d6bc337466f62b1.php 第 207 行.
INFO: Run Behavior\ParseTemplateBehavior [ RunTime:0.039870s ]
INFO: [ view_parse ] --END-- [ RunTime:0.040404s ]
INFO: [ view_filter ] --START--
INFO: Run Behavior\WriteHtmlCacheBehavior [ RunTime:0.002810s ]
INFO: [ view_filter ] --END-- [ RunTime:0.003667s ]
INFO: [ app_end ] --START--
INFO: Run Behavior\ShowPageTraceBehavior [ RunTime:0.002652s ]
INFO: [ app_end ] --END-- [ RunTime:0.003052s ]

[ 2016-04-06T00:07:30+08:00 ] ::1 /hzaumba/index.php/Admin/Index/vendors/bootstrap-switch/build/css/bootstrap3/bootstrap-switch.min.css
INFO: [ app_init ] --START--
INFO: Run Behavior\BuildLiteBehavior [ RunTime:0.000050s ]
INFO: [ app_init ] --END-- [ RunTime:0.000876s ]
INFO: [ app_begin ] --START--
INFO: Run Behavior\ReadHtmlCacheBehavior [ RunTime:0.001315s ]
INFO: [ app_begin ] --END-- [ RunTime:0.001567s ]
ERR: 非法操作:vendors

[ 2016-04-06T00:07:30+08:00 ] ::1 /hzaumba/index.php/Admin/Index/css/bootstrap-switch-small.css
INFO: [ app_init ] --START--
INFO: Run Behavior\BuildLiteBehavior [ RunTime:0.000089s ]
INFO: [ app_init ] --END-- [ RunTime:0.001664s ]
INFO: [ app_begin ] --START--
INFO: Run Behavior\ReadHtmlCacheBehavior [ RunTime:0.001257s ]
INFO: [ app_begin ] --END-- [ RunTime:0.001601s ]
ERR: 非法操作:css

[ 2016-04-06T00:09:22+08:00 ] ::1 /hzaumba/index.php/Admin/Index/button.html?name=xwzx&hid=17
INFO: [ app_init ] --START--
INFO: Run Behavior\BuildLiteBehavior [ RunTime:0.000055s ]
INFO: [ app_init ] --END-- [ RunTime:0.001723s ]
INFO: [ app_begin ] --START--
INFO: Run Behavior\ReadHtmlCacheBehavior [ RunTime:0.001966s ]
INFO: [ app_begin ] --END-- [ RunTime:0.002285s ]
SQL: SHOW COLUMNS FROM `mba_contents` [ RunTime:0.0078s ]
SQL: SELECT `xwzx` FROM `mba_contents` WHERE `cid` = 2 LIMIT 1   [ RunTime:0.0006s ]
SQL: SELECT `xwzx` FROM `mba_contents` WHERE `cid` = 3 LIMIT 1   [ RunTime:0.0005s ]
SQL: SHOW COLUMNS FROM `mba_home` [ RunTime:0.0065s ]
SQL: SELECT `hid`,`title`,`content` FROM `mba_home` WHERE `hid` = 17 LIMIT 1   [ RunTime:0.0006s ]
INFO: [ view_parse ] --START--
INFO: [ template_filter ] --START--
INFO: Run Behavior\ContentReplaceBehavior [ RunTime:0.000553s ]
INFO: [ template_filter ] --END-- [ RunTime:0.000794s ]
NOTIC: [8] Undefined variable: article_item D:\wamp\www\hzaumba\Application\Runtime\Cache\Admin\fb5e7fad23a09d933d6bc337466f62b1.php 第 211 行.
INFO: Run Behavior\ParseTemplateBehavior [ RunTime:0.022988s ]
INFO: [ view_parse ] --END-- [ RunTime:0.023257s ]
INFO: [ view_filter ] --START--
INFO: Run Behavior\WriteHtmlCacheBehavior [ RunTime:0.001375s ]
INFO: [ view_filter ] --END-- [ RunTime:0.001617s ]
INFO: [ app_end ] --START--
INFO: Run Behavior\ShowPageTraceBehavior [ RunTime:0.001986s ]
INFO: [ app_end ] --END-- [ RunTime:0.002390s ]

[ 2016-04-06T00:09:22+08:00 ] ::1 /hzaumba/index.php/Admin/Index/css/bootstrap-switch-small.css
INFO: [ app_init ] --START--
INFO: Run Behavior\BuildLiteBehavior [ RunTime:0.000047s ]
INFO: [ app_init ] --END-- [ RunTime:0.001121s ]
INFO: [ app_begin ] --START--
INFO: Run Behavior\ReadHtmlCacheBehavior [ RunTime:0.001275s ]
INFO: [ app_begin ] --END-- [ RunTime:0.001537s ]
ERR: 非法操作:css

[ 2016-04-06T00:09:22+08:00 ] ::1 /hzaumba/index.php/Admin/Index/vendors/bootstrap-switch/build/css/bootstrap3/bootstrap-switch.min.css
INFO: [ app_init ] --START--
INFO: Run Behavior\BuildLiteBehavior [ RunTime:0.000047s ]
INFO: [ app_init ] --END-- [ RunTime:0.001158s ]
INFO: [ app_begin ] --START--
INFO: Run Behavior\ReadHtmlCacheBehavior [ RunTime:0.001184s ]
INFO: [ app_begin ] --END-- [ RunTime:0.001432s ]
ERR: 非法操作:vendors

[ 2016-04-06T00:10:40+08:00 ] ::1 /hzaumba/index.php/Admin/Index/button.html?name=xwzx&hid=17
INFO: [ app_init ] --START--
INFO: Run Behavior\BuildLiteBehavior [ RunTime:0.000159s ]
INFO: [ app_init ] --END-- [ RunTime:0.002838s ]
INFO: [ app_begin ] --START--
INFO: Run Behavior\ReadHtmlCacheBehavior [ RunTime:0.003694s ]
INFO: [ app_begin ] --END-- [ RunTime:0.004671s ]
SQL: SHOW COLUMNS FROM `mba_contents` [ RunTime:0.0128s ]
SQL: SELECT `xwzx` FROM `mba_contents` WHERE `cid` = 2 LIMIT 1   [ RunTime:0.0009s ]
SQL: SELECT `xwzx` FROM `mba_contents` WHERE `cid` = 3 LIMIT 1   [ RunTime:0.0007s ]
SQL: SHOW COLUMNS FROM `mba_home` [ RunTime:0.0100s ]
SQL: SELECT `hid`,`title`,`content` FROM `mba_home` WHERE `hid` = 17 LIMIT 1   [ RunTime:0.0009s ]
INFO: [ view_parse ] --START--
INFO: [ template_filter ] --START--
INFO: Run Behavior\ContentReplaceBehavior [ RunTime:0.000767s ]
INFO: [ template_filter ] --END-- [ RunTime:0.001174s ]
NOTIC: [8] Undefined variable: article_item D:\wamp\www\hzaumba\Application\Runtime\Cache\Admin\fb5e7fad23a09d933d6bc337466f62b1.php 第 204 行.
INFO: Run Behavior\ParseTemplateBehavior [ RunTime:0.041438s ]
INFO: [ view_parse ] --END-- [ RunTime:0.041816s ]
INFO: [ view_filter ] --START--
INFO: Run Behavior\WriteHtmlCacheBehavior [ RunTime:0.002042s ]
INFO: [ view_filter ] --END-- [ RunTime:0.002576s ]
INFO: [ app_end ] --START--
INFO: Run Behavior\ShowPageTraceBehavior [ RunTime:0.004230s ]
INFO: [ app_end ] --END-- [ RunTime:0.005168s ]

[ 2016-04-06T00:10:41+08:00 ] ::1 /hzaumba/index.php/Admin/Index/vendors/bootstrap-switch/build/css/bootstrap3/bootstrap-switch.min.css
INFO: [ app_init ] --START--
INFO: Run Behavior\BuildLiteBehavior [ RunTime:0.000044s ]
INFO: [ app_init ] --END-- [ RunTime:0.000895s ]
INFO: [ app_begin ] --START--
INFO: Run Behavior\ReadHtmlCacheBehavior [ RunTime:0.001023s ]
INFO: [ app_begin ] --END-- [ RunTime:0.001243s ]
ERR: 非法操作:vendors

[ 2016-04-06T00:10:41+08:00 ] ::1 /hzaumba/index.php/Admin/Index/css/bootstrap-switch-small.css
INFO: [ app_init ] --START--
INFO: Run Behavior\BuildLiteBehavior [ RunTime:0.000152s ]
INFO: [ app_init ] --END-- [ RunTime:0.001394s ]
INFO: [ app_begin ] --START--
INFO: Run Behavior\ReadHtmlCacheBehavior [ RunTime:0.001842s ]
INFO: [ app_begin ] --END-- [ RunTime:0.002118s ]
ERR: 非法操作:css

[ 2016-04-06T00:11:05+08:00 ] ::1 /hzaumba/index.php/Admin/Index/button.html?name=xwzx&hid=17
INFO: [ app_init ] --START--
INFO: Run Behavior\BuildLiteBehavior [ RunTime:0.000085s ]
INFO: [ app_init ] --END-- [ RunTime:0.002246s ]
INFO: [ app_begin ] --START--
INFO: Run Behavior\ReadHtmlCacheBehavior [ RunTime:0.002677s ]
INFO: [ app_begin ] --END-- [ RunTime:0.003220s ]
SQL: SHOW COLUMNS FROM `mba_contents` [ RunTime:0.0134s ]
SQL: SELECT `xwzx` FROM `mba_contents` WHERE `cid` = 2 LIMIT 1   [ RunTime:0.0010s ]
SQL: SELECT `xwzx` FROM `mba_contents` WHERE `cid` = 3 LIMIT 1   [ RunTime:0.0008s ]
SQL: SHOW COLUMNS FROM `mba_home` [ RunTime:0.0119s ]
SQL: SELECT `hid`,`title`,`content` FROM `mba_home` WHERE `hid` = 17 LIMIT 1   [ RunTime:0.0009s ]
INFO: [ view_parse ] --START--
INFO: [ template_filter ] --START--
INFO: Run Behavior\ContentReplaceBehavior [ RunTime:0.000777s ]
INFO: [ template_filter ] --END-- [ RunTime:0.001218s ]
INFO: Run Behavior\ParseTemplateBehavior [ RunTime:0.043598s ]
INFO: [ view_parse ] --END-- [ RunTime:0.043995s ]
INFO: [ view_filter ] --START--
INFO: Run Behavior\WriteHtmlCacheBehavior [ RunTime:0.001842s ]
INFO: [ view_filter ] --END-- [ RunTime:0.002189s ]
INFO: [ app_end ] --START--
INFO: Run Behavior\ShowPageTraceBehavior [ RunTime:0.006954s ]
INFO: [ app_end ] --END-- [ RunTime:0.008463s ]

[ 2016-04-06T00:11:05+08:00 ] ::1 /hzaumba/index.php/Admin/Index/vendors/bootstrap-switch/build/css/bootstrap3/bootstrap-switch.min.css
INFO: [ app_init ] --START--
INFO: Run Behavior\BuildLiteBehavior [ RunTime:0.000056s ]
INFO: [ app_init ] --END-- [ RunTime:0.001003s ]
INFO: [ app_begin ] --START--
INFO: Run Behavior\ReadHtmlCacheBehavior [ RunTime:0.001429s ]
INFO: [ app_begin ] --END-- [ RunTime:0.001681s ]
ERR: 非法操作:vendors

[ 2016-04-06T00:11:05+08:00 ] ::1 /hzaumba/index.php/Admin/Index/css/bootstrap-switch-small.css
INFO: [ app_init ] --START--
INFO: Run Behavior\BuildLiteBehavior [ RunTime:0.000048s ]
INFO: [ app_init ] --END-- [ RunTime:0.000975s ]
INFO: [ app_begin ] --START--
INFO: Run Behavior\ReadHtmlCacheBehavior [ RunTime:0.001098s ]
INFO: [ app_begin ] --END-- [ RunTime:0.001323s ]
ERR: 非法操作:css

[ 2016-04-06T00:11:13+08:00 ] ::1 /hzaumba/index.php/Admin/Index/button.html?name=xwzx&hid=17
INFO: [ app_init ] --START--
INFO: Run Behavior\BuildLiteBehavior [ RunTime:0.000084s ]
INFO: [ app_init ] --END-- [ RunTime:0.001902s ]
INFO: [ app_begin ] --START--
INFO: Run Behavior\ReadHtmlCacheBehavior [ RunTime:0.004207s ]
INFO: [ app_begin ] --END-- [ RunTime:0.004835s ]
SQL: SHOW COLUMNS FROM `mba_contents` [ RunTime:0.0119s ]
SQL: SELECT `xwzx` FROM `mba_contents` WHERE `cid` = 2 LIMIT 1   [ RunTime:0.0008s ]
SQL: SELECT `xwzx` FROM `mba_contents` WHERE `cid` = 3 LIMIT 1   [ RunTime:0.0007s ]
SQL: SHOW COLUMNS FROM `mba_home` [ RunTime:0.0103s ]
SQL: SELECT `hid`,`title`,`content` FROM `mba_home` WHERE `hid` = 17 LIMIT 1   [ RunTime:0.0008s ]
INFO: [ view_parse ] --START--
INFO: [ template_filter ] --START--
INFO: Run Behavior\ContentReplaceBehavior [ RunTime:0.000785s ]
INFO: [ template_filter ] --END-- [ RunTime:0.001177s ]
NOTIC: [8] Undefined variable: article_item D:\wamp\www\hzaumba\Application\Runtime\Cache\Admin\fb5e7fad23a09d933d6bc337466f62b1.php 第 204 行.
INFO: Run Behavior\ParseTemplateBehavior [ RunTime:0.040209s ]
INFO: [ view_parse ] --END-- [ RunTime:0.040906s ]
INFO: [ view_filter ] --START--
INFO: Run Behavior\WriteHtmlCacheBehavior [ RunTime:0.001746s ]
INFO: [ view_filter ] --END-- [ RunTime:0.002268s ]
INFO: [ app_end ] --START--
INFO: Run Behavior\ShowPageTraceBehavior [ RunTime:0.001848s ]
INFO: [ app_end ] --END-- [ RunTime:0.002103s ]

[ 2016-04-06T00:11:13+08:00 ] ::1 /hzaumba/index.php/Admin/Index/css/bootstrap-switch-small.css
INFO: [ app_init ] --START--
INFO: Run Behavior\BuildLiteBehavior [ RunTime:0.000055s ]
INFO: [ app_init ] --END-- [ RunTime:0.001074s ]
INFO: [ app_begin ] --START--
INFO: Run Behavior\ReadHtmlCacheBehavior [ RunTime:0.001535s ]
INFO: [ app_begin ] --END-- [ RunTime:0.001733s ]
ERR: 非法操作:css

[ 2016-04-06T00:11:13+08:00 ] ::1 /hzaumba/index.php/Admin/Index/vendors/bootstrap-switch/build/css/bootstrap3/bootstrap-switch.min.css
INFO: [ app_init ] --START--
INFO: Run Behavior\BuildLiteBehavior [ RunTime:0.000048s ]
INFO: [ app_init ] --END-- [ RunTime:0.000979s ]
INFO: [ app_begin ] --START--
INFO: Run Behavior\ReadHtmlCacheBehavior [ RunTime:0.001285s ]
INFO: [ app_begin ] --END-- [ RunTime:0.001548s ]
ERR: 非法操作:vendors

[ 2016-04-06T00:11:24+08:00 ] ::1 /hzaumba/index.php/Admin/Index/buttonsandicons.html?name=xwzx
INFO: [ app_init ] --START--
INFO: Run Behavior\BuildLiteBehavior [ RunTime:0.000035s ]
INFO: [ app_init ] --END-- [ RunTime:0.000789s ]
INFO: [ app_begin ] --START--
INFO: Run Behavior\ReadHtmlCacheBehavior [ RunTime:0.001069s ]
INFO: [ app_begin ] --END-- [ RunTime:0.001215s ]
SQL: SHOW COLUMNS FROM `mba_contents` [ RunTime:0.0051s ]
SQL: SELECT `xwzx` FROM `mba_contents` WHERE `cid` = 2 LIMIT 1   [ RunTime:0.0004s ]
SQL: SELECT `xwzx` FROM `mba_contents` WHERE `cid` = 3 LIMIT 1   [ RunTime:0.0003s ]
SQL: SHOW COLUMNS FROM `mba_home` [ RunTime:0.0049s ]
SQL: SELECT COUNT(*) AS tp_count FROM `mba_home` WHERE `class` = '新闻中心' LIMIT 1   [ RunTime:0.0004s ]
SQL: SELECT `hid`,`title`,`content` FROM `mba_home` WHERE `class` = '新闻中心' ORDER BY hid desc LIMIT 0,10   [ RunTime:0.0004s ]
SQL: SELECT `xwzx` FROM `mba_contents` WHERE `cid` = 1 LIMIT 1   [ RunTime:0.0003s ]
INFO: [ view_parse ] --START--
INFO: [ template_filter ] --START--
INFO: Run Behavior\ContentReplaceBehavior [ RunTime:0.000280s ]
INFO: [ template_filter ] --END-- [ RunTime:0.000422s ]
INFO: Run Behavior\ParseTemplateBehavior [ RunTime:0.019995s ]
INFO: [ view_parse ] --END-- [ RunTime:0.020135s ]
INFO: [ view_filter ] --START--
INFO: Run Behavior\WriteHtmlCacheBehavior [ RunTime:0.000795s ]
INFO: [ view_filter ] --END-- [ RunTime:0.000919s ]
INFO: [ app_end ] --START--
INFO: Run Behavior\ShowPageTraceBehavior [ RunTime:0.000851s ]
INFO: [ app_end ] --END-- [ RunTime:0.000999s ]

[ 2016-04-06T00:11:28+08:00 ] ::1 /hzaumba/index.php/Admin/Index/button.html?name=xwzx
INFO: [ app_init ] --START--
INFO: Run Behavior\BuildLiteBehavior [ RunTime:0.000030s ]
INFO: [ app_init ] --END-- [ RunTime:0.000609s ]
INFO: [ app_begin ] --START--
INFO: Run Behavior\ReadHtmlCacheBehavior [ RunTime:0.000840s ]
INFO: [ app_begin ] --END-- [ RunTime:0.000985s ]
SQL: SHOW COLUMNS FROM `mba_contents` [ RunTime:0.0050s ]
SQL: SELECT `xwzx` FROM `mba_contents` WHERE `cid` = 2 LIMIT 1   [ RunTime:0.0003s ]
SQL: SELECT `xwzx` FROM `mba_contents` WHERE `cid` = 3 LIMIT 1   [ RunTime:0.0002s ]
SQL: SHOW COLUMNS FROM `mba_home` [ RunTime:0.0044s ]
INFO: [ view_parse ] --START--
INFO: [ template_filter ] --START--
INFO: Run Behavior\ContentReplaceBehavior [ RunTime:0.000218s ]
INFO: [ template_filter ] --END-- [ RunTime:0.000379s ]
NOTIC: [8] Undefined variable: info D:\wamp\www\hzaumba\Application\Runtime\Cache\Admin\fb5e7fad23a09d933d6bc337466f62b1.php 第 198 行.
NOTIC: [8] Undefined variable: info D:\wamp\www\hzaumba\Application\Runtime\Cache\Admin\fb5e7fad23a09d933d6bc337466f62b1.php 第 199 行.
NOTIC: [8] Undefined variable: info D:\wamp\www\hzaumba\Application\Runtime\Cache\Admin\fb5e7fad23a09d933d6bc337466f62b1.php 第 200 行.
NOTIC: [8] Undefined variable: article_item D:\wamp\www\hzaumba\Application\Runtime\Cache\Admin\fb5e7fad23a09d933d6bc337466f62b1.php 第 204 行.
INFO: Run Behavior\ParseTemplateBehavior [ RunTime:0.012630s ]
INFO: [ view_parse ] --END-- [ RunTime:0.012807s ]
INFO: [ view_filter ] --START--
INFO: Run Behavior\WriteHtmlCacheBehavior [ RunTime:0.000885s ]
INFO: [ view_filter ] --END-- [ RunTime:0.001043s ]
INFO: [ app_end ] --START--
INFO: Run Behavior\ShowPageTraceBehavior [ RunTime:0.001261s ]
INFO: [ app_end ] --END-- [ RunTime:0.001453s ]

[ 2016-04-06T00:11:28+08:00 ] ::1 /hzaumba/index.php/Admin/Index/css/bootstrap-switch-small.css
INFO: [ app_init ] --START--
INFO: Run Behavior\BuildLiteBehavior [ RunTime:0.000046s ]
INFO: [ app_init ] --END-- [ RunTime:0.000914s ]
INFO: [ app_begin ] --START--
INFO: Run Behavior\ReadHtmlCacheBehavior [ RunTime:0.001360s ]
INFO: [ app_begin ] --END-- [ RunTime:0.001613s ]
ERR: 非法操作:css

[ 2016-04-06T00:11:28+08:00 ] ::1 /hzaumba/index.php/Admin/Index/vendors/bootstrap-switch/build/css/bootstrap3/bootstrap-switch.min.css
INFO: [ app_init ] --START--
INFO: Run Behavior\BuildLiteBehavior [ RunTime:0.000051s ]
INFO: [ app_init ] --END-- [ RunTime:0.001016s ]
INFO: [ app_begin ] --START--
INFO: Run Behavior\ReadHtmlCacheBehavior [ RunTime:0.001412s ]
INFO: [ app_begin ] --END-- [ RunTime:0.001677s ]
ERR: 非法操作:vendors

[ 2016-04-06T00:11:54+08:00 ] ::1 /hzaumba/index.php/Admin/Index/button.html?name=xwzx
INFO: [ app_init ] --START--
INFO: Run Behavior\BuildLiteBehavior [ RunTime:0.000080s ]
INFO: [ app_init ] --END-- [ RunTime:0.002079s ]
INFO: [ app_begin ] --START--
INFO: Run Behavior\ReadHtmlCacheBehavior [ RunTime:0.003052s ]
INFO: [ app_begin ] --END-- [ RunTime:0.003521s ]
SQL: SHOW COLUMNS FROM `mba_contents` [ RunTime:0.0102s ]
SQL: SELECT `xwzx` FROM `mba_contents` WHERE `cid` = 2 LIMIT 1   [ RunTime:0.0011s ]
SQL: SELECT `xwzx` FROM `mba_contents` WHERE `cid` = 3 LIMIT 1   [ RunTime:0.0007s ]
SQL: SHOW COLUMNS FROM `mba_home` [ RunTime:0.0103s ]
INFO: [ view_parse ] --START--
INFO: [ template_filter ] --START--
INFO: Run Behavior\ContentReplaceBehavior [ RunTime:0.000789s ]
INFO: [ template_filter ] --END-- [ RunTime:0.001328s ]
NOTIC: [8] Undefined variable: info D:\wamp\www\hzaumba\Application\Runtime\Cache\Admin\fb5e7fad23a09d933d6bc337466f62b1.php 第 198 行.
NOTIC: [8] Undefined variable: info D:\wamp\www\hzaumba\Application\Runtime\Cache\Admin\fb5e7fad23a09d933d6bc337466f62b1.php 第 199 行.
NOTIC: [8] Undefined variable: info D:\wamp\www\hzaumba\Application\Runtime\Cache\Admin\fb5e7fad23a09d933d6bc337466f62b1.php 第 200 行.
NOTIC: [8] Undefined variable: article_item D:\wamp\www\hzaumba\Application\Runtime\Cache\Admin\fb5e7fad23a09d933d6bc337466f62b1.php 第 204 行.
NOTIC: [8] Undefined variable: article_item D:\wamp\www\hzaumba\Application\Runtime\Cache\Admin\fb5e7fad23a09d933d6bc337466f62b1.php 第 219 行.
INFO: Run Behavior\ParseTemplateBehavior [ RunTime:0.041050s ]
INFO: [ view_parse ] --END-- [ RunTime:0.041478s ]
INFO: [ view_filter ] --START--
INFO: Run Behavior\WriteHtmlCacheBehavior [ RunTime:0.002175s ]
INFO: [ view_filter ] --END-- [ RunTime:0.002539s ]
INFO: [ app_end ] --START--
INFO: Run Behavior\ShowPageTraceBehavior [ RunTime:0.006573s ]
INFO: [ app_end ] --END-- [ RunTime:0.007521s ]

[ 2016-04-06T00:11:54+08:00 ] ::1 /hzaumba/index.php/Admin/Index/vendors/bootstrap-switch/build/css/bootstrap3/bootstrap-switch.min.css
INFO: [ app_init ] --START--
INFO: Run Behavior\BuildLiteBehavior [ RunTime:0.000032s ]
INFO: [ app_init ] --END-- [ RunTime:0.000666s ]
INFO: [ app_begin ] --START--
INFO: Run Behavior\ReadHtmlCacheBehavior [ RunTime:0.001055s ]
INFO: [ app_begin ] --END-- [ RunTime:0.001247s ]
ERR: 非法操作:vendors

[ 2016-04-06T00:11:54+08:00 ] ::1 /hzaumba/index.php/Admin/Index/css/bootstrap-switch-small.css
INFO: [ app_init ] --START--
INFO: Run Behavior\BuildLiteBehavior [ RunTime:0.000031s ]
INFO: [ app_init ] --END-- [ RunTime:0.000912s ]
INFO: [ app_begin ] --START--
INFO: Run Behavior\ReadHtmlCacheBehavior [ RunTime:0.001049s ]
INFO: [ app_begin ] --END-- [ RunTime:0.001237s ]
ERR: 非法操作:css

[ 2016-04-06T00:12:08+08:00 ] ::1 /hzaumba/index.php/Admin/Index/buttonsandicons.html?name=xwzx
INFO: [ app_init ] --START--
INFO: Run Behavior\BuildLiteBehavior [ RunTime:0.000027s ]
INFO: [ app_init ] --END-- [ RunTime:0.000929s ]
INFO: [ app_begin ] --START--
INFO: Run Behavior\ReadHtmlCacheBehavior [ RunTime:0.000926s ]
INFO: [ app_begin ] --END-- [ RunTime:0.001082s ]
SQL: SHOW COLUMNS FROM `mba_contents` [ RunTime:0.0037s ]
SQL: SELECT `xwzx` FROM `mba_contents` WHERE `cid` = 2 LIMIT 1   [ RunTime:0.0003s ]
SQL: SELECT `xwzx` FROM `mba_contents` WHERE `cid` = 3 LIMIT 1   [ RunTime:0.0003s ]
SQL: SHOW COLUMNS FROM `mba_home` [ RunTime:0.0043s ]
SQL: SELECT COUNT(*) AS tp_count FROM `mba_home` WHERE `class` = '新闻中心' LIMIT 1   [ RunTime:0.0004s ]
SQL: SELECT `hid`,`title`,`content` FROM `mba_home` WHERE `class` = '新闻中心' ORDER BY hid desc LIMIT 0,10   [ RunTime:0.0004s ]
SQL: SELECT `xwzx` FROM `mba_contents` WHERE `cid` = 1 LIMIT 1   [ RunTime:0.0003s ]
INFO: [ view_parse ] --START--
INFO: [ template_filter ] --START--
INFO: Run Behavior\ContentReplaceBehavior [ RunTime:0.000384s ]
INFO: [ template_filter ] --END-- [ RunTime:0.000506s ]
INFO: Run Behavior\ParseTemplateBehavior [ RunTime:0.020415s ]
INFO: [ view_parse ] --END-- [ RunTime:0.020620s ]
INFO: [ view_filter ] --START--
INFO: Run Behavior\WriteHtmlCacheBehavior [ RunTime:0.000725s ]
INFO: [ view_filter ] --END-- [ RunTime:0.000869s ]
INFO: [ app_end ] --START--
INFO: Run Behavior\ShowPageTraceBehavior [ RunTime:0.001352s ]
INFO: [ app_end ] --END-- [ RunTime:0.001571s ]

[ 2016-04-06T00:12:17+08:00 ] ::1 /hzaumba/index.php/Admin/Index/button.html?name=xwzx&hid=17
INFO: [ app_init ] --START--
INFO: Run Behavior\BuildLiteBehavior [ RunTime:0.000027s ]
INFO: [ app_init ] --END-- [ RunTime:0.000716s ]
INFO: [ app_begin ] --START--
INFO: Run Behavior\ReadHtmlCacheBehavior [ RunTime:0.000835s ]
INFO: [ app_begin ] --END-- [ RunTime:0.000971s ]
SQL: SHOW COLUMNS FROM `mba_contents` [ RunTime:0.0037s ]
SQL: SELECT `xwzx` FROM `mba_contents` WHERE `cid` = 2 LIMIT 1   [ RunTime:0.0003s ]
SQL: SELECT `xwzx` FROM `mba_contents` WHERE `cid` = 3 LIMIT 1   [ RunTime:0.0003s ]
SQL: SHOW COLUMNS FROM `mba_home` [ RunTime:0.0033s ]
SQL: SELECT `hid`,`title`,`content` FROM `mba_home` WHERE `hid` = 17 LIMIT 1   [ RunTime:0.0003s ]
INFO: [ view_parse ] --START--
INFO: [ template_filter ] --START--
INFO: Run Behavior\ContentReplaceBehavior [ RunTime:0.000409s ]
INFO: [ template_filter ] --END-- [ RunTime:0.000572s ]
NOTIC: [8] Undefined variable: article_item D:\wamp\www\hzaumba\Application\Runtime\Cache\Admin\fb5e7fad23a09d933d6bc337466f62b1.php 第 204 行.
NOTIC: [8] Undefined variable: article_item D:\wamp\www\hzaumba\Application\Runtime\Cache\Admin\fb5e7fad23a09d933d6bc337466f62b1.php 第 219 行.
INFO: Run Behavior\ParseTemplateBehavior [ RunTime:0.013114s ]
INFO: [ view_parse ] --END-- [ RunTime:0.013236s ]
INFO: [ view_filter ] --START--
INFO: Run Behavior\WriteHtmlCacheBehavior [ RunTime:0.000679s ]
INFO: [ view_filter ] --END-- [ RunTime:0.000784s ]
INFO: [ app_end ] --START--
INFO: Run Behavior\ShowPageTraceBehavior [ RunTime:0.001173s ]
INFO: [ app_end ] --END-- [ RunTime:0.001370s ]

[ 2016-04-06T00:12:17+08:00 ] ::1 /hzaumba/index.php/Admin/Index/css/bootstrap-switch-small.css
INFO: [ app_init ] --START--
INFO: Run Behavior\BuildLiteBehavior [ RunTime:0.000054s ]
INFO: [ app_init ] --END-- [ RunTime:0.000922s ]
INFO: [ app_begin ] --START--
INFO: Run Behavior\ReadHtmlCacheBehavior [ RunTime:0.000865s ]
INFO: [ app_begin ] --END-- [ RunTime:0.001028s ]
ERR: 非法操作:css

[ 2016-04-06T00:12:17+08:00 ] ::1 /hzaumba/index.php/Admin/Index/vendors/bootstrap-switch/build/css/bootstrap3/bootstrap-switch.min.css
INFO: [ app_init ] --START--
INFO: Run Behavior\BuildLiteBehavior [ RunTime:0.000047s ]
INFO: [ app_init ] --END-- [ RunTime:0.000989s ]
INFO: [ app_begin ] --START--
INFO: Run Behavior\ReadHtmlCacheBehavior [ RunTime:0.001410s ]
INFO: [ app_begin ] --END-- [ RunTime:0.001687s ]
ERR: 非法操作:vendors

[ 2016-04-06T00:13:02+08:00 ] ::1 /hzaumba/index.php/Admin/Index/button.html?name=xwzx&hid=17
INFO: [ app_init ] --START--
INFO: Run Behavior\BuildLiteBehavior [ RunTime:0.000247s ]
INFO: [ app_init ] --END-- [ RunTime:0.003785s ]
INFO: [ app_begin ] --START--
INFO: Run Behavior\ReadHtmlCacheBehavior [ RunTime:0.002732s ]
INFO: [ app_begin ] --END-- [ RunTime:0.003241s ]
SQL: SHOW COLUMNS FROM `mba_contents` [ RunTime:0.0129s ]
SQL: SELECT `xwzx` FROM `mba_contents` WHERE `cid` = 2 LIMIT 1   [ RunTime:0.0013s ]
SQL: SELECT `xwzx` FROM `mba_contents` WHERE `cid` = 3 LIMIT 1   [ RunTime:0.0010s ]
SQL: SHOW COLUMNS FROM `mba_home` [ RunTime:0.0135s ]
SQL: SELECT `hid`,`title`,`content` FROM `mba_home` WHERE `hid` = 17 LIMIT 1   [ RunTime:0.0011s ]
INFO: [ view_parse ] --START--
INFO: [ template_filter ] --START--
INFO: Run Behavior\ContentReplaceBehavior [ RunTime:0.000832s ]
INFO: [ template_filter ] --END-- [ RunTime:0.001224s ]
NOTIC: [8] Undefined variable: article_item D:\wamp\www\hzaumba\Application\Runtime\Cache\Admin\fb5e7fad23a09d933d6bc337466f62b1.php 第 204 行.
NOTIC: [8] Undefined variable: article_item D:\wamp\www\hzaumba\Application\Runtime\Cache\Admin\fb5e7fad23a09d933d6bc337466f62b1.php 第 219 行.
INFO: Run Behavior\ParseTemplateBehavior [ RunTime:0.029458s ]
INFO: [ view_parse ] --END-- [ RunTime:0.029902s ]
INFO: [ view_filter ] --START--
INFO: Run Behavior\WriteHtmlCacheBehavior [ RunTime:0.001233s ]
INFO: [ view_filter ] --END-- [ RunTime:0.001452s ]
INFO: [ app_end ] --START--
INFO: Run Behavior\ShowPageTraceBehavior [ RunTime:0.001618s ]
INFO: [ app_end ] --END-- [ RunTime:0.001853s ]

[ 2016-04-06T00:13:03+08:00 ] ::1 /hzaumba/index.php/Admin/Index/vendors/bootstrap-switch/build/css/bootstrap3/bootstrap-switch.min.css
INFO: [ app_init ] --START--
INFO: Run Behavior\BuildLiteBehavior [ RunTime:0.000063s ]
INFO: [ app_init ] --END-- [ RunTime:0.001457s ]
INFO: [ app_begin ] --START--
INFO: Run Behavior\ReadHtmlCacheBehavior [ RunTime:0.001345s ]
INFO: [ app_begin ] --END-- [ RunTime:0.001598s ]
ERR: 非法操作:vendors

[ 2016-04-06T00:13:03+08:00 ] ::1 /hzaumba/index.php/Admin/Index/css/bootstrap-switch-small.css
INFO: [ app_init ] --START--
INFO: Run Behavior\BuildLiteBehavior [ RunTime:0.000061s ]
INFO: [ app_init ] --END-- [ RunTime:0.001464s ]
INFO: [ app_begin ] --START--
INFO: Run Behavior\ReadHtmlCacheBehavior [ RunTime:0.001429s ]
INFO: [ app_begin ] --END-- [ RunTime:0.001674s ]
ERR: 非法操作:css

[ 2016-04-06T00:13:27+08:00 ] ::1 /hzaumba/index.php/Admin/Index/button.html?name=xwzx&hid=17
INFO: [ app_init ] --START--
INFO: Run Behavior\BuildLiteBehavior [ RunTime:0.000082s ]
INFO: [ app_init ] --END-- [ RunTime:0.002276s ]
INFO: [ app_begin ] --START--
INFO: Run Behavior\ReadHtmlCacheBehavior [ RunTime:0.002917s ]
INFO: [ app_begin ] --END-- [ RunTime:0.003569s ]
SQL: SHOW COLUMNS FROM `mba_contents` [ RunTime:0.0120s ]
SQL: SELECT `xwzx` FROM `mba_contents` WHERE `cid` = 2 LIMIT 1   [ RunTime:0.0009s ]
SQL: SELECT `xwzx` FROM `mba_contents` WHERE `cid` = 3 LIMIT 1   [ RunTime:0.0009s ]
SQL: SHOW COLUMNS FROM `mba_home` [ RunTime:0.0120s ]
SQL: SELECT `hid`,`title`,`content` FROM `mba_home` WHERE `hid` = 17 LIMIT 1   [ RunTime:0.0011s ]
INFO: [ view_parse ] --START--
INFO: [ template_filter ] --START--
INFO: Run Behavior\ContentReplaceBehavior [ RunTime:0.000783s ]
INFO: [ template_filter ] --END-- [ RunTime:0.001277s ]
NOTIC: [8] Undefined variable: article_item D:\wamp\www\hzaumba\Application\Runtime\Cache\Admin\fb5e7fad23a09d933d6bc337466f62b1.php 第 204 行.
NOTIC: [8] Undefined variable: article_item D:\wamp\www\hzaumba\Application\Runtime\Cache\Admin\fb5e7fad23a09d933d6bc337466f62b1.php 第 219 行.
INFO: Run Behavior\ParseTemplateBehavior [ RunTime:0.045518s ]
INFO: [ view_parse ] --END-- [ RunTime:0.045925s ]
INFO: [ view_filter ] --START--
INFO: Run Behavior\WriteHtmlCacheBehavior [ RunTime:0.002235s ]
INFO: [ view_filter ] --END-- [ RunTime:0.002817s ]
INFO: [ app_end ] --START--
INFO: Run Behavior\ShowPageTraceBehavior [ RunTime:0.002781s ]
INFO: [ app_end ] --END-- [ RunTime:0.003275s ]

[ 2016-04-06T00:13:28+08:00 ] ::1 /hzaumba/index.php/Admin/Index/vendors/bootstrap-switch/build/css/bootstrap3/bootstrap-switch.min.css
INFO: [ app_init ] --START--
INFO: Run Behavior\BuildLiteBehavior [ RunTime:0.000059s ]
INFO: [ app_init ] --END-- [ RunTime:0.001424s ]
INFO: [ app_begin ] --START--
INFO: Run Behavior\ReadHtmlCacheBehavior [ RunTime:0.001200s ]
INFO: [ app_begin ] --END-- [ RunTime:0.001453s ]
ERR: 非法操作:vendors

[ 2016-04-06T00:13:28+08:00 ] ::1 /hzaumba/index.php/Admin/Index/css/bootstrap-switch-small.css
INFO: [ app_init ] --START--
INFO: Run Behavior\BuildLiteBehavior [ RunTime:0.000028s ]
INFO: [ app_init ] --END-- [ RunTime:0.000653s ]
INFO: [ app_begin ] --START--
INFO: Run Behavior\ReadHtmlCacheBehavior [ RunTime:0.000871s ]
INFO: [ app_begin ] --END-- [ RunTime:0.001029s ]
ERR: 非法操作:css

[ 2016-04-06T00:24:51+08:00 ] ::1 /hzaumba/index.php/Admin/Index/button.html?name=xwzx&hid=17
INFO: [ app_init ] --START--
INFO: Run Behavior\BuildLiteBehavior [ RunTime:0.000043s ]
INFO: [ app_init ] --END-- [ RunTime:0.001045s ]
INFO: [ app_begin ] --START--
INFO: Run Behavior\ReadHtmlCacheBehavior [ RunTime:0.001184s ]
INFO: [ app_begin ] --END-- [ RunTime:0.001434s ]
SQL: SHOW COLUMNS FROM `mba_contents` [ RunTime:0.0057s ]
SQL: SELECT `xwzx` FROM `mba_contents` WHERE `cid` = 2 LIMIT 1   [ RunTime:0.0004s ]
SQL: SELECT `xwzx` FROM `mba_contents` WHERE `cid` = 3 LIMIT 1   [ RunTime:0.0003s ]
SQL: SHOW COLUMNS FROM `mba_home` [ RunTime:0.0044s ]
SQL: SELECT `hid`,`title`,`content` FROM `mba_home` WHERE `hid` = 17 LIMIT 1   [ RunTime:0.0004s ]
INFO: [ view_parse ] --START--
INFO: [ template_filter ] --START--
INFO: Run Behavior\ContentReplaceBehavior [ RunTime:0.000166s ]
INFO: [ template_filter ] --END-- [ RunTime:0.000287s ]
INFO: Run Behavior\ParseTemplateBehavior [ RunTime:0.019869s ]
INFO: [ view_parse ] --END-- [ RunTime:0.020012s ]
INFO: [ view_filter ] --START--
INFO: Run Behavior\WriteHtmlCacheBehavior [ RunTime:0.000711s ]
INFO: [ view_filter ] --END-- [ RunTime:0.000828s ]
INFO: [ app_end ] --START--
INFO: Run Behavior\ShowPageTraceBehavior [ RunTime:0.000957s ]
INFO: [ app_end ] --END-- [ RunTime:0.001098s ]

[ 2016-04-06T00:24:51+08:00 ] ::1 /hzaumba/index.php/Admin/Index/vendors/bootstrap-switch/build/css/bootstrap3/bootstrap-switch.min.css
INFO: [ app_init ] --START--
INFO: Run Behavior\BuildLiteBehavior [ RunTime:0.000053s ]
INFO: [ app_init ] --END-- [ RunTime:0.000982s ]
INFO: [ app_begin ] --START--
INFO: Run Behavior\ReadHtmlCacheBehavior [ RunTime:0.001226s ]
INFO: [ app_begin ] --END-- [ RunTime:0.001477s ]
ERR: 非法操作:vendors

[ 2016-04-06T00:24:51+08:00 ] ::1 /hzaumba/index.php/Admin/Index/css/bootstrap-switch-small.css
INFO: [ app_init ] --START--
INFO: Run Behavior\BuildLiteBehavior [ RunTime:0.000032s ]
INFO: [ app_init ] --END-- [ RunTime:0.000658s ]
INFO: [ app_begin ] --START--
INFO: Run Behavior\ReadHtmlCacheBehavior [ RunTime:0.001343s ]
INFO: [ app_begin ] --END-- [ RunTime:0.001604s ]
ERR: 非法操作:css

[ 2016-04-06T13:07:26+08:00 ] ::1 /hzaumba/index.php/Admin/Login/index
INFO: [ app_init ] --START--
INFO: Run Behavior\BuildLiteBehavior [ RunTime:0.000026s ]
INFO: [ app_init ] --END-- [ RunTime:0.000795s ]
INFO: [ app_begin ] --START--
INFO: Run Behavior\ReadHtmlCacheBehavior [ RunTime:0.001230s ]
INFO: [ app_begin ] --END-- [ RunTime:0.001495s ]
INFO: [ view_parse ] --START--
INFO: [ template_filter ] --START--
INFO: Run Behavior\ContentReplaceBehavior [ RunTime:0.000083s ]
INFO: [ template_filter ] --END-- [ RunTime:0.000226s ]
INFO: Run Behavior\ParseTemplateBehavior [ RunTime:0.030264s ]
INFO: [ view_parse ] --END-- [ RunTime:0.030466s ]
INFO: [ view_filter ] --START--
INFO: Run Behavior\WriteHtmlCacheBehavior [ RunTime:0.000652s ]
INFO: [ view_filter ] --END-- [ RunTime:0.000797s ]
INFO: [ app_end ] --START--
INFO: Run Behavior\ShowPageTraceBehavior [ RunTime:0.000751s ]
INFO: [ app_end ] --END-- [ RunTime:0.000869s ]

[ 2016-04-06T13:07:31+08:00 ] ::1 /hzaumba/index.php/Admin/Login/do_login.html
INFO: [ app_init ] --START--
INFO: Run Behavior\BuildLiteBehavior [ RunTime:0.000091s ]
INFO: [ app_init ] --END-- [ RunTime:0.000854s ]
INFO: [ app_begin ] --START--
INFO: Run Behavior\ReadHtmlCacheBehavior [ RunTime:0.000826s ]
INFO: [ app_begin ] --END-- [ RunTime:0.000983s ]
SQL: SHOW COLUMNS FROM `mba_administrator` [ RunTime:0.0033s ]
SQL: SELECT * FROM `mba_administrator` WHERE `user` = 'admin' AND `password` = 'e10adc3949ba59abbe56e057f20f883e' LIMIT 1   [ RunTime:0.0004s ]

[ 2016-04-06T13:07:31+08:00 ] ::1 /hzaumba/index.php/Admin/Index/buttonsandicons/name/zxjj.html
INFO: [ app_init ] --START--
INFO: Run Behavior\BuildLiteBehavior [ RunTime:0.000031s ]
INFO: [ app_init ] --END-- [ RunTime:0.000740s ]
INFO: [ app_begin ] --START--
INFO: Run Behavior\ReadHtmlCacheBehavior [ RunTime:0.000810s ]
INFO: [ app_begin ] --END-- [ RunTime:0.000967s ]
SQL: SHOW COLUMNS FROM `mba_contents` [ RunTime:0.0035s ]
SQL: SELECT `zxjj` FROM `mba_contents` WHERE `cid` = 2 LIMIT 1   [ RunTime:0.0003s ]
SQL: SELECT `zxjj` FROM `mba_contents` WHERE `cid` = 3 LIMIT 1   [ RunTime:0.0003s ]
SQL: SELECT `zxjj` FROM `mba_contents` WHERE `cid` = 1 LIMIT 1   [ RunTime:0.0002s ]
INFO: [ view_parse ] --START--
INFO: [ template_filter ] --START--
INFO: Run Behavior\ContentReplaceBehavior [ RunTime:0.000515s ]
INFO: [ template_filter ] --END-- [ RunTime:0.000709s ]
NOTIC: [8] Undefined variable: info D:\wamp\www\hzaumba\Application\Runtime\Cache\Admin\73c7609966b7031fe25d56d214e58aac.php 第 206 行.
NOTIC: [8] Undefined variable: page D:\wamp\www\hzaumba\Application\Runtime\Cache\Admin\73c7609966b7031fe25d56d214e58aac.php 第 214 行.
NOTIC: [8] Undefined variable: info D:\wamp\www\hzaumba\Application\Runtime\Cache\Admin\73c7609966b7031fe25d56d214e58aac.php 第 232 行.
NOTIC: [8] Undefined variable: page D:\wamp\www\hzaumba\Application\Runtime\Cache\Admin\73c7609966b7031fe25d56d214e58aac.php 第 240 行.
NOTIC: [8] Undefined variable: info D:\wamp\www\hzaumba\Application\Runtime\Cache\Admin\73c7609966b7031fe25d56d214e58aac.php 第 265 行.
NOTIC: [8] Undefined variable: page D:\wamp\www\hzaumba\Application\Runtime\Cache\Admin\73c7609966b7031fe25d56d214e58aac.php 第 301 行.
INFO: Run Behavior\ParseTemplateBehavior [ RunTime:0.059511s ]
INFO: [ view_parse ] --END-- [ RunTime:0.059682s ]
INFO: [ view_filter ] --START--
INFO: Run Behavior\WriteHtmlCacheBehavior [ RunTime:0.000555s ]
INFO: [ view_filter ] --END-- [ RunTime:0.000658s ]
INFO: [ app_end ] --START--
INFO: Run Behavior\ShowPageTraceBehavior [ RunTime:0.000846s ]
INFO: [ app_end ] --END-- [ RunTime:0.000973s ]

[ 2016-04-06T13:08:01+08:00 ] ::1 /hzaumba/index.php/Admin/Index/buttonsandicons.html?name=xxjw
INFO: [ app_init ] --START--
INFO: Run Behavior\BuildLiteBehavior [ RunTime:0.000028s ]
INFO: [ app_init ] --END-- [ RunTime:0.000587s ]
INFO: [ app_begin ] --START--
INFO: Run Behavior\ReadHtmlCacheBehavior [ RunTime:0.000703s ]
INFO: [ app_begin ] --END-- [ RunTime:0.000835s ]
SQL: SHOW COLUMNS FROM `mba_contents` [ RunTime:0.0038s ]
SQL: SELECT `xxjw` FROM `mba_contents` WHERE `cid` = 2 LIMIT 1   [ RunTime:0.0003s ]
SQL: SELECT `xxjw` FROM `mba_contents` WHERE `cid` = 3 LIMIT 1   [ RunTime:0.0003s ]
SQL: SHOW COLUMNS FROM `mba_home` [ RunTime:0.0039s ]
SQL: SELECT COUNT(*) AS tp_count FROM `mba_home` WHERE `class` = '教务信息' LIMIT 1   [ RunTime:0.0003s ]
SQL: SELECT `hid`,`title`,`content` FROM `mba_home` WHERE `class` = '教务信息' ORDER BY hid desc LIMIT 0,10   [ RunTime:0.0004s ]
SQL: SELECT `xxjw` FROM `mba_contents` WHERE `cid` = 1 LIMIT 1   [ RunTime:0.0003s ]
INFO: [ view_parse ] --START--
INFO: [ template_filter ] --START--
INFO: Run Behavior\ContentReplaceBehavior [ RunTime:0.000312s ]
INFO: [ template_filter ] --END-- [ RunTime:0.000440s ]
INFO: Run Behavior\ParseTemplateBehavior [ RunTime:0.018533s ]
INFO: [ view_parse ] --END-- [ RunTime:0.018697s ]
INFO: [ view_filter ] --START--
INFO: Run Behavior\WriteHtmlCacheBehavior [ RunTime:0.000521s ]
INFO: [ view_filter ] --END-- [ RunTime:0.000638s ]
INFO: [ app_end ] --START--
INFO: Run Behavior\ShowPageTraceBehavior [ RunTime:0.001068s ]
INFO: [ app_end ] --END-- [ RunTime:0.001471s ]

[ 2016-04-06T13:08:08+08:00 ] ::1 /hzaumba/index.php/Admin/Index/buttonsandicons.html?name=xxzs
INFO: [ app_init ] --START--
INFO: Run Behavior\BuildLiteBehavior [ RunTime:0.000059s ]
INFO: [ app_init ] --END-- [ RunTime:0.000922s ]
INFO: [ app_begin ] --START--
INFO: Run Behavior\ReadHtmlCacheBehavior [ RunTime:0.000764s ]
INFO: [ app_begin ] --END-- [ RunTime:0.000906s ]
SQL: SHOW COLUMNS FROM `mba_contents` [ RunTime:0.0036s ]
SQL: SELECT `xxzs` FROM `mba_contents` WHERE `cid` = 2 LIMIT 1   [ RunTime:0.0004s ]
SQL: SELECT `xxzs` FROM `mba_contents` WHERE `cid` = 3 LIMIT 1   [ RunTime:0.0003s ]
SQL: SHOW COLUMNS FROM `mba_home` [ RunTime:0.0035s ]
SQL: SELECT COUNT(*) AS tp_count FROM `mba_home` WHERE `class` = '招生信息' LIMIT 1   [ RunTime:0.0003s ]
SQL: SELECT `hid`,`title`,`content` FROM `mba_home` WHERE `class` = '招生信息' ORDER BY hid desc LIMIT 0,10   [ RunTime:0.0003s ]
SQL: SELECT `xxzs` FROM `mba_contents` WHERE `cid` = 1 LIMIT 1   [ RunTime:0.0002s ]
INFO: [ view_parse ] --START--
INFO: [ template_filter ] --START--
INFO: Run Behavior\ContentReplaceBehavior [ RunTime:0.000337s ]
INFO: [ template_filter ] --END-- [ RunTime:0.000477s ]
INFO: Run Behavior\ParseTemplateBehavior [ RunTime:0.018939s ]
INFO: [ view_parse ] --END-- [ RunTime:0.019067s ]
INFO: [ view_filter ] --START--
INFO: Run Behavior\WriteHtmlCacheBehavior [ RunTime:0.000590s ]
INFO: [ view_filter ] --END-- [ RunTime:0.000693s ]
INFO: [ app_end ] --START--
INFO: Run Behavior\ShowPageTraceBehavior [ RunTime:0.001185s ]
INFO: [ app_end ] --END-- [ RunTime:0.001403s ]

[ 2016-04-06T13:08:36+08:00 ] ::1 /hzaumba/index.php/Admin/Index/buttonsandicons.html?name=xnds
INFO: [ app_init ] --START--
INFO: Run Behavior\BuildLiteBehavior [ RunTime:0.000030s ]
INFO: [ app_init ] --END-- [ RunTime:0.000732s ]
INFO: [ app_begin ] --START--
INFO: Run Behavior\ReadHtmlCacheBehavior [ RunTime:0.001102s ]
INFO: [ app_begin ] --END-- [ RunTime:0.001353s ]
SQL: SHOW COLUMNS FROM `mba_contents` [ RunTime:0.0039s ]
SQL: SELECT `xnds` FROM `mba_contents` WHERE `cid` = 2 LIMIT 1   [ RunTime:0.0003s ]
SQL: SELECT `xnds` FROM `mba_contents` WHERE `cid` = 3 LIMIT 1   [ RunTime:0.0004s ]
SQL: SELECT `xnds` FROM `mba_contents` WHERE `cid` = 1 LIMIT 1   [ RunTime:0.0004s ]
INFO: [ view_parse ] --START--
INFO: [ template_filter ] --START--
INFO: Run Behavior\ContentReplaceBehavior [ RunTime:0.000424s ]
INFO: [ template_filter ] --END-- [ RunTime:0.000635s ]
NOTIC: [8] Undefined variable: info D:\wamp\www\hzaumba\Application\Runtime\Cache\Admin\73c7609966b7031fe25d56d214e58aac.php 第 206 行.
NOTIC: [8] Undefined variable: page D:\wamp\www\hzaumba\Application\Runtime\Cache\Admin\73c7609966b7031fe25d56d214e58aac.php 第 214 行.
NOTIC: [8] Undefined variable: info D:\wamp\www\hzaumba\Application\Runtime\Cache\Admin\73c7609966b7031fe25d56d214e58aac.php 第 232 行.
NOTIC: [8] Undefined variable: page D:\wamp\www\hzaumba\Application\Runtime\Cache\Admin\73c7609966b7031fe25d56d214e58aac.php 第 240 行.
NOTIC: [8] Undefined variable: info D:\wamp\www\hzaumba\Application\Runtime\Cache\Admin\73c7609966b7031fe25d56d214e58aac.php 第 265 行.
NOTIC: [8] Undefined variable: page D:\wamp\www\hzaumba\Application\Runtime\Cache\Admin\73c7609966b7031fe25d56d214e58aac.php 第 301 行.
INFO: Run Behavior\ParseTemplateBehavior [ RunTime:0.018689s ]
INFO: [ view_parse ] --END-- [ RunTime:0.018842s ]
INFO: [ view_filter ] --START--
INFO: Run Behavior\WriteHtmlCacheBehavior [ RunTime:0.000624s ]
INFO: [ view_filter ] --END-- [ RunTime:0.000727s ]
INFO: [ app_end ] --START--
INFO: Run Behavior\ShowPageTraceBehavior [ RunTime:0.000848s ]
INFO: [ app_end ] --END-- [ RunTime:0.000975s ]

[ 2016-04-06T13:08:58+08:00 ] ::1 /hzaumba/index.php/Admin/Index/record?name=xnds
INFO: [ app_init ] --START--
INFO: Run Behavior\BuildLiteBehavior [ RunTime:0.000031s ]
INFO: [ app_init ] --END-- [ RunTime:0.000670s ]
INFO: [ app_begin ] --START--
INFO: Run Behavior\ReadHtmlCacheBehavior [ RunTime:0.000846s ]
INFO: [ app_begin ] --END-- [ RunTime:0.001002s ]
SQL: SHOW COLUMNS FROM `mba_contents` [ RunTime:0.0043s ]
SQL: UPDATE `mba_contents` SET `xnds`='我校相关专业教师结构合理，水平较高。现有能从事MBA教育的校内相关专业教师51人，其中教授13人，副教授26人，讲师12人，具有博士学位的和在读博士占教师比例的90%。教师队伍中，有国务院学位委员会农林经济管理学科评议组成员1人、享受国务院政府特殊津贴的专家4人、教育部教学指导委员会委员2人，新世纪百千万人才工程国家级人选1人、教育部高校青年教师奖获得者和教育部新世纪优秀人才支持计划入选者6人、省部级有突出贡献的中青年专家4人。“十五”以来，承担国家自然科学基金和国家社会科学基金32项，国际合作项目5项，其他省部级项目150余项，出版各类专著20部、教材16部（其中面向21世纪教材和全国高等教育“十五”国家级规划教材5部），列入国家“十一五”国家规划教材7部，公开发表论文1200余篇。所指导的研究生论文中有1篇博士论文被评为全国优秀博士论文，另有1篇获提名；有12篇博士论文被评为湖北省优秀博士论文，5篇硕士论文被评为湖北省优秀硕士论文。' WHERE `cid` = 1 [ RunTime:0.1195s ]

[ 2016-04-06T13:08:58+08:00 ] ::1 /hzaumba/index.php/Admin/Index/buttonsandicons/name/xnds.html
INFO: [ app_init ] --START--
INFO: Run Behavior\BuildLiteBehavior [ RunTime:0.000026s ]
INFO: [ app_init ] --END-- [ RunTime:0.000642s ]
INFO: [ app_begin ] --START--
INFO: Run Behavior\ReadHtmlCacheBehavior [ RunTime:0.000741s ]
INFO: [ app_begin ] --END-- [ RunTime:0.000856s ]
SQL: SHOW COLUMNS FROM `mba_contents` [ RunTime:0.0045s ]
SQL: SELECT `xnds` FROM `mba_contents` WHERE `cid` = 2 LIMIT 1   [ RunTime:0.0004s ]
SQL: SELECT `xnds` FROM `mba_contents` WHERE `cid` = 3 LIMIT 1   [ RunTime:0.0003s ]
SQL: SELECT `xnds` FROM `mba_contents` WHERE `cid` = 1 LIMIT 1   [ RunTime:0.0003s ]
INFO: [ view_parse ] --START--
INFO: [ template_filter ] --START--
INFO: Run Behavior\ContentReplaceBehavior [ RunTime:0.000241s ]
INFO: [ template_filter ] --END-- [ RunTime:0.000359s ]
NOTIC: [8] Undefined variable: info D:\wamp\www\hzaumba\Application\Runtime\Cache\Admin\73c7609966b7031fe25d56d214e58aac.php 第 206 行.
NOTIC: [8] Undefined variable: page D:\wamp\www\hzaumba\Application\Runtime\Cache\Admin\73c7609966b7031fe25d56d214e58aac.php 第 214 行.
NOTIC: [8] Undefined variable: info D:\wamp\www\hzaumba\Application\Runtime\Cache\Admin\73c7609966b7031fe25d56d214e58aac.php 第 232 行.
NOTIC: [8] Undefined variable: page D:\wamp\www\hzaumba\Application\Runtime\Cache\Admin\73c7609966b7031fe25d56d214e58aac.php 第 240 行.
NOTIC: [8] Undefined variable: info D:\wamp\www\hzaumba\Application\Runtime\Cache\Admin\73c7609966b7031fe25d56d214e58aac.php 第 265 行.
NOTIC: [8] Undefined variable: page D:\wamp\www\hzaumba\Application\Runtime\Cache\Admin\73c7609966b7031fe25d56d214e58aac.php 第 301 行.
INFO: Run Behavior\ParseTemplateBehavior [ RunTime:0.018835s ]
INFO: [ view_parse ] --END-- [ RunTime:0.018959s ]
INFO: [ view_filter ] --START--
INFO: Run Behavior\WriteHtmlCacheBehavior [ RunTime:0.000595s ]
INFO: [ view_filter ] --END-- [ RunTime:0.000700s ]
INFO: [ app_end ] --START--
INFO: Run Behavior\ShowPageTraceBehavior [ RunTime:0.000867s ]
INFO: [ app_end ] --END-- [ RunTime:0.001006s ]

[ 2016-04-06T13:22:28+08:00 ] ::1 /hzaumba/index.php/Admin/Index/buttonsandicons.html?name=xnds
INFO: [ app_init ] --START--
INFO: Run Behavior\BuildLiteBehavior [ RunTime:0.000038s ]
INFO: [ app_init ] --END-- [ RunTime:0.001007s ]
INFO: [ app_begin ] --START--
INFO: Run Behavior\ReadHtmlCacheBehavior [ RunTime:0.001047s ]
INFO: [ app_begin ] --END-- [ RunTime:0.001257s ]
SQL: SHOW COLUMNS FROM `mba_contents` [ RunTime:0.0064s ]
SQL: SELECT `xnds` FROM `mba_contents` WHERE `cid` = 2 LIMIT 1   [ RunTime:0.0009s ]
SQL: SELECT `xnds` FROM `mba_contents` WHERE `cid` = 3 LIMIT 1   [ RunTime:0.0010s ]
SQL: SELECT `xnds` FROM `mba_contents` WHERE `cid` = 1 LIMIT 1   [ RunTime:0.0003s ]
INFO: [ view_parse ] --START--
INFO: [ template_filter ] --START--
INFO: Run Behavior\ContentReplaceBehavior [ RunTime:0.000280s ]
INFO: [ template_filter ] --END-- [ RunTime:0.000417s ]
NOTIC: [8] Undefined variable: info D:\wamp\www\hzaumba\Application\Runtime\Cache\Admin\73c7609966b7031fe25d56d214e58aac.php 第 206 行.
NOTIC: [8] Undefined variable: page D:\wamp\www\hzaumba\Application\Runtime\Cache\Admin\73c7609966b7031fe25d56d214e58aac.php 第 214 行.
NOTIC: [8] Undefined variable: info D:\wamp\www\hzaumba\Application\Runtime\Cache\Admin\73c7609966b7031fe25d56d214e58aac.php 第 232 行.
NOTIC: [8] Undefined variable: page D:\wamp\www\hzaumba\Application\Runtime\Cache\Admin\73c7609966b7031fe25d56d214e58aac.php 第 240 行.
NOTIC: [8] Undefined variable: info D:\wamp\www\hzaumba\Application\Runtime\Cache\Admin\73c7609966b7031fe25d56d214e58aac.php 第 265 行.
NOTIC: [8] Undefined variable: page D:\wamp\www\hzaumba\Application\Runtime\Cache\Admin\73c7609966b7031fe25d56d214e58aac.php 第 301 行.
INFO: Run Behavior\ParseTemplateBehavior [ RunTime:0.021952s ]
INFO: [ view_parse ] --END-- [ RunTime:0.022084s ]
INFO: [ view_filter ] --START--
INFO: Run Behavior\WriteHtmlCacheBehavior [ RunTime:0.000535s ]
INFO: [ view_filter ] --END-- [ RunTime:0.000638s ]
INFO: [ app_end ] --START--
INFO: Run Behavior\ShowPageTraceBehavior [ RunTime:0.001115s ]
INFO: [ app_end ] --END-- [ RunTime:0.001337s ]

[ 2016-04-06T13:22:46+08:00 ] ::1 /hzaumba/index.php/Admin/Index/record?name=xnds
INFO: [ app_init ] --START--
INFO: Run Behavior\BuildLiteBehavior [ RunTime:0.000029s ]
INFO: [ app_init ] --END-- [ RunTime:0.001005s ]
INFO: [ app_begin ] --START--
INFO: Run Behavior\ReadHtmlCacheBehavior [ RunTime:0.000883s ]
INFO: [ app_begin ] --END-- [ RunTime:0.001042s ]
SQL: SHOW COLUMNS FROM `mba_contents` [ RunTime:0.0043s ]
SQL: UPDATE `mba_contents` SET `xnds`='我校相关专业教师结构合理，水平较高。现有能从事MBA教育的校内相关专业教师51人，其中教授13人，副教授26人，讲师12人，具有博士学位的和在读博士占教师比例的90%。教师队伍中，有国务院学位委员会农林经济管理学科评议组成员1人、享受国务院政府特殊津贴的专家4人、教育部教学指导委员会委员2人，新世纪百千万人才工程国家级人选1人、教育部高校青年教师奖获得者和教育部新世纪优秀人才支持计划入选者6人、省部级有突出贡献的中青年专家4人。“十五”以来，承担国家自然科学基金和国家社会科学基金32项，国际合作项目5项，其他省部级项目150余项，出版各类专著20部、教材16部（其中面向21世纪教材和全国高等教育“十五”国家级规划教材5部），列入国家“十一五”国家规划教材7部，公开发表论文1200余篇。所指导的研究生论文中有1篇博士论文被评为全国优秀博士论文，另有1篇获提名；有12篇博士论文被评为湖北省优秀博士论文，5篇硕士论文被评为湖北省优秀硕士论文。' WHERE `cid` = 1 [ RunTime:0.0389s ]

[ 2016-04-06T13:22:46+08:00 ] ::1 /hzaumba/index.php/Admin/Index/buttonsandicons/name/xnds.html
INFO: [ app_init ] --START--
INFO: Run Behavior\BuildLiteBehavior [ RunTime:0.000027s ]
INFO: [ app_init ] --END-- [ RunTime:0.000819s ]
INFO: [ app_begin ] --START--
INFO: Run Behavior\ReadHtmlCacheBehavior [ RunTime:0.000817s ]
INFO: [ app_begin ] --END-- [ RunTime:0.000968s ]
SQL: SHOW COLUMNS FROM `mba_contents` [ RunTime:0.0036s ]
SQL: SELECT `xnds` FROM `mba_contents` WHERE `cid` = 2 LIMIT 1   [ RunTime:0.0003s ]
SQL: SELECT `xnds` FROM `mba_contents` WHERE `cid` = 3 LIMIT 1   [ RunTime:0.0003s ]
SQL: SELECT `xnds` FROM `mba_contents` WHERE `cid` = 1 LIMIT 1   [ RunTime:0.0003s ]
INFO: [ view_parse ] --START--
INFO: [ template_filter ] --START--
INFO: Run Behavior\ContentReplaceBehavior [ RunTime:0.000318s ]
INFO: [ template_filter ] --END-- [ RunTime:0.000440s ]
NOTIC: [8] Undefined variable: info D:\wamp\www\hzaumba\Application\Runtime\Cache\Admin\73c7609966b7031fe25d56d214e58aac.php 第 206 行.
NOTIC: [8] Undefined variable: page D:\wamp\www\hzaumba\Application\Runtime\Cache\Admin\73c7609966b7031fe25d56d214e58aac.php 第 214 行.
NOTIC: [8] Undefined variable: info D:\wamp\www\hzaumba\Application\Runtime\Cache\Admin\73c7609966b7031fe25d56d214e58aac.php 第 232 行.
NOTIC: [8] Undefined variable: page D:\wamp\www\hzaumba\Application\Runtime\Cache\Admin\73c7609966b7031fe25d56d214e58aac.php 第 240 行.
NOTIC: [8] Undefined variable: info D:\wamp\www\hzaumba\Application\Runtime\Cache\Admin\73c7609966b7031fe25d56d214e58aac.php 第 265 行.
NOTIC: [8] Undefined variable: page D:\wamp\www\hzaumba\Application\Runtime\Cache\Admin\73c7609966b7031fe25d56d214e58aac.php 第 301 行.
INFO: Run Behavior\ParseTemplateBehavior [ RunTime:0.020922s ]
INFO: [ view_parse ] --END-- [ RunTime:0.021036s ]
INFO: [ view_filter ] --START--
INFO: Run Behavior\WriteHtmlCacheBehavior [ RunTime:0.000522s ]
INFO: [ view_filter ] --END-- [ RunTime:0.000633s ]
INFO: [ app_end ] --START--
INFO: Run Behavior\ShowPageTraceBehavior [ RunTime:0.000912s ]
INFO: [ app_end ] --END-- [ RunTime:0.001042s ]

