[ 2016-05-02T21:41:15+08:00 ] ::1 /hzaumba/index.php/Admin/Login/index
INFO: [ app_init ] --START--
INFO: Run Behavior\BuildLiteBehavior [ RunTime:0.000033s ]
INFO: [ app_init ] --END-- [ RunTime:0.000669s ]

[ 2016-05-02T21:41:21+08:00 ] ::1 /hzaumba/index.php/Admin/Login/do_login.html
INFO: [ app_init ] --START--
INFO: Run Behavior\BuildLiteBehavior [ RunTime:0.000028s ]
INFO: [ app_init ] --END-- [ RunTime:0.000718s ]

[ 2016-05-02T21:41:21+08:00 ] ::1 /hzaumba/index.php/Admin/Index/shouye/name/xwzx.html
INFO: [ app_init ] --START--
INFO: Run Behavior\BuildLiteBehavior [ RunTime:0.000037s ]
INFO: [ app_init ] --END-- [ RunTime:0.000609s ]

[ 2016-05-02T21:41:28+08:00 ] ::1 /hzaumba/index.php/Admin/Index/buttonsandicons.html?name=zzjg
INFO: [ app_init ] --START--
INFO: Run Behavior\BuildLiteBehavior [ RunTime:0.000026s ]
INFO: [ app_init ] --END-- [ RunTime:0.000644s ]

[ 2016-05-02T21:42:57+08:00 ] ::1 /hzaumba/index.php/Admin/Index/record?name=zzjg
INFO: [ app_init ] --START--
INFO: Run Behavior\BuildLiteBehavior [ RunTime:0.000034s ]
INFO: [ app_init ] --END-- [ RunTime:0.000609s ]

[ 2016-05-02T21:42:57+08:00 ] ::1 /hzaumba/index.php/Admin/Index/buttonsandicons/name/zzjg.html
INFO: [ app_init ] --START--
INFO: Run Behavior\BuildLiteBehavior [ RunTime:0.000025s ]
INFO: [ app_init ] --END-- [ RunTime:0.000580s ]

[ 2016-05-02T21:43:11+08:00 ] ::1 /hzaumba/index.php/Admin/Index/record?name=zzjg
INFO: [ app_init ] --START--
INFO: Run Behavior\BuildLiteBehavior [ RunTime:0.000029s ]
INFO: [ app_init ] --END-- [ RunTime:0.000705s ]

[ 2016-05-02T21:43:11+08:00 ] ::1 /hzaumba/index.php/Admin/Index/buttonsandicons/name/zzjg.html
INFO: [ app_init ] --START--
INFO: Run Behavior\BuildLiteBehavior [ RunTime:0.000028s ]
INFO: [ app_init ] --END-- [ RunTime:0.000671s ]

[ 2016-05-02T21:43:28+08:00 ] ::1 /hzaumba/index.php/Admin/Index/record?name=zzjg
INFO: [ app_init ] --START--
INFO: Run Behavior\BuildLiteBehavior [ RunTime:0.000027s ]
INFO: [ app_init ] --END-- [ RunTime:0.000900s ]

[ 2016-05-02T21:43:28+08:00 ] ::1 /hzaumba/index.php/Admin/Index/buttonsandicons/name/zzjg.html
INFO: [ app_init ] --START--
INFO: Run Behavior\BuildLiteBehavior [ RunTime:0.000027s ]
INFO: [ app_init ] --END-- [ RunTime:0.000632s ]

[ 2016-05-02T21:44:01+08:00 ] ::1 /hzaumba/index.php/Admin/Index/record?name=zzjg
INFO: [ app_init ] --START--
INFO: Run Behavior\BuildLiteBehavior [ RunTime:0.000034s ]
INFO: [ app_init ] --END-- [ RunTime:0.000643s ]

[ 2016-05-02T21:44:02+08:00 ] ::1 /hzaumba/index.php/Admin/Index/buttonsandicons/name/zzjg.html
INFO: [ app_init ] --START--
INFO: Run Behavior\BuildLiteBehavior [ RunTime:0.000026s ]
INFO: [ app_init ] --END-- [ RunTime:0.000630s ]

