[ 2016-04-15T13:48:29+08:00 ] ::1 /hzaumba/index.php/Admin/Login/index
INFO: [ app_init ] --START--
INFO: Run Behavior\BuildLiteBehavior [ RunTime:0.000026s ]
INFO: [ app_init ] --END-- [ RunTime:0.000656s ]

[ 2016-04-15T13:48:35+08:00 ] ::1 /hzaumba/index.php/Admin/Login/do_login.html
INFO: [ app_init ] --START--
INFO: Run Behavior\BuildLiteBehavior [ RunTime:0.000045s ]
INFO: [ app_init ] --END-- [ RunTime:0.000943s ]

[ 2016-04-15T13:48:35+08:00 ] ::1 /hzaumba/index.php/Admin/Login/index.html
INFO: [ app_init ] --START--
INFO: Run Behavior\BuildLiteBehavior [ RunTime:0.000028s ]
INFO: [ app_init ] --END-- [ RunTime:0.000622s ]

[ 2016-04-15T13:48:40+08:00 ] ::1 /hzaumba/index.php/Admin/Login/do_login.html
INFO: [ app_init ] --START--
INFO: Run Behavior\BuildLiteBehavior [ RunTime:0.000047s ]
INFO: [ app_init ] --END-- [ RunTime:0.000879s ]

[ 2016-04-15T13:48:40+08:00 ] ::1 /hzaumba/index.php/Admin/Index/shouye/name/xwzx.html
INFO: [ app_init ] --START--
INFO: Run Behavior\BuildLiteBehavior [ RunTime:0.000038s ]
INFO: [ app_init ] --END-- [ RunTime:0.000667s ]

[ 2016-04-15T13:49:28+08:00 ] ::1 /hzaumba/index.php/Admin/Index/image.html
INFO: [ app_init ] --START--
INFO: Run Behavior\BuildLiteBehavior [ RunTime:0.000025s ]
INFO: [ app_init ] --END-- [ RunTime:0.000636s ]

[ 2016-04-15T13:49:33+08:00 ] ::1 /hzaumba/index.php/admin/Upload/delete_image?hid=35
INFO: [ app_init ] --START--
INFO: Run Behavior\BuildLiteBehavior [ RunTime:0.000025s ]
INFO: [ app_init ] --END-- [ RunTime:0.000646s ]

[ 2016-04-15T13:49:33+08:00 ] ::1 /hzaumba/index.php/Admin/Index/image.html
INFO: [ app_init ] --START--
INFO: Run Behavior\BuildLiteBehavior [ RunTime:0.000124s ]
INFO: [ app_init ] --END-- [ RunTime:0.001896s ]

[ 2016-04-15T13:49:42+08:00 ] ::1 /hzaumba/index.php/Admin/Index/image.html
INFO: [ app_init ] --START--
INFO: Run Behavior\BuildLiteBehavior [ RunTime:0.000028s ]
INFO: [ app_init ] --END-- [ RunTime:0.000820s ]

[ 2016-04-15T13:50:18+08:00 ] ::1 /hzaumba/index.php/admin/Upload/record_image
INFO: [ app_init ] --START--
INFO: Run Behavior\BuildLiteBehavior [ RunTime:0.000079s ]
INFO: [ app_init ] --END-- [ RunTime:0.002094s ]

[ 2016-04-15T13:50:18+08:00 ] ::1 /hzaumba/index.php/Admin/Index/image.html
INFO: [ app_init ] --START--
INFO: Run Behavior\BuildLiteBehavior [ RunTime:0.000056s ]
INFO: [ app_init ] --END-- [ RunTime:0.001579s ]

[ 2016-04-15T13:50:29+08:00 ] ::1 /hzaumba/index.php/Admin/Index/logo.html
INFO: [ app_init ] --START--
INFO: Run Behavior\BuildLiteBehavior [ RunTime:0.000026s ]
INFO: [ app_init ] --END-- [ RunTime:0.000577s ]

[ 2016-04-15T13:50:45+08:00 ] ::1 /hzaumba/index.php/admin/Upload/upload_logo
INFO: [ app_init ] --START--
INFO: Run Behavior\BuildLiteBehavior [ RunTime:0.000081s ]
INFO: [ app_init ] --END-- [ RunTime:0.001853s ]

[ 2016-04-15T13:50:45+08:00 ] ::1 /hzaumba/index.php/Admin/Index/logo.html
INFO: [ app_init ] --START--
INFO: Run Behavior\BuildLiteBehavior [ RunTime:0.000053s ]
INFO: [ app_init ] --END-- [ RunTime:0.001250s ]

[ 2016-04-15T13:52:04+08:00 ] ::1 /hzaumba/index.php/Admin/Index/logo.html
INFO: [ app_init ] --START--
INFO: Run Behavior\BuildLiteBehavior [ RunTime:0.000066s ]
INFO: [ app_init ] --END-- [ RunTime:0.001693s ]

[ 2016-04-15T13:52:26+08:00 ] ::1 /hzaumba/index.php/Admin/Index/logo.html
INFO: [ app_init ] --START--
INFO: Run Behavior\BuildLiteBehavior [ RunTime:0.000030s ]
INFO: [ app_init ] --END-- [ RunTime:0.000579s ]

[ 2016-04-15T13:53:16+08:00 ] ::1 /hzaumba/index.php/Admin/Index/logo.html
INFO: [ app_init ] --START--
INFO: Run Behavior\BuildLiteBehavior [ RunTime:0.000080s ]
INFO: [ app_init ] --END-- [ RunTime:0.001861s ]

[ 2016-04-15T13:53:18+08:00 ] ::1 /hzaumba/index.php/Admin/Index/logo.html
INFO: [ app_init ] --START--
INFO: Run Behavior\BuildLiteBehavior [ RunTime:0.000077s ]
INFO: [ app_init ] --END-- [ RunTime:0.000971s ]

[ 2016-04-15T13:53:34+08:00 ] ::1 /hzaumba/index.php/Admin/Index/logo.html
INFO: [ app_init ] --START--
INFO: Run Behavior\BuildLiteBehavior [ RunTime:0.000025s ]
INFO: [ app_init ] --END-- [ RunTime:0.000632s ]

[ 2016-04-15T13:53:42+08:00 ] ::1 /hzaumba/index.php/Admin/Index/image.html
INFO: [ app_init ] --START--
INFO: Run Behavior\BuildLiteBehavior [ RunTime:0.000031s ]
INFO: [ app_init ] --END-- [ RunTime:0.000716s ]

[ 2016-04-15T13:54:15+08:00 ] ::1 /hzaumba/index.php/Admin/Index/image.html
INFO: [ app_init ] --START--
INFO: Run Behavior\BuildLiteBehavior [ RunTime:0.000025s ]
INFO: [ app_init ] --END-- [ RunTime:0.000655s ]

[ 2016-04-15T13:54:35+08:00 ] ::1 /hzaumba/index.php/Admin/Index/buttonsandicons.html?name=zsxx
INFO: [ app_init ] --START--
INFO: Run Behavior\BuildLiteBehavior [ RunTime:0.000026s ]
INFO: [ app_init ] --END-- [ RunTime:0.000615s ]

[ 2016-04-15T13:54:38+08:00 ] ::1 /hzaumba/index.php/Admin/Index/buttonsandicons.html?name=zsxx
INFO: [ app_init ] --START--
INFO: Run Behavior\BuildLiteBehavior [ RunTime:0.000029s ]
INFO: [ app_init ] --END-- [ RunTime:0.000666s ]

[ 2016-04-15T13:54:44+08:00 ] ::1 /hzaumba/index.php/Admin/Index/buttonsandicons.html?name=lxwm
INFO: [ app_init ] --START--
INFO: Run Behavior\BuildLiteBehavior [ RunTime:0.000054s ]
INFO: [ app_init ] --END-- [ RunTime:0.001244s ]

[ 2016-04-15T13:56:43+08:00 ] ::1 /hzaumba/index.php/Admin/Index/record?name=lxwm
INFO: [ app_init ] --START--
INFO: Run Behavior\BuildLiteBehavior [ RunTime:0.000026s ]
INFO: [ app_init ] --END-- [ RunTime:0.000900s ]

[ 2016-04-15T13:56:43+08:00 ] ::1 /hzaumba/index.php/Admin/Index/buttonsandicons/name/lxwm.html
INFO: [ app_init ] --START--
INFO: Run Behavior\BuildLiteBehavior [ RunTime:0.000087s ]
INFO: [ app_init ] --END-- [ RunTime:0.002291s ]

[ 2016-04-15T13:57:00+08:00 ] ::1 /hzaumba/index.php/Admin/Index/record?name=lxwm
INFO: [ app_init ] --START--
INFO: Run Behavior\BuildLiteBehavior [ RunTime:0.000044s ]
INFO: [ app_init ] --END-- [ RunTime:0.000885s ]

[ 2016-04-15T13:57:00+08:00 ] ::1 /hzaumba/index.php/Admin/Index/buttonsandicons/name/lxwm.html
INFO: [ app_init ] --START--
INFO: Run Behavior\BuildLiteBehavior [ RunTime:0.000031s ]
INFO: [ app_init ] --END-- [ RunTime:0.000699s ]

