[ 2016-04-11T10:44:39+08:00 ] ::1 /hzaumba/index.php/Admin/Index/buttonsandicons.html?name=pyfa
INFO: [ app_init ] --START--
INFO: Run Behavior\BuildLiteBehavior [ RunTime:0.000028s ]
INFO: [ app_init ] --END-- [ RunTime:0.000840s ]
INFO: [ app_begin ] --START--
INFO: Run Behavior\ReadHtmlCacheBehavior [ RunTime:0.000702s ]
INFO: [ app_begin ] --END-- [ RunTime:0.000847s ]
SQL: SHOW COLUMNS FROM `mba_contents` [ RunTime:0.0043s ]
SQL: SELECT `pyfa` FROM `mba_contents` WHERE `cid` = 2 LIMIT 1   [ RunTime:0.0004s ]
SQL: SELECT `pyfa` FROM `mba_contents` WHERE `cid` = 3 LIMIT 1   [ RunTime:0.0003s ]
SQL: SELECT `pyfa` FROM `mba_contents` WHERE `cid` = 1 LIMIT 1   [ RunTime:0.0003s ]
INFO: [ view_parse ] --START--
INFO: [ template_filter ] --START--
INFO: Run Behavior\ContentReplaceBehavior [ RunTime:0.000322s ]
INFO: [ template_filter ] --END-- [ RunTime:0.000451s ]
INFO: Run Behavior\ParseTemplateBehavior [ RunTime:0.011457s ]
INFO: [ view_parse ] --END-- [ RunTime:0.011620s ]
INFO: [ view_filter ] --START--
INFO: Run Behavior\WriteHtmlCacheBehavior [ RunTime:0.000517s ]
INFO: [ view_filter ] --END-- [ RunTime:0.000622s ]
INFO: [ app_end ] --START--
INFO: Run Behavior\ShowPageTraceBehavior [ RunTime:0.000917s ]
INFO: [ app_end ] --END-- [ RunTime:0.001061s ]

[ 2016-04-11T10:44:48+08:00 ] ::1 /hzaumba/index.php/Admin/Index/buttonsandicons.html?name=zsxx
INFO: [ app_init ] --START--
INFO: Run Behavior\BuildLiteBehavior [ RunTime:0.000051s ]
INFO: [ app_init ] --END-- [ RunTime:0.000713s ]
INFO: [ app_begin ] --START--
INFO: Run Behavior\ReadHtmlCacheBehavior [ RunTime:0.000633s ]
INFO: [ app_begin ] --END-- [ RunTime:0.000792s ]
SQL: SHOW COLUMNS FROM `mba_contents` [ RunTime:0.0045s ]
SQL: SELECT `zsxx` FROM `mba_contents` WHERE `cid` = 2 LIMIT 1   [ RunTime:0.0010s ]
SQL: SELECT `zsxx` FROM `mba_contents` WHERE `cid` = 3 LIMIT 1   [ RunTime:0.0004s ]
SQL: SELECT `zsxx` FROM `mba_contents` WHERE `cid` = 1 LIMIT 1   [ RunTime:0.0003s ]
INFO: [ view_parse ] --START--
INFO: [ template_filter ] --START--
INFO: Run Behavior\ContentReplaceBehavior [ RunTime:0.000255s ]
INFO: [ template_filter ] --END-- [ RunTime:0.000377s ]
INFO: Run Behavior\ParseTemplateBehavior [ RunTime:0.010607s ]
INFO: [ view_parse ] --END-- [ RunTime:0.010743s ]
INFO: [ view_filter ] --START--
INFO: Run Behavior\WriteHtmlCacheBehavior [ RunTime:0.000440s ]
INFO: [ view_filter ] --END-- [ RunTime:0.000548s ]
INFO: [ app_end ] --START--
INFO: Run Behavior\ShowPageTraceBehavior [ RunTime:0.001726s ]
INFO: [ app_end ] --END-- [ RunTime:0.001947s ]

[ 2016-04-11T10:44:50+08:00 ] ::1 /hzaumba/index.php/Admin/Index/update_pw.html
INFO: [ app_init ] --START--
INFO: Run Behavior\BuildLiteBehavior [ RunTime:0.000070s ]
INFO: [ app_init ] --END-- [ RunTime:0.001933s ]
INFO: [ app_begin ] --START--
INFO: Run Behavior\ReadHtmlCacheBehavior [ RunTime:0.001884s ]
INFO: [ app_begin ] --END-- [ RunTime:0.002321s ]
INFO: [ view_parse ] --START--
INFO: [ template_filter ] --START--
INFO: Run Behavior\ContentReplaceBehavior [ RunTime:0.000320s ]
INFO: [ template_filter ] --END-- [ RunTime:0.000478s ]
NOTIC: [8] Undefined variable: zd D:\wamp\www\hzaumba\Application\Runtime\Cache\Admin\e156b1338e09003e858a2341dd6e68f1.php 第 190 行.
INFO: Run Behavior\ParseTemplateBehavior [ RunTime:0.013115s ]
INFO: [ view_parse ] --END-- [ RunTime:0.013270s ]
INFO: [ view_filter ] --START--
INFO: Run Behavior\WriteHtmlCacheBehavior [ RunTime:0.000588s ]
INFO: [ view_filter ] --END-- [ RunTime:0.000730s ]
INFO: [ app_end ] --START--
INFO: Run Behavior\ShowPageTraceBehavior [ RunTime:0.002050s ]
INFO: [ app_end ] --END-- [ RunTime:0.002339s ]

[ 2016-04-11T10:44:50+08:00 ] ::1 /hzaumba/index.php/Admin/Index/vendors/bootstrap-switch/build/css/bootstrap3/bootstrap-switch.min.css
INFO: [ app_init ] --START--
INFO: Run Behavior\BuildLiteBehavior [ RunTime:0.000064s ]
INFO: [ app_init ] --END-- [ RunTime:0.000967s ]
INFO: [ app_begin ] --START--
INFO: Run Behavior\ReadHtmlCacheBehavior [ RunTime:0.000660s ]
INFO: [ app_begin ] --END-- [ RunTime:0.000798s ]
ERR: 非法操作:vendors

[ 2016-04-11T10:44:50+08:00 ] ::1 /hzaumba/index.php/Admin/Index/css/bootstrap-switch-small.css
INFO: [ app_init ] --START--
INFO: Run Behavior\BuildLiteBehavior [ RunTime:0.000052s ]
INFO: [ app_init ] --END-- [ RunTime:0.001316s ]
INFO: [ app_begin ] --START--
INFO: Run Behavior\ReadHtmlCacheBehavior [ RunTime:0.001267s ]
INFO: [ app_begin ] --END-- [ RunTime:0.001526s ]
ERR: 非法操作:css

[ 2016-04-11T10:44:53+08:00 ] ::1 /hzaumba/index.php/Admin/Index/buttonsandicons.html?name=lxwm
INFO: [ app_init ] --START--
INFO: Run Behavior\BuildLiteBehavior [ RunTime:0.000038s ]
INFO: [ app_init ] --END-- [ RunTime:0.001634s ]
INFO: [ app_begin ] --START--
INFO: Run Behavior\ReadHtmlCacheBehavior [ RunTime:0.000667s ]
INFO: [ app_begin ] --END-- [ RunTime:0.000810s ]
SQL: SHOW COLUMNS FROM `mba_contents` [ RunTime:0.0071s ]
SQL: SELECT `lxwm` FROM `mba_contents` WHERE `cid` = 2 LIMIT 1   [ RunTime:0.0003s ]
SQL: SELECT `lxwm` FROM `mba_contents` WHERE `cid` = 3 LIMIT 1   [ RunTime:0.0003s ]
SQL: SELECT `lxwm` FROM `mba_contents` WHERE `cid` = 1 LIMIT 1   [ RunTime:0.0004s ]
INFO: [ view_parse ] --START--
INFO: [ template_filter ] --START--
INFO: Run Behavior\ContentReplaceBehavior [ RunTime:0.000233s ]
INFO: [ template_filter ] --END-- [ RunTime:0.000406s ]
INFO: Run Behavior\ParseTemplateBehavior [ RunTime:0.013222s ]
INFO: [ view_parse ] --END-- [ RunTime:0.013398s ]
INFO: [ view_filter ] --START--
INFO: Run Behavior\WriteHtmlCacheBehavior [ RunTime:0.000502s ]
INFO: [ view_filter ] --END-- [ RunTime:0.000633s ]
INFO: [ app_end ] --START--
INFO: Run Behavior\ShowPageTraceBehavior [ RunTime:0.000817s ]
INFO: [ app_end ] --END-- [ RunTime:0.001041s ]

[ 2016-04-11T10:44:59+08:00 ] ::1 /hzaumba/index.php/Admin/Index/buttonsandicons.html?name=lxwm
INFO: [ app_init ] --START--
INFO: Run Behavior\BuildLiteBehavior [ RunTime:0.000029s ]
INFO: [ app_init ] --END-- [ RunTime:0.000641s ]
INFO: [ app_begin ] --START--
INFO: Run Behavior\ReadHtmlCacheBehavior [ RunTime:0.000825s ]
INFO: [ app_begin ] --END-- [ RunTime:0.001017s ]
SQL: SHOW COLUMNS FROM `mba_contents` [ RunTime:0.0045s ]
SQL: SELECT `lxwm` FROM `mba_contents` WHERE `cid` = 2 LIMIT 1   [ RunTime:0.0003s ]
SQL: SELECT `lxwm` FROM `mba_contents` WHERE `cid` = 3 LIMIT 1   [ RunTime:0.0003s ]
SQL: SELECT `lxwm` FROM `mba_contents` WHERE `cid` = 1 LIMIT 1   [ RunTime:0.0003s ]
INFO: [ view_parse ] --START--
INFO: [ template_filter ] --START--
INFO: Run Behavior\ContentReplaceBehavior [ RunTime:0.000297s ]
INFO: [ template_filter ] --END-- [ RunTime:0.000456s ]
INFO: Run Behavior\ParseTemplateBehavior [ RunTime:0.012472s ]
INFO: [ view_parse ] --END-- [ RunTime:0.012599s ]
INFO: [ view_filter ] --START--
INFO: Run Behavior\WriteHtmlCacheBehavior [ RunTime:0.000423s ]
INFO: [ view_filter ] --END-- [ RunTime:0.000528s ]
INFO: [ app_end ] --START--
INFO: Run Behavior\ShowPageTraceBehavior [ RunTime:0.000761s ]
INFO: [ app_end ] --END-- [ RunTime:0.000888s ]

[ 2016-04-11T10:44:59+08:00 ] ::1 /hzaumba/index.php/Admin/Index/update_pw.html
INFO: [ app_init ] --START--
INFO: Run Behavior\BuildLiteBehavior [ RunTime:0.000026s ]
INFO: [ app_init ] --END-- [ RunTime:0.000634s ]
INFO: [ app_begin ] --START--
INFO: Run Behavior\ReadHtmlCacheBehavior [ RunTime:0.000722s ]
INFO: [ app_begin ] --END-- [ RunTime:0.000912s ]
INFO: [ view_parse ] --START--
INFO: [ template_filter ] --START--
INFO: Run Behavior\ContentReplaceBehavior [ RunTime:0.000285s ]
INFO: [ template_filter ] --END-- [ RunTime:0.000410s ]
NOTIC: [8] Undefined variable: zd D:\wamp\www\hzaumba\Application\Runtime\Cache\Admin\e156b1338e09003e858a2341dd6e68f1.php 第 190 行.
INFO: Run Behavior\ParseTemplateBehavior [ RunTime:0.010781s ]
INFO: [ view_parse ] --END-- [ RunTime:0.010917s ]
INFO: [ view_filter ] --START--
INFO: Run Behavior\WriteHtmlCacheBehavior [ RunTime:0.000432s ]
INFO: [ view_filter ] --END-- [ RunTime:0.000538s ]
INFO: [ app_end ] --START--
INFO: Run Behavior\ShowPageTraceBehavior [ RunTime:0.001120s ]
INFO: [ app_end ] --END-- [ RunTime:0.001329s ]

[ 2016-04-11T10:44:59+08:00 ] ::1 /hzaumba/index.php/Admin/Index/vendors/bootstrap-switch/build/css/bootstrap3/bootstrap-switch.min.css
INFO: [ app_init ] --START--
INFO: Run Behavior\BuildLiteBehavior [ RunTime:0.000064s ]
INFO: [ app_init ] --END-- [ RunTime:0.000963s ]
INFO: [ app_begin ] --START--
INFO: Run Behavior\ReadHtmlCacheBehavior [ RunTime:0.000710s ]
INFO: [ app_begin ] --END-- [ RunTime:0.000877s ]
ERR: 非法操作:vendors

[ 2016-04-11T10:44:59+08:00 ] ::1 /hzaumba/index.php/Admin/Index/css/bootstrap-switch-small.css
INFO: [ app_init ] --START--
INFO: Run Behavior\BuildLiteBehavior [ RunTime:0.000030s ]
INFO: [ app_init ] --END-- [ RunTime:0.000707s ]
INFO: [ app_begin ] --START--
INFO: Run Behavior\ReadHtmlCacheBehavior [ RunTime:0.001156s ]
INFO: [ app_begin ] --END-- [ RunTime:0.001461s ]
ERR: 非法操作:css

[ 2016-04-11T10:45:12+08:00 ] ::1 /hzaumba/index.php/Admin/Index/update_pw.html
INFO: [ app_init ] --START--
INFO: Run Behavior\BuildLiteBehavior [ RunTime:0.000045s ]
INFO: [ app_init ] --END-- [ RunTime:0.000918s ]
INFO: [ app_begin ] --START--
INFO: Run Behavior\ReadHtmlCacheBehavior [ RunTime:0.000794s ]
INFO: [ app_begin ] --END-- [ RunTime:0.000922s ]
INFO: [ view_parse ] --START--
INFO: [ template_filter ] --START--
INFO: Run Behavior\ContentReplaceBehavior [ RunTime:0.000279s ]
INFO: [ template_filter ] --END-- [ RunTime:0.000403s ]
NOTIC: [8] Undefined variable: zd D:\wamp\www\hzaumba\Application\Runtime\Cache\Admin\e156b1338e09003e858a2341dd6e68f1.php 第 190 行.
INFO: Run Behavior\ParseTemplateBehavior [ RunTime:0.012259s ]
INFO: [ view_parse ] --END-- [ RunTime:0.012378s ]
INFO: [ view_filter ] --START--
INFO: Run Behavior\WriteHtmlCacheBehavior [ RunTime:0.000611s ]
INFO: [ view_filter ] --END-- [ RunTime:0.000715s ]
INFO: [ app_end ] --START--
INFO: Run Behavior\ShowPageTraceBehavior [ RunTime:0.001137s ]
INFO: [ app_end ] --END-- [ RunTime:0.001324s ]

[ 2016-04-11T10:45:12+08:00 ] ::1 /hzaumba/index.php/Admin/Index/css/bootstrap-switch-small.css
INFO: [ app_init ] --START--
INFO: Run Behavior\BuildLiteBehavior [ RunTime:0.000059s ]
INFO: [ app_init ] --END-- [ RunTime:0.000892s ]
INFO: [ app_begin ] --START--
INFO: Run Behavior\ReadHtmlCacheBehavior [ RunTime:0.000928s ]
INFO: [ app_begin ] --END-- [ RunTime:0.001168s ]
ERR: 非法操作:css

[ 2016-04-11T10:45:12+08:00 ] ::1 /hzaumba/index.php/Admin/Index/vendors/bootstrap-switch/build/css/bootstrap3/bootstrap-switch.min.css
INFO: [ app_init ] --START--
INFO: Run Behavior\BuildLiteBehavior [ RunTime:0.000050s ]
INFO: [ app_init ] --END-- [ RunTime:0.001355s ]
INFO: [ app_begin ] --START--
INFO: Run Behavior\ReadHtmlCacheBehavior [ RunTime:0.001242s ]
INFO: [ app_begin ] --END-- [ RunTime:0.001506s ]
ERR: 非法操作:vendors

[ 2016-04-11T10:45:53+08:00 ] ::1 /hzaumba/index.php/Admin/Index/buttonsandicons.html?name=lhhzc
INFO: [ app_init ] --START--
INFO: Run Behavior\BuildLiteBehavior [ RunTime:0.000026s ]
INFO: [ app_init ] --END-- [ RunTime:0.000897s ]
INFO: [ app_begin ] --START--
INFO: Run Behavior\ReadHtmlCacheBehavior [ RunTime:0.000900s ]
INFO: [ app_begin ] --END-- [ RunTime:0.001087s ]
SQL: SHOW COLUMNS FROM `mba_contents` [ RunTime:0.0042s ]
SQL: SELECT `lhhzc` FROM `mba_contents` WHERE `cid` = 2 LIMIT 1   [ RunTime:0.0004s ]
SQL: SELECT `lhhzc` FROM `mba_contents` WHERE `cid` = 3 LIMIT 1   [ RunTime:0.0003s ]
SQL: SELECT `lhhzc` FROM `mba_contents` WHERE `cid` = 1 LIMIT 1   [ RunTime:0.0002s ]
INFO: [ view_parse ] --START--
INFO: [ template_filter ] --START--
INFO: Run Behavior\ContentReplaceBehavior [ RunTime:0.000257s ]
INFO: [ template_filter ] --END-- [ RunTime:0.000415s ]
INFO: Run Behavior\ParseTemplateBehavior [ RunTime:0.011856s ]
INFO: [ view_parse ] --END-- [ RunTime:0.012016s ]
INFO: [ view_filter ] --START--
INFO: Run Behavior\WriteHtmlCacheBehavior [ RunTime:0.000626s ]
INFO: [ view_filter ] --END-- [ RunTime:0.000730s ]
INFO: [ app_end ] --START--
INFO: Run Behavior\ShowPageTraceBehavior [ RunTime:0.000919s ]
INFO: [ app_end ] --END-- [ RunTime:0.001064s ]

[ 2016-04-11T10:45:54+08:00 ] ::1 /hzaumba/index.php/Admin/Index/buttonsandicons.html?name=org
INFO: [ app_init ] --START--
INFO: Run Behavior\BuildLiteBehavior [ RunTime:0.000027s ]
INFO: [ app_init ] --END-- [ RunTime:0.000827s ]
INFO: [ app_begin ] --START--
INFO: Run Behavior\ReadHtmlCacheBehavior [ RunTime:0.000791s ]
INFO: [ app_begin ] --END-- [ RunTime:0.000943s ]
SQL: SHOW COLUMNS FROM `mba_contents` [ RunTime:0.0049s ]
SQL: SELECT `org` FROM `mba_contents` WHERE `cid` = 2 LIMIT 1   [ RunTime:0.0003s ]
SQL: SELECT `org` FROM `mba_contents` WHERE `cid` = 3 LIMIT 1   [ RunTime:0.0002s ]
SQL: SELECT `org` FROM `mba_contents` WHERE `cid` = 1 LIMIT 1   [ RunTime:0.0002s ]
INFO: [ view_parse ] --START--
INFO: [ template_filter ] --START--
INFO: Run Behavior\ContentReplaceBehavior [ RunTime:0.000427s ]
INFO: [ template_filter ] --END-- [ RunTime:0.000551s ]
INFO: Run Behavior\ParseTemplateBehavior [ RunTime:0.012183s ]
INFO: [ view_parse ] --END-- [ RunTime:0.012308s ]
INFO: [ view_filter ] --START--
INFO: Run Behavior\WriteHtmlCacheBehavior [ RunTime:0.000603s ]
INFO: [ view_filter ] --END-- [ RunTime:0.000708s ]
INFO: [ app_end ] --START--
INFO: Run Behavior\ShowPageTraceBehavior [ RunTime:0.001156s ]
INFO: [ app_end ] --END-- [ RunTime:0.001333s ]

