[ 2016-04-14T15:38:02+08:00 ] ::1 /hzaumba/index.php/Admin/Login/index
INFO: [ app_init ] --START--
INFO: Run Behavior\BuildLiteBehavior [ RunTime:0.000059s ]
INFO: [ app_init ] --END-- [ RunTime:0.002922s ]

[ 2016-04-14T15:38:05+08:00 ] ::1 /hzaumba/index.php/Admin/Login/do_login.html
INFO: [ app_init ] --START--
INFO: Run Behavior\BuildLiteBehavior [ RunTime:0.000042s ]
INFO: [ app_init ] --END-- [ RunTime:0.008342s ]

[ 2016-04-14T15:38:06+08:00 ] ::1 /hzaumba/index.php/Admin/Index/shouye/name/xwzx.html
INFO: [ app_init ] --START--
INFO: Run Behavior\BuildLiteBehavior [ RunTime:0.000050s ]
INFO: [ app_init ] --END-- [ RunTime:0.001182s ]

[ 2016-04-14T15:38:14+08:00 ] ::1 /hzaumba/index.php/Admin/Index/image.html
INFO: [ app_init ] --START--
INFO: Run Behavior\BuildLiteBehavior [ RunTime:0.000042s ]
INFO: [ app_init ] --END-- [ RunTime:0.000947s ]

[ 2016-04-14T15:38:27+08:00 ] ::1 /hzaumba/index.php/Admin/Index/links.html
INFO: [ app_init ] --START--
INFO: Run Behavior\BuildLiteBehavior [ RunTime:0.000042s ]
INFO: [ app_init ] --END-- [ RunTime:0.001161s ]

[ 2016-04-14T15:38:30+08:00 ] ::1 /hzaumba/index.php/Admin/Index/image.html
INFO: [ app_init ] --START--
INFO: Run Behavior\BuildLiteBehavior [ RunTime:0.000041s ]
INFO: [ app_init ] --END-- [ RunTime:0.000867s ]

[ 2016-04-14T15:41:35+08:00 ] ::1 /hzaumba/index.php/Admin/Index/image.html
INFO: [ app_init ] --START--
INFO: Run Behavior\BuildLiteBehavior [ RunTime:0.000042s ]
INFO: [ app_init ] --END-- [ RunTime:0.000823s ]

[ 2016-04-14T15:41:42+08:00 ] ::1 /hzaumba/index.php/Admin/Index/delete_image?hid=27
INFO: [ app_init ] --START--
INFO: Run Behavior\BuildLiteBehavior [ RunTime:0.000042s ]
INFO: [ app_init ] --END-- [ RunTime:0.000951s ]

[ 2016-04-14T15:41:42+08:00 ] ::1 /hzaumba/index.php/Admin/Index/image.html
INFO: [ app_init ] --START--
INFO: Run Behavior\BuildLiteBehavior [ RunTime:0.000052s ]
INFO: [ app_init ] --END-- [ RunTime:0.001344s ]

[ 2016-04-14T15:41:45+08:00 ] ::1 /hzaumba/index.php/Admin/Index/record_image
INFO: [ app_init ] --START--
INFO: Run Behavior\BuildLiteBehavior [ RunTime:0.000052s ]
INFO: [ app_init ] --END-- [ RunTime:0.001281s ]

[ 2016-04-14T15:42:34+08:00 ] ::1 /hzaumba/index.php/Admin/Index/record_image
INFO: [ app_init ] --START--
INFO: Run Behavior\BuildLiteBehavior [ RunTime:0.000049s ]
INFO: [ app_init ] --END-- [ RunTime:0.001005s ]

[ 2016-04-14T15:42:35+08:00 ] ::1 /hzaumba/index.php/Admin/Index/image.html
INFO: [ app_init ] --START--
INFO: Run Behavior\BuildLiteBehavior [ RunTime:0.000040s ]
INFO: [ app_init ] --END-- [ RunTime:0.000808s ]

[ 2016-04-14T15:48:22+08:00 ] ::1 /hzaumba/index.php/Admin/Index/links.html
INFO: [ app_init ] --START--
INFO: Run Behavior\BuildLiteBehavior [ RunTime:0.000056s ]
INFO: [ app_init ] --END-- [ RunTime:0.001833s ]

[ 2016-04-14T15:48:47+08:00 ] ::1 /hzaumba/index.php/Admin/Index/download.html
INFO: [ app_init ] --START--
INFO: Run Behavior\BuildLiteBehavior [ RunTime:0.000040s ]
INFO: [ app_init ] --END-- [ RunTime:0.000850s ]

[ 2016-04-14T15:52:23+08:00 ] ::1 /hzaumba/index.php/Admin/Index/buttonsandicons.html?name=zzjg
INFO: [ app_init ] --START--
INFO: Run Behavior\BuildLiteBehavior [ RunTime:0.000078s ]
INFO: [ app_init ] --END-- [ RunTime:0.002410s ]

[ 2016-04-14T15:52:29+08:00 ] ::1 /hzaumba/index.php/Admin/Index/logo.html
INFO: [ app_init ] --START--
INFO: Run Behavior\BuildLiteBehavior [ RunTime:0.000057s ]
INFO: [ app_init ] --END-- [ RunTime:0.001477s ]

[ 2016-04-14T15:53:01+08:00 ] ::1 /hzaumba/index.php/Admin/Index/logo.html
INFO: [ app_init ] --START--
INFO: Run Behavior\BuildLiteBehavior [ RunTime:0.001283s ]
INFO: [ app_init ] --END-- [ RunTime:0.003098s ]

[ 2016-04-14T15:58:17+08:00 ] ::1 /hzaumba/index.php/Admin/Index/logo.html
INFO: [ app_init ] --START--
INFO: Run Behavior\BuildLiteBehavior [ RunTime:0.000042s ]
INFO: [ app_init ] --END-- [ RunTime:0.001041s ]

[ 2016-04-14T16:00:40+08:00 ] ::1 /hzaumba/index.php/Admin/Index/image.html
INFO: [ app_init ] --START--
INFO: Run Behavior\BuildLiteBehavior [ RunTime:0.000041s ]
INFO: [ app_init ] --END-- [ RunTime:0.000846s ]

[ 2016-04-14T16:00:45+08:00 ] ::1 /hzaumba/index.php/Admin/Index/logo.html
INFO: [ app_init ] --START--
INFO: Run Behavior\BuildLiteBehavior [ RunTime:0.000122s ]
INFO: [ app_init ] --END-- [ RunTime:0.001339s ]

[ 2016-04-14T16:00:52+08:00 ] ::1 /hzaumba/index.php/Admin/Index/logo.html
INFO: [ app_init ] --START--
INFO: Run Behavior\BuildLiteBehavior [ RunTime:0.000053s ]
INFO: [ app_init ] --END-- [ RunTime:0.000979s ]

[ 2016-04-14T16:05:32+08:00 ] ::1 /hzaumba/index.php/Admin/Index/logo.html
INFO: [ app_init ] --START--
INFO: Run Behavior\BuildLiteBehavior [ RunTime:0.000053s ]
INFO: [ app_init ] --END-- [ RunTime:0.001382s ]

[ 2016-04-14T16:05:50+08:00 ] ::1 /hzaumba/index.php/admin/Upload/upload_logo
INFO: [ app_init ] --START--
INFO: Run Behavior\BuildLiteBehavior [ RunTime:0.000052s ]
INFO: [ app_init ] --END-- [ RunTime:0.001501s ]
ERR: 无法加载控制器:Upload

[ 2016-04-14T16:06:10+08:00 ] ::1 /hzaumba/index.php/admin/Upload/upload_logo
INFO: [ app_init ] --START--
INFO: Run Behavior\BuildLiteBehavior [ RunTime:0.000051s ]
INFO: [ app_init ] --END-- [ RunTime:0.001235s ]

[ 2016-04-14T16:06:14+08:00 ] ::1 /hzaumba/index.php/admin/Upload/upload_logo
INFO: [ app_init ] --START--
INFO: Run Behavior\BuildLiteBehavior [ RunTime:0.000051s ]
INFO: [ app_init ] --END-- [ RunTime:0.001313s ]

[ 2016-04-14T16:06:37+08:00 ] ::1 /hzaumba/index.php/Admin/Index/logo.html
INFO: [ app_init ] --START--
INFO: Run Behavior\BuildLiteBehavior [ RunTime:0.000052s ]
INFO: [ app_init ] --END-- [ RunTime:0.021670s ]

[ 2016-04-14T16:06:44+08:00 ] ::1 /hzaumba/index.php/admin/Upload/upload_logo
INFO: [ app_init ] --START--
INFO: Run Behavior\BuildLiteBehavior [ RunTime:0.000043s ]
INFO: [ app_init ] --END-- [ RunTime:0.001016s ]

[ 2016-04-14T16:09:50+08:00 ] ::1 /hzaumba/index.php/Admin/Index/logo.html
INFO: [ app_init ] --START--
INFO: Run Behavior\BuildLiteBehavior [ RunTime:0.000042s ]
INFO: [ app_init ] --END-- [ RunTime:0.000831s ]

[ 2016-04-14T16:10:18+08:00 ] ::1 /hzaumba/index.php/admin/Upload/upload_logo
INFO: [ app_init ] --START--
INFO: Run Behavior\BuildLiteBehavior [ RunTime:0.000058s ]
INFO: [ app_init ] --END-- [ RunTime:0.001115s ]

[ 2016-04-14T16:10:18+08:00 ] ::1 /hzaumba/index.php/Admin/Index/logo.html
INFO: [ app_init ] --START--
INFO: Run Behavior\BuildLiteBehavior [ RunTime:0.000047s ]
INFO: [ app_init ] --END-- [ RunTime:0.001194s ]

[ 2016-04-14T16:12:56+08:00 ] ::1 /hzaumba/index.php/Admin/Index/logo.html
INFO: [ app_init ] --START--
INFO: Run Behavior\BuildLiteBehavior [ RunTime:0.000054s ]
INFO: [ app_init ] --END-- [ RunTime:0.001116s ]

[ 2016-04-14T16:13:09+08:00 ] ::1 /hzaumba/index.php/Admin/Index/logo.html
INFO: [ app_init ] --START--
INFO: Run Behavior\BuildLiteBehavior [ RunTime:0.000052s ]
INFO: [ app_init ] --END-- [ RunTime:0.001115s ]

[ 2016-04-14T16:16:54+08:00 ] ::1 /hzaumba/index.php/Admin/Index/logo.html
INFO: [ app_init ] --START--
INFO: Run Behavior\BuildLiteBehavior [ RunTime:0.000055s ]
INFO: [ app_init ] --END-- [ RunTime:0.001556s ]

[ 2016-04-14T16:17:50+08:00 ] ::1 /hzaumba/index.php/Admin/Index/logo.html
INFO: [ app_init ] --START--
INFO: Run Behavior\BuildLiteBehavior [ RunTime:0.000082s ]
INFO: [ app_init ] --END-- [ RunTime:0.001113s ]

[ 2016-04-14T16:18:10+08:00 ] ::1 /hzaumba/index.php/Admin/Index/logo.html
INFO: [ app_init ] --START--
INFO: Run Behavior\BuildLiteBehavior [ RunTime:0.000041s ]
INFO: [ app_init ] --END-- [ RunTime:0.000924s ]

[ 2016-04-14T16:19:19+08:00 ] ::1 /hzaumba/index.php/Admin/Index/download.html
INFO: [ app_init ] --START--
INFO: Run Behavior\BuildLiteBehavior [ RunTime:0.000048s ]
INFO: [ app_init ] --END-- [ RunTime:0.001374s ]

[ 2016-04-14T16:21:33+08:00 ] ::1 /hzaumba/index.php/Admin/Index/download.html
INFO: [ app_init ] --START--
INFO: Run Behavior\BuildLiteBehavior [ RunTime:0.000098s ]
INFO: [ app_init ] --END-- [ RunTime:0.001065s ]

[ 2016-04-14T16:21:39+08:00 ] ::1 /hzaumba/index.php/Admin/Index/logo.html
INFO: [ app_init ] --START--
INFO: Run Behavior\BuildLiteBehavior [ RunTime:0.000054s ]
INFO: [ app_init ] --END-- [ RunTime:0.001272s ]

[ 2016-04-14T16:22:18+08:00 ] ::1 /hzaumba/index.php/Admin/Index/logo.html
INFO: [ app_init ] --START--
INFO: Run Behavior\BuildLiteBehavior [ RunTime:0.000078s ]
INFO: [ app_init ] --END-- [ RunTime:0.004526s ]

[ 2016-04-14T16:22:47+08:00 ] ::1 /hzaumba/index.php/Admin/Index/logo.html
INFO: [ app_init ] --START--
INFO: Run Behavior\BuildLiteBehavior [ RunTime:0.000300s ]
INFO: [ app_init ] --END-- [ RunTime:0.003844s ]

[ 2016-04-14T16:22:53+08:00 ] ::1 /hzaumba/index.php/Admin/Index/logo.html
INFO: [ app_init ] --START--
INFO: Run Behavior\BuildLiteBehavior [ RunTime:0.000053s ]
INFO: [ app_init ] --END-- [ RunTime:0.001183s ]

[ 2016-04-14T16:24:52+08:00 ] ::1 /hzaumba/index.php/Admin/Index/logo.html
INFO: [ app_init ] --START--
INFO: Run Behavior\BuildLiteBehavior [ RunTime:0.000048s ]
INFO: [ app_init ] --END-- [ RunTime:0.001548s ]

[ 2016-04-14T16:24:54+08:00 ] ::1 /hzaumba/index.php/Admin/Index/shouye.html?name=xwzx
INFO: [ app_init ] --START--
INFO: Run Behavior\BuildLiteBehavior [ RunTime:0.000053s ]
INFO: [ app_init ] --END-- [ RunTime:0.001017s ]

[ 2016-04-14T16:24:59+08:00 ] ::1 /hzaumba/index.php/Admin/Index/logo.html
INFO: [ app_init ] --START--
INFO: Run Behavior\BuildLiteBehavior [ RunTime:0.000059s ]
INFO: [ app_init ] --END-- [ RunTime:0.001290s ]

[ 2016-04-14T16:25:11+08:00 ] ::1 /hzaumba/index.php/Admin/Index/record_file?name=
INFO: [ app_init ] --START--
INFO: Run Behavior\BuildLiteBehavior [ RunTime:0.000052s ]
INFO: [ app_init ] --END-- [ RunTime:0.001556s ]

[ 2016-04-14T16:25:12+08:00 ] ::1 /hzaumba/index.php/Admin/Index/download.html
INFO: [ app_init ] --START--
INFO: Run Behavior\BuildLiteBehavior [ RunTime:0.000062s ]
INFO: [ app_init ] --END-- [ RunTime:0.001282s ]

[ 2016-04-14T16:26:05+08:00 ] ::1 /hzaumba/index.php/Admin/Index/delete_down?hid=33&name=download
INFO: [ app_init ] --START--
INFO: Run Behavior\BuildLiteBehavior [ RunTime:0.000048s ]
INFO: [ app_init ] --END-- [ RunTime:0.001013s ]

[ 2016-04-14T16:26:05+08:00 ] ::1 /hzaumba/index.php/Admin/Index/download.html
INFO: [ app_init ] --START--
INFO: Run Behavior\BuildLiteBehavior [ RunTime:0.000042s ]
INFO: [ app_init ] --END-- [ RunTime:0.001138s ]

[ 2016-04-14T16:26:10+08:00 ] ::1 /hzaumba/index.php/Admin/Index/logo.html
INFO: [ app_init ] --START--
INFO: Run Behavior\BuildLiteBehavior [ RunTime:0.000054s ]
INFO: [ app_init ] --END-- [ RunTime:0.001204s ]

[ 2016-04-14T16:27:08+08:00 ] ::1 /hzaumba/index.php/Admin/Index/logo.html
INFO: [ app_init ] --START--
INFO: Run Behavior\BuildLiteBehavior [ RunTime:0.000167s ]
INFO: [ app_init ] --END-- [ RunTime:0.002130s ]

[ 2016-04-14T16:27:19+08:00 ] ::1 /hzaumba/index.php/admin/Upload/upload_logo
INFO: [ app_init ] --START--
INFO: Run Behavior\BuildLiteBehavior [ RunTime:0.000451s ]
INFO: [ app_init ] --END-- [ RunTime:0.002163s ]

[ 2016-04-14T16:27:19+08:00 ] ::1 /hzaumba/index.php/Admin/Index/logo.html
INFO: [ app_init ] --START--
INFO: Run Behavior\BuildLiteBehavior [ RunTime:0.000042s ]
INFO: [ app_init ] --END-- [ RunTime:0.001223s ]

[ 2016-04-14T16:27:40+08:00 ] ::1 /hzaumba/index.php/Admin/Index/logo.html
INFO: [ app_init ] --START--
INFO: Run Behavior\BuildLiteBehavior [ RunTime:0.000042s ]
INFO: [ app_init ] --END-- [ RunTime:0.000922s ]

[ 2016-04-14T16:27:44+08:00 ] ::1 /hzaumba/index.php/admin/Upload/delete_logo?hid=32
INFO: [ app_init ] --START--
INFO: Run Behavior\BuildLiteBehavior [ RunTime:0.000055s ]
INFO: [ app_init ] --END-- [ RunTime:0.001521s ]

[ 2016-04-14T16:27:44+08:00 ] ::1 /hzaumba/index.php/Admin/Index/logo.html
INFO: [ app_init ] --START--
INFO: Run Behavior\BuildLiteBehavior [ RunTime:0.000053s ]
INFO: [ app_init ] --END-- [ RunTime:0.001468s ]

[ 2016-04-14T16:28:05+08:00 ] ::1 /hzaumba/index.php/admin/Upload/upload_logo
INFO: [ app_init ] --START--
INFO: Run Behavior\BuildLiteBehavior [ RunTime:0.000054s ]
INFO: [ app_init ] --END-- [ RunTime:0.001193s ]

[ 2016-04-14T16:28:06+08:00 ] ::1 /hzaumba/index.php/Admin/Index/logo.html
INFO: [ app_init ] --START--
INFO: Run Behavior\BuildLiteBehavior [ RunTime:0.000047s ]
INFO: [ app_init ] --END-- [ RunTime:0.001292s ]

[ 2016-04-14T16:28:14+08:00 ] ::1 /hzaumba/index.php/admin/Upload/upload_logo
INFO: [ app_init ] --START--
INFO: Run Behavior\BuildLiteBehavior [ RunTime:0.000050s ]
INFO: [ app_init ] --END-- [ RunTime:0.002732s ]

[ 2016-04-14T16:28:14+08:00 ] ::1 /hzaumba/index.php/Admin/Index/logo.html
INFO: [ app_init ] --START--
INFO: Run Behavior\BuildLiteBehavior [ RunTime:0.000053s ]
INFO: [ app_init ] --END-- [ RunTime:0.000988s ]

[ 2016-04-14T16:32:14+08:00 ] ::1 /hzaumba/index.php/admin/Upload/delete_logo?hid=35
INFO: [ app_init ] --START--
INFO: Run Behavior\BuildLiteBehavior [ RunTime:0.000053s ]
INFO: [ app_init ] --END-- [ RunTime:0.001164s ]

[ 2016-04-14T16:32:14+08:00 ] ::1 /hzaumba/index.php/Admin/Index/logo.html
INFO: [ app_init ] --START--
INFO: Run Behavior\BuildLiteBehavior [ RunTime:0.000636s ]
INFO: [ app_init ] --END-- [ RunTime:0.001790s ]

[ 2016-04-14T16:32:20+08:00 ] ::1 /hzaumba/index.php/admin/Upload/delete_logo?hid=36
INFO: [ app_init ] --START--
INFO: Run Behavior\BuildLiteBehavior [ RunTime:0.000049s ]
INFO: [ app_init ] --END-- [ RunTime:0.001258s ]

[ 2016-04-14T16:32:20+08:00 ] ::1 /hzaumba/index.php/Admin/Index/logo.html
INFO: [ app_init ] --START--
INFO: Run Behavior\BuildLiteBehavior [ RunTime:0.000054s ]
INFO: [ app_init ] --END-- [ RunTime:0.002416s ]

[ 2016-04-14T16:32:33+08:00 ] ::1 /hzaumba/index.php/admin/Upload/upload_logo
INFO: [ app_init ] --START--
INFO: Run Behavior\BuildLiteBehavior [ RunTime:0.000041s ]
INFO: [ app_init ] --END-- [ RunTime:0.000979s ]

[ 2016-04-14T16:32:33+08:00 ] ::1 /hzaumba/index.php/Admin/Index/logo.html
INFO: [ app_init ] --START--
INFO: Run Behavior\BuildLiteBehavior [ RunTime:0.000041s ]
INFO: [ app_init ] --END-- [ RunTime:0.001161s ]

[ 2016-04-14T16:32:46+08:00 ] ::1 /hzaumba/index.php/admin/Upload/upload_logo
INFO: [ app_init ] --START--
INFO: Run Behavior\BuildLiteBehavior [ RunTime:0.000042s ]
INFO: [ app_init ] --END-- [ RunTime:0.000945s ]

[ 2016-04-14T16:32:46+08:00 ] ::1 /hzaumba/index.php/Admin/Index/logo.html
INFO: [ app_init ] --START--
INFO: Run Behavior\BuildLiteBehavior [ RunTime:0.000052s ]
INFO: [ app_init ] --END-- [ RunTime:0.002109s ]

[ 2016-04-14T16:33:09+08:00 ] ::1 /hzaumba/index.php/Admin/Index/shouye.html?name=tzgg
INFO: [ app_init ] --START--
INFO: Run Behavior\BuildLiteBehavior [ RunTime:0.000047s ]
INFO: [ app_init ] --END-- [ RunTime:0.000819s ]

[ 2016-04-14T16:33:11+08:00 ] ::1 /hzaumba/index.php/Admin/Index/shouye.html?name=xwzx
INFO: [ app_init ] --START--
INFO: Run Behavior\BuildLiteBehavior [ RunTime:0.000068s ]
INFO: [ app_init ] --END-- [ RunTime:0.002804s ]

[ 2016-04-14T16:33:12+08:00 ] ::1 /hzaumba/index.php/Admin/Index/shouye.html?name=xxzs
INFO: [ app_init ] --START--
INFO: Run Behavior\BuildLiteBehavior [ RunTime:0.000041s ]
INFO: [ app_init ] --END-- [ RunTime:0.000834s ]

[ 2016-04-14T16:33:15+08:00 ] ::1 /hzaumba/index.php/Admin/Index/image.html
INFO: [ app_init ] --START--
INFO: Run Behavior\BuildLiteBehavior [ RunTime:0.000049s ]
INFO: [ app_init ] --END-- [ RunTime:0.001962s ]

[ 2016-04-14T16:33:22+08:00 ] ::1 /hzaumba/index.php/Admin/Index/record_image
INFO: [ app_init ] --START--
INFO: Run Behavior\BuildLiteBehavior [ RunTime:0.000040s ]
INFO: [ app_init ] --END-- [ RunTime:0.000902s ]

[ 2016-04-14T16:33:23+08:00 ] ::1 /hzaumba/index.php/Admin/Index/image.html
INFO: [ app_init ] --START--
INFO: Run Behavior\BuildLiteBehavior [ RunTime:0.000042s ]
INFO: [ app_init ] --END-- [ RunTime:0.000901s ]

[ 2016-04-14T16:33:26+08:00 ] ::1 /hzaumba/index.php/Admin/Index/delete_image?hid=29
INFO: [ app_init ] --START--
INFO: Run Behavior\BuildLiteBehavior [ RunTime:0.000095s ]
INFO: [ app_init ] --END-- [ RunTime:0.001047s ]

[ 2016-04-14T16:33:26+08:00 ] ::1 /hzaumba/index.php/Admin/Index/image.html
INFO: [ app_init ] --START--
INFO: Run Behavior\BuildLiteBehavior [ RunTime:0.000051s ]
INFO: [ app_init ] --END-- [ RunTime:0.001847s ]

[ 2016-04-14T16:33:42+08:00 ] ::1 /hzaumba/index.php/Admin/Index/delete_image?hid=30
INFO: [ app_init ] --START--
INFO: Run Behavior\BuildLiteBehavior [ RunTime:0.000049s ]
INFO: [ app_init ] --END-- [ RunTime:0.001422s ]

[ 2016-04-14T16:33:42+08:00 ] ::1 /hzaumba/index.php/Admin/Index/image.html
INFO: [ app_init ] --START--
INFO: Run Behavior\BuildLiteBehavior [ RunTime:0.000069s ]
INFO: [ app_init ] --END-- [ RunTime:0.001600s ]

[ 2016-04-14T16:33:53+08:00 ] ::1 /hzaumba/index.php/Admin/Index/record_image
INFO: [ app_init ] --START--
INFO: Run Behavior\BuildLiteBehavior [ RunTime:0.000052s ]
INFO: [ app_init ] --END-- [ RunTime:0.001277s ]

[ 2016-04-14T16:33:54+08:00 ] ::1 /hzaumba/index.php/Admin/Index/image.html
INFO: [ app_init ] --START--
INFO: Run Behavior\BuildLiteBehavior [ RunTime:0.000054s ]
INFO: [ app_init ] --END-- [ RunTime:0.001089s ]

<<<<<<< Updated upstream
[ 2016-04-14T19:23:58+08:00 ] ::1 /hzaumba/index.php/Admin/Index/buttonsandicons.html?name=zsxx
INFO: [ app_init ] --START--
INFO: Run Behavior\BuildLiteBehavior [ RunTime:0.001419s ]
INFO: [ app_init ] --END-- [ RunTime:0.007745s ]

[ 2016-04-14T19:23:59+08:00 ] ::1 /hzaumba/index.php/Admin/Index/logo.html
INFO: [ app_init ] --START--
INFO: Run Behavior\BuildLiteBehavior [ RunTime:0.000042s ]
INFO: [ app_init ] --END-- [ RunTime:0.000903s ]

[ 2016-04-14T19:28:14+08:00 ] ::1 /hzaumba/index.php/Admin/Index/logo.html
INFO: [ app_init ] --START--
INFO: Run Behavior\BuildLiteBehavior [ RunTime:0.000058s ]
INFO: [ app_init ] --END-- [ RunTime:0.001338s ]

[ 2016-04-14T19:39:12+08:00 ] ::1 /hzaumba/index.php/Admin/Index/logo.html
INFO: [ app_init ] --START--
INFO: Run Behavior\BuildLiteBehavior [ RunTime:0.000041s ]
INFO: [ app_init ] --END-- [ RunTime:0.000949s ]

[ 2016-04-14T19:39:33+08:00 ] ::1 /hzaumba/index.php/Admin/Index/image.html
INFO: [ app_init ] --START--
INFO: Run Behavior\BuildLiteBehavior [ RunTime:0.000042s ]
INFO: [ app_init ] --END-- [ RunTime:0.001063s ]

[ 2016-04-14T19:40:46+08:00 ] ::1 /hzaumba/index.php/admin/Upload/record_image
INFO: [ app_init ] --START--
INFO: Run Behavior\BuildLiteBehavior [ RunTime:0.000042s ]
INFO: [ app_init ] --END-- [ RunTime:0.001137s ]

[ 2016-04-14T19:40:47+08:00 ] ::1 /hzaumba/index.php/Admin/Index/image.html
INFO: [ app_init ] --START--
INFO: Run Behavior\BuildLiteBehavior [ RunTime:0.000051s ]
INFO: [ app_init ] --END-- [ RunTime:0.001063s ]

[ 2016-04-14T19:41:44+08:00 ] ::1 /hzaumba/index.php/Admin/Index/image.html
INFO: [ app_init ] --START--
INFO: Run Behavior\BuildLiteBehavior [ RunTime:0.000051s ]
INFO: [ app_init ] --END-- [ RunTime:0.003116s ]

[ 2016-04-14T19:46:30+08:00 ] ::1 /hzaumba/index.php/Admin/Index/delete_image?hid=31
INFO: [ app_init ] --START--
INFO: Run Behavior\BuildLiteBehavior [ RunTime:0.000056s ]
INFO: [ app_init ] --END-- [ RunTime:0.001524s ]
ERR: 非法操作:delete_image

[ 2016-04-14T19:47:25+08:00 ] ::1 /hzaumba/index.php/Admin/Index/image.html
INFO: [ app_init ] --START--
INFO: Run Behavior\BuildLiteBehavior [ RunTime:0.000059s ]
INFO: [ app_init ] --END-- [ RunTime:0.001214s ]

[ 2016-04-14T19:47:31+08:00 ] ::1 /hzaumba/index.php/admin/Upload/delete_image?hid=31
INFO: [ app_init ] --START--
INFO: Run Behavior\BuildLiteBehavior [ RunTime:0.000051s ]
INFO: [ app_init ] --END-- [ RunTime:0.001581s ]

[ 2016-04-14T19:47:31+08:00 ] ::1 /hzaumba/index.php/Admin/Index/image.html
INFO: [ app_init ] --START--
INFO: Run Behavior\BuildLiteBehavior [ RunTime:0.000050s ]
INFO: [ app_init ] --END-- [ RunTime:0.001120s ]

[ 2016-04-14T19:48:05+08:00 ] ::1 /hzaumba/index.php/admin/Upload/record_image
INFO: [ app_init ] --START--
INFO: Run Behavior\BuildLiteBehavior [ RunTime:0.000041s ]
INFO: [ app_init ] --END-- [ RunTime:0.000962s ]

[ 2016-04-14T19:48:06+08:00 ] ::1 /hzaumba/index.php/Admin/Index/image.html
INFO: [ app_init ] --START--
INFO: Run Behavior\BuildLiteBehavior [ RunTime:0.000053s ]
INFO: [ app_init ] --END-- [ RunTime:0.004157s ]

[ 2016-04-14T19:48:13+08:00 ] ::1 /hzaumba/index.php/admin/Upload/delete_image?hid=39
INFO: [ app_init ] --START--
INFO: Run Behavior\BuildLiteBehavior [ RunTime:0.000043s ]
INFO: [ app_init ] --END-- [ RunTime:0.000858s ]

[ 2016-04-14T19:48:13+08:00 ] ::1 /hzaumba/index.php/Admin/Index/image.html
INFO: [ app_init ] --START--
INFO: Run Behavior\BuildLiteBehavior [ RunTime:0.000049s ]
INFO: [ app_init ] --END-- [ RunTime:0.003407s ]

[ 2016-04-14T19:48:17+08:00 ] ::1 /hzaumba/index.php/admin/Upload/delete_image?hid=40
INFO: [ app_init ] --START--
INFO: Run Behavior\BuildLiteBehavior [ RunTime:0.000043s ]
INFO: [ app_init ] --END-- [ RunTime:0.001046s ]

[ 2016-04-14T19:48:18+08:00 ] ::1 /hzaumba/index.php/Admin/Index/image.html
INFO: [ app_init ] --START--
INFO: Run Behavior\BuildLiteBehavior [ RunTime:0.000042s ]
INFO: [ app_init ] --END-- [ RunTime:0.000836s ]

[ 2016-04-14T19:49:23+08:00 ] ::1 /hzaumba/index.php/admin/Upload/record_image
INFO: [ app_init ] --START--
INFO: Run Behavior\BuildLiteBehavior [ RunTime:0.000043s ]
INFO: [ app_init ] --END-- [ RunTime:0.001001s ]

[ 2016-04-14T19:49:23+08:00 ] ::1 /hzaumba/index.php/Admin/Index/image.html
INFO: [ app_init ] --START--
INFO: Run Behavior\BuildLiteBehavior [ RunTime:0.000053s ]
INFO: [ app_init ] --END-- [ RunTime:0.001231s ]

[ 2016-04-14T19:50:20+08:00 ] ::1 /hzaumba/index.php/Admin/Index/logo.html
INFO: [ app_init ] --START--
INFO: Run Behavior\BuildLiteBehavior [ RunTime:0.000054s ]
INFO: [ app_init ] --END-- [ RunTime:0.002462s ]

[ 2016-04-14T19:52:10+08:00 ] ::1 /hzaumba/index.php/Admin/Index/logo.html
INFO: [ app_init ] --START--
INFO: Run Behavior\BuildLiteBehavior [ RunTime:0.000054s ]
INFO: [ app_init ] --END-- [ RunTime:0.001272s ]

[ 2016-04-14T19:53:32+08:00 ] ::1 /hzaumba/index.php/Admin/Index/logo.html
INFO: [ app_init ] --START--
INFO: Run Behavior\BuildLiteBehavior [ RunTime:0.000052s ]
INFO: [ app_init ] --END-- [ RunTime:0.001381s ]

[ 2016-04-14T19:53:41+08:00 ] ::1 /hzaumba/index.php/Admin/Index/logo.html
INFO: [ app_init ] --START--
INFO: Run Behavior\BuildLiteBehavior [ RunTime:0.000049s ]
INFO: [ app_init ] --END-- [ RunTime:0.001259s ]
=======
[ 2016-04-14T18:03:21+08:00 ] ::1 /hzaumba/index.php/Admin/Login/index
INFO: [ app_init ] --START--
INFO: Run Behavior\BuildLiteBehavior [ RunTime:0.000048s ]
INFO: [ app_init ] --END-- [ RunTime:0.000814s ]

[ 2016-04-14T18:03:25+08:00 ] ::1 /hzaumba/index.php/Admin/Login/do_login.html
INFO: [ app_init ] --START--
INFO: Run Behavior\BuildLiteBehavior [ RunTime:0.000029s ]
INFO: [ app_init ] --END-- [ RunTime:0.000644s ]

[ 2016-04-14T18:03:25+08:00 ] ::1 /hzaumba/index.php/Admin/Index/shouye/name/xwzx.html
INFO: [ app_init ] --START--
INFO: Run Behavior\BuildLiteBehavior [ RunTime:0.000035s ]
INFO: [ app_init ] --END-- [ RunTime:0.000746s ]

[ 2016-04-14T18:03:32+08:00 ] ::1 /hzaumba/index.php/Admin/Index/shouye.html?name=xwzx
INFO: [ app_init ] --START--
INFO: Run Behavior\BuildLiteBehavior [ RunTime:0.000028s ]
INFO: [ app_init ] --END-- [ RunTime:0.000813s ]

[ 2016-04-14T18:03:39+08:00 ] ::1 /hzaumba/index.php/Admin/Index/shouye.html?name=tzgg
INFO: [ app_init ] --START--
INFO: Run Behavior\BuildLiteBehavior [ RunTime:0.000046s ]
INFO: [ app_init ] --END-- [ RunTime:0.000701s ]

[ 2016-04-14T18:03:42+08:00 ] ::1 /hzaumba/index.php/Admin/Index/button.html?name=tzgg&hid=9
INFO: [ app_init ] --START--
INFO: Run Behavior\BuildLiteBehavior [ RunTime:0.000026s ]
INFO: [ app_init ] --END-- [ RunTime:0.000593s ]

[ 2016-04-14T18:03:42+08:00 ] ::1 /hzaumba/index.php/Admin/Index/vendors/bootstrap-switch/build/css/bootstrap3/bootstrap-switch.min.css
INFO: [ app_init ] --START--
INFO: Run Behavior\BuildLiteBehavior [ RunTime:0.000052s ]
INFO: [ app_init ] --END-- [ RunTime:0.000978s ]
ERR: 非法操作:vendors

[ 2016-04-14T18:03:42+08:00 ] ::1 /hzaumba/index.php/Admin/Index/css/bootstrap-switch-small.css
INFO: [ app_init ] --START--
INFO: Run Behavior\BuildLiteBehavior [ RunTime:0.000031s ]
INFO: [ app_init ] --END-- [ RunTime:0.000665s ]
ERR: 非法操作:css

[ 2016-04-14T18:04:33+08:00 ] ::1 /hzaumba/index.php/Admin/Index/buttonsandicons.html?name=zyfz
INFO: [ app_init ] --START--
INFO: Run Behavior\BuildLiteBehavior [ RunTime:0.000027s ]
INFO: [ app_init ] --END-- [ RunTime:0.000615s ]

[ 2016-04-14T18:04:37+08:00 ] ::1 /hzaumba/index.php/Admin/Index/buttonsandicons.html?name=mba_xm
INFO: [ app_init ] --START--
INFO: Run Behavior\BuildLiteBehavior [ RunTime:0.000028s ]
INFO: [ app_init ] --END-- [ RunTime:0.000627s ]

[ 2016-04-14T18:04:40+08:00 ] ::1 /hzaumba/index.php/Admin/Index/buttonsandicons.html?name=pyfa
INFO: [ app_init ] --START--
INFO: Run Behavior\BuildLiteBehavior [ RunTime:0.000029s ]
INFO: [ app_init ] --END-- [ RunTime:0.000612s ]

[ 2016-04-14T18:04:44+08:00 ] ::1 /hzaumba/index.php/Admin/Index/buttonsandicons.html?name=lhhzc
INFO: [ app_init ] --START--
INFO: Run Behavior\BuildLiteBehavior [ RunTime:0.000026s ]
INFO: [ app_init ] --END-- [ RunTime:0.000649s ]

[ 2016-04-14T18:04:51+08:00 ] ::1 /hzaumba/index.php/Admin/Index/buttonsandicons.html?name=lxwm
INFO: [ app_init ] --START--
INFO: Run Behavior\BuildLiteBehavior [ RunTime:0.000026s ]
INFO: [ app_init ] --END-- [ RunTime:0.000774s ]

[ 2016-04-14T18:05:30+08:00 ] ::1 /hzaumba/index.php/Admin/Index/record?name=lxwm
INFO: [ app_init ] --START--
INFO: Run Behavior\BuildLiteBehavior [ RunTime:0.000167s ]
INFO: [ app_init ] --END-- [ RunTime:0.001641s ]

[ 2016-04-14T18:05:30+08:00 ] ::1 /hzaumba/index.php/Admin/Index/buttonsandicons/name/lxwm.html
INFO: [ app_init ] --START--
INFO: Run Behavior\BuildLiteBehavior [ RunTime:0.000024s ]
INFO: [ app_init ] --END-- [ RunTime:0.000623s ]

[ 2016-04-14T18:05:38+08:00 ] ::1 /hzaumba/index.php/Admin/Index/shouye.html?name=tzgg
INFO: [ app_init ] --START--
INFO: Run Behavior\BuildLiteBehavior [ RunTime:0.000024s ]
INFO: [ app_init ] --END-- [ RunTime:0.000600s ]

[ 2016-04-14T18:05:41+08:00 ] ::1 /hzaumba/index.php/Admin/Index/button.html?name=tzgg&hid=9
INFO: [ app_init ] --START--
INFO: Run Behavior\BuildLiteBehavior [ RunTime:0.000026s ]
INFO: [ app_init ] --END-- [ RunTime:0.000755s ]

[ 2016-04-14T18:05:41+08:00 ] ::1 /hzaumba/index.php/Admin/Index/vendors/bootstrap-switch/build/css/bootstrap3/bootstrap-switch.min.css
INFO: [ app_init ] --START--
INFO: Run Behavior\BuildLiteBehavior [ RunTime:0.000047s ]
INFO: [ app_init ] --END-- [ RunTime:0.000890s ]
ERR: 非法操作:vendors

[ 2016-04-14T18:05:41+08:00 ] ::1 /hzaumba/index.php/Admin/Index/css/bootstrap-switch-small.css
INFO: [ app_init ] --START--
INFO: Run Behavior\BuildLiteBehavior [ RunTime:0.000046s ]
INFO: [ app_init ] --END-- [ RunTime:0.001066s ]
ERR: 非法操作:css

[ 2016-04-14T18:05:45+08:00 ] ::1 /hzaumba/index.php/Admin/Index/links.html
INFO: [ app_init ] --START--
INFO: Run Behavior\BuildLiteBehavior [ RunTime:0.000030s ]
INFO: [ app_init ] --END-- [ RunTime:0.000756s ]

[ 2016-04-14T18:06:00+08:00 ] ::1 /hzaumba/index.php/Admin/Index/shouye.html?name=xwzx
INFO: [ app_init ] --START--
INFO: Run Behavior\BuildLiteBehavior [ RunTime:0.000048s ]
INFO: [ app_init ] --END-- [ RunTime:0.000933s ]

[ 2016-04-14T18:06:02+08:00 ] ::1 /hzaumba/index.php/Admin/Index/button.html?name=xwzx&hid=17
INFO: [ app_init ] --START--
INFO: Run Behavior\BuildLiteBehavior [ RunTime:0.000030s ]
INFO: [ app_init ] --END-- [ RunTime:0.000867s ]

[ 2016-04-14T18:06:02+08:00 ] ::1 /hzaumba/index.php/Admin/Index/vendors/bootstrap-switch/build/css/bootstrap3/bootstrap-switch.min.css
INFO: [ app_init ] --START--
INFO: Run Behavior\BuildLiteBehavior [ RunTime:0.000046s ]
INFO: [ app_init ] --END-- [ RunTime:0.000869s ]
ERR: 非法操作:vendors

[ 2016-04-14T18:06:02+08:00 ] ::1 /hzaumba/index.php/Admin/Index/css/bootstrap-switch-small.css
INFO: [ app_init ] --START--
INFO: Run Behavior\BuildLiteBehavior [ RunTime:0.000048s ]
INFO: [ app_init ] --END-- [ RunTime:0.000783s ]
ERR: 非法操作:css

[ 2016-04-14T18:06:07+08:00 ] ::1 /hzaumba/index.php/Admin/Index/shouye.html?name=tzgg
INFO: [ app_init ] --START--
INFO: Run Behavior\BuildLiteBehavior [ RunTime:0.000025s ]
INFO: [ app_init ] --END-- [ RunTime:0.000638s ]

[ 2016-04-14T18:06:09+08:00 ] ::1 /hzaumba/index.php/Admin/Index/button.html?name=tzgg&hid=9
INFO: [ app_init ] --START--
INFO: Run Behavior\BuildLiteBehavior [ RunTime:0.000026s ]
INFO: [ app_init ] --END-- [ RunTime:0.000588s ]

[ 2016-04-14T18:06:10+08:00 ] ::1 /hzaumba/index.php/Admin/Index/css/bootstrap-switch-small.css
INFO: [ app_init ] --START--
INFO: Run Behavior\BuildLiteBehavior [ RunTime:0.000050s ]
INFO: [ app_init ] --END-- [ RunTime:0.000908s ]
ERR: 非法操作:css

[ 2016-04-14T18:06:10+08:00 ] ::1 /hzaumba/index.php/Admin/Index/vendors/bootstrap-switch/build/css/bootstrap3/bootstrap-switch.min.css
INFO: [ app_init ] --START--
INFO: Run Behavior\BuildLiteBehavior [ RunTime:0.000051s ]
INFO: [ app_init ] --END-- [ RunTime:0.001502s ]
ERR: 非法操作:vendors

[ 2016-04-14T18:06:17+08:00 ] ::1 /hzaumba/index.php/Admin/Index/shouye.html?name=xxjw
INFO: [ app_init ] --START--
INFO: Run Behavior\BuildLiteBehavior [ RunTime:0.000031s ]
INFO: [ app_init ] --END-- [ RunTime:0.000602s ]

[ 2016-04-14T18:06:19+08:00 ] ::1 /hzaumba/index.php/Admin/Index/button.html?name=xxjw&hid=11
INFO: [ app_init ] --START--
INFO: Run Behavior\BuildLiteBehavior [ RunTime:0.000025s ]
INFO: [ app_init ] --END-- [ RunTime:0.000683s ]

[ 2016-04-14T18:06:19+08:00 ] ::1 /hzaumba/index.php/Admin/Index/vendors/bootstrap-switch/build/css/bootstrap3/bootstrap-switch.min.css
INFO: [ app_init ] --START--
INFO: Run Behavior\BuildLiteBehavior [ RunTime:0.000030s ]
INFO: [ app_init ] --END-- [ RunTime:0.000697s ]
ERR: 非法操作:vendors

[ 2016-04-14T18:06:19+08:00 ] ::1 /hzaumba/index.php/Admin/Index/css/bootstrap-switch-small.css
INFO: [ app_init ] --START--
INFO: Run Behavior\BuildLiteBehavior [ RunTime:0.000054s ]
INFO: [ app_init ] --END-- [ RunTime:0.001172s ]
ERR: 非法操作:css

[ 2016-04-14T18:06:22+08:00 ] ::1 /hzaumba/index.php/Admin/Index/shouye.html?name=xxzs
INFO: [ app_init ] --START--
INFO: Run Behavior\BuildLiteBehavior [ RunTime:0.000046s ]
INFO: [ app_init ] --END-- [ RunTime:0.000910s ]

[ 2016-04-14T18:06:25+08:00 ] ::1 /hzaumba/index.php/Admin/Index/button.html?name=xxzs&hid=10
INFO: [ app_init ] --START--
INFO: Run Behavior\BuildLiteBehavior [ RunTime:0.000031s ]
INFO: [ app_init ] --END-- [ RunTime:0.000630s ]

[ 2016-04-14T18:06:25+08:00 ] ::1 /hzaumba/index.php/Admin/Index/vendors/bootstrap-switch/build/css/bootstrap3/bootstrap-switch.min.css
INFO: [ app_init ] --START--
INFO: Run Behavior\BuildLiteBehavior [ RunTime:0.000059s ]
INFO: [ app_init ] --END-- [ RunTime:0.001158s ]
ERR: 非法操作:vendors

[ 2016-04-14T18:06:25+08:00 ] ::1 /hzaumba/index.php/Admin/Index/css/bootstrap-switch-small.css
INFO: [ app_init ] --START--
INFO: Run Behavior\BuildLiteBehavior [ RunTime:0.000045s ]
INFO: [ app_init ] --END-- [ RunTime:0.000901s ]
ERR: 非法操作:css

[ 2016-04-14T18:06:27+08:00 ] ::1 /hzaumba/index.php/Admin/Index/download.html
INFO: [ app_init ] --START--
INFO: Run Behavior\BuildLiteBehavior [ RunTime:0.000035s ]
INFO: [ app_init ] --END-- [ RunTime:0.001035s ]

[ 2016-04-14T18:07:45+08:00 ] ::1 /hzaumba/index.php/Admin/Index/image.html
INFO: [ app_init ] --START--
INFO: Run Behavior\BuildLiteBehavior [ RunTime:0.000025s ]
INFO: [ app_init ] --END-- [ RunTime:0.000703s ]

[ 2016-04-14T18:08:17+08:00 ] ::1 /hzaumba/index.php/Admin/Index/image.html
INFO: [ app_init ] --START--
INFO: Run Behavior\BuildLiteBehavior [ RunTime:0.000032s ]
INFO: [ app_init ] --END-- [ RunTime:0.000790s ]

[ 2016-04-14T18:08:53+08:00 ] ::1 /hzaumba/index.php/Admin/Index/record_image
INFO: [ app_init ] --START--
INFO: Run Behavior\BuildLiteBehavior [ RunTime:0.000026s ]
INFO: [ app_init ] --END-- [ RunTime:0.000636s ]

[ 2016-04-14T18:08:53+08:00 ] ::1 /hzaumba/index.php/Admin/Index/image.html
INFO: [ app_init ] --START--
INFO: Run Behavior\BuildLiteBehavior [ RunTime:0.000027s ]
INFO: [ app_init ] --END-- [ RunTime:0.000589s ]

[ 2016-04-14T18:09:15+08:00 ] ::1 /hzaumba/index.php/Admin/Index/record_image
INFO: [ app_init ] --START--
INFO: Run Behavior\BuildLiteBehavior [ RunTime:0.000029s ]
INFO: [ app_init ] --END-- [ RunTime:0.000697s ]

[ 2016-04-14T18:09:15+08:00 ] ::1 /hzaumba/index.php/Admin/Index/image.html
INFO: [ app_init ] --START--
INFO: Run Behavior\BuildLiteBehavior [ RunTime:0.000025s ]
INFO: [ app_init ] --END-- [ RunTime:0.000633s ]

[ 2016-04-14T18:09:46+08:00 ] ::1 /hzaumba/index.php/Admin/Index/record_image
INFO: [ app_init ] --START--
INFO: Run Behavior\BuildLiteBehavior [ RunTime:0.000055s ]
INFO: [ app_init ] --END-- [ RunTime:0.000797s ]

[ 2016-04-14T18:09:46+08:00 ] ::1 /hzaumba/index.php/Admin/Index/image.html
INFO: [ app_init ] --START--
INFO: Run Behavior\BuildLiteBehavior [ RunTime:0.000025s ]
INFO: [ app_init ] --END-- [ RunTime:0.000611s ]

[ 2016-04-14T18:10:02+08:00 ] ::1 /hzaumba/index.php/Admin/Index/delete_image?hid=28
INFO: [ app_init ] --START--
INFO: Run Behavior\BuildLiteBehavior [ RunTime:0.000025s ]
INFO: [ app_init ] --END-- [ RunTime:0.000612s ]

[ 2016-04-14T18:10:02+08:00 ] ::1 /hzaumba/index.php/Admin/Index/image.html
INFO: [ app_init ] --START--
INFO: Run Behavior\BuildLiteBehavior [ RunTime:0.000038s ]
INFO: [ app_init ] --END-- [ RunTime:0.001110s ]

[ 2016-04-14T18:10:04+08:00 ] ::1 /hzaumba/index.php/Admin/Index/delete_image?hid=29
INFO: [ app_init ] --START--
INFO: Run Behavior\BuildLiteBehavior [ RunTime:0.000025s ]
INFO: [ app_init ] --END-- [ RunTime:0.000736s ]

[ 2016-04-14T18:10:04+08:00 ] ::1 /hzaumba/index.php/Admin/Index/image.html
INFO: [ app_init ] --START--
INFO: Run Behavior\BuildLiteBehavior [ RunTime:0.000025s ]
INFO: [ app_init ] --END-- [ RunTime:0.001035s ]

[ 2016-04-14T18:10:11+08:00 ] ::1 /hzaumba/index.php/Admin/Index/record_image
INFO: [ app_init ] --START--
INFO: Run Behavior\BuildLiteBehavior [ RunTime:0.000031s ]
INFO: [ app_init ] --END-- [ RunTime:0.000604s ]

[ 2016-04-14T18:10:11+08:00 ] ::1 /hzaumba/index.php/Admin/Index/image.html
INFO: [ app_init ] --START--
INFO: Run Behavior\BuildLiteBehavior [ RunTime:0.000069s ]
INFO: [ app_init ] --END-- [ RunTime:0.000785s ]

[ 2016-04-14T18:10:17+08:00 ] ::1 /hzaumba/index.php/Admin/Index/record_image
INFO: [ app_init ] --START--
INFO: Run Behavior\BuildLiteBehavior [ RunTime:0.000029s ]
INFO: [ app_init ] --END-- [ RunTime:0.000757s ]

[ 2016-04-14T18:10:17+08:00 ] ::1 /hzaumba/index.php/Admin/Index/image.html
INFO: [ app_init ] --START--
INFO: Run Behavior\BuildLiteBehavior [ RunTime:0.000049s ]
INFO: [ app_init ] --END-- [ RunTime:0.001041s ]

[ 2016-04-14T18:11:06+08:00 ] ::1 /hzaumba/index.php/Admin/Index/logo.html
INFO: [ app_init ] --START--
INFO: Run Behavior\BuildLiteBehavior [ RunTime:0.000027s ]
INFO: [ app_init ] --END-- [ RunTime:0.001009s ]

[ 2016-04-14T18:11:41+08:00 ] ::1 /hzaumba/index.php/admin/Upload/upload_logo
INFO: [ app_init ] --START--
INFO: Run Behavior\BuildLiteBehavior [ RunTime:0.000034s ]
INFO: [ app_init ] --END-- [ RunTime:0.000765s ]

[ 2016-04-14T18:11:41+08:00 ] ::1 /hzaumba/index.php/Admin/Index/logo.html
INFO: [ app_init ] --START--
INFO: Run Behavior\BuildLiteBehavior [ RunTime:0.000025s ]
INFO: [ app_init ] --END-- [ RunTime:0.000668s ]

[ 2016-04-14T18:12:13+08:00 ] ::1 /hzaumba/index.php/admin/Upload/delete_logo?hid=33
INFO: [ app_init ] --START--
INFO: Run Behavior\BuildLiteBehavior [ RunTime:0.000047s ]
INFO: [ app_init ] --END-- [ RunTime:0.000948s ]

[ 2016-04-14T18:12:13+08:00 ] ::1 /hzaumba/index.php/Admin/Index/logo.html
INFO: [ app_init ] --START--
INFO: Run Behavior\BuildLiteBehavior [ RunTime:0.000027s ]
INFO: [ app_init ] --END-- [ RunTime:0.000585s ]

[ 2016-04-14T18:12:33+08:00 ] ::1 /hzaumba/index.php/admin/Upload/upload_logo
INFO: [ app_init ] --START--
INFO: Run Behavior\BuildLiteBehavior [ RunTime:0.000029s ]
INFO: [ app_init ] --END-- [ RunTime:0.000628s ]

[ 2016-04-14T18:12:33+08:00 ] ::1 /hzaumba/index.php/Admin/Index/logo.html
INFO: [ app_init ] --START--
INFO: Run Behavior\BuildLiteBehavior [ RunTime:0.000025s ]
INFO: [ app_init ] --END-- [ RunTime:0.000637s ]

[ 2016-04-14T18:15:10+08:00 ] ::1 /hzaumba/index.php/Admin/Index/image.html
INFO: [ app_init ] --START--
INFO: Run Behavior\BuildLiteBehavior [ RunTime:0.000030s ]
INFO: [ app_init ] --END-- [ RunTime:0.000608s ]

[ 2016-04-14T18:16:37+08:00 ] ::1 /hzaumba/index.php/Admin/Index/buttonsandicons.html?name=lhhzc
INFO: [ app_init ] --START--
INFO: Run Behavior\BuildLiteBehavior [ RunTime:0.000027s ]
INFO: [ app_init ] --END-- [ RunTime:0.000716s ]

[ 2016-04-14T18:16:47+08:00 ] ::1 /hzaumba/index.php/Admin/Index/record?name=lhhzc
INFO: [ app_init ] --START--
INFO: Run Behavior\BuildLiteBehavior [ RunTime:0.000029s ]
INFO: [ app_init ] --END-- [ RunTime:0.000617s ]

[ 2016-04-14T18:16:47+08:00 ] ::1 /hzaumba/index.php/Admin/Index/buttonsandicons/name/lhhzc.html
INFO: [ app_init ] --START--
INFO: Run Behavior\BuildLiteBehavior [ RunTime:0.000027s ]
INFO: [ app_init ] --END-- [ RunTime:0.000620s ]

[ 2016-04-14T18:16:57+08:00 ] ::1 /hzaumba/index.php/Admin/Index/buttonsandicons.html?name=org
INFO: [ app_init ] --START--
INFO: Run Behavior\BuildLiteBehavior [ RunTime:0.000026s ]
INFO: [ app_init ] --END-- [ RunTime:0.000655s ]

[ 2016-04-14T18:17:03+08:00 ] ::1 /hzaumba/index.php/Admin/Index/record?name=org
INFO: [ app_init ] --START--
INFO: Run Behavior\BuildLiteBehavior [ RunTime:0.000029s ]
INFO: [ app_init ] --END-- [ RunTime:0.000611s ]

[ 2016-04-14T18:17:03+08:00 ] ::1 /hzaumba/index.php/Admin/Index/buttonsandicons/name/org.html
INFO: [ app_init ] --START--
INFO: Run Behavior\BuildLiteBehavior [ RunTime:0.000029s ]
INFO: [ app_init ] --END-- [ RunTime:0.000690s ]

[ 2016-04-14T18:17:05+08:00 ] ::1 /hzaumba/index.php/Admin/Index/buttonsandicons.html?name=lxwm
INFO: [ app_init ] --START--
INFO: Run Behavior\BuildLiteBehavior [ RunTime:0.000030s ]
INFO: [ app_init ] --END-- [ RunTime:0.000866s ]

[ 2016-04-14T18:17:16+08:00 ] ::1 /hzaumba/index.php/Admin/Index/record?name=lxwm
INFO: [ app_init ] --START--
INFO: Run Behavior\BuildLiteBehavior [ RunTime:0.000065s ]
INFO: [ app_init ] --END-- [ RunTime:0.001849s ]

[ 2016-04-14T18:17:16+08:00 ] ::1 /hzaumba/index.php/Admin/Index/buttonsandicons/name/lxwm.html
INFO: [ app_init ] --START--
INFO: Run Behavior\BuildLiteBehavior [ RunTime:0.000026s ]
INFO: [ app_init ] --END-- [ RunTime:0.000861s ]

[ 2016-04-14T18:17:43+08:00 ] ::1 /hzaumba/index.php/Admin/Index/record?name=lxwm
INFO: [ app_init ] --START--
INFO: Run Behavior\BuildLiteBehavior [ RunTime:0.000025s ]
INFO: [ app_init ] --END-- [ RunTime:0.000714s ]

[ 2016-04-14T18:17:43+08:00 ] ::1 /hzaumba/index.php/Admin/Index/buttonsandicons/name/lxwm.html
INFO: [ app_init ] --START--
INFO: Run Behavior\BuildLiteBehavior [ RunTime:0.000033s ]
INFO: [ app_init ] --END-- [ RunTime:0.000789s ]

[ 2016-04-14T18:17:55+08:00 ] ::1 /hzaumba/index.php/Admin/Index/record?name=lxwm
INFO: [ app_init ] --START--
INFO: Run Behavior\BuildLiteBehavior [ RunTime:0.000028s ]
INFO: [ app_init ] --END-- [ RunTime:0.001123s ]

[ 2016-04-14T18:17:55+08:00 ] ::1 /hzaumba/index.php/Admin/Index/buttonsandicons/name/lxwm.html
INFO: [ app_init ] --START--
INFO: Run Behavior\BuildLiteBehavior [ RunTime:0.000028s ]
INFO: [ app_init ] --END-- [ RunTime:0.000736s ]

[ 2016-04-14T18:18:08+08:00 ] ::1 /hzaumba/index.php/Admin/Index/record?name=lxwm
INFO: [ app_init ] --START--
INFO: Run Behavior\BuildLiteBehavior [ RunTime:0.000030s ]
INFO: [ app_init ] --END-- [ RunTime:0.000641s ]

[ 2016-04-14T18:18:08+08:00 ] ::1 /hzaumba/index.php/Admin/Index/buttonsandicons/name/lxwm.html
INFO: [ app_init ] --START--
INFO: Run Behavior\BuildLiteBehavior [ RunTime:0.000027s ]
INFO: [ app_init ] --END-- [ RunTime:0.000598s ]

[ 2016-04-14T19:28:44+08:00 ] ::1 /hzaumba/index.php/Admin/Login/index
INFO: [ app_init ] --START--
INFO: Run Behavior\BuildLiteBehavior [ RunTime:0.000073s ]
INFO: [ app_init ] --END-- [ RunTime:0.001202s ]

[ 2016-04-14T19:28:49+08:00 ] ::1 /hzaumba/index.php/Admin/Login/do_login.html
INFO: [ app_init ] --START--
INFO: Run Behavior\BuildLiteBehavior [ RunTime:0.000030s ]
INFO: [ app_init ] --END-- [ RunTime:0.000739s ]

[ 2016-04-14T19:28:49+08:00 ] ::1 /hzaumba/index.php/Admin/Index/shouye/name/xwzx.html
INFO: [ app_init ] --START--
INFO: Run Behavior\BuildLiteBehavior [ RunTime:0.000046s ]
INFO: [ app_init ] --END-- [ RunTime:0.001223s ]

[ 2016-04-14T19:28:52+08:00 ] ::1 /hzaumba/index.php/Admin/Index/image.html
INFO: [ app_init ] --START--
INFO: Run Behavior\BuildLiteBehavior [ RunTime:0.000063s ]
INFO: [ app_init ] --END-- [ RunTime:0.000901s ]
>>>>>>> Stashed changes

[ 2016-04-14T19:58:16+08:00 ] ::1 /hzaumba/index.php/Admin/Login/index
INFO: [ app_init ] --START--
INFO: Run Behavior\BuildLiteBehavior [ RunTime:0.000027s ]
INFO: [ app_init ] --END-- [ RunTime:0.000929s ]

[ 2016-04-14T19:58:22+08:00 ] ::1 /hzaumba/index.php/Admin/Login/do_login.html
INFO: [ app_init ] --START--
INFO: Run Behavior\BuildLiteBehavior [ RunTime:0.000041s ]
INFO: [ app_init ] --END-- [ RunTime:0.000803s ]

[ 2016-04-14T19:58:23+08:00 ] ::1 /hzaumba/index.php/Admin/Index/shouye/name/xwzx.html
INFO: [ app_init ] --START--
INFO: Run Behavior\BuildLiteBehavior [ RunTime:0.000028s ]
INFO: [ app_init ] --END-- [ RunTime:0.000610s ]

[ 2016-04-14T19:58:59+08:00 ] ::1 /hzaumba/index.php/Admin/Index/image.html
INFO: [ app_init ] --START--
INFO: Run Behavior\BuildLiteBehavior [ RunTime:0.000028s ]
INFO: [ app_init ] --END-- [ RunTime:0.000676s ]

[ 2016-04-14T19:59:08+08:00 ] ::1 /hzaumba/index.php/admin/Upload/record_image
INFO: [ app_init ] --START--
INFO: Run Behavior\BuildLiteBehavior [ RunTime:0.000026s ]
INFO: [ app_init ] --END-- [ RunTime:0.000722s ]

[ 2016-04-14T19:59:29+08:00 ] ::1 /hzaumba/index.php/admin/Upload/delete_image?hid=32
INFO: [ app_init ] --START--
INFO: Run Behavior\BuildLiteBehavior [ RunTime:0.000053s ]
INFO: [ app_init ] --END-- [ RunTime:0.001156s ]

[ 2016-04-14T19:59:29+08:00 ] ::1 /hzaumba/index.php/Admin/Index/image.html
INFO: [ app_init ] --START--
INFO: Run Behavior\BuildLiteBehavior [ RunTime:0.000027s ]
INFO: [ app_init ] --END-- [ RunTime:0.000849s ]

[ 2016-04-14T19:59:41+08:00 ] ::1 /hzaumba/index.php/admin/Upload/record_image
INFO: [ app_init ] --START--
INFO: Run Behavior\BuildLiteBehavior [ RunTime:0.000025s ]
INFO: [ app_init ] --END-- [ RunTime:0.000772s ]

[ 2016-04-14T19:59:41+08:00 ] ::1 /hzaumba/index.php/Admin/Index/image.html
INFO: [ app_init ] --START--
INFO: Run Behavior\BuildLiteBehavior [ RunTime:0.000026s ]
INFO: [ app_init ] --END-- [ RunTime:0.000648s ]

[ 2016-04-14T20:19:31+08:00 ] ::1 /hzaumba/index.php/Admin/Index/image.html
INFO: [ app_init ] --START--
INFO: Run Behavior\BuildLiteBehavior [ RunTime:0.000056s ]
INFO: [ app_init ] --END-- [ RunTime:0.001114s ]

