[ 2016-05-07T19:04:09+08:00 ] ::1 /hzaumba/index.php/Admin/Login/index
INFO: [ app_init ] --START--
INFO: Run Behavior\BuildLiteBehavior [ RunTime:0.000027s ]
INFO: [ app_init ] --END-- [ RunTime:0.000541s ]

[ 2016-05-07T19:04:14+08:00 ] ::1 /hzaumba/index.php/Admin/Login/do_login.html
INFO: [ app_init ] --START--
INFO: Run Behavior\BuildLiteBehavior [ RunTime:0.000029s ]
INFO: [ app_init ] --END-- [ RunTime:0.000645s ]

[ 2016-05-07T19:04:14+08:00 ] ::1 /hzaumba/index.php/Admin/Index/shouye/name/xwzx.html
INFO: [ app_init ] --START--
INFO: Run Behavior\BuildLiteBehavior [ RunTime:0.000027s ]
INFO: [ app_init ] --END-- [ RunTime:0.000557s ]

[ 2016-05-07T19:04:20+08:00 ] ::1 /hzaumba/index.php/Admin/Index/buttonsandicons.html?name=zzjg
INFO: [ app_init ] --START--
INFO: Run Behavior\BuildLiteBehavior [ RunTime:0.000029s ]
INFO: [ app_init ] --END-- [ RunTime:0.000646s ]

[ 2016-05-07T19:04:50+08:00 ] ::1 /hzaumba/index.php/Admin/Index/record?name=zzjg
INFO: [ app_init ] --START--
INFO: Run Behavior\BuildLiteBehavior [ RunTime:0.000029s ]
INFO: [ app_init ] --END-- [ RunTime:0.000661s ]

[ 2016-05-07T19:04:50+08:00 ] ::1 /hzaumba/index.php/Admin/Index/buttonsandicons/name/zzjg.html
INFO: [ app_init ] --START--
INFO: Run Behavior\BuildLiteBehavior [ RunTime:0.000025s ]
INFO: [ app_init ] --END-- [ RunTime:0.000800s ]

[ 2016-05-07T19:05:09+08:00 ] ::1 /hzaumba/index.php/Admin/Index/record?name=zzjg
INFO: [ app_init ] --START--
INFO: Run Behavior\BuildLiteBehavior [ RunTime:0.000027s ]
INFO: [ app_init ] --END-- [ RunTime:0.000900s ]

[ 2016-05-07T19:05:09+08:00 ] ::1 /hzaumba/index.php/Admin/Index/buttonsandicons/name/zzjg.html
INFO: [ app_init ] --START--
INFO: Run Behavior\BuildLiteBehavior [ RunTime:0.000054s ]
INFO: [ app_init ] --END-- [ RunTime:0.000654s ]

[ 2016-05-07T19:06:05+08:00 ] ::1 /hzaumba/index.php/Admin/Index/record?name=zzjg
INFO: [ app_init ] --START--
INFO: Run Behavior\BuildLiteBehavior [ RunTime:0.000026s ]
INFO: [ app_init ] --END-- [ RunTime:0.000581s ]

[ 2016-05-07T19:06:05+08:00 ] ::1 /hzaumba/index.php/Admin/Index/buttonsandicons/name/zzjg.html
INFO: [ app_init ] --START--
INFO: Run Behavior\BuildLiteBehavior [ RunTime:0.000029s ]
INFO: [ app_init ] --END-- [ RunTime:0.000610s ]

[ 2016-05-07T21:19:36+08:00 ] ::1 /hzaumba/index.php/Admin/Index/buttonsandicons.html?name=lxwm
INFO: [ app_init ] --START--
INFO: Run Behavior\BuildLiteBehavior [ RunTime:0.000026s ]
INFO: [ app_init ] --END-- [ RunTime:0.000682s ]

[ 2016-05-07T21:19:59+08:00 ] ::1 /hzaumba/index.php/Admin/Index/record?name=lxwm
INFO: [ app_init ] --START--
INFO: Run Behavior\BuildLiteBehavior [ RunTime:0.000027s ]
INFO: [ app_init ] --END-- [ RunTime:0.000619s ]

[ 2016-05-07T21:19:59+08:00 ] ::1 /hzaumba/index.php/Admin/Index/buttonsandicons/name/lxwm.html
INFO: [ app_init ] --START--
INFO: Run Behavior\BuildLiteBehavior [ RunTime:0.000076s ]
INFO: [ app_init ] --END-- [ RunTime:0.001273s ]

[ 2016-05-07T21:22:40+08:00 ] ::1 /hzaumba/index.php/Admin/Index/record?name=lxwm
INFO: [ app_init ] --START--
INFO: Run Behavior\BuildLiteBehavior [ RunTime:0.000025s ]
INFO: [ app_init ] --END-- [ RunTime:0.000933s ]

[ 2016-05-07T21:22:40+08:00 ] ::1 /hzaumba/index.php/Admin/Index/buttonsandicons/name/lxwm.html
INFO: [ app_init ] --START--
INFO: Run Behavior\BuildLiteBehavior [ RunTime:0.000036s ]
INFO: [ app_init ] --END-- [ RunTime:0.000790s ]

[ 2016-05-07T21:23:20+08:00 ] ::1 /hzaumba/index.php/Admin/Index/record?name=lxwm
INFO: [ app_init ] --START--
INFO: Run Behavior\BuildLiteBehavior [ RunTime:0.000056s ]
INFO: [ app_init ] --END-- [ RunTime:0.000950s ]

[ 2016-05-07T21:23:20+08:00 ] ::1 /hzaumba/index.php/Admin/Index/buttonsandicons/name/lxwm.html
INFO: [ app_init ] --START--
INFO: Run Behavior\BuildLiteBehavior [ RunTime:0.000035s ]
INFO: [ app_init ] --END-- [ RunTime:0.000673s ]

[ 2016-05-07T21:23:51+08:00 ] ::1 /hzaumba/index.php/Admin/Index/buttonsandicons/name/lxwm.html
INFO: [ app_init ] --START--
INFO: Run Behavior\BuildLiteBehavior [ RunTime:0.000033s ]
INFO: [ app_init ] --END-- [ RunTime:0.000872s ]

[ 2016-05-07T21:28:15+08:00 ] ::1 /hzaumba/index.php/Admin/Index/record?name=lxwm
INFO: [ app_init ] --START--
INFO: Run Behavior\BuildLiteBehavior [ RunTime:0.000033s ]
INFO: [ app_init ] --END-- [ RunTime:0.000659s ]

[ 2016-05-07T21:28:15+08:00 ] ::1 /hzaumba/index.php/Admin/Index/buttonsandicons/name/lxwm.html
INFO: [ app_init ] --START--
INFO: Run Behavior\BuildLiteBehavior [ RunTime:0.000041s ]
INFO: [ app_init ] --END-- [ RunTime:0.000889s ]

[ 2016-05-07T21:28:27+08:00 ] ::1 /hzaumba/index.php/Admin/Index/record?name=lxwm
INFO: [ app_init ] --START--
INFO: Run Behavior\BuildLiteBehavior [ RunTime:0.000027s ]
INFO: [ app_init ] --END-- [ RunTime:0.000617s ]

[ 2016-05-07T21:28:27+08:00 ] ::1 /hzaumba/index.php/Admin/Index/buttonsandicons/name/lxwm.html
INFO: [ app_init ] --START--
INFO: Run Behavior\BuildLiteBehavior [ RunTime:0.000028s ]
INFO: [ app_init ] --END-- [ RunTime:0.000668s ]

[ 2016-05-07T21:28:55+08:00 ] ::1 /hzaumba/index.php/Admin/Index/record?name=lxwm
INFO: [ app_init ] --START--
INFO: Run Behavior\BuildLiteBehavior [ RunTime:0.000027s ]
INFO: [ app_init ] --END-- [ RunTime:0.000635s ]

[ 2016-05-07T21:28:55+08:00 ] ::1 /hzaumba/index.php/Admin/Index/buttonsandicons/name/lxwm.html
INFO: [ app_init ] --START--
INFO: Run Behavior\BuildLiteBehavior [ RunTime:0.000044s ]
INFO: [ app_init ] --END-- [ RunTime:0.000998s ]

[ 2016-05-07T21:29:59+08:00 ] ::1 /hzaumba/index.php/Admin/Index/buttonsandicons.html?name=xnds
INFO: [ app_init ] --START--
INFO: Run Behavior\BuildLiteBehavior [ RunTime:0.000026s ]
INFO: [ app_init ] --END-- [ RunTime:0.000866s ]

[ 2016-05-07T21:30:39+08:00 ] ::1 /hzaumba/index.php/Admin/Index/record?name=xnds
INFO: [ app_init ] --START--
INFO: Run Behavior\BuildLiteBehavior [ RunTime:0.000028s ]
INFO: [ app_init ] --END-- [ RunTime:0.000569s ]

[ 2016-05-07T21:30:39+08:00 ] ::1 /hzaumba/index.php/Admin/Index/buttonsandicons/name/xnds.html
INFO: [ app_init ] --START--
INFO: Run Behavior\BuildLiteBehavior [ RunTime:0.000026s ]
INFO: [ app_init ] --END-- [ RunTime:0.000820s ]

[ 2016-05-07T21:30:52+08:00 ] ::1 /hzaumba/index.php/Admin/Index/record?name=xnds
INFO: [ app_init ] --START--
INFO: Run Behavior\BuildLiteBehavior [ RunTime:0.000030s ]
INFO: [ app_init ] --END-- [ RunTime:0.000645s ]

[ 2016-05-07T21:30:52+08:00 ] ::1 /hzaumba/index.php/Admin/Index/buttonsandicons/name/xnds.html
INFO: [ app_init ] --START--
INFO: Run Behavior\BuildLiteBehavior [ RunTime:0.000033s ]
INFO: [ app_init ] --END-- [ RunTime:0.000629s ]

[ 2016-05-07T21:31:08+08:00 ] ::1 /hzaumba/index.php/Admin/Index/record?name=xnds
INFO: [ app_init ] --START--
INFO: Run Behavior\BuildLiteBehavior [ RunTime:0.000045s ]
INFO: [ app_init ] --END-- [ RunTime:0.001318s ]

[ 2016-05-07T21:31:08+08:00 ] ::1 /hzaumba/index.php/Admin/Index/buttonsandicons/name/xnds.html
INFO: [ app_init ] --START--
INFO: Run Behavior\BuildLiteBehavior [ RunTime:0.000027s ]
INFO: [ app_init ] --END-- [ RunTime:0.000614s ]

[ 2016-05-07T21:32:52+08:00 ] ::1 /hzaumba/index.php/Admin/Index/buttonsandicons.html?name=zxjj
INFO: [ app_init ] --START--
INFO: Run Behavior\BuildLiteBehavior [ RunTime:0.000025s ]
INFO: [ app_init ] --END-- [ RunTime:0.000601s ]

[ 2016-05-07T21:32:54+08:00 ] ::1 /hzaumba/index.php/Admin/Index/buttonsandicons.html?name=zzjg
INFO: [ app_init ] --START--
INFO: Run Behavior\BuildLiteBehavior [ RunTime:0.000028s ]
INFO: [ app_init ] --END-- [ RunTime:0.000554s ]

[ 2016-05-07T21:33:00+08:00 ] ::1 /hzaumba/index.php/Admin/Index/buttonsandicons.html?name=jyln
INFO: [ app_init ] --START--
INFO: Run Behavior\BuildLiteBehavior [ RunTime:0.000044s ]
INFO: [ app_init ] --END-- [ RunTime:0.000887s ]

[ 2016-05-07T21:34:13+08:00 ] ::1 /hzaumba/index.php/Admin/Index/record?name=jyln
INFO: [ app_init ] --START--
INFO: Run Behavior\BuildLiteBehavior [ RunTime:0.000029s ]
INFO: [ app_init ] --END-- [ RunTime:0.000758s ]

[ 2016-05-07T21:34:13+08:00 ] ::1 /hzaumba/index.php/Admin/Index/buttonsandicons/name/jyln.html
INFO: [ app_init ] --START--
INFO: Run Behavior\BuildLiteBehavior [ RunTime:0.000040s ]
INFO: [ app_init ] --END-- [ RunTime:0.000864s ]

[ 2016-05-07T21:34:35+08:00 ] ::1 /hzaumba/index.php/Admin/Index/record?name=jyln
INFO: [ app_init ] --START--
INFO: Run Behavior\BuildLiteBehavior [ RunTime:0.000027s ]
INFO: [ app_init ] --END-- [ RunTime:0.000922s ]

[ 2016-05-07T21:34:35+08:00 ] ::1 /hzaumba/index.php/Admin/Index/buttonsandicons/name/jyln.html
INFO: [ app_init ] --START--
INFO: Run Behavior\BuildLiteBehavior [ RunTime:0.000028s ]
INFO: [ app_init ] --END-- [ RunTime:0.000656s ]

[ 2016-05-07T21:35:28+08:00 ] ::1 /hzaumba/index.php/Admin/Index/record?name=jyln
INFO: [ app_init ] --START--
INFO: Run Behavior\BuildLiteBehavior [ RunTime:0.000028s ]
INFO: [ app_init ] --END-- [ RunTime:0.000614s ]

[ 2016-05-07T21:35:28+08:00 ] ::1 /hzaumba/index.php/Admin/Index/buttonsandicons/name/jyln.html
INFO: [ app_init ] --START--
INFO: Run Behavior\BuildLiteBehavior [ RunTime:0.000028s ]
INFO: [ app_init ] --END-- [ RunTime:0.000621s ]

[ 2016-05-07T21:35:54+08:00 ] ::1 /hzaumba/index.php/Admin/Index/buttonsandicons.html?name=mba_xm
INFO: [ app_init ] --START--
INFO: Run Behavior\BuildLiteBehavior [ RunTime:0.000027s ]
INFO: [ app_init ] --END-- [ RunTime:0.000653s ]

[ 2016-05-07T21:36:14+08:00 ] ::1 /hzaumba/index.php/Admin/Index/record?name=mba_xm
INFO: [ app_init ] --START--
INFO: Run Behavior\BuildLiteBehavior [ RunTime:0.000028s ]
INFO: [ app_init ] --END-- [ RunTime:0.000624s ]

[ 2016-05-07T21:36:15+08:00 ] ::1 /hzaumba/index.php/Admin/Index/buttonsandicons/name/mba_xm.html
INFO: [ app_init ] --START--
INFO: Run Behavior\BuildLiteBehavior [ RunTime:0.000027s ]
INFO: [ app_init ] --END-- [ RunTime:0.000570s ]

[ 2016-05-07T21:36:40+08:00 ] ::1 /hzaumba/index.php/Admin/Index/buttonsandicons.html?name=zzjg
INFO: [ app_init ] --START--
INFO: Run Behavior\BuildLiteBehavior [ RunTime:0.000027s ]
INFO: [ app_init ] --END-- [ RunTime:0.000630s ]

[ 2016-05-07T21:36:43+08:00 ] ::1 /hzaumba/index.php/Admin/Index/buttonsandicons.html?name=zzjg
INFO: [ app_init ] --START--
INFO: Run Behavior\BuildLiteBehavior [ RunTime:0.000026s ]
INFO: [ app_init ] --END-- [ RunTime:0.000554s ]

[ 2016-05-07T21:37:05+08:00 ] ::1 /hzaumba/index.php/Admin/Index/record?name=zzjg
INFO: [ app_init ] --START--
INFO: Run Behavior\BuildLiteBehavior [ RunTime:0.000026s ]
INFO: [ app_init ] --END-- [ RunTime:0.000759s ]

[ 2016-05-07T21:37:05+08:00 ] ::1 /hzaumba/index.php/Admin/Index/buttonsandicons/name/zzjg.html
INFO: [ app_init ] --START--
INFO: Run Behavior\BuildLiteBehavior [ RunTime:0.000029s ]
INFO: [ app_init ] --END-- [ RunTime:0.000622s ]

[ 2016-05-07T21:38:53+08:00 ] ::1 /hzaumba/index.php/Admin/Index/record?name=zzjg
INFO: [ app_init ] --START--
INFO: Run Behavior\BuildLiteBehavior [ RunTime:0.000032s ]
INFO: [ app_init ] --END-- [ RunTime:0.000682s ]

[ 2016-05-07T21:38:53+08:00 ] ::1 /hzaumba/index.php/Admin/Index/buttonsandicons/name/zzjg.html
INFO: [ app_init ] --START--
INFO: Run Behavior\BuildLiteBehavior [ RunTime:0.000027s ]
INFO: [ app_init ] --END-- [ RunTime:0.000602s ]

[ 2016-05-07T21:39:54+08:00 ] ::1 /hzaumba/index.php/Admin/Index/record?name=zzjg
INFO: [ app_init ] --START--
INFO: Run Behavior\BuildLiteBehavior [ RunTime:0.000029s ]
INFO: [ app_init ] --END-- [ RunTime:0.000611s ]

[ 2016-05-07T21:39:54+08:00 ] ::1 /hzaumba/index.php/Admin/Index/buttonsandicons/name/zzjg.html
INFO: [ app_init ] --START--
INFO: Run Behavior\BuildLiteBehavior [ RunTime:0.000026s ]
INFO: [ app_init ] --END-- [ RunTime:0.000549s ]

[ 2016-05-07T21:40:04+08:00 ] ::1 /hzaumba/index.php/Admin/Index/record?name=zzjg
INFO: [ app_init ] --START--
INFO: Run Behavior\BuildLiteBehavior [ RunTime:0.000028s ]
INFO: [ app_init ] --END-- [ RunTime:0.000638s ]

[ 2016-05-07T21:40:04+08:00 ] ::1 /hzaumba/index.php/Admin/Index/buttonsandicons/name/zzjg.html
INFO: [ app_init ] --START--
INFO: Run Behavior\BuildLiteBehavior [ RunTime:0.000027s ]
INFO: [ app_init ] --END-- [ RunTime:0.000665s ]

[ 2016-05-07T21:40:40+08:00 ] ::1 /hzaumba/index.php/Admin/Index/record?name=zzjg
INFO: [ app_init ] --START--
INFO: Run Behavior\BuildLiteBehavior [ RunTime:0.000044s ]
INFO: [ app_init ] --END-- [ RunTime:0.000853s ]

[ 2016-05-07T21:40:40+08:00 ] ::1 /hzaumba/index.php/Admin/Index/buttonsandicons/name/zzjg.html
INFO: [ app_init ] --START--
INFO: Run Behavior\BuildLiteBehavior [ RunTime:0.000025s ]
INFO: [ app_init ] --END-- [ RunTime:0.000617s ]

[ 2016-05-07T21:41:19+08:00 ] ::1 /hzaumba/index.php/Admin/Index/record?name=zzjg
INFO: [ app_init ] --START--
INFO: Run Behavior\BuildLiteBehavior [ RunTime:0.000031s ]
INFO: [ app_init ] --END-- [ RunTime:0.000662s ]

[ 2016-05-07T21:41:19+08:00 ] ::1 /hzaumba/index.php/Admin/Index/buttonsandicons/name/zzjg.html
INFO: [ app_init ] --START--
INFO: Run Behavior\BuildLiteBehavior [ RunTime:0.000028s ]
INFO: [ app_init ] --END-- [ RunTime:0.000581s ]

[ 2016-05-07T21:41:32+08:00 ] ::1 /hzaumba/index.php/Admin/Index/record?name=zzjg
INFO: [ app_init ] --START--
INFO: Run Behavior\BuildLiteBehavior [ RunTime:0.000035s ]
INFO: [ app_init ] --END-- [ RunTime:0.000768s ]

[ 2016-05-07T21:41:32+08:00 ] ::1 /hzaumba/index.php/Admin/Index/buttonsandicons/name/zzjg.html
INFO: [ app_init ] --START--
INFO: Run Behavior\BuildLiteBehavior [ RunTime:0.000027s ]
INFO: [ app_init ] --END-- [ RunTime:0.000605s ]

[ 2016-05-07T21:41:42+08:00 ] ::1 /hzaumba/index.php/Admin/Index/record?name=zzjg
INFO: [ app_init ] --START--
INFO: Run Behavior\BuildLiteBehavior [ RunTime:0.000040s ]
INFO: [ app_init ] --END-- [ RunTime:0.000770s ]

[ 2016-05-07T21:41:42+08:00 ] ::1 /hzaumba/index.php/Admin/Index/buttonsandicons/name/zzjg.html
INFO: [ app_init ] --START--
INFO: Run Behavior\BuildLiteBehavior [ RunTime:0.000027s ]
INFO: [ app_init ] --END-- [ RunTime:0.000643s ]

[ 2016-05-07T21:42:56+08:00 ] ::1 /hzaumba/index.php/Admin/Index/shouye.html?name=xwzx
INFO: [ app_init ] --START--
INFO: Run Behavior\BuildLiteBehavior [ RunTime:0.000028s ]
INFO: [ app_init ] --END-- [ RunTime:0.000595s ]

[ 2016-05-07T21:42:58+08:00 ] ::1 /hzaumba/index.php/Admin/Index/button.html?name=xwzx
INFO: [ app_init ] --START--
INFO: Run Behavior\BuildLiteBehavior [ RunTime:0.000034s ]
INFO: [ app_init ] --END-- [ RunTime:0.000759s ]

[ 2016-05-07T21:42:58+08:00 ] ::1 /hzaumba/index.php/Admin/Index/vendors/bootstrap-switch/build/css/bootstrap3/bootstrap-switch.min.css
INFO: [ app_init ] --START--
INFO: Run Behavior\BuildLiteBehavior [ RunTime:0.000061s ]
INFO: [ app_init ] --END-- [ RunTime:0.001045s ]
ERR: 非法操作:vendors

[ 2016-05-07T21:42:58+08:00 ] ::1 /hzaumba/index.php/Admin/Index/css/bootstrap-switch-small.css
INFO: [ app_init ] --START--
INFO: Run Behavior\BuildLiteBehavior [ RunTime:0.000027s ]
INFO: [ app_init ] --END-- [ RunTime:0.000648s ]
ERR: 非法操作:css

[ 2016-05-07T21:43:06+08:00 ] ::1 /hzaumba/index.php/Admin/Index/record_shouye?class=%E6%96%B0%E9%97%BB%E4%B8%AD%E5%BF%83&name=xwzx
INFO: [ app_init ] --START--
INFO: Run Behavior\BuildLiteBehavior [ RunTime:0.000032s ]
INFO: [ app_init ] --END-- [ RunTime:0.000683s ]

[ 2016-05-07T21:43:07+08:00 ] ::1 /hzaumba/index.php/Admin/Index/shouye/name/xwzx.html
INFO: [ app_init ] --START--
INFO: Run Behavior\BuildLiteBehavior [ RunTime:0.000032s ]
INFO: [ app_init ] --END-- [ RunTime:0.000555s ]

[ 2016-05-07T21:43:09+08:00 ] ::1 /hzaumba/index.php/Admin/Index/button.html?name=xwzx
INFO: [ app_init ] --START--
INFO: Run Behavior\BuildLiteBehavior [ RunTime:0.000031s ]
INFO: [ app_init ] --END-- [ RunTime:0.000648s ]

[ 2016-05-07T21:43:09+08:00 ] ::1 /hzaumba/index.php/Admin/Index/vendors/bootstrap-switch/build/css/bootstrap3/bootstrap-switch.min.css
INFO: [ app_init ] --START--
INFO: Run Behavior\BuildLiteBehavior [ RunTime:0.000057s ]
INFO: [ app_init ] --END-- [ RunTime:0.001023s ]
ERR: 非法操作:vendors

[ 2016-05-07T21:43:09+08:00 ] ::1 /hzaumba/index.php/Admin/Index/css/bootstrap-switch-small.css
INFO: [ app_init ] --START--
INFO: Run Behavior\BuildLiteBehavior [ RunTime:0.000048s ]
INFO: [ app_init ] --END-- [ RunTime:0.000908s ]
ERR: 非法操作:css

[ 2016-05-07T21:43:12+08:00 ] ::1 /hzaumba/index.php/Admin/Index/record_shouye?class=%E6%96%B0%E9%97%BB%E4%B8%AD%E5%BF%83&name=xwzx
INFO: [ app_init ] --START--
INFO: Run Behavior\BuildLiteBehavior [ RunTime:0.000031s ]
INFO: [ app_init ] --END-- [ RunTime:0.000684s ]

[ 2016-05-07T21:43:12+08:00 ] ::1 /hzaumba/index.php/Admin/Index/shouye/name/xwzx.html
INFO: [ app_init ] --START--
INFO: Run Behavior\BuildLiteBehavior [ RunTime:0.000025s ]
INFO: [ app_init ] --END-- [ RunTime:0.000602s ]

[ 2016-05-07T21:43:14+08:00 ] ::1 /hzaumba/index.php/Admin/Index/button.html?name=xwzx
INFO: [ app_init ] --START--
INFO: Run Behavior\BuildLiteBehavior [ RunTime:0.000037s ]
INFO: [ app_init ] --END-- [ RunTime:0.000668s ]

[ 2016-05-07T21:43:14+08:00 ] ::1 /hzaumba/index.php/Admin/Index/vendors/bootstrap-switch/build/css/bootstrap3/bootstrap-switch.min.css
INFO: [ app_init ] --START--
INFO: Run Behavior\BuildLiteBehavior [ RunTime:0.000032s ]
INFO: [ app_init ] --END-- [ RunTime:0.000620s ]
ERR: 非法操作:vendors

[ 2016-05-07T21:43:14+08:00 ] ::1 /hzaumba/index.php/Admin/Index/css/bootstrap-switch-small.css
INFO: [ app_init ] --START--
INFO: Run Behavior\BuildLiteBehavior [ RunTime:0.000027s ]
INFO: [ app_init ] --END-- [ RunTime:0.000528s ]
ERR: 非法操作:css

[ 2016-05-07T21:43:17+08:00 ] ::1 /hzaumba/index.php/Admin/Index/record_shouye?class=%E6%96%B0%E9%97%BB%E4%B8%AD%E5%BF%83&name=xwzx
INFO: [ app_init ] --START--
INFO: Run Behavior\BuildLiteBehavior [ RunTime:0.000028s ]
INFO: [ app_init ] --END-- [ RunTime:0.000789s ]

[ 2016-05-07T21:43:17+08:00 ] ::1 /hzaumba/index.php/Admin/Index/shouye/name/xwzx.html
INFO: [ app_init ] --START--
INFO: Run Behavior\BuildLiteBehavior [ RunTime:0.000028s ]
INFO: [ app_init ] --END-- [ RunTime:0.000618s ]

[ 2016-05-07T21:43:19+08:00 ] ::1 /hzaumba/index.php/Admin/Index/button.html?name=xwzx
INFO: [ app_init ] --START--
INFO: Run Behavior\BuildLiteBehavior [ RunTime:0.000026s ]
INFO: [ app_init ] --END-- [ RunTime:0.000595s ]

[ 2016-05-07T21:43:19+08:00 ] ::1 /hzaumba/index.php/Admin/Index/vendors/bootstrap-switch/build/css/bootstrap3/bootstrap-switch.min.css
INFO: [ app_init ] --START--
INFO: Run Behavior\BuildLiteBehavior [ RunTime:0.000073s ]
INFO: [ app_init ] --END-- [ RunTime:0.001725s ]
ERR: 非法操作:vendors

[ 2016-05-07T21:43:19+08:00 ] ::1 /hzaumba/index.php/Admin/Index/css/bootstrap-switch-small.css
INFO: [ app_init ] --START--
INFO: Run Behavior\BuildLiteBehavior [ RunTime:0.000102s ]
INFO: [ app_init ] --END-- [ RunTime:0.001084s ]
ERR: 非法操作:css

[ 2016-05-07T21:43:23+08:00 ] ::1 /hzaumba/index.php/Admin/Index/record_shouye?class=%E6%96%B0%E9%97%BB%E4%B8%AD%E5%BF%83&name=xwzx
INFO: [ app_init ] --START--
INFO: Run Behavior\BuildLiteBehavior [ RunTime:0.000027s ]
INFO: [ app_init ] --END-- [ RunTime:0.000889s ]

[ 2016-05-07T21:43:23+08:00 ] ::1 /hzaumba/index.php/Admin/Index/shouye/name/xwzx.html
INFO: [ app_init ] --START--
INFO: Run Behavior\BuildLiteBehavior [ RunTime:0.000045s ]
INFO: [ app_init ] --END-- [ RunTime:0.000964s ]

[ 2016-05-07T21:49:06+08:00 ] ::1 /hzaumba/index.php/Admin/Index/button.html?name=xwzx
INFO: [ app_init ] --START--
INFO: Run Behavior\BuildLiteBehavior [ RunTime:0.000029s ]
INFO: [ app_init ] --END-- [ RunTime:0.000593s ]

[ 2016-05-07T21:49:06+08:00 ] ::1 /hzaumba/index.php/Admin/Index/vendors/bootstrap-switch/build/css/bootstrap3/bootstrap-switch.min.css
INFO: [ app_init ] --START--
INFO: Run Behavior\BuildLiteBehavior [ RunTime:0.000068s ]
INFO: [ app_init ] --END-- [ RunTime:0.001061s ]
ERR: 非法操作:vendors

[ 2016-05-07T21:49:06+08:00 ] ::1 /hzaumba/index.php/Admin/Index/css/bootstrap-switch-small.css
INFO: [ app_init ] --START--
INFO: Run Behavior\BuildLiteBehavior [ RunTime:0.000039s ]
INFO: [ app_init ] --END-- [ RunTime:0.000723s ]
ERR: 非法操作:css

[ 2016-05-07T21:49:11+08:00 ] ::1 /hzaumba/index.php/Admin/Index/record_shouye?class=%E6%96%B0%E9%97%BB%E4%B8%AD%E5%BF%83&name=xwzx
INFO: [ app_init ] --START--
INFO: Run Behavior\BuildLiteBehavior [ RunTime:0.000026s ]
INFO: [ app_init ] --END-- [ RunTime:0.000610s ]

[ 2016-05-07T21:49:11+08:00 ] ::1 /hzaumba/index.php/Admin/Index/shouye/name/xwzx.html
INFO: [ app_init ] --START--
INFO: Run Behavior\BuildLiteBehavior [ RunTime:0.000045s ]
INFO: [ app_init ] --END-- [ RunTime:0.001018s ]

[ 2016-05-07T21:49:13+08:00 ] ::1 /hzaumba/index.php/Admin/Index/button.html?name=xwzx
INFO: [ app_init ] --START--
INFO: Run Behavior\BuildLiteBehavior [ RunTime:0.000028s ]
INFO: [ app_init ] --END-- [ RunTime:0.000719s ]

[ 2016-05-07T21:49:13+08:00 ] ::1 /hzaumba/index.php/Admin/Index/vendors/bootstrap-switch/build/css/bootstrap3/bootstrap-switch.min.css
INFO: [ app_init ] --START--
INFO: Run Behavior\BuildLiteBehavior [ RunTime:0.000041s ]
INFO: [ app_init ] --END-- [ RunTime:0.000618s ]
ERR: 非法操作:vendors

[ 2016-05-07T21:49:13+08:00 ] ::1 /hzaumba/index.php/Admin/Index/css/bootstrap-switch-small.css
INFO: [ app_init ] --START--
INFO: Run Behavior\BuildLiteBehavior [ RunTime:0.000059s ]
INFO: [ app_init ] --END-- [ RunTime:0.000937s ]
ERR: 非法操作:css

[ 2016-05-07T21:49:16+08:00 ] ::1 /hzaumba/index.php/Admin/Index/record_shouye?class=%E6%96%B0%E9%97%BB%E4%B8%AD%E5%BF%83&name=xwzx
INFO: [ app_init ] --START--
INFO: Run Behavior\BuildLiteBehavior [ RunTime:0.000042s ]
INFO: [ app_init ] --END-- [ RunTime:0.000914s ]

[ 2016-05-07T21:49:16+08:00 ] ::1 /hzaumba/index.php/Admin/Index/shouye/name/xwzx.html
INFO: [ app_init ] --START--
INFO: Run Behavior\BuildLiteBehavior [ RunTime:0.000046s ]
INFO: [ app_init ] --END-- [ RunTime:0.001236s ]

[ 2016-05-07T21:54:45+08:00 ] ::1 /hzaumba/index.php/Admin/Index/button.html?name=xwzx
INFO: [ app_init ] --START--
INFO: Run Behavior\BuildLiteBehavior [ RunTime:0.000032s ]
INFO: [ app_init ] --END-- [ RunTime:0.000688s ]

[ 2016-05-07T21:54:45+08:00 ] ::1 /hzaumba/index.php/Admin/Index/vendors/bootstrap-switch/build/css/bootstrap3/bootstrap-switch.min.css
INFO: [ app_init ] --START--
INFO: Run Behavior\BuildLiteBehavior [ RunTime:0.000029s ]
INFO: [ app_init ] --END-- [ RunTime:0.000653s ]
ERR: 非法操作:vendors

[ 2016-05-07T21:54:45+08:00 ] ::1 /hzaumba/index.php/Admin/Index/css/bootstrap-switch-small.css
INFO: [ app_init ] --START--
INFO: Run Behavior\BuildLiteBehavior [ RunTime:0.000059s ]
INFO: [ app_init ] --END-- [ RunTime:0.001036s ]
ERR: 非法操作:css

[ 2016-05-07T21:54:54+08:00 ] ::1 /hzaumba/index.php/Admin/Index/record_shouye?class=%E6%96%B0%E9%97%BB%E4%B8%AD%E5%BF%83&name=xwzx
INFO: [ app_init ] --START--
INFO: Run Behavior\BuildLiteBehavior [ RunTime:0.000027s ]
INFO: [ app_init ] --END-- [ RunTime:0.000564s ]

[ 2016-05-07T21:54:54+08:00 ] ::1 /hzaumba/index.php/Admin/Index/shouye/name/xwzx.html
INFO: [ app_init ] --START--
INFO: Run Behavior\BuildLiteBehavior [ RunTime:0.000026s ]
INFO: [ app_init ] --END-- [ RunTime:0.000672s ]

[ 2016-05-07T21:54:56+08:00 ] ::1 /hzaumba/index.php/Admin/Index/button.html?name=xwzx
INFO: [ app_init ] --START--
INFO: Run Behavior\BuildLiteBehavior [ RunTime:0.000027s ]
INFO: [ app_init ] --END-- [ RunTime:0.000771s ]

[ 2016-05-07T21:54:56+08:00 ] ::1 /hzaumba/index.php/Admin/Index/css/bootstrap-switch-small.css
INFO: [ app_init ] --START--
INFO: Run Behavior\BuildLiteBehavior [ RunTime:0.000056s ]
INFO: [ app_init ] --END-- [ RunTime:0.001031s ]
ERR: 非法操作:css

[ 2016-05-07T21:54:56+08:00 ] ::1 /hzaumba/index.php/Admin/Index/vendors/bootstrap-switch/build/css/bootstrap3/bootstrap-switch.min.css
INFO: [ app_init ] --START--
INFO: Run Behavior\BuildLiteBehavior [ RunTime:0.000046s ]
INFO: [ app_init ] --END-- [ RunTime:0.000712s ]
ERR: 非法操作:vendors

[ 2016-05-07T21:54:59+08:00 ] ::1 /hzaumba/index.php/Admin/Index/record_shouye?class=%E6%96%B0%E9%97%BB%E4%B8%AD%E5%BF%83&name=xwzx
INFO: [ app_init ] --START--
INFO: Run Behavior\BuildLiteBehavior [ RunTime:0.000046s ]
INFO: [ app_init ] --END-- [ RunTime:0.001405s ]

[ 2016-05-07T21:54:59+08:00 ] ::1 /hzaumba/index.php/Admin/Index/shouye/name/xwzx.html
INFO: [ app_init ] --START--
INFO: Run Behavior\BuildLiteBehavior [ RunTime:0.000027s ]
INFO: [ app_init ] --END-- [ RunTime:0.000753s ]

[ 2016-05-07T21:58:40+08:00 ] ::1 /hzaumba/index.php/Admin/Index/button.html?name=xwzx&hid=17
INFO: [ app_init ] --START--
INFO: Run Behavior\BuildLiteBehavior [ RunTime:0.000028s ]
INFO: [ app_init ] --END-- [ RunTime:0.000655s ]

[ 2016-05-07T21:58:40+08:00 ] ::1 /hzaumba/index.php/Admin/Index/vendors/bootstrap-switch/build/css/bootstrap3/bootstrap-switch.min.css
INFO: [ app_init ] --START--
INFO: Run Behavior\BuildLiteBehavior [ RunTime:0.000062s ]
INFO: [ app_init ] --END-- [ RunTime:0.001073s ]
ERR: 非法操作:vendors

[ 2016-05-07T21:58:40+08:00 ] ::1 /hzaumba/index.php/Admin/Index/css/bootstrap-switch-small.css
INFO: [ app_init ] --START--
INFO: Run Behavior\BuildLiteBehavior [ RunTime:0.000178s ]
INFO: [ app_init ] --END-- [ RunTime:0.002468s ]
ERR: 非法操作:css

[ 2016-05-07T21:59:45+08:00 ] ::1 /hzaumba/index.php/Admin/Index/shouye.html?name=tzgg
INFO: [ app_init ] --START--
INFO: Run Behavior\BuildLiteBehavior [ RunTime:0.000027s ]
INFO: [ app_init ] --END-- [ RunTime:0.000843s ]

[ 2016-05-07T21:59:48+08:00 ] ::1 /hzaumba/index.php/Admin/Index/shouye.html?name=xxjw
INFO: [ app_init ] --START--
INFO: Run Behavior\BuildLiteBehavior [ RunTime:0.000031s ]
INFO: [ app_init ] --END-- [ RunTime:0.000816s ]

[ 2016-05-07T21:59:50+08:00 ] ::1 /hzaumba/index.php/Admin/Index/shouye.html?name=xwzx
INFO: [ app_init ] --START--
INFO: Run Behavior\BuildLiteBehavior [ RunTime:0.000029s ]
INFO: [ app_init ] --END-- [ RunTime:0.000645s ]

[ 2016-05-07T21:59:52+08:00 ] ::1 /hzaumba/index.php/Admin/Index/button.html?name=xwzx
INFO: [ app_init ] --START--
INFO: Run Behavior\BuildLiteBehavior [ RunTime:0.000032s ]
INFO: [ app_init ] --END-- [ RunTime:0.000819s ]

[ 2016-05-07T21:59:52+08:00 ] ::1 /hzaumba/index.php/Admin/Index/vendors/bootstrap-switch/build/css/bootstrap3/bootstrap-switch.min.css
INFO: [ app_init ] --START--
INFO: Run Behavior\BuildLiteBehavior [ RunTime:0.000061s ]
INFO: [ app_init ] --END-- [ RunTime:0.000908s ]
ERR: 非法操作:vendors

[ 2016-05-07T21:59:52+08:00 ] ::1 /hzaumba/index.php/Admin/Index/css/bootstrap-switch-small.css
INFO: [ app_init ] --START--
INFO: Run Behavior\BuildLiteBehavior [ RunTime:0.000050s ]
INFO: [ app_init ] --END-- [ RunTime:0.001026s ]
ERR: 非法操作:css

[ 2016-05-07T22:00:36+08:00 ] ::1 /hzaumba/index.php/Admin/Index/record_shouye?class=%E6%96%B0%E9%97%BB%E4%B8%AD%E5%BF%83&name=xwzx
INFO: [ app_init ] --START--
INFO: Run Behavior\BuildLiteBehavior [ RunTime:0.000037s ]
INFO: [ app_init ] --END-- [ RunTime:0.000730s ]

[ 2016-05-07T22:00:36+08:00 ] ::1 /hzaumba/index.php/Admin/Index/shouye/name/xwzx.html
INFO: [ app_init ] --START--
INFO: Run Behavior\BuildLiteBehavior [ RunTime:0.000034s ]
INFO: [ app_init ] --END-- [ RunTime:0.000687s ]

[ 2016-05-07T22:03:41+08:00 ] ::1 /hzaumba/index.php/Admin/Index/button.html?name=xwzx&hid=46
INFO: [ app_init ] --START--
INFO: Run Behavior\BuildLiteBehavior [ RunTime:0.000030s ]
INFO: [ app_init ] --END-- [ RunTime:0.000912s ]

[ 2016-05-07T22:03:41+08:00 ] ::1 /hzaumba/index.php/Admin/Index/vendors/bootstrap-switch/build/css/bootstrap3/bootstrap-switch.min.css
INFO: [ app_init ] --START--
INFO: Run Behavior\BuildLiteBehavior [ RunTime:0.000040s ]
INFO: [ app_init ] --END-- [ RunTime:0.000650s ]
ERR: 非法操作:vendors

[ 2016-05-07T22:03:41+08:00 ] ::1 /hzaumba/index.php/Admin/Index/css/bootstrap-switch-small.css
INFO: [ app_init ] --START--
INFO: Run Behavior\BuildLiteBehavior [ RunTime:0.000036s ]
INFO: [ app_init ] --END-- [ RunTime:0.000763s ]
ERR: 非法操作:css

[ 2016-05-07T22:03:48+08:00 ] ::1 /hzaumba/index.php/Admin/Index/shouye_shouye?class=%E6%96%B0%E9%97%BB%E4%B8%AD%E5%BF%83&name=xwzx
INFO: [ app_init ] --START--
INFO: Run Behavior\BuildLiteBehavior [ RunTime:0.000043s ]
INFO: [ app_init ] --END-- [ RunTime:0.000942s ]
ERR: 非法操作:shouye_shouye

[ 2016-05-07T22:03:54+08:00 ] ::1 /hzaumba/index.php/Admin/Index/shouye_shouye?class=%E6%96%B0%E9%97%BB%E4%B8%AD%E5%BF%83&name=xwzx
INFO: [ app_init ] --START--
INFO: Run Behavior\BuildLiteBehavior [ RunTime:0.000030s ]
INFO: [ app_init ] --END-- [ RunTime:0.000606s ]
ERR: 非法操作:shouye_shouye

[ 2016-05-07T22:04:04+08:00 ] ::1 /hzaumba/index.php/Admin/Index/shouye_shouye?class=%E6%96%B0%E9%97%BB%E4%B8%AD%E5%BF%83&name=xwzx
INFO: [ app_init ] --START--
INFO: Run Behavior\BuildLiteBehavior [ RunTime:0.000033s ]
INFO: [ app_init ] --END-- [ RunTime:0.000638s ]
ERR: 非法操作:shouye_shouye

[ 2016-05-07T22:07:10+08:00 ] ::1 /hzaumba/index.php/Admin/Index/buttonsandicons.html?name=zzjg
INFO: [ app_init ] --START--
INFO: Run Behavior\BuildLiteBehavior [ RunTime:0.000033s ]
INFO: [ app_init ] --END-- [ RunTime:0.000641s ]

[ 2016-05-07T22:07:15+08:00 ] ::1 /hzaumba/index.php/Admin/Index/buttonsandicons.html?name=mba_xm
INFO: [ app_init ] --START--
INFO: Run Behavior\BuildLiteBehavior [ RunTime:0.000028s ]
INFO: [ app_init ] --END-- [ RunTime:0.000915s ]

[ 2016-05-07T22:07:22+08:00 ] ::1 /hzaumba/index.php/Admin/Index/record?name=mba_xm
INFO: [ app_init ] --START--
INFO: Run Behavior\BuildLiteBehavior [ RunTime:0.000053s ]
INFO: [ app_init ] --END-- [ RunTime:0.000655s ]

[ 2016-05-07T22:07:22+08:00 ] ::1 /hzaumba/index.php/Admin/Index/buttonsandicons/name/mba_xm.html
INFO: [ app_init ] --START--
INFO: Run Behavior\BuildLiteBehavior [ RunTime:0.000026s ]
INFO: [ app_init ] --END-- [ RunTime:0.000636s ]

[ 2016-05-07T22:07:34+08:00 ] ::1 /hzaumba/index.php/Admin/Index/record?name=mba_xm
INFO: [ app_init ] --START--
INFO: Run Behavior\BuildLiteBehavior [ RunTime:0.000032s ]
INFO: [ app_init ] --END-- [ RunTime:0.000895s ]

[ 2016-05-07T22:07:34+08:00 ] ::1 /hzaumba/index.php/Admin/Index/buttonsandicons/name/mba_xm.html
INFO: [ app_init ] --START--
INFO: Run Behavior\BuildLiteBehavior [ RunTime:0.000027s ]
INFO: [ app_init ] --END-- [ RunTime:0.000527s ]

[ 2016-05-07T22:08:03+08:00 ] ::1 /hzaumba/index.php/Admin/Index/record?name=mba_xm
INFO: [ app_init ] --START--
INFO: Run Behavior\BuildLiteBehavior [ RunTime:0.000053s ]
INFO: [ app_init ] --END-- [ RunTime:0.001010s ]

[ 2016-05-07T22:08:03+08:00 ] ::1 /hzaumba/index.php/Admin/Index/buttonsandicons/name/mba_xm.html
INFO: [ app_init ] --START--
INFO: Run Behavior\BuildLiteBehavior [ RunTime:0.000039s ]
INFO: [ app_init ] --END-- [ RunTime:0.000951s ]

[ 2016-05-07T22:09:01+08:00 ] ::1 /hzaumba/index.php/Admin/Index/record?name=mba_xm
INFO: [ app_init ] --START--
INFO: Run Behavior\BuildLiteBehavior [ RunTime:0.000035s ]
INFO: [ app_init ] --END-- [ RunTime:0.000642s ]

[ 2016-05-07T22:09:01+08:00 ] ::1 /hzaumba/index.php/Admin/Index/buttonsandicons/name/mba_xm.html
INFO: [ app_init ] --START--
INFO: Run Behavior\BuildLiteBehavior [ RunTime:0.000045s ]
INFO: [ app_init ] --END-- [ RunTime:0.000720s ]

[ 2016-05-07T22:09:28+08:00 ] ::1 /hzaumba/index.php/Admin/Index/shouye.html?name=xwzx
INFO: [ app_init ] --START--
INFO: Run Behavior\BuildLiteBehavior [ RunTime:0.000055s ]
INFO: [ app_init ] --END-- [ RunTime:0.000982s ]

[ 2016-05-07T22:09:30+08:00 ] ::1 /hzaumba/index.php/Admin/Index/button.html?name=xwzx&hid=46
INFO: [ app_init ] --START--
INFO: Run Behavior\BuildLiteBehavior [ RunTime:0.000177s ]
INFO: [ app_init ] --END-- [ RunTime:0.001673s ]

[ 2016-05-07T22:09:30+08:00 ] ::1 /hzaumba/index.php/Admin/Index/css/bootstrap-switch-small.css
INFO: [ app_init ] --START--
INFO: Run Behavior\BuildLiteBehavior [ RunTime:0.000032s ]
INFO: [ app_init ] --END-- [ RunTime:0.000773s ]
ERR: 非法操作:css

[ 2016-05-07T22:09:30+08:00 ] ::1 /hzaumba/index.php/Admin/Index/vendors/bootstrap-switch/build/css/bootstrap3/bootstrap-switch.min.css
INFO: [ app_init ] --START--
INFO: Run Behavior\BuildLiteBehavior [ RunTime:0.000053s ]
INFO: [ app_init ] --END-- [ RunTime:0.001000s ]
ERR: 非法操作:vendors

[ 2016-05-07T22:09:35+08:00 ] ::1 /hzaumba/index.php/Admin/Index/shouye_shouye?class=%E6%96%B0%E9%97%BB%E4%B8%AD%E5%BF%83&name=xwzx
INFO: [ app_init ] --START--
INFO: Run Behavior\BuildLiteBehavior [ RunTime:0.000033s ]
INFO: [ app_init ] --END-- [ RunTime:0.000620s ]
ERR: 非法操作:shouye_shouye

