[ 2016-04-04T21:15:41+08:00 ] ::1 /hzaumba2.0/index.php/Admin/Index/buttonsandicons.html?name=xzzx
INFO: [ app_init ] --START--
INFO: Run Behavior\BuildLiteBehavior [ RunTime:0.000049s ]
INFO: [ app_init ] --END-- [ RunTime:0.090987s ]
INFO: [ app_begin ] --START--
INFO: Run Behavior\ReadHtmlCacheBehavior [ RunTime:0.106239s ]
INFO: [ app_begin ] --END-- [ RunTime:0.106602s ]
SQL: SHOW COLUMNS FROM `mba_contents` [ RunTime:0.0907s ]
SQL: SELECT `xzzx` FROM `mba_contents` WHERE `cid` = 2 LIMIT 1   [ RunTime:0.0008s ]
SQL: SELECT `xzzx` FROM `mba_contents` WHERE `cid` = 3 LIMIT 1   [ RunTime:0.0005s ]
SQL: SHOW COLUMNS FROM `mba_home` [ RunTime:0.0198s ]
SQL: SELECT `hid`,`title`,`content` FROM `mba_home` WHERE `class` = '下载中心'  [ RunTime:0.0005s ]
SQL: SELECT `xzzx` FROM `mba_contents` WHERE `cid` = 1 LIMIT 1   [ RunTime:0.0005s ]
INFO: [ view_parse ] --START--
INFO: [ template_filter ] --START--
INFO: Run Behavior\ContentReplaceBehavior [ RunTime:0.000382s ]
INFO: [ template_filter ] --END-- [ RunTime:0.000676s ]
NOTIC: [8] Undefined variable: file E:\ruanjian\wamp\www\hzaumba2.0\Application\Runtime\Cache\Admin\73c7609966b7031fe25d56d214e58aac.php 第 228 行.
INFO: Run Behavior\ParseTemplateBehavior [ RunTime:0.399207s ]
INFO: [ view_parse ] --END-- [ RunTime:0.399461s ]
INFO: [ view_filter ] --START--
INFO: Run Behavior\WriteHtmlCacheBehavior [ RunTime:0.052200s ]
INFO: [ view_filter ] --END-- [ RunTime:0.052437s ]
INFO: [ app_end ] --START--
INFO: Run Behavior\ShowPageTraceBehavior [ RunTime:0.097376s ]
INFO: [ app_end ] --END-- [ RunTime:0.097800s ]

[ 2016-04-04T21:15:55+08:00 ] ::1 /hzaumba2.0/index.php/Admin/Index/buttonsandicons.html?name=xwzx
INFO: [ app_init ] --START--
INFO: Run Behavior\BuildLiteBehavior [ RunTime:0.000384s ]
INFO: [ app_init ] --END-- [ RunTime:0.002586s ]
INFO: [ app_begin ] --START--
INFO: Run Behavior\ReadHtmlCacheBehavior [ RunTime:0.002577s ]
INFO: [ app_begin ] --END-- [ RunTime:0.002964s ]
SQL: SHOW COLUMNS FROM `mba_contents` [ RunTime:0.9947s ]
SQL: SELECT `xwzx` FROM `mba_contents` WHERE `cid` = 2 LIMIT 1   [ RunTime:0.0018s ]
SQL: SELECT `xwzx` FROM `mba_contents` WHERE `cid` = 3 LIMIT 1   [ RunTime:0.0006s ]
SQL: SHOW COLUMNS FROM `mba_home` [ RunTime:0.3868s ]
SQL: SELECT `hid`,`title`,`content` FROM `mba_home` WHERE `class` = '新闻中心'  [ RunTime:0.0005s ]
SQL: SELECT `xwzx` FROM `mba_contents` WHERE `cid` = 1 LIMIT 1   [ RunTime:0.0006s ]
INFO: [ view_parse ] --START--
INFO: [ template_filter ] --START--
INFO: Run Behavior\ContentReplaceBehavior [ RunTime:0.000502s ]
INFO: [ template_filter ] --END-- [ RunTime:0.000859s ]
NOTIC: [8] Undefined variable: file E:\ruanjian\wamp\www\hzaumba2.0\Application\Runtime\Cache\Admin\73c7609966b7031fe25d56d214e58aac.php 第 228 行.
INFO: Run Behavior\ParseTemplateBehavior [ RunTime:0.041885s ]
INFO: [ view_parse ] --END-- [ RunTime:0.042343s ]
INFO: [ view_filter ] --START--
INFO: Run Behavior\WriteHtmlCacheBehavior [ RunTime:0.001327s ]
INFO: [ view_filter ] --END-- [ RunTime:0.001628s ]
INFO: [ app_end ] --START--
INFO: Run Behavior\ShowPageTraceBehavior [ RunTime:0.002361s ]
INFO: [ app_end ] --END-- [ RunTime:0.002652s ]

[ 2016-04-04T21:15:58+08:00 ] ::1 /hzaumba2.0/index.php/Admin/Index/buttonsandicons.html?name=tzgg
INFO: [ app_init ] --START--
INFO: Run Behavior\BuildLiteBehavior [ RunTime:0.000101s ]
INFO: [ app_init ] --END-- [ RunTime:0.002084s ]
INFO: [ app_begin ] --START--
INFO: Run Behavior\ReadHtmlCacheBehavior [ RunTime:0.005200s ]
INFO: [ app_begin ] --END-- [ RunTime:0.006016s ]
SQL: SHOW COLUMNS FROM `mba_contents` [ RunTime:0.1981s ]
SQL: SELECT `tzgg` FROM `mba_contents` WHERE `cid` = 2 LIMIT 1   [ RunTime:0.0009s ]
SQL: SELECT `tzgg` FROM `mba_contents` WHERE `cid` = 3 LIMIT 1   [ RunTime:0.0012s ]
SQL: SHOW COLUMNS FROM `mba_home` [ RunTime:0.1132s ]
SQL: SELECT `hid`,`title`,`content` FROM `mba_home` WHERE `class` = '通知公告'  [ RunTime:0.0005s ]
SQL: SELECT `tzgg` FROM `mba_contents` WHERE `cid` = 1 LIMIT 1   [ RunTime:0.0005s ]
INFO: [ view_parse ] --START--
INFO: [ template_filter ] --START--
INFO: Run Behavior\ContentReplaceBehavior [ RunTime:0.000743s ]
INFO: [ template_filter ] --END-- [ RunTime:0.001378s ]
NOTIC: [8] Undefined variable: file E:\ruanjian\wamp\www\hzaumba2.0\Application\Runtime\Cache\Admin\73c7609966b7031fe25d56d214e58aac.php 第 228 行.
INFO: Run Behavior\ParseTemplateBehavior [ RunTime:0.071120s ]
INFO: [ view_parse ] --END-- [ RunTime:0.073296s ]
INFO: [ view_filter ] --START--
INFO: Run Behavior\WriteHtmlCacheBehavior [ RunTime:0.007158s ]
INFO: [ view_filter ] --END-- [ RunTime:0.007575s ]
INFO: [ app_end ] --START--
INFO: Run Behavior\ShowPageTraceBehavior [ RunTime:0.027908s ]
INFO: [ app_end ] --END-- [ RunTime:0.028368s ]

[ 2016-04-04T21:16:01+08:00 ] ::1 /hzaumba2.0/index.php/Admin/Index/buttonsandicons.html?name=xxjw
INFO: [ app_init ] --START--
INFO: Run Behavior\BuildLiteBehavior [ RunTime:0.000067s ]
INFO: [ app_init ] --END-- [ RunTime:0.002121s ]
INFO: [ app_begin ] --START--
INFO: Run Behavior\ReadHtmlCacheBehavior [ RunTime:0.001953s ]
INFO: [ app_begin ] --END-- [ RunTime:0.002358s ]
SQL: SHOW COLUMNS FROM `mba_contents` [ RunTime:0.7646s ]
SQL: SELECT `xxjw` FROM `mba_contents` WHERE `cid` = 2 LIMIT 1   [ RunTime:0.0008s ]
SQL: SELECT `xxjw` FROM `mba_contents` WHERE `cid` = 3 LIMIT 1   [ RunTime:0.0007s ]
SQL: SHOW COLUMNS FROM `mba_home` [ RunTime:0.1253s ]
SQL: SELECT `hid`,`title`,`content` FROM `mba_home` WHERE `class` = '教务信息'  [ RunTime:0.0044s ]
SQL: SELECT `xxjw` FROM `mba_contents` WHERE `cid` = 1 LIMIT 1   [ RunTime:0.0007s ]
INFO: [ view_parse ] --START--
INFO: [ template_filter ] --START--
INFO: Run Behavior\ContentReplaceBehavior [ RunTime:0.000764s ]
INFO: [ template_filter ] --END-- [ RunTime:0.001142s ]
NOTIC: [8] Undefined variable: file E:\ruanjian\wamp\www\hzaumba2.0\Application\Runtime\Cache\Admin\73c7609966b7031fe25d56d214e58aac.php 第 228 行.
INFO: Run Behavior\ParseTemplateBehavior [ RunTime:0.064956s ]
INFO: [ view_parse ] --END-- [ RunTime:0.065299s ]
INFO: [ view_filter ] --START--
INFO: Run Behavior\WriteHtmlCacheBehavior [ RunTime:0.001683s ]
INFO: [ view_filter ] --END-- [ RunTime:0.002014s ]
INFO: [ app_end ] --START--
INFO: Run Behavior\ShowPageTraceBehavior [ RunTime:0.002237s ]
INFO: [ app_end ] --END-- [ RunTime:0.002588s ]

[ 2016-04-04T21:16:03+08:00 ] ::1 /hzaumba2.0/index.php/Admin/Index/buttonsandicons.html?name=xxzs
INFO: [ app_init ] --START--
INFO: Run Behavior\BuildLiteBehavior [ RunTime:0.000105s ]
INFO: [ app_init ] --END-- [ RunTime:0.004293s ]
INFO: [ app_begin ] --START--
INFO: Run Behavior\ReadHtmlCacheBehavior [ RunTime:0.003269s ]
INFO: [ app_begin ] --END-- [ RunTime:0.003638s ]
SQL: SHOW COLUMNS FROM `mba_contents` [ RunTime:0.0823s ]
SQL: SELECT `xxzs` FROM `mba_contents` WHERE `cid` = 2 LIMIT 1   [ RunTime:0.0022s ]
SQL: SELECT `xxzs` FROM `mba_contents` WHERE `cid` = 3 LIMIT 1   [ RunTime:0.0017s ]
SQL: SHOW COLUMNS FROM `mba_home` [ RunTime:0.0611s ]
SQL: SELECT `hid`,`title`,`content` FROM `mba_home` WHERE `class` = '招生信息'  [ RunTime:0.0010s ]
SQL: SELECT `xxzs` FROM `mba_contents` WHERE `cid` = 1 LIMIT 1   [ RunTime:0.0008s ]
INFO: [ view_parse ] --START--
INFO: [ template_filter ] --START--
INFO: Run Behavior\ContentReplaceBehavior [ RunTime:0.000616s ]
INFO: [ template_filter ] --END-- [ RunTime:0.001050s ]
NOTIC: [8] Undefined variable: file E:\ruanjian\wamp\www\hzaumba2.0\Application\Runtime\Cache\Admin\73c7609966b7031fe25d56d214e58aac.php 第 228 行.
INFO: Run Behavior\ParseTemplateBehavior [ RunTime:0.063399s ]
INFO: [ view_parse ] --END-- [ RunTime:0.063847s ]
INFO: [ view_filter ] --START--
INFO: Run Behavior\WriteHtmlCacheBehavior [ RunTime:0.003008s ]
INFO: [ view_filter ] --END-- [ RunTime:0.003377s ]
INFO: [ app_end ] --START--
INFO: Run Behavior\ShowPageTraceBehavior [ RunTime:0.006522s ]
INFO: [ app_end ] --END-- [ RunTime:0.007362s ]

[ 2016-04-04T21:16:06+08:00 ] ::1 /hzaumba2.0/index.php/Admin/Index/buttonsandicons.html?name=xzzx
INFO: [ app_init ] --START--
INFO: Run Behavior\BuildLiteBehavior [ RunTime:0.000103s ]
INFO: [ app_init ] --END-- [ RunTime:0.003383s ]
INFO: [ app_begin ] --START--
INFO: Run Behavior\ReadHtmlCacheBehavior [ RunTime:0.011072s ]
INFO: [ app_begin ] --END-- [ RunTime:0.011717s ]
SQL: SHOW COLUMNS FROM `mba_contents` [ RunTime:0.1724s ]
SQL: SELECT `xzzx` FROM `mba_contents` WHERE `cid` = 2 LIMIT 1   [ RunTime:0.0014s ]
SQL: SELECT `xzzx` FROM `mba_contents` WHERE `cid` = 3 LIMIT 1   [ RunTime:0.0010s ]
SQL: SHOW COLUMNS FROM `mba_home` [ RunTime:0.1726s ]
SQL: SELECT `hid`,`title`,`content` FROM `mba_home` WHERE `class` = '下载中心'  [ RunTime:0.0042s ]
SQL: SELECT `xzzx` FROM `mba_contents` WHERE `cid` = 1 LIMIT 1   [ RunTime:0.0012s ]
INFO: [ view_parse ] --START--
INFO: [ template_filter ] --START--
INFO: Run Behavior\ContentReplaceBehavior [ RunTime:0.001661s ]
INFO: [ template_filter ] --END-- [ RunTime:0.002363s ]
NOTIC: [8] Undefined variable: file E:\ruanjian\wamp\www\hzaumba2.0\Application\Runtime\Cache\Admin\73c7609966b7031fe25d56d214e58aac.php 第 228 行.
INFO: Run Behavior\ParseTemplateBehavior [ RunTime:0.144180s ]
INFO: [ view_parse ] --END-- [ RunTime:0.144721s ]
INFO: [ view_filter ] --START--
INFO: Run Behavior\WriteHtmlCacheBehavior [ RunTime:0.005001s ]
INFO: [ view_filter ] --END-- [ RunTime:0.007325s ]
INFO: [ app_end ] --START--
INFO: Run Behavior\ShowPageTraceBehavior [ RunTime:0.008729s ]
INFO: [ app_end ] --END-- [ RunTime:0.009163s ]

[ 2016-04-04T21:16:09+08:00 ] ::1 /hzaumba2.0/index.php/Admin/Index/buttonsandicons.html?name=yqlj
INFO: [ app_init ] --START--
INFO: Run Behavior\BuildLiteBehavior [ RunTime:0.000121s ]
INFO: [ app_init ] --END-- [ RunTime:0.016985s ]
INFO: [ app_begin ] --START--
INFO: Run Behavior\ReadHtmlCacheBehavior [ RunTime:0.010133s ]
INFO: [ app_begin ] --END-- [ RunTime:0.011977s ]
SQL: SHOW COLUMNS FROM `mba_contents` [ RunTime:0.1162s ]
SQL: SELECT `yqlj` FROM `mba_contents` WHERE `cid` = 2 LIMIT 1   [ RunTime:0.0009s ]
SQL: SELECT `yqlj` FROM `mba_contents` WHERE `cid` = 3 LIMIT 1   [ RunTime:0.0009s ]
SQL: SHOW COLUMNS FROM `mba_home` [ RunTime:0.1272s ]
SQL: SELECT `hid`,`title`,`content` FROM `mba_home` WHERE `class` = '友情链接'  [ RunTime:0.0056s ]
SQL: SELECT `yqlj` FROM `mba_contents` WHERE `cid` = 1 LIMIT 1   [ RunTime:0.0013s ]
INFO: [ view_parse ] --START--
INFO: [ template_filter ] --START--
INFO: Run Behavior\ContentReplaceBehavior [ RunTime:0.000546s ]
INFO: [ template_filter ] --END-- [ RunTime:0.001002s ]
NOTIC: [8] Undefined variable: file E:\ruanjian\wamp\www\hzaumba2.0\Application\Runtime\Cache\Admin\73c7609966b7031fe25d56d214e58aac.php 第 228 行.
INFO: Run Behavior\ParseTemplateBehavior [ RunTime:0.057684s ]
INFO: [ view_parse ] --END-- [ RunTime:0.058213s ]
INFO: [ view_filter ] --START--
INFO: Run Behavior\WriteHtmlCacheBehavior [ RunTime:0.002752s ]
INFO: [ view_filter ] --END-- [ RunTime:0.003228s ]
INFO: [ app_end ] --START--
INFO: Run Behavior\ShowPageTraceBehavior [ RunTime:0.022863s ]
INFO: [ app_end ] --END-- [ RunTime:0.023290s ]

[ 2016-04-04T21:16:18+08:00 ] ::1 /hzaumba2.0/index.php/Admin/Index/buttonsandicons.html?name=zxjj
INFO: [ app_init ] --START--
INFO: Run Behavior\BuildLiteBehavior [ RunTime:0.000126s ]
INFO: [ app_init ] --END-- [ RunTime:0.003701s ]
INFO: [ app_begin ] --START--
INFO: Run Behavior\ReadHtmlCacheBehavior [ RunTime:0.007881s ]
INFO: [ app_begin ] --END-- [ RunTime:0.008457s ]
SQL: SHOW COLUMNS FROM `mba_contents` [ RunTime:0.1685s ]
SQL: SELECT `zxjj` FROM `mba_contents` WHERE `cid` = 2 LIMIT 1   [ RunTime:0.0008s ]
SQL: SELECT `zxjj` FROM `mba_contents` WHERE `cid` = 3 LIMIT 1   [ RunTime:0.0005s ]
SQL: SELECT `zxjj` FROM `mba_contents` WHERE `cid` = 1 LIMIT 1   [ RunTime:0.0006s ]
INFO: [ view_parse ] --START--
INFO: [ template_filter ] --START--
INFO: Run Behavior\ContentReplaceBehavior [ RunTime:0.000464s ]
INFO: [ template_filter ] --END-- [ RunTime:0.000796s ]
NOTIC: [8] Undefined variable: info E:\ruanjian\wamp\www\hzaumba2.0\Application\Runtime\Cache\Admin\73c7609966b7031fe25d56d214e58aac.php 第 203 行.
NOTIC: [8] Undefined variable: file E:\ruanjian\wamp\www\hzaumba2.0\Application\Runtime\Cache\Admin\73c7609966b7031fe25d56d214e58aac.php 第 228 行.
NOTIC: [8] Undefined variable: info E:\ruanjian\wamp\www\hzaumba2.0\Application\Runtime\Cache\Admin\73c7609966b7031fe25d56d214e58aac.php 第 261 行.
INFO: Run Behavior\ParseTemplateBehavior [ RunTime:0.059612s ]
INFO: [ view_parse ] --END-- [ RunTime:0.060024s ]
INFO: [ view_filter ] --START--
INFO: Run Behavior\WriteHtmlCacheBehavior [ RunTime:0.002195s ]
INFO: [ view_filter ] --END-- [ RunTime:0.002747s ]
INFO: [ app_end ] --START--
INFO: Run Behavior\ShowPageTraceBehavior [ RunTime:0.038880s ]
INFO: [ app_end ] --END-- [ RunTime:0.040064s ]

[ 2016-04-04T21:16:20+08:00 ] ::1 /hzaumba2.0/index.php/Admin/Index/buttonsandicons.html?name=zzjg
INFO: [ app_init ] --START--
INFO: Run Behavior\BuildLiteBehavior [ RunTime:0.000119s ]
INFO: [ app_init ] --END-- [ RunTime:0.003400s ]
INFO: [ app_begin ] --START--
INFO: Run Behavior\ReadHtmlCacheBehavior [ RunTime:0.007082s ]
INFO: [ app_begin ] --END-- [ RunTime:0.009501s ]
SQL: SHOW COLUMNS FROM `mba_contents` [ RunTime:0.0871s ]
SQL: SELECT `zzjg` FROM `mba_contents` WHERE `cid` = 2 LIMIT 1   [ RunTime:0.0006s ]
SQL: SELECT `zzjg` FROM `mba_contents` WHERE `cid` = 3 LIMIT 1   [ RunTime:0.0006s ]
SQL: SELECT `zzjg` FROM `mba_contents` WHERE `cid` = 1 LIMIT 1   [ RunTime:0.0017s ]
INFO: [ view_parse ] --START--
INFO: [ template_filter ] --START--
INFO: Run Behavior\ContentReplaceBehavior [ RunTime:0.000484s ]
INFO: [ template_filter ] --END-- [ RunTime:0.000865s ]
NOTIC: [8] Undefined variable: info E:\ruanjian\wamp\www\hzaumba2.0\Application\Runtime\Cache\Admin\73c7609966b7031fe25d56d214e58aac.php 第 203 行.
NOTIC: [8] Undefined variable: file E:\ruanjian\wamp\www\hzaumba2.0\Application\Runtime\Cache\Admin\73c7609966b7031fe25d56d214e58aac.php 第 228 行.
NOTIC: [8] Undefined variable: info E:\ruanjian\wamp\www\hzaumba2.0\Application\Runtime\Cache\Admin\73c7609966b7031fe25d56d214e58aac.php 第 261 行.
INFO: Run Behavior\ParseTemplateBehavior [ RunTime:0.058760s ]
INFO: [ view_parse ] --END-- [ RunTime:0.059147s ]
INFO: [ view_filter ] --START--
INFO: Run Behavior\WriteHtmlCacheBehavior [ RunTime:0.003585s ]
INFO: [ view_filter ] --END-- [ RunTime:0.004793s ]
INFO: [ app_end ] --START--
INFO: Run Behavior\ShowPageTraceBehavior [ RunTime:0.022055s ]
INFO: [ app_end ] --END-- [ RunTime:0.022652s ]

[ 2016-04-04T21:23:52+08:00 ] ::1 /hzaumba2.0/index.php/Admin/Index/buttonsandicons.html?name=xwzx
INFO: [ app_init ] --START--
INFO: Run Behavior\BuildLiteBehavior [ RunTime:0.000134s ]
INFO: [ app_init ] --END-- [ RunTime:0.002987s ]
INFO: [ app_begin ] --START--
INFO: Run Behavior\ReadHtmlCacheBehavior [ RunTime:0.010328s ]
INFO: [ app_begin ] --END-- [ RunTime:0.011013s ]
SQL: SHOW COLUMNS FROM `mba_contents` [ RunTime:0.0978s ]
SQL: SELECT `xwzx` FROM `mba_contents` WHERE `cid` = 2 LIMIT 1   [ RunTime:0.0015s ]
SQL: SELECT `xwzx` FROM `mba_contents` WHERE `cid` = 3 LIMIT 1   [ RunTime:0.0010s ]
SQL: SHOW COLUMNS FROM `mba_home` [ RunTime:0.0910s ]
SQL: SELECT `hid`,`title`,`content` FROM `mba_home` WHERE `class` = '新闻中心'  [ RunTime:0.0008s ]
SQL: SELECT `xwzx` FROM `mba_contents` WHERE `cid` = 1 LIMIT 1   [ RunTime:0.0005s ]
INFO: [ view_parse ] --START--
INFO: [ template_filter ] --START--
INFO: Run Behavior\ContentReplaceBehavior [ RunTime:0.000649s ]
INFO: [ template_filter ] --END-- [ RunTime:0.001119s ]
NOTIC: [8] Undefined variable: file E:\ruanjian\wamp\www\hzaumba2.0\Application\Runtime\Cache\Admin\73c7609966b7031fe25d56d214e58aac.php 第 228 行.
INFO: Run Behavior\ParseTemplateBehavior [ RunTime:0.064042s ]
INFO: [ view_parse ] --END-- [ RunTime:0.064677s ]
INFO: [ view_filter ] --START--
INFO: Run Behavior\WriteHtmlCacheBehavior [ RunTime:0.006888s ]
INFO: [ view_filter ] --END-- [ RunTime:0.007334s ]
INFO: [ app_end ] --START--
INFO: Run Behavior\ShowPageTraceBehavior [ RunTime:0.003878s ]
INFO: [ app_end ] --END-- [ RunTime:0.004296s ]

[ 2016-04-04T21:24:21+08:00 ] ::1 /hzaumba2.0/index.php/Admin/Index/button.html?name=xwzx&hid=7
INFO: [ app_init ] --START--
INFO: Run Behavior\BuildLiteBehavior [ RunTime:0.000093s ]
INFO: [ app_init ] --END-- [ RunTime:0.002145s ]
INFO: [ app_begin ] --START--
INFO: Run Behavior\ReadHtmlCacheBehavior [ RunTime:0.002196s ]
INFO: [ app_begin ] --END-- [ RunTime:0.002636s ]
SQL: SHOW COLUMNS FROM `mba_contents` [ RunTime:0.2639s ]
SQL: SELECT `xwzx` FROM `mba_contents` WHERE `cid` = 2 LIMIT 1   [ RunTime:0.0006s ]
SQL: SELECT `xwzx` FROM `mba_contents` WHERE `cid` = 3 LIMIT 1   [ RunTime:0.0006s ]
SQL: SHOW COLUMNS FROM `mba_home` [ RunTime:0.0674s ]
SQL: SELECT `hid`,`title`,`content` FROM `mba_home` WHERE `hid` = 7 LIMIT 1   [ RunTime:0.0006s ]
INFO: [ view_parse ] --START--
INFO: [ template_filter ] --START--
INFO: Run Behavior\ContentReplaceBehavior [ RunTime:0.000462s ]
INFO: [ template_filter ] --END-- [ RunTime:0.000841s ]
INFO: Run Behavior\ParseTemplateBehavior [ RunTime:0.150152s ]
INFO: [ view_parse ] --END-- [ RunTime:0.150590s ]
INFO: [ view_filter ] --START--
INFO: Run Behavior\WriteHtmlCacheBehavior [ RunTime:0.002721s ]
INFO: [ view_filter ] --END-- [ RunTime:0.003158s ]
INFO: [ app_end ] --START--
INFO: Run Behavior\ShowPageTraceBehavior [ RunTime:0.030170s ]
INFO: [ app_end ] --END-- [ RunTime:0.030853s ]

[ 2016-04-04T21:24:22+08:00 ] ::1 /hzaumba2.0/index.php/Admin/Index/css/bootstrap-switch-small.css
INFO: [ app_init ] --START--
INFO: Run Behavior\BuildLiteBehavior [ RunTime:0.001072s ]
INFO: [ app_init ] --END-- [ RunTime:0.007561s ]
INFO: [ app_begin ] --START--
INFO: Run Behavior\ReadHtmlCacheBehavior [ RunTime:0.004915s ]
INFO: [ app_begin ] --END-- [ RunTime:0.005334s ]
ERR: 非法操作:css

[ 2016-04-04T21:24:22+08:00 ] ::1 /hzaumba2.0/index.php/Admin/Index/vendors/bootstrap-switch/build/css/bootstrap3/bootstrap-switch.min.css
INFO: [ app_init ] --START--
INFO: Run Behavior\BuildLiteBehavior [ RunTime:0.000071s ]
INFO: [ app_init ] --END-- [ RunTime:0.001411s ]
INFO: [ app_begin ] --START--
INFO: Run Behavior\ReadHtmlCacheBehavior [ RunTime:0.002601s ]
INFO: [ app_begin ] --END-- [ RunTime:0.003018s ]
ERR: 非法操作:vendors

[ 2016-04-04T21:26:12+08:00 ] ::1 /hzaumba2.0/index.php/Admin/Index/buttonsandicons.html?name=xwzx
INFO: [ app_init ] --START--
INFO: Run Behavior\BuildLiteBehavior [ RunTime:0.000149s ]
INFO: [ app_init ] --END-- [ RunTime:0.004355s ]
INFO: [ app_begin ] --START--
INFO: Run Behavior\ReadHtmlCacheBehavior [ RunTime:0.006627s ]
INFO: [ app_begin ] --END-- [ RunTime:0.007535s ]
SQL: SHOW COLUMNS FROM `mba_contents` [ RunTime:0.2225s ]
SQL: SELECT `xwzx` FROM `mba_contents` WHERE `cid` = 2 LIMIT 1   [ RunTime:0.0007s ]
SQL: SELECT `xwzx` FROM `mba_contents` WHERE `cid` = 3 LIMIT 1   [ RunTime:0.0007s ]
SQL: SHOW COLUMNS FROM `mba_home` [ RunTime:0.0194s ]
SQL: SELECT `hid`,`title`,`content` FROM `mba_home` WHERE `class` = '新闻中心'  [ RunTime:0.0013s ]
SQL: SELECT `xwzx` FROM `mba_contents` WHERE `cid` = 1 LIMIT 1   [ RunTime:0.0007s ]
INFO: [ view_parse ] --START--
INFO: [ template_filter ] --START--
INFO: Run Behavior\ContentReplaceBehavior [ RunTime:0.000854s ]
INFO: [ template_filter ] --END-- [ RunTime:0.001581s ]
NOTIC: [8] Undefined variable: file E:\ruanjian\wamp\www\hzaumba2.0\Application\Runtime\Cache\Admin\73c7609966b7031fe25d56d214e58aac.php 第 228 行.
INFO: Run Behavior\ParseTemplateBehavior [ RunTime:0.141804s ]
INFO: [ view_parse ] --END-- [ RunTime:0.142290s ]
INFO: [ view_filter ] --START--
INFO: Run Behavior\WriteHtmlCacheBehavior [ RunTime:0.002475s ]
INFO: [ view_filter ] --END-- [ RunTime:0.002829s ]
INFO: [ app_end ] --START--
INFO: Run Behavior\ShowPageTraceBehavior [ RunTime:0.073464s ]
INFO: [ app_end ] --END-- [ RunTime:0.073918s ]

[ 2016-04-04T21:26:17+08:00 ] ::1 /hzaumba2.0/index.php/Admin/Index/buttonsandicons.html?name=tzgg
INFO: [ app_init ] --START--
INFO: Run Behavior\BuildLiteBehavior [ RunTime:0.000078s ]
INFO: [ app_init ] --END-- [ RunTime:0.001505s ]
INFO: [ app_begin ] --START--
INFO: Run Behavior\ReadHtmlCacheBehavior [ RunTime:0.003418s ]
INFO: [ app_begin ] --END-- [ RunTime:0.003849s ]
SQL: SHOW COLUMNS FROM `mba_contents` [ RunTime:0.1418s ]
SQL: SELECT `tzgg` FROM `mba_contents` WHERE `cid` = 2 LIMIT 1   [ RunTime:0.0004s ]
SQL: SELECT `tzgg` FROM `mba_contents` WHERE `cid` = 3 LIMIT 1   [ RunTime:0.0005s ]
SQL: SHOW COLUMNS FROM `mba_home` [ RunTime:0.0603s ]
SQL: SELECT `hid`,`title`,`content` FROM `mba_home` WHERE `class` = '通知公告'  [ RunTime:0.0006s ]
SQL: SELECT `tzgg` FROM `mba_contents` WHERE `cid` = 1 LIMIT 1   [ RunTime:0.0005s ]
INFO: [ view_parse ] --START--
INFO: [ template_filter ] --START--
INFO: Run Behavior\ContentReplaceBehavior [ RunTime:0.000409s ]
INFO: [ template_filter ] --END-- [ RunTime:0.000758s ]
NOTIC: [8] Undefined variable: file E:\ruanjian\wamp\www\hzaumba2.0\Application\Runtime\Cache\Admin\73c7609966b7031fe25d56d214e58aac.php 第 228 行.
INFO: Run Behavior\ParseTemplateBehavior [ RunTime:0.038252s ]
INFO: [ view_parse ] --END-- [ RunTime:0.038533s ]
INFO: [ view_filter ] --START--
INFO: Run Behavior\WriteHtmlCacheBehavior [ RunTime:0.001706s ]
INFO: [ view_filter ] --END-- [ RunTime:0.002004s ]
INFO: [ app_end ] --START--
INFO: Run Behavior\ShowPageTraceBehavior [ RunTime:0.011654s ]
INFO: [ app_end ] --END-- [ RunTime:0.012218s ]

[ 2016-04-04T21:26:19+08:00 ] ::1 /hzaumba2.0/index.php/Admin/Index/buttonsandicons.html?name=xwzx
INFO: [ app_init ] --START--
INFO: Run Behavior\BuildLiteBehavior [ RunTime:0.000059s ]
INFO: [ app_init ] --END-- [ RunTime:0.002143s ]
INFO: [ app_begin ] --START--
INFO: Run Behavior\ReadHtmlCacheBehavior [ RunTime:0.002011s ]
INFO: [ app_begin ] --END-- [ RunTime:0.002306s ]
SQL: SHOW COLUMNS FROM `mba_contents` [ RunTime:0.0182s ]
SQL: SELECT `xwzx` FROM `mba_contents` WHERE `cid` = 2 LIMIT 1   [ RunTime:0.0004s ]
SQL: SELECT `xwzx` FROM `mba_contents` WHERE `cid` = 3 LIMIT 1   [ RunTime:0.0006s ]
SQL: SHOW COLUMNS FROM `mba_home` [ RunTime:0.1752s ]
SQL: SELECT `hid`,`title`,`content` FROM `mba_home` WHERE `class` = '新闻中心'  [ RunTime:0.0005s ]
SQL: SELECT `xwzx` FROM `mba_contents` WHERE `cid` = 1 LIMIT 1   [ RunTime:0.0007s ]
INFO: [ view_parse ] --START--
INFO: [ template_filter ] --START--
INFO: Run Behavior\ContentReplaceBehavior [ RunTime:0.000428s ]
INFO: [ template_filter ] --END-- [ RunTime:0.000726s ]
NOTIC: [8] Undefined variable: file E:\ruanjian\wamp\www\hzaumba2.0\Application\Runtime\Cache\Admin\73c7609966b7031fe25d56d214e58aac.php 第 228 行.
INFO: Run Behavior\ParseTemplateBehavior [ RunTime:0.041571s ]
INFO: [ view_parse ] --END-- [ RunTime:0.041853s ]
INFO: [ view_filter ] --START--
INFO: Run Behavior\WriteHtmlCacheBehavior [ RunTime:0.002182s ]
INFO: [ view_filter ] --END-- [ RunTime:0.002442s ]
INFO: [ app_end ] --START--
INFO: Run Behavior\ShowPageTraceBehavior [ RunTime:0.007563s ]
INFO: [ app_end ] --END-- [ RunTime:0.007922s ]

[ 2016-04-04T21:26:35+08:00 ] ::1 /hzaumba2.0/index.php/Admin/Index/buttonsandicons.html?name=xwzx
INFO: [ app_init ] --START--
INFO: Run Behavior\BuildLiteBehavior [ RunTime:0.000060s ]
INFO: [ app_init ] --END-- [ RunTime:0.001491s ]
INFO: [ app_begin ] --START--
INFO: Run Behavior\ReadHtmlCacheBehavior [ RunTime:0.002335s ]
INFO: [ app_begin ] --END-- [ RunTime:0.002687s ]
SQL: SHOW COLUMNS FROM `mba_contents` [ RunTime:0.0370s ]
SQL: SELECT `xwzx` FROM `mba_contents` WHERE `cid` = 2 LIMIT 1   [ RunTime:0.0006s ]
SQL: SELECT `xwzx` FROM `mba_contents` WHERE `cid` = 3 LIMIT 1   [ RunTime:0.0005s ]
SQL: SHOW COLUMNS FROM `mba_home` [ RunTime:0.0350s ]
SQL: SELECT `hid`,`title`,`content` FROM `mba_home` WHERE `class` = '新闻中心'  [ RunTime:0.0006s ]
SQL: SELECT `xwzx` FROM `mba_contents` WHERE `cid` = 1 LIMIT 1   [ RunTime:0.0004s ]
INFO: [ view_parse ] --START--
INFO: [ template_filter ] --START--
INFO: Run Behavior\ContentReplaceBehavior [ RunTime:0.000358s ]
INFO: [ template_filter ] --END-- [ RunTime:0.000662s ]
NOTIC: [8] Undefined variable: file E:\ruanjian\wamp\www\hzaumba2.0\Application\Runtime\Cache\Admin\73c7609966b7031fe25d56d214e58aac.php 第 228 行.
INFO: Run Behavior\ParseTemplateBehavior [ RunTime:0.041608s ]
INFO: [ view_parse ] --END-- [ RunTime:0.041879s ]
INFO: [ view_filter ] --START--
INFO: Run Behavior\WriteHtmlCacheBehavior [ RunTime:0.001798s ]
INFO: [ view_filter ] --END-- [ RunTime:0.002059s ]
INFO: [ app_end ] --START--
INFO: Run Behavior\ShowPageTraceBehavior [ RunTime:0.010318s ]
INFO: [ app_end ] --END-- [ RunTime:0.010594s ]

[ 2016-04-04T21:27:15+08:00 ] ::1 /hzaumba2.0/index.php/Admin/Index/buttonsandicons.html?name=xwzx
INFO: [ app_init ] --START--
INFO: Run Behavior\BuildLiteBehavior [ RunTime:0.000057s ]
INFO: [ app_init ] --END-- [ RunTime:0.001191s ]
INFO: [ app_begin ] --START--
INFO: Run Behavior\ReadHtmlCacheBehavior [ RunTime:0.001533s ]
INFO: [ app_begin ] --END-- [ RunTime:0.003015s ]
SQL: SHOW COLUMNS FROM `mba_contents` [ RunTime:0.0697s ]
SQL: SELECT `xwzx` FROM `mba_contents` WHERE `cid` = 2 LIMIT 1   [ RunTime:0.0007s ]
SQL: SELECT `xwzx` FROM `mba_contents` WHERE `cid` = 3 LIMIT 1   [ RunTime:0.0013s ]
SQL: SHOW COLUMNS FROM `mba_home` [ RunTime:0.0560s ]
SQL: SELECT `hid`,`title`,`content` FROM `mba_home` WHERE `class` = '新闻中心'  [ RunTime:0.0007s ]
SQL: SELECT `xwzx` FROM `mba_contents` WHERE `cid` = 1 LIMIT 1   [ RunTime:0.0019s ]
INFO: [ view_parse ] --START--
INFO: [ template_filter ] --START--
INFO: Run Behavior\ContentReplaceBehavior [ RunTime:0.000382s ]
INFO: [ template_filter ] --END-- [ RunTime:0.000634s ]
NOTIC: [8] Undefined variable: file E:\ruanjian\wamp\www\hzaumba2.0\Application\Runtime\Cache\Admin\73c7609966b7031fe25d56d214e58aac.php 第 228 行.
INFO: Run Behavior\ParseTemplateBehavior [ RunTime:0.035321s ]
INFO: [ view_parse ] --END-- [ RunTime:0.035817s ]
INFO: [ view_filter ] --START--
INFO: Run Behavior\WriteHtmlCacheBehavior [ RunTime:0.000961s ]
INFO: [ view_filter ] --END-- [ RunTime:0.001210s ]
INFO: [ app_end ] --START--
INFO: Run Behavior\ShowPageTraceBehavior [ RunTime:0.006326s ]
INFO: [ app_end ] --END-- [ RunTime:0.006610s ]

[ 2016-04-04T21:28:52+08:00 ] ::1 /hzaumba2.0/index.php/Admin/Index/buttonsandicons.html?name=xwzx
INFO: [ app_init ] --START--
INFO: Run Behavior\BuildLiteBehavior [ RunTime:0.000145s ]
INFO: [ app_init ] --END-- [ RunTime:0.002461s ]
INFO: [ app_begin ] --START--
INFO: Run Behavior\ReadHtmlCacheBehavior [ RunTime:0.002557s ]
INFO: [ app_begin ] --END-- [ RunTime:0.003130s ]
SQL: SHOW COLUMNS FROM `mba_contents` [ RunTime:0.2108s ]
SQL: SELECT `xwzx` FROM `mba_contents` WHERE `cid` = 2 LIMIT 1   [ RunTime:0.0010s ]
SQL: SELECT `xwzx` FROM `mba_contents` WHERE `cid` = 3 LIMIT 1   [ RunTime:0.0011s ]
SQL: SHOW COLUMNS FROM `mba_home` [ RunTime:0.1520s ]
SQL: SELECT COUNT(*) AS tp_count FROM `mba_home` WHERE `class` = '新闻中心' LIMIT 1   [ RunTime:0.0007s ]
SQL: SELECT `hid`,`title`,`content` FROM `mba_home` WHERE `class` = '新闻中心' LIMIT 0,1   [ RunTime:0.0022s ]
SQL: SELECT `xwzx` FROM `mba_contents` WHERE `cid` = 1 LIMIT 1   [ RunTime:0.0007s ]
INFO: [ view_parse ] --START--
INFO: [ template_filter ] --START--
INFO: Run Behavior\ContentReplaceBehavior [ RunTime:0.000776s ]
INFO: [ template_filter ] --END-- [ RunTime:0.001193s ]
NOTIC: [8] Undefined variable: file E:\ruanjian\wamp\www\hzaumba2.0\Application\Runtime\Cache\Admin\73c7609966b7031fe25d56d214e58aac.php 第 228 行.
INFO: Run Behavior\ParseTemplateBehavior [ RunTime:0.082598s ]
INFO: [ view_parse ] --END-- [ RunTime:0.083030s ]
INFO: [ view_filter ] --START--
INFO: Run Behavior\WriteHtmlCacheBehavior [ RunTime:0.001367s ]
INFO: [ view_filter ] --END-- [ RunTime:0.001792s ]
INFO: [ app_end ] --START--
INFO: Run Behavior\ShowPageTraceBehavior [ RunTime:0.004231s ]
INFO: [ app_end ] --END-- [ RunTime:0.004680s ]

[ 2016-04-04T21:29:55+08:00 ] ::1 /hzaumba2.0/index.php/Admin/Index/buttonsandicons.html?name=xwzx
INFO: [ app_init ] --START--
INFO: Run Behavior\BuildLiteBehavior [ RunTime:0.000114s ]
INFO: [ app_init ] --END-- [ RunTime:0.002778s ]
INFO: [ app_begin ] --START--
INFO: Run Behavior\ReadHtmlCacheBehavior [ RunTime:0.005496s ]
INFO: [ app_begin ] --END-- [ RunTime:0.006172s ]
SQL: SHOW COLUMNS FROM `mba_contents` [ RunTime:0.1791s ]
SQL: SELECT `xwzx` FROM `mba_contents` WHERE `cid` = 2 LIMIT 1   [ RunTime:0.0032s ]
SQL: SELECT `xwzx` FROM `mba_contents` WHERE `cid` = 3 LIMIT 1   [ RunTime:0.0010s ]
SQL: SHOW COLUMNS FROM `mba_home` [ RunTime:0.1050s ]
SQL: SELECT COUNT(*) AS tp_count FROM `mba_home` WHERE `class` = '新闻中心' LIMIT 1   [ RunTime:0.0006s ]
SQL: SELECT `hid`,`title`,`content` FROM `mba_home` WHERE `class` = '新闻中心' LIMIT 0,1   [ RunTime:0.0008s ]
SQL: SELECT `xwzx` FROM `mba_contents` WHERE `cid` = 1 LIMIT 1   [ RunTime:0.0005s ]
INFO: [ view_parse ] --START--
INFO: [ template_filter ] --START--
INFO: Run Behavior\ContentReplaceBehavior [ RunTime:0.000546s ]
INFO: [ template_filter ] --END-- [ RunTime:0.000948s ]
NOTIC: [8] Undefined variable: file E:\ruanjian\wamp\www\hzaumba2.0\Application\Runtime\Cache\Admin\73c7609966b7031fe25d56d214e58aac.php 第 229 行.
INFO: Run Behavior\ParseTemplateBehavior [ RunTime:0.055258s ]
INFO: [ view_parse ] --END-- [ RunTime:0.055714s ]
INFO: [ view_filter ] --START--
INFO: Run Behavior\WriteHtmlCacheBehavior [ RunTime:0.002168s ]
INFO: [ view_filter ] --END-- [ RunTime:0.002500s ]
INFO: [ app_end ] --START--
INFO: Run Behavior\ShowPageTraceBehavior [ RunTime:0.015700s ]
INFO: [ app_end ] --END-- [ RunTime:0.016162s ]

[ 2016-04-04T21:31:07+08:00 ] ::1 /hzaumba2.0/index.php/Admin/Index/buttonsandicons.html?name=xwzx
INFO: [ app_init ] --START--
INFO: Run Behavior\BuildLiteBehavior [ RunTime:0.000102s ]
INFO: [ app_init ] --END-- [ RunTime:0.002675s ]
INFO: [ app_begin ] --START--
INFO: Run Behavior\ReadHtmlCacheBehavior [ RunTime:0.004446s ]
INFO: [ app_begin ] --END-- [ RunTime:0.005102s ]
SQL: SHOW COLUMNS FROM `mba_contents` [ RunTime:0.0184s ]
SQL: SELECT `xwzx` FROM `mba_contents` WHERE `cid` = 2 LIMIT 1   [ RunTime:0.0010s ]
SQL: SELECT `xwzx` FROM `mba_contents` WHERE `cid` = 3 LIMIT 1   [ RunTime:0.0009s ]
SQL: SHOW COLUMNS FROM `mba_home` [ RunTime:0.0868s ]
SQL: SELECT COUNT(*) AS tp_count FROM `mba_home` WHERE `class` = '新闻中心' LIMIT 1   [ RunTime:0.0006s ]
SQL: SELECT `hid`,`title`,`content` FROM `mba_home` WHERE `class` = '新闻中心' LIMIT 0,1   [ RunTime:0.0020s ]
SQL: SELECT `xwzx` FROM `mba_contents` WHERE `cid` = 1 LIMIT 1   [ RunTime:0.0007s ]
INFO: [ view_parse ] --START--
INFO: [ template_filter ] --START--
INFO: Run Behavior\ContentReplaceBehavior [ RunTime:0.000692s ]
INFO: [ template_filter ] --END-- [ RunTime:0.001024s ]
NOTIC: [8] Undefined variable: file E:\ruanjian\wamp\www\hzaumba2.0\Application\Runtime\Cache\Admin\73c7609966b7031fe25d56d214e58aac.php 第 229 行.
INFO: Run Behavior\ParseTemplateBehavior [ RunTime:0.053335s ]
INFO: [ view_parse ] --END-- [ RunTime:0.053734s ]
INFO: [ view_filter ] --START--
INFO: Run Behavior\WriteHtmlCacheBehavior [ RunTime:0.001967s ]
INFO: [ view_filter ] --END-- [ RunTime:0.002333s ]
INFO: [ app_end ] --START--
INFO: Run Behavior\ShowPageTraceBehavior [ RunTime:0.003272s ]
INFO: [ app_end ] --END-- [ RunTime:0.015650s ]

[ 2016-04-04T21:31:10+08:00 ] ::1 /hzaumba2.0/index.php/Admin/Index/buttonsandicons/name/xwzx/p/2.html
INFO: [ app_init ] --START--
INFO: Run Behavior\BuildLiteBehavior [ RunTime:0.000103s ]
INFO: [ app_init ] --END-- [ RunTime:0.002329s ]
INFO: [ app_begin ] --START--
INFO: Run Behavior\ReadHtmlCacheBehavior [ RunTime:0.005849s ]
INFO: [ app_begin ] --END-- [ RunTime:0.006382s ]
SQL: SHOW COLUMNS FROM `mba_contents` [ RunTime:0.0670s ]
SQL: SELECT `xwzx` FROM `mba_contents` WHERE `cid` = 2 LIMIT 1   [ RunTime:0.0006s ]
SQL: SELECT `xwzx` FROM `mba_contents` WHERE `cid` = 3 LIMIT 1   [ RunTime:0.0005s ]
SQL: SHOW COLUMNS FROM `mba_home` [ RunTime:0.1272s ]
SQL: SELECT COUNT(*) AS tp_count FROM `mba_home` WHERE `class` = '新闻中心' LIMIT 1   [ RunTime:0.0007s ]
SQL: SELECT `hid`,`title`,`content` FROM `mba_home` WHERE `class` = '新闻中心' LIMIT 1,1   [ RunTime:0.0008s ]
SQL: SELECT `xwzx` FROM `mba_contents` WHERE `cid` = 1 LIMIT 1   [ RunTime:0.0006s ]
INFO: [ view_parse ] --START--
INFO: [ template_filter ] --START--
INFO: Run Behavior\ContentReplaceBehavior [ RunTime:0.000706s ]
INFO: [ template_filter ] --END-- [ RunTime:0.001101s ]
NOTIC: [8] Undefined variable: file E:\ruanjian\wamp\www\hzaumba2.0\Application\Runtime\Cache\Admin\73c7609966b7031fe25d56d214e58aac.php 第 229 行.
INFO: Run Behavior\ParseTemplateBehavior [ RunTime:0.084626s ]
INFO: [ view_parse ] --END-- [ RunTime:0.085029s ]
INFO: [ view_filter ] --START--
INFO: Run Behavior\WriteHtmlCacheBehavior [ RunTime:0.002983s ]
INFO: [ view_filter ] --END-- [ RunTime:0.003670s ]
INFO: [ app_end ] --START--
INFO: Run Behavior\ShowPageTraceBehavior [ RunTime:0.054477s ]
INFO: [ app_end ] --END-- [ RunTime:0.054922s ]

[ 2016-04-04T21:31:44+08:00 ] ::1 /hzaumba2.0/index.php/Admin/Index/buttonsandicons/name/xwzx/p/2.html
INFO: [ app_init ] --START--
INFO: Run Behavior\BuildLiteBehavior [ RunTime:0.000153s ]
INFO: [ app_init ] --END-- [ RunTime:0.008962s ]
INFO: [ app_begin ] --START--
INFO: Run Behavior\ReadHtmlCacheBehavior [ RunTime:0.003889s ]
INFO: [ app_begin ] --END-- [ RunTime:0.004346s ]
SQL: SHOW COLUMNS FROM `mba_contents` [ RunTime:0.0178s ]
SQL: SELECT `xwzx` FROM `mba_contents` WHERE `cid` = 2 LIMIT 1   [ RunTime:0.0005s ]
SQL: SELECT `xwzx` FROM `mba_contents` WHERE `cid` = 3 LIMIT 1   [ RunTime:0.0004s ]
SQL: SHOW COLUMNS FROM `mba_home` [ RunTime:0.0163s ]
SQL: SELECT COUNT(*) AS tp_count FROM `mba_home` WHERE `class` = '新闻中心' LIMIT 1   [ RunTime:0.0007s ]
SQL: SELECT `hid`,`title`,`content` FROM `mba_home` WHERE `class` = '新闻中心' LIMIT 1,1   [ RunTime:0.0012s ]
SQL: SELECT `xwzx` FROM `mba_contents` WHERE `cid` = 1 LIMIT 1   [ RunTime:0.0008s ]
INFO: [ view_parse ] --START--
INFO: [ template_filter ] --START--
INFO: Run Behavior\ContentReplaceBehavior [ RunTime:0.000548s ]
INFO: [ template_filter ] --END-- [ RunTime:0.000932s ]
NOTIC: [8] Undefined variable: file E:\ruanjian\wamp\www\hzaumba2.0\Application\Runtime\Cache\Admin\73c7609966b7031fe25d56d214e58aac.php 第 232 行.
INFO: Run Behavior\ParseTemplateBehavior [ RunTime:0.058592s ]
INFO: [ view_parse ] --END-- [ RunTime:0.058914s ]
INFO: [ view_filter ] --START--
INFO: Run Behavior\WriteHtmlCacheBehavior [ RunTime:0.001803s ]
INFO: [ view_filter ] --END-- [ RunTime:0.002111s ]
INFO: [ app_end ] --START--
INFO: Run Behavior\ShowPageTraceBehavior [ RunTime:0.003773s ]
INFO: [ app_end ] --END-- [ RunTime:0.005865s ]

[ 2016-04-04T21:33:23+08:00 ] ::1 /hzaumba2.0/index.php/Admin/Index/buttonsandicons/name/xwzx/p/2.html
INFO: [ app_init ] --START--
INFO: Run Behavior\BuildLiteBehavior [ RunTime:0.000102s ]
INFO: [ app_init ] --END-- [ RunTime:0.002931s ]
INFO: [ app_begin ] --START--
INFO: Run Behavior\ReadHtmlCacheBehavior [ RunTime:0.001738s ]
INFO: [ app_begin ] --END-- [ RunTime:0.002117s ]
SQL: SHOW COLUMNS FROM `mba_contents` [ RunTime:0.3172s ]
SQL: SELECT `xwzx` FROM `mba_contents` WHERE `cid` = 2 LIMIT 1   [ RunTime:0.0007s ]
SQL: SELECT `xwzx` FROM `mba_contents` WHERE `cid` = 3 LIMIT 1   [ RunTime:0.0006s ]
SQL: SHOW COLUMNS FROM `mba_home` [ RunTime:0.8143s ]
SQL: SELECT COUNT(*) AS tp_count FROM `mba_home` WHERE `class` = '新闻中心' LIMIT 1   [ RunTime:0.0005s ]
SQL: SELECT `hid`,`title`,`content` FROM `mba_home` WHERE `class` = '新闻中心' LIMIT 1,1   [ RunTime:0.0010s ]
SQL: SELECT `xwzx` FROM `mba_contents` WHERE `cid` = 1 LIMIT 1   [ RunTime:0.0017s ]
INFO: [ view_parse ] --START--
INFO: [ template_filter ] --START--
INFO: Run Behavior\ContentReplaceBehavior [ RunTime:0.000688s ]
INFO: [ template_filter ] --END-- [ RunTime:0.001316s ]
NOTIC: [8] Undefined variable: file E:\ruanjian\wamp\www\hzaumba2.0\Application\Runtime\Cache\Admin\73c7609966b7031fe25d56d214e58aac.php 第 232 行.
INFO: Run Behavior\ParseTemplateBehavior [ RunTime:0.220497s ]
INFO: [ view_parse ] --END-- [ RunTime:0.220866s ]
INFO: [ view_filter ] --START--
INFO: Run Behavior\WriteHtmlCacheBehavior [ RunTime:0.004108s ]
INFO: [ view_filter ] --END-- [ RunTime:0.004561s ]
INFO: [ app_end ] --START--
INFO: Run Behavior\ShowPageTraceBehavior [ RunTime:0.004466s ]
INFO: [ app_end ] --END-- [ RunTime:0.004828s ]

[ 2016-04-04T21:33:53+08:00 ] ::1 /hzaumba2.0/index.php/Admin/Index/buttonsandicons/name/xwzx/p/2.html
INFO: [ app_init ] --START--
INFO: Run Behavior\BuildLiteBehavior [ RunTime:0.000122s ]
INFO: [ app_init ] --END-- [ RunTime:0.002204s ]
INFO: [ app_begin ] --START--
INFO: Run Behavior\ReadHtmlCacheBehavior [ RunTime:0.004530s ]
INFO: [ app_begin ] --END-- [ RunTime:0.005066s ]
SQL: SHOW COLUMNS FROM `mba_contents` [ RunTime:1.2569s ]
SQL: SELECT `xwzx` FROM `mba_contents` WHERE `cid` = 2 LIMIT 1   [ RunTime:0.0005s ]
SQL: SELECT `xwzx` FROM `mba_contents` WHERE `cid` = 3 LIMIT 1   [ RunTime:0.0005s ]
SQL: SHOW COLUMNS FROM `mba_home` [ RunTime:4.6702s ]
SQL: SELECT COUNT(*) AS tp_count FROM `mba_home` WHERE `class` = '新闻中心' LIMIT 1   [ RunTime:0.0011s ]
SQL: SELECT `hid`,`title`,`content` FROM `mba_home` WHERE `class` = '新闻中心' LIMIT 1,1   [ RunTime:0.0011s ]
SQL: SELECT `xwzx` FROM `mba_contents` WHERE `cid` = 1 LIMIT 1   [ RunTime:0.0008s ]
INFO: [ view_parse ] --START--
INFO: [ template_filter ] --START--
INFO: Run Behavior\ContentReplaceBehavior [ RunTime:0.000617s ]
INFO: [ template_filter ] --END-- [ RunTime:0.000935s ]
NOTIC: [8] Undefined variable: file E:\ruanjian\wamp\www\hzaumba2.0\Application\Runtime\Cache\Admin\73c7609966b7031fe25d56d214e58aac.php 第 232 行.
INFO: Run Behavior\ParseTemplateBehavior [ RunTime:0.053811s ]
INFO: [ view_parse ] --END-- [ RunTime:0.054146s ]
INFO: [ view_filter ] --START--
INFO: Run Behavior\WriteHtmlCacheBehavior [ RunTime:0.001929s ]
INFO: [ view_filter ] --END-- [ RunTime:0.002676s ]
INFO: [ app_end ] --START--
INFO: Run Behavior\ShowPageTraceBehavior [ RunTime:0.003107s ]
INFO: [ app_end ] --END-- [ RunTime:0.003671s ]

[ 2016-04-04T21:34:20+08:00 ] ::1 /hzaumba2.0/index.php/Admin/Index/buttonsandicons/name/xwzx/p/2.html
INFO: [ app_init ] --START--
INFO: Run Behavior\BuildLiteBehavior [ RunTime:0.000141s ]
INFO: [ app_init ] --END-- [ RunTime:0.002192s ]
INFO: [ app_begin ] --START--
INFO: Run Behavior\ReadHtmlCacheBehavior [ RunTime:0.002514s ]
INFO: [ app_begin ] --END-- [ RunTime:0.003141s ]
SQL: SHOW COLUMNS FROM `mba_contents` [ RunTime:0.5590s ]
SQL: SELECT `xwzx` FROM `mba_contents` WHERE `cid` = 2 LIMIT 1   [ RunTime:0.0008s ]
SQL: SELECT `xwzx` FROM `mba_contents` WHERE `cid` = 3 LIMIT 1   [ RunTime:0.0092s ]
SQL: SHOW COLUMNS FROM `mba_home` [ RunTime:0.1249s ]
SQL: SELECT COUNT(*) AS tp_count FROM `mba_home` WHERE `class` = '新闻中心' LIMIT 1   [ RunTime:0.0006s ]
SQL: SELECT `hid`,`title`,`content` FROM `mba_home` WHERE `class` = '新闻中心' LIMIT 1,1   [ RunTime:0.0009s ]
SQL: SELECT `xwzx` FROM `mba_contents` WHERE `cid` = 1 LIMIT 1   [ RunTime:0.0004s ]
INFO: [ view_parse ] --START--
INFO: [ template_filter ] --START--
INFO: Run Behavior\ContentReplaceBehavior [ RunTime:0.000453s ]
INFO: [ template_filter ] --END-- [ RunTime:0.000738s ]
NOTIC: [8] Undefined variable: file E:\ruanjian\wamp\www\hzaumba2.0\Application\Runtime\Cache\Admin\73c7609966b7031fe25d56d214e58aac.php 第 232 行.
INFO: Run Behavior\ParseTemplateBehavior [ RunTime:0.042443s ]
INFO: [ view_parse ] --END-- [ RunTime:0.042810s ]
INFO: [ view_filter ] --START--
INFO: Run Behavior\WriteHtmlCacheBehavior [ RunTime:0.001558s ]
INFO: [ view_filter ] --END-- [ RunTime:0.002150s ]
INFO: [ app_end ] --START--
INFO: Run Behavior\ShowPageTraceBehavior [ RunTime:0.002054s ]
INFO: [ app_end ] --END-- [ RunTime:0.002433s ]

[ 2016-04-04T21:34:38+08:00 ] ::1 /hzaumba2.0/index.php/Admin/Index/buttonsandicons.html?name=xzzx
INFO: [ app_init ] --START--
INFO: Run Behavior\BuildLiteBehavior [ RunTime:0.000148s ]
INFO: [ app_init ] --END-- [ RunTime:0.008532s ]
INFO: [ app_begin ] --START--
INFO: Run Behavior\ReadHtmlCacheBehavior [ RunTime:0.002491s ]
INFO: [ app_begin ] --END-- [ RunTime:0.003605s ]
SQL: SHOW COLUMNS FROM `mba_contents` [ RunTime:0.1799s ]
SQL: SELECT `xzzx` FROM `mba_contents` WHERE `cid` = 2 LIMIT 1   [ RunTime:0.0005s ]
SQL: SELECT `xzzx` FROM `mba_contents` WHERE `cid` = 3 LIMIT 1   [ RunTime:0.0006s ]
SQL: SHOW COLUMNS FROM `mba_home` [ RunTime:0.1611s ]
SQL: SELECT COUNT(*) AS tp_count FROM `mba_home` WHERE `class` = '下载中心' LIMIT 1   [ RunTime:0.0007s ]
SQL: SELECT `hid`,`title`,`content` FROM `mba_home` WHERE `class` = '下载中心' LIMIT 0,1   [ RunTime:0.0048s ]
SQL: SELECT `xzzx` FROM `mba_contents` WHERE `cid` = 1 LIMIT 1   [ RunTime:0.0007s ]
INFO: [ view_parse ] --START--
INFO: [ template_filter ] --START--
INFO: Run Behavior\ContentReplaceBehavior [ RunTime:0.000536s ]
INFO: [ template_filter ] --END-- [ RunTime:0.000880s ]
NOTIC: [8] Undefined variable: file E:\ruanjian\wamp\www\hzaumba2.0\Application\Runtime\Cache\Admin\73c7609966b7031fe25d56d214e58aac.php 第 232 行.
INFO: Run Behavior\ParseTemplateBehavior [ RunTime:0.053854s ]
INFO: [ view_parse ] --END-- [ RunTime:0.054258s ]
INFO: [ view_filter ] --START--
INFO: Run Behavior\WriteHtmlCacheBehavior [ RunTime:0.001401s ]
INFO: [ view_filter ] --END-- [ RunTime:0.001787s ]
INFO: [ app_end ] --START--
INFO: Run Behavior\ShowPageTraceBehavior [ RunTime:0.008693s ]
INFO: [ app_end ] --END-- [ RunTime:0.014395s ]

[ 2016-04-04T21:36:10+08:00 ] ::1 /hzaumba2.0/index.php/Admin/Index/buttonsandicons.html?name=xzzx
INFO: [ app_init ] --START--
INFO: Run Behavior\BuildLiteBehavior [ RunTime:0.000072s ]
INFO: [ app_init ] --END-- [ RunTime:0.007139s ]
INFO: [ app_begin ] --START--
INFO: Run Behavior\ReadHtmlCacheBehavior [ RunTime:0.006077s ]
INFO: [ app_begin ] --END-- [ RunTime:0.006556s ]
SQL: SHOW COLUMNS FROM `mba_contents` [ RunTime:0.0345s ]
SQL: SELECT `xzzx` FROM `mba_contents` WHERE `cid` = 2 LIMIT 1   [ RunTime:0.0005s ]
SQL: SELECT `xzzx` FROM `mba_contents` WHERE `cid` = 3 LIMIT 1   [ RunTime:0.0004s ]
SQL: SHOW COLUMNS FROM `mba_home` [ RunTime:0.1529s ]
SQL: SELECT COUNT(*) AS tp_count FROM `mba_home` WHERE `class` = '下载中心' LIMIT 1   [ RunTime:0.0008s ]
SQL: SELECT `hid`,`title`,`content` FROM `mba_home` WHERE `class` = '下载中心' LIMIT 0,1   [ RunTime:0.0005s ]
SQL: SELECT `xzzx` FROM `mba_contents` WHERE `cid` = 1 LIMIT 1   [ RunTime:0.0006s ]
INFO: [ view_parse ] --START--
INFO: [ template_filter ] --START--
INFO: Run Behavior\ContentReplaceBehavior [ RunTime:0.000569s ]
INFO: [ template_filter ] --END-- [ RunTime:0.000899s ]
NOTIC: [8] Undefined variable: file E:\ruanjian\wamp\www\hzaumba2.0\Application\Runtime\Cache\Admin\73c7609966b7031fe25d56d214e58aac.php 第 232 行.
INFO: Run Behavior\ParseTemplateBehavior [ RunTime:0.086353s ]
INFO: [ view_parse ] --END-- [ RunTime:0.086760s ]
INFO: [ view_filter ] --START--
INFO: Run Behavior\WriteHtmlCacheBehavior [ RunTime:0.009971s ]
INFO: [ view_filter ] --END-- [ RunTime:0.010338s ]
INFO: [ app_end ] --START--
INFO: Run Behavior\ShowPageTraceBehavior [ RunTime:0.046318s ]
INFO: [ app_end ] --END-- [ RunTime:0.046759s ]

[ 2016-04-04T21:36:40+08:00 ] ::1 /hzaumba2.0/index.php/Admin/Index/buttonsandicons.html?name=xzzx
INFO: [ app_init ] --START--
INFO: Run Behavior\BuildLiteBehavior [ RunTime:0.000079s ]
INFO: [ app_init ] --END-- [ RunTime:0.003590s ]
INFO: [ app_begin ] --START--
INFO: Run Behavior\ReadHtmlCacheBehavior [ RunTime:0.002713s ]
INFO: [ app_begin ] --END-- [ RunTime:0.003047s ]
SQL: SHOW COLUMNS FROM `mba_contents` [ RunTime:0.0850s ]
SQL: SELECT `xzzx` FROM `mba_contents` WHERE `cid` = 2 LIMIT 1   [ RunTime:0.0005s ]
SQL: SELECT `xzzx` FROM `mba_contents` WHERE `cid` = 3 LIMIT 1   [ RunTime:0.0005s ]
SQL: SHOW COLUMNS FROM `mba_home` [ RunTime:0.0558s ]
SQL: SELECT COUNT(*) AS tp_count FROM `mba_home` WHERE `class` = '下载中心' LIMIT 1   [ RunTime:0.0007s ]
SQL: SELECT `hid`,`title`,`content` FROM `mba_home` WHERE `class` = '下载中心' LIMIT 0,1   [ RunTime:0.0007s ]
SQL: SELECT `xzzx` FROM `mba_contents` WHERE `cid` = 1 LIMIT 1   [ RunTime:0.0006s ]
INFO: [ view_parse ] --START--
INFO: [ template_filter ] --START--
INFO: Run Behavior\ContentReplaceBehavior [ RunTime:0.000519s ]
INFO: [ template_filter ] --END-- [ RunTime:0.000866s ]
INFO: Run Behavior\ParseTemplateBehavior [ RunTime:0.059108s ]
INFO: [ view_parse ] --END-- [ RunTime:0.059539s ]
INFO: [ view_filter ] --START--
INFO: Run Behavior\WriteHtmlCacheBehavior [ RunTime:0.003411s ]
INFO: [ view_filter ] --END-- [ RunTime:0.003785s ]
INFO: [ app_end ] --START--
INFO: Run Behavior\ShowPageTraceBehavior [ RunTime:0.003649s ]
INFO: [ app_end ] --END-- [ RunTime:0.004077s ]

[ 2016-04-04T21:36:44+08:00 ] ::1 /hzaumba2.0/index.php/Admin/Index/buttonsandicons/name/xzzx/p/2.html
INFO: [ app_init ] --START--
INFO: Run Behavior\BuildLiteBehavior [ RunTime:0.000122s ]
INFO: [ app_init ] --END-- [ RunTime:0.004350s ]
INFO: [ app_begin ] --START--
INFO: Run Behavior\ReadHtmlCacheBehavior [ RunTime:0.003761s ]
INFO: [ app_begin ] --END-- [ RunTime:0.004455s ]
SQL: SHOW COLUMNS FROM `mba_contents` [ RunTime:0.2826s ]
SQL: SELECT `xzzx` FROM `mba_contents` WHERE `cid` = 2 LIMIT 1   [ RunTime:0.0009s ]
SQL: SELECT `xzzx` FROM `mba_contents` WHERE `cid` = 3 LIMIT 1   [ RunTime:0.0006s ]
SQL: SHOW COLUMNS FROM `mba_home` [ RunTime:0.0774s ]
SQL: SELECT COUNT(*) AS tp_count FROM `mba_home` WHERE `class` = '下载中心' LIMIT 1   [ RunTime:0.0006s ]
SQL: SELECT `hid`,`title`,`content` FROM `mba_home` WHERE `class` = '下载中心' LIMIT 1,1   [ RunTime:0.0029s ]
SQL: SELECT `xzzx` FROM `mba_contents` WHERE `cid` = 1 LIMIT 1   [ RunTime:0.0005s ]
INFO: [ view_parse ] --START--
INFO: [ template_filter ] --START--
INFO: Run Behavior\ContentReplaceBehavior [ RunTime:0.000674s ]
INFO: [ template_filter ] --END-- [ RunTime:0.001237s ]
INFO: Run Behavior\ParseTemplateBehavior [ RunTime:0.060959s ]
INFO: [ view_parse ] --END-- [ RunTime:0.061404s ]
INFO: [ view_filter ] --START--
INFO: Run Behavior\WriteHtmlCacheBehavior [ RunTime:0.007947s ]
INFO: [ view_filter ] --END-- [ RunTime:0.008310s ]
INFO: [ app_end ] --START--
INFO: Run Behavior\ShowPageTraceBehavior [ RunTime:0.021874s ]
INFO: [ app_end ] --END-- [ RunTime:0.022305s ]

[ 2016-04-04T21:37:20+08:00 ] ::1 /hzaumba2.0/index.php/Admin/Index/buttonsandicons/name/xzzx/p/2.html
INFO: [ app_init ] --START--
INFO: Run Behavior\BuildLiteBehavior [ RunTime:0.000127s ]
INFO: [ app_init ] --END-- [ RunTime:0.002650s ]
INFO: [ app_begin ] --START--
INFO: Run Behavior\ReadHtmlCacheBehavior [ RunTime:0.004282s ]
INFO: [ app_begin ] --END-- [ RunTime:0.008095s ]
SQL: SHOW COLUMNS FROM `mba_contents` [ RunTime:0.0693s ]
SQL: SELECT `xzzx` FROM `mba_contents` WHERE `cid` = 2 LIMIT 1   [ RunTime:0.0006s ]
SQL: SELECT `xzzx` FROM `mba_contents` WHERE `cid` = 3 LIMIT 1   [ RunTime:0.0015s ]
SQL: SHOW COLUMNS FROM `mba_home` [ RunTime:0.0814s ]
SQL: SELECT COUNT(*) AS tp_count FROM `mba_home` WHERE `class` = '下载中心' LIMIT 1   [ RunTime:0.0006s ]
SQL: SELECT `hid`,`title`,`content` FROM `mba_home` WHERE `class` = '下载中心' ORDER BY hid desc LIMIT 1,1   [ RunTime:0.0011s ]
SQL: SELECT `xzzx` FROM `mba_contents` WHERE `cid` = 1 LIMIT 1   [ RunTime:0.0007s ]
INFO: [ view_parse ] --START--
INFO: [ template_filter ] --START--
INFO: Run Behavior\ContentReplaceBehavior [ RunTime:0.000617s ]
INFO: [ template_filter ] --END-- [ RunTime:0.001036s ]
INFO: Run Behavior\ParseTemplateBehavior [ RunTime:0.105163s ]
INFO: [ view_parse ] --END-- [ RunTime:0.105655s ]
INFO: [ view_filter ] --START--
INFO: Run Behavior\WriteHtmlCacheBehavior [ RunTime:0.003060s ]
INFO: [ view_filter ] --END-- [ RunTime:0.003491s ]
INFO: [ app_end ] --START--
INFO: Run Behavior\ShowPageTraceBehavior [ RunTime:0.009659s ]
INFO: [ app_end ] --END-- [ RunTime:0.079558s ]

[ 2016-04-04T21:37:30+08:00 ] ::1 /hzaumba2.0/index.php/Admin/Index/buttonsandicons.html?name=yqlj
INFO: [ app_init ] --START--
INFO: Run Behavior\BuildLiteBehavior [ RunTime:0.000089s ]
INFO: [ app_init ] --END-- [ RunTime:0.003043s ]
INFO: [ app_begin ] --START--
INFO: Run Behavior\ReadHtmlCacheBehavior [ RunTime:0.003582s ]
INFO: [ app_begin ] --END-- [ RunTime:0.004242s ]
SQL: SHOW COLUMNS FROM `mba_contents` [ RunTime:0.1401s ]
SQL: SELECT `yqlj` FROM `mba_contents` WHERE `cid` = 2 LIMIT 1   [ RunTime:0.0007s ]
SQL: SELECT `yqlj` FROM `mba_contents` WHERE `cid` = 3 LIMIT 1   [ RunTime:0.0027s ]
SQL: SHOW COLUMNS FROM `mba_home` [ RunTime:0.0876s ]
SQL: SELECT COUNT(*) AS tp_count FROM `mba_home` WHERE `class` = '友情链接' LIMIT 1   [ RunTime:0.0006s ]
SQL: SELECT `hid`,`title`,`content` FROM `mba_home` WHERE `class` = '友情链接' ORDER BY hid desc LIMIT 0,1   [ RunTime:0.0011s ]
SQL: SELECT `yqlj` FROM `mba_contents` WHERE `cid` = 1 LIMIT 1   [ RunTime:0.0007s ]
INFO: [ view_parse ] --START--
INFO: [ template_filter ] --START--
INFO: Run Behavior\ContentReplaceBehavior [ RunTime:0.001201s ]
INFO: [ template_filter ] --END-- [ RunTime:0.001711s ]
INFO: Run Behavior\ParseTemplateBehavior [ RunTime:0.056591s ]
INFO: [ view_parse ] --END-- [ RunTime:0.056964s ]
INFO: [ view_filter ] --START--
INFO: Run Behavior\WriteHtmlCacheBehavior [ RunTime:0.002317s ]
INFO: [ view_filter ] --END-- [ RunTime:0.002656s ]
INFO: [ app_end ] --START--
INFO: Run Behavior\ShowPageTraceBehavior [ RunTime:0.003831s ]
INFO: [ app_end ] --END-- [ RunTime:0.020084s ]

[ 2016-04-04T21:37:39+08:00 ] ::1 /hzaumba2.0/index.php/Admin/Index/buttonsandicons.html?name=xzzx
INFO: [ app_init ] --START--
INFO: Run Behavior\BuildLiteBehavior [ RunTime:0.000104s ]
INFO: [ app_init ] --END-- [ RunTime:0.002387s ]
INFO: [ app_begin ] --START--
INFO: Run Behavior\ReadHtmlCacheBehavior [ RunTime:0.004080s ]
INFO: [ app_begin ] --END-- [ RunTime:0.005114s ]
SQL: SHOW COLUMNS FROM `mba_contents` [ RunTime:0.1233s ]
SQL: SELECT `xzzx` FROM `mba_contents` WHERE `cid` = 2 LIMIT 1   [ RunTime:0.0005s ]
SQL: SELECT `xzzx` FROM `mba_contents` WHERE `cid` = 3 LIMIT 1   [ RunTime:0.0006s ]
SQL: SHOW COLUMNS FROM `mba_home` [ RunTime:0.0167s ]
SQL: SELECT COUNT(*) AS tp_count FROM `mba_home` WHERE `class` = '下载中心' LIMIT 1   [ RunTime:0.0005s ]
SQL: SELECT `hid`,`title`,`content` FROM `mba_home` WHERE `class` = '下载中心' ORDER BY hid desc LIMIT 0,1   [ RunTime:0.0014s ]
SQL: SELECT `xzzx` FROM `mba_contents` WHERE `cid` = 1 LIMIT 1   [ RunTime:0.0010s ]
INFO: [ view_parse ] --START--
INFO: [ template_filter ] --START--
INFO: Run Behavior\ContentReplaceBehavior [ RunTime:0.000560s ]
INFO: [ template_filter ] --END-- [ RunTime:0.000899s ]
INFO: Run Behavior\ParseTemplateBehavior [ RunTime:0.068246s ]
INFO: [ view_parse ] --END-- [ RunTime:0.068632s ]
INFO: [ view_filter ] --START--
INFO: Run Behavior\WriteHtmlCacheBehavior [ RunTime:0.002304s ]
INFO: [ view_filter ] --END-- [ RunTime:0.002783s ]
INFO: [ app_end ] --START--
INFO: Run Behavior\ShowPageTraceBehavior [ RunTime:0.012912s ]
INFO: [ app_end ] --END-- [ RunTime:0.013348s ]

[ 2016-04-04T21:38:35+08:00 ] ::1 /hzaumba2.0/index.php/Admin/Index/buttonsandicons.html?name=xzzx
INFO: [ app_init ] --START--
INFO: Run Behavior\BuildLiteBehavior [ RunTime:0.000101s ]
INFO: [ app_init ] --END-- [ RunTime:0.002146s ]
INFO: [ app_begin ] --START--
INFO: Run Behavior\ReadHtmlCacheBehavior [ RunTime:0.006501s ]
INFO: [ app_begin ] --END-- [ RunTime:0.007125s ]
SQL: SHOW COLUMNS FROM `mba_contents` [ RunTime:0.0935s ]
SQL: SELECT `xzzx` FROM `mba_contents` WHERE `cid` = 2 LIMIT 1   [ RunTime:0.0005s ]
SQL: SELECT `xzzx` FROM `mba_contents` WHERE `cid` = 3 LIMIT 1   [ RunTime:0.0005s ]
SQL: SHOW COLUMNS FROM `mba_home` [ RunTime:0.0674s ]
SQL: SELECT COUNT(*) AS tp_count FROM `mba_home` WHERE `class` = '下载中心' LIMIT 1   [ RunTime:0.0010s ]
SQL: SELECT `hid`,`title`,`content` FROM `mba_home` WHERE `class` = '下载中心' ORDER BY hid desc LIMIT 0,1   [ RunTime:0.0006s ]
SQL: SELECT `xzzx` FROM `mba_contents` WHERE `cid` = 1 LIMIT 1   [ RunTime:0.0005s ]
INFO: [ view_parse ] --START--
INFO: [ template_filter ] --START--
INFO: Run Behavior\ContentReplaceBehavior [ RunTime:0.000632s ]
INFO: [ template_filter ] --END-- [ RunTime:0.001036s ]
INFO: Run Behavior\ParseTemplateBehavior [ RunTime:0.071766s ]
INFO: [ view_parse ] --END-- [ RunTime:0.072191s ]
INFO: [ view_filter ] --START--
INFO: Run Behavior\WriteHtmlCacheBehavior [ RunTime:0.001860s ]
INFO: [ view_filter ] --END-- [ RunTime:0.002419s ]
INFO: [ app_end ] --START--
INFO: Run Behavior\ShowPageTraceBehavior [ RunTime:0.003052s ]
INFO: [ app_end ] --END-- [ RunTime:0.003487s ]

[ 2016-04-04T21:38:38+08:00 ] ::1 /hzaumba2.0/index.php/Admin/Index/buttonsandicons.html?name=yqlj
INFO: [ app_init ] --START--
INFO: Run Behavior\BuildLiteBehavior [ RunTime:0.000138s ]
INFO: [ app_init ] --END-- [ RunTime:0.002779s ]
INFO: [ app_begin ] --START--
INFO: Run Behavior\ReadHtmlCacheBehavior [ RunTime:0.008230s ]
INFO: [ app_begin ] --END-- [ RunTime:0.008898s ]
SQL: SHOW COLUMNS FROM `mba_contents` [ RunTime:0.2425s ]
SQL: SELECT `yqlj` FROM `mba_contents` WHERE `cid` = 2 LIMIT 1   [ RunTime:0.0014s ]
SQL: SELECT `yqlj` FROM `mba_contents` WHERE `cid` = 3 LIMIT 1   [ RunTime:0.0009s ]
SQL: SHOW COLUMNS FROM `mba_home` [ RunTime:0.0926s ]
SQL: SELECT COUNT(*) AS tp_count FROM `mba_home` WHERE `class` = '友情链接' LIMIT 1   [ RunTime:0.0009s ]
SQL: SELECT `hid`,`title`,`content` FROM `mba_home` WHERE `class` = '友情链接' ORDER BY hid desc LIMIT 0,1   [ RunTime:0.0006s ]
SQL: SELECT `yqlj` FROM `mba_contents` WHERE `cid` = 1 LIMIT 1   [ RunTime:0.0006s ]
INFO: [ view_parse ] --START--
INFO: [ template_filter ] --START--
INFO: Run Behavior\ContentReplaceBehavior [ RunTime:0.000545s ]
INFO: [ template_filter ] --END-- [ RunTime:0.000932s ]
INFO: Run Behavior\ParseTemplateBehavior [ RunTime:0.053711s ]
INFO: [ view_parse ] --END-- [ RunTime:0.054276s ]
INFO: [ view_filter ] --START--
INFO: Run Behavior\WriteHtmlCacheBehavior [ RunTime:0.002398s ]
INFO: [ view_filter ] --END-- [ RunTime:0.002940s ]
INFO: [ app_end ] --START--
INFO: Run Behavior\ShowPageTraceBehavior [ RunTime:0.014795s ]
INFO: [ app_end ] --END-- [ RunTime:0.015521s ]

[ 2016-04-04T21:38:41+08:00 ] ::1 /hzaumba2.0/index.php/Admin/Index/buttonsandicons/name/yqlj/p/2.html
INFO: [ app_init ] --START--
INFO: Run Behavior\BuildLiteBehavior [ RunTime:0.000128s ]
INFO: [ app_init ] --END-- [ RunTime:0.006499s ]
INFO: [ app_begin ] --START--
INFO: Run Behavior\ReadHtmlCacheBehavior [ RunTime:0.002841s ]
INFO: [ app_begin ] --END-- [ RunTime:0.003179s ]
SQL: SHOW COLUMNS FROM `mba_contents` [ RunTime:0.0176s ]
SQL: SELECT `yqlj` FROM `mba_contents` WHERE `cid` = 2 LIMIT 1   [ RunTime:0.0005s ]
SQL: SELECT `yqlj` FROM `mba_contents` WHERE `cid` = 3 LIMIT 1   [ RunTime:0.0004s ]
SQL: SHOW COLUMNS FROM `mba_home` [ RunTime:0.1222s ]
SQL: SELECT COUNT(*) AS tp_count FROM `mba_home` WHERE `class` = '友情链接' LIMIT 1   [ RunTime:0.0081s ]
SQL: SELECT `hid`,`title`,`content` FROM `mba_home` WHERE `class` = '友情链接' ORDER BY hid desc LIMIT 1,1   [ RunTime:0.0009s ]
SQL: SELECT `yqlj` FROM `mba_contents` WHERE `cid` = 1 LIMIT 1   [ RunTime:0.0008s ]
INFO: [ view_parse ] --START--
INFO: [ template_filter ] --START--
INFO: Run Behavior\ContentReplaceBehavior [ RunTime:0.000658s ]
INFO: [ template_filter ] --END-- [ RunTime:0.001289s ]
INFO: Run Behavior\ParseTemplateBehavior [ RunTime:0.060593s ]
INFO: [ view_parse ] --END-- [ RunTime:0.061048s ]
INFO: [ view_filter ] --START--
INFO: Run Behavior\WriteHtmlCacheBehavior [ RunTime:0.002001s ]
INFO: [ view_filter ] --END-- [ RunTime:0.002314s ]
INFO: [ app_end ] --START--
INFO: Run Behavior\ShowPageTraceBehavior [ RunTime:0.025239s ]
INFO: [ app_end ] --END-- [ RunTime:0.025664s ]

[ 2016-04-04T21:38:43+08:00 ] ::1 /hzaumba2.0/index.php/Admin/Index/buttonsandicons/name/yqlj/p/3.html
INFO: [ app_init ] --START--
INFO: Run Behavior\BuildLiteBehavior [ RunTime:0.000082s ]
INFO: [ app_init ] --END-- [ RunTime:0.001920s ]
INFO: [ app_begin ] --START--
INFO: Run Behavior\ReadHtmlCacheBehavior [ RunTime:0.002946s ]
INFO: [ app_begin ] --END-- [ RunTime:0.003364s ]
SQL: SHOW COLUMNS FROM `mba_contents` [ RunTime:0.0498s ]
SQL: SELECT `yqlj` FROM `mba_contents` WHERE `cid` = 2 LIMIT 1   [ RunTime:0.0007s ]
SQL: SELECT `yqlj` FROM `mba_contents` WHERE `cid` = 3 LIMIT 1   [ RunTime:0.0005s ]
SQL: SHOW COLUMNS FROM `mba_home` [ RunTime:0.0713s ]
SQL: SELECT COUNT(*) AS tp_count FROM `mba_home` WHERE `class` = '友情链接' LIMIT 1   [ RunTime:0.0010s ]
SQL: SELECT `hid`,`title`,`content` FROM `mba_home` WHERE `class` = '友情链接' ORDER BY hid desc LIMIT 2,1   [ RunTime:0.0008s ]
SQL: SELECT `yqlj` FROM `mba_contents` WHERE `cid` = 1 LIMIT 1   [ RunTime:0.0005s ]
INFO: [ view_parse ] --START--
INFO: [ template_filter ] --START--
INFO: Run Behavior\ContentReplaceBehavior [ RunTime:0.000995s ]
INFO: [ template_filter ] --END-- [ RunTime:0.001386s ]
INFO: Run Behavior\ParseTemplateBehavior [ RunTime:0.090305s ]
INFO: [ view_parse ] --END-- [ RunTime:0.090731s ]
INFO: [ view_filter ] --START--
INFO: Run Behavior\WriteHtmlCacheBehavior [ RunTime:0.002562s ]
INFO: [ view_filter ] --END-- [ RunTime:0.003140s ]
INFO: [ app_end ] --START--
INFO: Run Behavior\ShowPageTraceBehavior [ RunTime:0.028299s ]
INFO: [ app_end ] --END-- [ RunTime:0.028731s ]

[ 2016-04-04T21:38:45+08:00 ] ::1 /hzaumba2.0/index.php/Admin/Index/buttonsandicons/name/yqlj/p/4.html
INFO: [ app_init ] --START--
INFO: Run Behavior\BuildLiteBehavior [ RunTime:0.000079s ]
INFO: [ app_init ] --END-- [ RunTime:0.001554s ]
INFO: [ app_begin ] --START--
INFO: Run Behavior\ReadHtmlCacheBehavior [ RunTime:0.003320s ]
INFO: [ app_begin ] --END-- [ RunTime:0.003795s ]
SQL: SHOW COLUMNS FROM `mba_contents` [ RunTime:0.0269s ]
SQL: SELECT `yqlj` FROM `mba_contents` WHERE `cid` = 2 LIMIT 1   [ RunTime:0.0010s ]
SQL: SELECT `yqlj` FROM `mba_contents` WHERE `cid` = 3 LIMIT 1   [ RunTime:0.0007s ]
SQL: SHOW COLUMNS FROM `mba_home` [ RunTime:0.0789s ]
SQL: SELECT COUNT(*) AS tp_count FROM `mba_home` WHERE `class` = '友情链接' LIMIT 1   [ RunTime:0.0009s ]
SQL: SELECT `hid`,`title`,`content` FROM `mba_home` WHERE `class` = '友情链接' ORDER BY hid desc LIMIT 3,1   [ RunTime:0.0008s ]
SQL: SELECT `yqlj` FROM `mba_contents` WHERE `cid` = 1 LIMIT 1   [ RunTime:0.0006s ]
INFO: [ view_parse ] --START--
INFO: [ template_filter ] --START--
INFO: Run Behavior\ContentReplaceBehavior [ RunTime:0.000647s ]
INFO: [ template_filter ] --END-- [ RunTime:0.001104s ]
INFO: Run Behavior\ParseTemplateBehavior [ RunTime:0.064154s ]
INFO: [ view_parse ] --END-- [ RunTime:0.064548s ]
INFO: [ view_filter ] --START--
INFO: Run Behavior\WriteHtmlCacheBehavior [ RunTime:0.002408s ]
INFO: [ view_filter ] --END-- [ RunTime:0.003058s ]
INFO: [ app_end ] --START--
INFO: Run Behavior\ShowPageTraceBehavior [ RunTime:0.020775s ]
INFO: [ app_end ] --END-- [ RunTime:0.021652s ]

[ 2016-04-04T21:38:48+08:00 ] ::1 /hzaumba2.0/index.php/Admin/Index/buttonsandicons/name/yqlj/p/3.html
INFO: [ app_init ] --START--
INFO: Run Behavior\BuildLiteBehavior [ RunTime:0.000082s ]
INFO: [ app_init ] --END-- [ RunTime:0.001842s ]
INFO: [ app_begin ] --START--
INFO: Run Behavior\ReadHtmlCacheBehavior [ RunTime:0.004468s ]
INFO: [ app_begin ] --END-- [ RunTime:0.005705s ]
SQL: SHOW COLUMNS FROM `mba_contents` [ RunTime:0.2093s ]
SQL: SELECT `yqlj` FROM `mba_contents` WHERE `cid` = 2 LIMIT 1   [ RunTime:0.0006s ]
SQL: SELECT `yqlj` FROM `mba_contents` WHERE `cid` = 3 LIMIT 1   [ RunTime:0.0006s ]
SQL: SHOW COLUMNS FROM `mba_home` [ RunTime:0.3487s ]
SQL: SELECT COUNT(*) AS tp_count FROM `mba_home` WHERE `class` = '友情链接' LIMIT 1   [ RunTime:0.0005s ]
SQL: SELECT `hid`,`title`,`content` FROM `mba_home` WHERE `class` = '友情链接' ORDER BY hid desc LIMIT 2,1   [ RunTime:0.0007s ]
SQL: SELECT `yqlj` FROM `mba_contents` WHERE `cid` = 1 LIMIT 1   [ RunTime:0.0007s ]
INFO: [ view_parse ] --START--
INFO: [ template_filter ] --START--
INFO: Run Behavior\ContentReplaceBehavior [ RunTime:0.000515s ]
INFO: [ template_filter ] --END-- [ RunTime:0.000887s ]
INFO: Run Behavior\ParseTemplateBehavior [ RunTime:0.059575s ]
INFO: [ view_parse ] --END-- [ RunTime:0.059949s ]
INFO: [ view_filter ] --START--
INFO: Run Behavior\WriteHtmlCacheBehavior [ RunTime:0.001972s ]
INFO: [ view_filter ] --END-- [ RunTime:0.002289s ]
INFO: [ app_end ] --START--
INFO: Run Behavior\ShowPageTraceBehavior [ RunTime:0.002360s ]
INFO: [ app_end ] --END-- [ RunTime:0.003125s ]

[ 2016-04-04T21:39:07+08:00 ] ::1 /hzaumba2.0/index.php/Admin/Index/buttonsandicons/name/yqlj/p/3.html
INFO: [ app_init ] --START--
INFO: Run Behavior\BuildLiteBehavior [ RunTime:0.000146s ]
INFO: [ app_init ] --END-- [ RunTime:0.008121s ]
INFO: [ app_begin ] --START--
INFO: Run Behavior\ReadHtmlCacheBehavior [ RunTime:0.015441s ]
INFO: [ app_begin ] --END-- [ RunTime:0.016192s ]
SQL: SHOW COLUMNS FROM `mba_contents` [ RunTime:0.0189s ]
SQL: SELECT `yqlj` FROM `mba_contents` WHERE `cid` = 2 LIMIT 1   [ RunTime:0.0006s ]
SQL: SELECT `yqlj` FROM `mba_contents` WHERE `cid` = 3 LIMIT 1   [ RunTime:0.0005s ]
SQL: SHOW COLUMNS FROM `mba_home` [ RunTime:0.0589s ]
SQL: SELECT COUNT(*) AS tp_count FROM `mba_home` WHERE `class` = '友情链接' LIMIT 1   [ RunTime:0.0007s ]
SQL: SELECT `hid`,`title`,`content` FROM `mba_home` WHERE `class` = '友情链接' ORDER BY hid desc LIMIT 20,10   [ RunTime:0.0007s ]
SQL: SELECT `yqlj` FROM `mba_contents` WHERE `cid` = 1 LIMIT 1   [ RunTime:0.0015s ]
INFO: [ view_parse ] --START--
INFO: [ template_filter ] --START--
INFO: Run Behavior\ContentReplaceBehavior [ RunTime:0.000493s ]
INFO: [ template_filter ] --END-- [ RunTime:0.000816s ]
INFO: Run Behavior\ParseTemplateBehavior [ RunTime:0.059699s ]
INFO: [ view_parse ] --END-- [ RunTime:0.060175s ]
INFO: [ view_filter ] --START--
INFO: Run Behavior\WriteHtmlCacheBehavior [ RunTime:0.001997s ]
INFO: [ view_filter ] --END-- [ RunTime:0.002314s ]
INFO: [ app_end ] --START--
INFO: Run Behavior\ShowPageTraceBehavior [ RunTime:0.020325s ]
INFO: [ app_end ] --END-- [ RunTime:0.020990s ]

[ 2016-04-04T21:39:10+08:00 ] ::1 /hzaumba2.0/index.php/Admin/Index/buttonsandicons.html?name=xzzx
INFO: [ app_init ] --START--
INFO: Run Behavior\BuildLiteBehavior [ RunTime:0.000152s ]
INFO: [ app_init ] --END-- [ RunTime:0.002625s ]
INFO: [ app_begin ] --START--
INFO: Run Behavior\ReadHtmlCacheBehavior [ RunTime:0.070118s ]
INFO: [ app_begin ] --END-- [ RunTime:0.070965s ]
SQL: SHOW COLUMNS FROM `mba_contents` [ RunTime:0.0244s ]
SQL: SELECT `xzzx` FROM `mba_contents` WHERE `cid` = 2 LIMIT 1   [ RunTime:0.0005s ]
SQL: SELECT `xzzx` FROM `mba_contents` WHERE `cid` = 3 LIMIT 1   [ RunTime:0.0006s ]
SQL: SHOW COLUMNS FROM `mba_home` [ RunTime:0.0444s ]
SQL: SELECT COUNT(*) AS tp_count FROM `mba_home` WHERE `class` = '下载中心' LIMIT 1   [ RunTime:0.0006s ]
SQL: SELECT `hid`,`title`,`content` FROM `mba_home` WHERE `class` = '下载中心' ORDER BY hid desc LIMIT 0,10   [ RunTime:0.0014s ]
SQL: SELECT `xzzx` FROM `mba_contents` WHERE `cid` = 1 LIMIT 1   [ RunTime:0.0006s ]
INFO: [ view_parse ] --START--
INFO: [ template_filter ] --START--
INFO: Run Behavior\ContentReplaceBehavior [ RunTime:0.000756s ]
INFO: [ template_filter ] --END-- [ RunTime:0.001176s ]
INFO: Run Behavior\ParseTemplateBehavior [ RunTime:0.054342s ]
INFO: [ view_parse ] --END-- [ RunTime:0.054757s ]
INFO: [ view_filter ] --START--
INFO: Run Behavior\WriteHtmlCacheBehavior [ RunTime:0.002179s ]
INFO: [ view_filter ] --END-- [ RunTime:0.002509s ]
INFO: [ app_end ] --START--
INFO: Run Behavior\ShowPageTraceBehavior [ RunTime:0.011734s ]
INFO: [ app_end ] --END-- [ RunTime:0.012155s ]

[ 2016-04-04T21:39:14+08:00 ] ::1 /hzaumba2.0/index.php/Admin/Index/buttonsandicons.html?name=yqlj
INFO: [ app_init ] --START--
INFO: Run Behavior\BuildLiteBehavior [ RunTime:0.000178s ]
INFO: [ app_init ] --END-- [ RunTime:0.004445s ]
INFO: [ app_begin ] --START--
INFO: Run Behavior\ReadHtmlCacheBehavior [ RunTime:0.014645s ]
INFO: [ app_begin ] --END-- [ RunTime:0.023418s ]
SQL: SHOW COLUMNS FROM `mba_contents` [ RunTime:0.2225s ]
SQL: SELECT `yqlj` FROM `mba_contents` WHERE `cid` = 2 LIMIT 1   [ RunTime:0.0006s ]
SQL: SELECT `yqlj` FROM `mba_contents` WHERE `cid` = 3 LIMIT 1   [ RunTime:0.0005s ]
SQL: SHOW COLUMNS FROM `mba_home` [ RunTime:0.0627s ]
SQL: SELECT COUNT(*) AS tp_count FROM `mba_home` WHERE `class` = '友情链接' LIMIT 1   [ RunTime:0.0006s ]
SQL: SELECT `hid`,`title`,`content` FROM `mba_home` WHERE `class` = '友情链接' ORDER BY hid desc LIMIT 0,10   [ RunTime:0.0009s ]
SQL: SELECT `yqlj` FROM `mba_contents` WHERE `cid` = 1 LIMIT 1   [ RunTime:0.0005s ]
INFO: [ view_parse ] --START--
INFO: [ template_filter ] --START--
INFO: Run Behavior\ContentReplaceBehavior [ RunTime:0.000599s ]
INFO: [ template_filter ] --END-- [ RunTime:0.001038s ]
INFO: Run Behavior\ParseTemplateBehavior [ RunTime:0.057727s ]
INFO: [ view_parse ] --END-- [ RunTime:0.058104s ]
INFO: [ view_filter ] --START--
INFO: Run Behavior\WriteHtmlCacheBehavior [ RunTime:0.006619s ]
INFO: [ view_filter ] --END-- [ RunTime:0.006976s ]
INFO: [ app_end ] --START--
INFO: Run Behavior\ShowPageTraceBehavior [ RunTime:0.003208s ]
INFO: [ app_end ] --END-- [ RunTime:0.004613s ]

[ 2016-04-04T21:39:20+08:00 ] ::1 /hzaumba2.0/index.php/Admin/Index/buttonsandicons.html?name=xxzs
INFO: [ app_init ] --START--
INFO: Run Behavior\BuildLiteBehavior [ RunTime:0.000123s ]
INFO: [ app_init ] --END-- [ RunTime:0.006568s ]
INFO: [ app_begin ] --START--
INFO: Run Behavior\ReadHtmlCacheBehavior [ RunTime:0.004046s ]
INFO: [ app_begin ] --END-- [ RunTime:0.004768s ]
SQL: SHOW COLUMNS FROM `mba_contents` [ RunTime:0.1345s ]
SQL: SELECT `xxzs` FROM `mba_contents` WHERE `cid` = 2 LIMIT 1   [ RunTime:0.0008s ]
SQL: SELECT `xxzs` FROM `mba_contents` WHERE `cid` = 3 LIMIT 1   [ RunTime:0.0008s ]
SQL: SHOW COLUMNS FROM `mba_home` [ RunTime:0.0919s ]
SQL: SELECT COUNT(*) AS tp_count FROM `mba_home` WHERE `class` = '招生信息' LIMIT 1   [ RunTime:0.0006s ]
SQL: SELECT `hid`,`title`,`content` FROM `mba_home` WHERE `class` = '招生信息' ORDER BY hid desc LIMIT 0,10   [ RunTime:0.0008s ]
SQL: SELECT `xxzs` FROM `mba_contents` WHERE `cid` = 1 LIMIT 1   [ RunTime:0.0010s ]
INFO: [ view_parse ] --START--
INFO: [ template_filter ] --START--
INFO: Run Behavior\ContentReplaceBehavior [ RunTime:0.000654s ]
INFO: [ template_filter ] --END-- [ RunTime:0.001073s ]
INFO: Run Behavior\ParseTemplateBehavior [ RunTime:0.087006s ]
INFO: [ view_parse ] --END-- [ RunTime:0.087402s ]
INFO: [ view_filter ] --START--
INFO: Run Behavior\WriteHtmlCacheBehavior [ RunTime:0.001936s ]
INFO: [ view_filter ] --END-- [ RunTime:0.002319s ]
INFO: [ app_end ] --START--
INFO: Run Behavior\ShowPageTraceBehavior [ RunTime:0.012879s ]
INFO: [ app_end ] --END-- [ RunTime:0.013338s ]

[ 2016-04-04T21:39:30+08:00 ] ::1 /hzaumba2.0/index.php/Admin/Index/buttonsandicons.html?name=xxjw
INFO: [ app_init ] --START--
INFO: Run Behavior\BuildLiteBehavior [ RunTime:0.000129s ]
INFO: [ app_init ] --END-- [ RunTime:0.004652s ]
INFO: [ app_begin ] --START--
INFO: Run Behavior\ReadHtmlCacheBehavior [ RunTime:0.020525s ]
INFO: [ app_begin ] --END-- [ RunTime:0.021281s ]
SQL: SHOW COLUMNS FROM `mba_contents` [ RunTime:0.2993s ]
SQL: SELECT `xxjw` FROM `mba_contents` WHERE `cid` = 2 LIMIT 1   [ RunTime:0.0009s ]
SQL: SELECT `xxjw` FROM `mba_contents` WHERE `cid` = 3 LIMIT 1   [ RunTime:0.0009s ]
SQL: SHOW COLUMNS FROM `mba_home` [ RunTime:0.2527s ]
SQL: SELECT COUNT(*) AS tp_count FROM `mba_home` WHERE `class` = '教务信息' LIMIT 1   [ RunTime:0.0006s ]
SQL: SELECT `hid`,`title`,`content` FROM `mba_home` WHERE `class` = '教务信息' ORDER BY hid desc LIMIT 0,10   [ RunTime:0.0007s ]
SQL: SELECT `xxjw` FROM `mba_contents` WHERE `cid` = 1 LIMIT 1   [ RunTime:0.0006s ]
INFO: [ view_parse ] --START--
INFO: [ template_filter ] --START--
INFO: Run Behavior\ContentReplaceBehavior [ RunTime:0.000695s ]
INFO: [ template_filter ] --END-- [ RunTime:0.002056s ]
INFO: Run Behavior\ParseTemplateBehavior [ RunTime:0.060634s ]
INFO: [ view_parse ] --END-- [ RunTime:0.061091s ]
INFO: [ view_filter ] --START--
INFO: Run Behavior\WriteHtmlCacheBehavior [ RunTime:0.010797s ]
INFO: [ view_filter ] --END-- [ RunTime:0.011140s ]
INFO: [ app_end ] --START--
INFO: Run Behavior\ShowPageTraceBehavior [ RunTime:0.005087s ]
INFO: [ app_end ] --END-- [ RunTime:0.006172s ]

[ 2016-04-04T21:39:32+08:00 ] ::1 /hzaumba2.0/index.php/Admin/Index/buttonsandicons.html?name=tzgg
INFO: [ app_init ] --START--
INFO: Run Behavior\BuildLiteBehavior [ RunTime:0.000328s ]
INFO: [ app_init ] --END-- [ RunTime:0.001958s ]
INFO: [ app_begin ] --START--
INFO: Run Behavior\ReadHtmlCacheBehavior [ RunTime:0.004650s ]
INFO: [ app_begin ] --END-- [ RunTime:0.005060s ]
SQL: SHOW COLUMNS FROM `mba_contents` [ RunTime:0.1559s ]
SQL: SELECT `tzgg` FROM `mba_contents` WHERE `cid` = 2 LIMIT 1   [ RunTime:0.0007s ]
SQL: SELECT `tzgg` FROM `mba_contents` WHERE `cid` = 3 LIMIT 1   [ RunTime:0.0014s ]
SQL: SHOW COLUMNS FROM `mba_home` [ RunTime:0.1261s ]
SQL: SELECT COUNT(*) AS tp_count FROM `mba_home` WHERE `class` = '通知公告' LIMIT 1   [ RunTime:0.0006s ]
SQL: SELECT `hid`,`title`,`content` FROM `mba_home` WHERE `class` = '通知公告' ORDER BY hid desc LIMIT 0,10   [ RunTime:0.0007s ]
SQL: SELECT `tzgg` FROM `mba_contents` WHERE `cid` = 1 LIMIT 1   [ RunTime:0.0006s ]
INFO: [ view_parse ] --START--
INFO: [ template_filter ] --START--
INFO: Run Behavior\ContentReplaceBehavior [ RunTime:0.000603s ]
INFO: [ template_filter ] --END-- [ RunTime:0.000983s ]
INFO: Run Behavior\ParseTemplateBehavior [ RunTime:0.059705s ]
INFO: [ view_parse ] --END-- [ RunTime:0.060806s ]
INFO: [ view_filter ] --START--
INFO: Run Behavior\WriteHtmlCacheBehavior [ RunTime:0.003342s ]
INFO: [ view_filter ] --END-- [ RunTime:0.003690s ]
INFO: [ app_end ] --START--
INFO: Run Behavior\ShowPageTraceBehavior [ RunTime:0.016001s ]
INFO: [ app_end ] --END-- [ RunTime:0.016428s ]

[ 2016-04-04T21:39:34+08:00 ] ::1 /hzaumba2.0/index.php/Admin/Index/buttonsandicons.html?name=xwzx
INFO: [ app_init ] --START--
INFO: Run Behavior\BuildLiteBehavior [ RunTime:0.000089s ]
INFO: [ app_init ] --END-- [ RunTime:0.002277s ]
INFO: [ app_begin ] --START--
INFO: Run Behavior\ReadHtmlCacheBehavior [ RunTime:0.005397s ]
INFO: [ app_begin ] --END-- [ RunTime:0.005855s ]
SQL: SHOW COLUMNS FROM `mba_contents` [ RunTime:0.0833s ]
SQL: SELECT `xwzx` FROM `mba_contents` WHERE `cid` = 2 LIMIT 1   [ RunTime:0.0006s ]
SQL: SELECT `xwzx` FROM `mba_contents` WHERE `cid` = 3 LIMIT 1   [ RunTime:0.0005s ]
SQL: SHOW COLUMNS FROM `mba_home` [ RunTime:0.0562s ]
SQL: SELECT COUNT(*) AS tp_count FROM `mba_home` WHERE `class` = '新闻中心' LIMIT 1   [ RunTime:0.0006s ]
SQL: SELECT `hid`,`title`,`content` FROM `mba_home` WHERE `class` = '新闻中心' ORDER BY hid desc LIMIT 0,10   [ RunTime:0.0008s ]
SQL: SELECT `xwzx` FROM `mba_contents` WHERE `cid` = 1 LIMIT 1   [ RunTime:0.0006s ]
INFO: [ view_parse ] --START--
INFO: [ template_filter ] --START--
INFO: Run Behavior\ContentReplaceBehavior [ RunTime:0.000699s ]
INFO: [ template_filter ] --END-- [ RunTime:0.001125s ]
INFO: Run Behavior\ParseTemplateBehavior [ RunTime:0.071175s ]
INFO: [ view_parse ] --END-- [ RunTime:0.071627s ]
INFO: [ view_filter ] --START--
INFO: Run Behavior\WriteHtmlCacheBehavior [ RunTime:0.002625s ]
INFO: [ view_filter ] --END-- [ RunTime:0.003270s ]
INFO: [ app_end ] --START--
INFO: Run Behavior\ShowPageTraceBehavior [ RunTime:0.005096s ]
INFO: [ app_end ] --END-- [ RunTime:0.015356s ]

[ 2016-04-04T21:39:36+08:00 ] ::1 /hzaumba2.0/index.php/Admin/Index/buttonsandicons.html?name=yqlj
INFO: [ app_init ] --START--
INFO: Run Behavior\BuildLiteBehavior [ RunTime:0.000058s ]
INFO: [ app_init ] --END-- [ RunTime:0.001770s ]
INFO: [ app_begin ] --START--
INFO: Run Behavior\ReadHtmlCacheBehavior [ RunTime:0.003273s ]
INFO: [ app_begin ] --END-- [ RunTime:0.003843s ]
SQL: SHOW COLUMNS FROM `mba_contents` [ RunTime:0.0293s ]
SQL: SELECT `yqlj` FROM `mba_contents` WHERE `cid` = 2 LIMIT 1   [ RunTime:0.0004s ]
SQL: SELECT `yqlj` FROM `mba_contents` WHERE `cid` = 3 LIMIT 1   [ RunTime:0.0004s ]
SQL: SHOW COLUMNS FROM `mba_home` [ RunTime:0.0257s ]
SQL: SELECT COUNT(*) AS tp_count FROM `mba_home` WHERE `class` = '友情链接' LIMIT 1   [ RunTime:0.0005s ]
SQL: SELECT `hid`,`title`,`content` FROM `mba_home` WHERE `class` = '友情链接' ORDER BY hid desc LIMIT 0,10   [ RunTime:0.0008s ]
SQL: SELECT `yqlj` FROM `mba_contents` WHERE `cid` = 1 LIMIT 1   [ RunTime:0.0005s ]
INFO: [ view_parse ] --START--
INFO: [ template_filter ] --START--
INFO: Run Behavior\ContentReplaceBehavior [ RunTime:0.000607s ]
INFO: [ template_filter ] --END-- [ RunTime:0.000910s ]
INFO: Run Behavior\ParseTemplateBehavior [ RunTime:0.044670s ]
INFO: [ view_parse ] --END-- [ RunTime:0.044974s ]
INFO: [ view_filter ] --START--
INFO: Run Behavior\WriteHtmlCacheBehavior [ RunTime:0.001990s ]
INFO: [ view_filter ] --END-- [ RunTime:0.002257s ]
INFO: [ app_end ] --START--
INFO: Run Behavior\ShowPageTraceBehavior [ RunTime:0.003881s ]
INFO: [ app_end ] --END-- [ RunTime:0.011010s ]

[ 2016-04-04T21:39:39+08:00 ] ::1 /hzaumba2.0/index.php/Admin/Index/buttonsandicons.html?name=lxwm
INFO: [ app_init ] --START--
INFO: Run Behavior\BuildLiteBehavior [ RunTime:0.000226s ]
INFO: [ app_init ] --END-- [ RunTime:0.004332s ]
INFO: [ app_begin ] --START--
INFO: Run Behavior\ReadHtmlCacheBehavior [ RunTime:0.004133s ]
INFO: [ app_begin ] --END-- [ RunTime:0.004629s ]
SQL: SHOW COLUMNS FROM `mba_contents` [ RunTime:0.1435s ]
SQL: SELECT `lxwm` FROM `mba_contents` WHERE `cid` = 2 LIMIT 1   [ RunTime:0.0023s ]
SQL: SELECT `lxwm` FROM `mba_contents` WHERE `cid` = 3 LIMIT 1   [ RunTime:0.0018s ]
SQL: SELECT `lxwm` FROM `mba_contents` WHERE `cid` = 1 LIMIT 1   [ RunTime:0.0025s ]
INFO: [ view_parse ] --START--
INFO: [ template_filter ] --START--
INFO: Run Behavior\ContentReplaceBehavior [ RunTime:0.000590s ]
INFO: [ template_filter ] --END-- [ RunTime:0.001132s ]
NOTIC: [8] Undefined variable: info E:\ruanjian\wamp\www\hzaumba2.0\Application\Runtime\Cache\Admin\73c7609966b7031fe25d56d214e58aac.php 第 206 行.
NOTIC: [8] Undefined variable: page E:\ruanjian\wamp\www\hzaumba2.0\Application\Runtime\Cache\Admin\73c7609966b7031fe25d56d214e58aac.php 第 214 行.
NOTIC: [8] Undefined variable: info E:\ruanjian\wamp\www\hzaumba2.0\Application\Runtime\Cache\Admin\73c7609966b7031fe25d56d214e58aac.php 第 232 行.
NOTIC: [8] Undefined variable: page E:\ruanjian\wamp\www\hzaumba2.0\Application\Runtime\Cache\Admin\73c7609966b7031fe25d56d214e58aac.php 第 240 行.
NOTIC: [8] Undefined variable: info E:\ruanjian\wamp\www\hzaumba2.0\Application\Runtime\Cache\Admin\73c7609966b7031fe25d56d214e58aac.php 第 265 行.
NOTIC: [8] Undefined variable: page E:\ruanjian\wamp\www\hzaumba2.0\Application\Runtime\Cache\Admin\73c7609966b7031fe25d56d214e58aac.php 第 301 行.
INFO: Run Behavior\ParseTemplateBehavior [ RunTime:0.128266s ]
INFO: [ view_parse ] --END-- [ RunTime:0.128741s ]
INFO: [ view_filter ] --START--
INFO: Run Behavior\WriteHtmlCacheBehavior [ RunTime:0.004569s ]
INFO: [ view_filter ] --END-- [ RunTime:0.005012s ]
INFO: [ app_end ] --START--
INFO: Run Behavior\ShowPageTraceBehavior [ RunTime:0.002780s ]
INFO: [ app_end ] --END-- [ RunTime:0.003604s ]

